08/29/2023, 10:34:13# labels of 5000: tensor([ 45, 142, 133, 139,  37, 134, 113,  50,  81,  57,  70,  87, 140,  85,
        150, 156], device='cuda:2') torch.Size([16])
08/29/2023, 10:34:13# predicted of 5000: tensor([146, 132, 132,  21, 132, 134, 132, 136, 132, 132, 154, 132, 154, 136,
        132, 156], device='cuda:2') torch.Size([16])
08/29/2023, 10:37:29# total batches: 8250
08/29/2023, 10:37:29# Epoch 0 | Train Loss: 4.6445 | Train Accuracy: 0.0469
08/29/2023, 10:37:30# labels of Validation: tensor([ 95,  44,  55,  99,  97,  79, 143, 145, 113,  28, 153,  96, 137,  92,
         64, 142], device='cuda:2') torch.Size([16])
08/29/2023, 10:37:30# predicted of Validation: tensor([ 62, 131, 131,  99, 131, 128, 131,  80, 132, 132, 131, 128, 131, 131,
        132, 131], device='cuda:2') torch.Size([16])
08/29/2023, 10:37:30# labels of 0: tensor([ 95,  44,  55,  99,  97,  79, 143, 145, 113,  28, 153,  96, 137,  92,
         64, 142], device='cuda:2') torch.Size([16])
08/29/2023, 10:37:30# predicted of 0: tensor([ 62, 131, 131,  99, 131, 128, 131,  80, 132, 132, 131, 128, 131, 131,
        132, 131], device='cuda:2') torch.Size([16])
08/29/2023, 10:38:21# labels of Validation: tensor([ 73, 142, 151,  87,   2, 103,  69, 152, 158, 108,  18, 133, 135, 109,
         68,  72], device='cuda:2') torch.Size([16])
08/29/2023, 10:38:21# predicted of Validation: tensor([127, 131, 131, 131, 131, 132, 127, 131, 131, 132, 131, 132, 131, 131,
        132,  16], device='cuda:2') torch.Size([16])
08/29/2023, 10:38:23# Validation Loss: 4.1735 | Validation Accuracy: 0.1385

08/29/2023, 10:43:36# labels of 5000: tensor([ 44, 104, 141, 117, 137,  57, 161,  47,  84,  34,  55, 100,  45,  42,
        116,   6], device='cuda:2') torch.Size([16])
08/29/2023, 10:43:36# predicted of 5000: tensor([ 37, 132, 161, 122,  37,  66, 161, 132,  32,  37, 132, 161, 105, 161,
         51, 132], device='cuda:2') torch.Size([16])
08/29/2023, 10:46:59# total batches: 8250
08/29/2023, 10:46:59# Epoch 1 | Train Loss: 3.9339 | Train Accuracy: 0.1569
08/29/2023, 10:46:59# labels of Validation: tensor([107,  72, 164, 128,   2, 133,  96, 139,  63, 132,  71, 123, 127,  19,
         13, 145], device='cuda:2') torch.Size([16])
08/29/2023, 10:46:59# predicted of Validation: tensor([108, 122, 107, 128, 107, 108,  96, 107, 107, 132, 107, 123, 127, 107,
         13, 146], device='cuda:2') torch.Size([16])
08/29/2023, 10:46:59# labels of 0: tensor([107,  72, 164, 128,   2, 133,  96, 139,  63, 132,  71, 123, 127,  19,
         13, 145], device='cuda:2') torch.Size([16])
08/29/2023, 10:46:59# predicted of 0: tensor([108, 122, 107, 128, 107, 108,  96, 107, 107, 132, 107, 123, 127, 107,
         13, 146], device='cuda:2') torch.Size([16])
08/29/2023, 10:47:54# labels of Validation: tensor([ 94,  97,  80, 135,  30, 156, 126,   0, 163, 145,  73, 153, 141,  40,
          7,  98], device='cuda:2') torch.Size([16])
08/29/2023, 10:47:54# predicted of Validation: tensor([ 40, 107, 146, 107, 107, 156,  95,  32, 107,  32, 146, 107, 108, 146,
          7, 107], device='cuda:2') torch.Size([16])
08/29/2023, 10:47:56# Validation Loss: 3.7162 | Validation Accuracy: 0.2259

08/29/2023, 10:47:56# Find a better model!!
08/29/2023, 10:53:13# labels of 5000: tensor([ 20, 136,   3,  86,  17, 156,  42, 123, 141, 155,  31, 160,  90,  97,
         80,  13], device='cuda:2') torch.Size([16])
08/29/2023, 10:53:13# predicted of 5000: tensor([ 63, 147,   3, 143,  17, 156,  37, 123,  51, 132,  37, 132,  37, 144,
         99,  56], device='cuda:2') torch.Size([16])
08/29/2023, 10:56:54# total batches: 8250
08/29/2023, 10:56:54# Epoch 2 | Train Loss: 3.6141 | Train Accuracy: 0.2118
08/29/2023, 10:56:54# labels of Validation: tensor([ 54, 146,  53,  57,   3,  90,  34,  82,  64,  45,  27, 114,  55, 145,
          9, 157], device='cuda:2') torch.Size([16])
08/29/2023, 10:56:54# predicted of Validation: tensor([103, 146, 103, 103,   3, 132, 103,  82, 132,  67,  62, 132, 103, 145,
        103, 103], device='cuda:2') torch.Size([16])
08/29/2023, 10:56:54# labels of 0: tensor([ 54, 146,  53,  57,   3,  90,  34,  82,  64,  45,  27, 114,  55, 145,
          9, 157], device='cuda:2') torch.Size([16])
08/29/2023, 10:56:54# predicted of 0: tensor([103, 146, 103, 103,   3, 132, 103,  82, 132,  67,  62, 132, 103, 145,
        103, 103], device='cuda:2') torch.Size([16])
08/29/2023, 10:57:56# labels of Validation: tensor([103,   7,  37,  19,  46,  85, 106,   8,  56, 136, 156,  61, 107, 109,
         52, 162], device='cuda:2') torch.Size([16])
08/29/2023, 10:57:56# predicted of Validation: tensor([132,   7, 132, 103, 103,  85, 106, 132,  56, 136, 156,  61, 132, 103,
         52, 103], device='cuda:2') torch.Size([16])
08/29/2023, 10:57:58# Validation Loss: 3.4875 | Validation Accuracy: 0.2478

08/29/2023, 10:57:58# Find a better model!!
08/29/2023, 11:03:16# labels of 5000: tensor([154, 141,  15, 112, 141,   8,  11,  32,  89, 107,  70,   6, 160, 153,
        149,  48], device='cuda:2') torch.Size([16])
08/29/2023, 11:03:16# predicted of 5000: tensor([154, 132,  15, 158, 132, 132,  71, 159,  56, 158,  70, 132, 132, 108,
        149, 132], device='cuda:2') torch.Size([16])
08/29/2023, 11:07:18# total batches: 8250
08/29/2023, 11:07:18# Epoch 3 | Train Loss: 3.4417 | Train Accuracy: 0.2483
08/29/2023, 11:07:18# labels of Validation: tensor([ 35, 117, 131, 113,  79,  58,  93, 136, 128,  63,  21, 143, 151,  26,
        156, 160], device='cuda:2') torch.Size([16])
08/29/2023, 11:07:18# predicted of Validation: tensor([ 35, 117, 161, 161,  94, 129, 161, 136, 128, 129, 161, 129, 129, 129,
        156, 161], device='cuda:2') torch.Size([16])
08/29/2023, 11:07:18# labels of 0: tensor([ 35, 117, 131, 113,  79,  58,  93, 136, 128,  63,  21, 143, 151,  26,
        156, 160], device='cuda:2') torch.Size([16])
08/29/2023, 11:07:18# predicted of 0: tensor([ 35, 117, 161, 161,  94, 129, 161, 136, 128, 129, 161, 129, 129, 129,
        156, 161], device='cuda:2') torch.Size([16])
08/29/2023, 11:08:33# labels of Validation: tensor([162, 128,  78, 156,  38,  10,  45, 135,  43,  63, 152, 147, 126,  60,
        162,  95], device='cuda:2') torch.Size([16])
08/29/2023, 11:08:33# predicted of Validation: tensor([129, 128,  67, 156, 129, 129,   5, 129, 129, 129, 129, 147, 117, 129,
        129,  39], device='cuda:2') torch.Size([16])
08/29/2023, 11:08:36# Validation Loss: 3.3463 | Validation Accuracy: 0.2822

08/29/2023, 11:08:36# Find a better model!!
08/29/2023, 11:15:54# labels of 5000: tensor([ 55,  93,  18, 127, 139, 119, 156, 123, 130,  72, 111, 115, 166,  57,
        121, 126], device='cuda:2') torch.Size([16])
08/29/2023, 11:15:54# predicted of 5000: tensor([ 31,  31, 132, 127, 166, 166, 156, 123, 130,  78, 114, 145, 132, 114,
        157,  56], device='cuda:2') torch.Size([16])
08/29/2023, 11:20:34# total batches: 8250
08/29/2023, 11:20:34# Epoch 4 | Train Loss: 3.3231 | Train Accuracy: 0.2720
08/29/2023, 11:20:34# labels of Validation: tensor([ 80,  89,  55, 147,  40,  57,  17,  18,  71, 131,  49, 105, 133,  15,
        149,  85], device='cuda:2') torch.Size([16])
08/29/2023, 11:20:34# predicted of Validation: tensor([ 80, 115, 158, 147, 115, 158,  17, 158, 158,  28, 158, 105,   6,  94,
        149,  85], device='cuda:2') torch.Size([16])
08/29/2023, 11:20:34# labels of 0: tensor([ 80,  89,  55, 147,  40,  57,  17,  18,  71, 131,  49, 105, 133,  15,
        149,  85], device='cuda:2') torch.Size([16])
08/29/2023, 11:20:34# predicted of 0: tensor([ 80, 115, 158, 147, 115, 158,  17, 158, 158,  28, 158, 105,   6,  94,
        149,  85], device='cuda:2') torch.Size([16])
08/29/2023, 11:21:50# labels of Validation: tensor([ 92,  25,  34,  10, 115,  66,  27,  88,  41,  29,  36, 114, 115,  97,
         64,  58], device='cuda:2') torch.Size([16])
08/29/2023, 11:21:50# predicted of Validation: tensor([158,  25, 158, 158, 115,   6,  27,   6, 158,  29, 158,   6, 115, 158,
          6, 158], device='cuda:2') torch.Size([16])
08/29/2023, 11:21:53# Validation Loss: 3.2436 | Validation Accuracy: 0.3061

08/29/2023, 11:21:53# Find a better model!!
08/29/2023, 11:29:06# labels of 5000: tensor([159,  74, 137,  37,  98,  17,  37,  14,  86, 136,  19,   5,  56, 112,
         31,  67], device='cuda:2') torch.Size([16])
08/29/2023, 11:29:06# predicted of 5000: tensor([159,  11,  64,  11,  74,  17,   6,  55, 101, 147, 101,   5,  56,  98,
         11, 130], device='cuda:2') torch.Size([16])
08/29/2023, 11:33:43# total batches: 8250
08/29/2023, 11:33:43# Epoch 5 | Train Loss: 3.2360 | Train Accuracy: 0.2870
08/29/2023, 11:33:43# labels of Validation: tensor([ 90, 122,  47, 132,  42,  40,  27, 155,   5,  67,  60,  85, 152,   9,
        154, 132], device='cuda:2') torch.Size([16])
08/29/2023, 11:33:43# predicted of Validation: tensor([ 51, 122,  26, 161,  26,  62,  40, 161,  50,  78,  26,  85,  26,  26,
        154, 161], device='cuda:2') torch.Size([16])
08/29/2023, 11:33:43# labels of 0: tensor([ 90, 122,  47, 132,  42,  40,  27, 155,   5,  67,  60,  85, 152,   9,
        154, 132], device='cuda:2') torch.Size([16])
08/29/2023, 11:33:43# predicted of 0: tensor([ 51, 122,  26, 161,  26,  62,  40, 161,  50,  78,  26,  85,  26,  26,
        154, 161], device='cuda:2') torch.Size([16])
08/29/2023, 11:35:04# labels of Validation: tensor([127,  73,  84,  74,  64,  40, 124, 127,  66, 121,  47, 147,  91, 149,
        118, 120], device='cuda:2') torch.Size([16])
08/29/2023, 11:35:04# predicted of Validation: tensor([127,  40,  84,  26,  51,  40,  26, 127, 161,  26,  26, 147, 161, 149,
        118, 120], device='cuda:2') torch.Size([16])
08/29/2023, 11:35:07# Validation Loss: 3.1653 | Validation Accuracy: 0.3132

08/29/2023, 11:35:07# Find a better model!!
08/29/2023, 11:42:08# labels of 5000: tensor([149,  97, 131,  62, 160,  27, 101,  87,  28,  97,  61, 109,  94,  19,
         14, 124], device='cuda:2') torch.Size([16])
08/29/2023, 11:42:08# predicted of 5000: tensor([149,  10, 132,  62, 132,  72,  68,  68, 132,  10,   5,  68,  39,  10,
         68,  10], device='cuda:2') torch.Size([16])
08/29/2023, 11:46:43# total batches: 8250
08/29/2023, 11:46:43# Epoch 6 | Train Loss: 3.1709 | Train Accuracy: 0.2992
08/29/2023, 11:46:44# labels of Validation: tensor([ 90,   5,  67,  93, 132, 106,  64,  37,  86,  49,  91, 150,  62,  32,
         90, 137], device='cuda:2') torch.Size([16])
08/29/2023, 11:46:44# predicted of Validation: tensor([ 66,   5,  67,  66, 161, 106,  66,  66,  20,  20,  66,  20,  62,  32,
         66,  20], device='cuda:2') torch.Size([16])
08/29/2023, 11:46:44# labels of 0: tensor([ 90,   5,  67,  93, 132, 106,  64,  37,  86,  49,  91, 150,  62,  32,
         90, 137], device='cuda:2') torch.Size([16])
08/29/2023, 11:46:44# predicted of 0: tensor([ 66,   5,  67,  66, 161, 106,  66,  66,  20,  20,  66,  20,  62,  32,
         66,  20], device='cuda:2') torch.Size([16])
08/29/2023, 11:48:04# labels of Validation: tensor([111, 145,  37, 146,  60,  77, 166, 116,  39, 126,  39,  37,  93,  69,
        107,  55], device='cuda:2') torch.Size([16])
08/29/2023, 11:48:04# predicted of Validation: tensor([ 20, 145,  66, 146,  20,  66,  66,  20, 115, 126,   0,  66,  66,  69,
         66,  20], device='cuda:2') torch.Size([16])
08/29/2023, 11:48:08# Validation Loss: 3.1063 | Validation Accuracy: 0.3246

08/29/2023, 11:48:08# Find a better model!!
08/29/2023, 11:56:32# labels of 5000: tensor([  9,  74, 129,  40,  14, 102, 111, 129, 158, 137, 134, 160, 129,  98,
        102,  96], device='cuda:2') torch.Size([16])
08/29/2023, 11:56:32# predicted of 5000: tensor([  4,   4,   4,  40,   4,   4,  21,  21,   4,   4, 134,  21, 161,   4,
          4, 146], device='cuda:2') torch.Size([16])
08/29/2023, 12:01:50# total batches: 8250
08/29/2023, 12:01:50# Epoch 7 | Train Loss: 3.1191 | Train Accuracy: 0.3088
08/29/2023, 12:01:51# labels of Validation: tensor([ 40, 111,  23,  77,  37,   6,  15, 163, 126, 124, 102, 149,  53,  68,
        135, 128], device='cuda:2') torch.Size([16])
08/29/2023, 12:01:51# predicted of Validation: tensor([ 40, 163,  23, 132,  66, 132,  39, 163, 126, 163, 163, 149, 163,  66,
        163, 128], device='cuda:2') torch.Size([16])
08/29/2023, 12:01:51# labels of 0: tensor([ 40, 111,  23,  77,  37,   6,  15, 163, 126, 124, 102, 149,  53,  68,
        135, 128], device='cuda:2') torch.Size([16])
08/29/2023, 12:01:51# predicted of 0: tensor([ 40, 163,  23, 132,  66, 132,  39, 163, 126, 163, 163, 149, 163,  66,
        163, 128], device='cuda:2') torch.Size([16])
08/29/2023, 12:03:16# labels of Validation: tensor([ 82, 154,  82,  75,  81, 139, 142, 124, 103,  48,  49,  31,  94,  69,
         67, 162], device='cuda:2') torch.Size([16])
08/29/2023, 12:03:16# predicted of Validation: tensor([ 82, 154,  82, 163, 163, 163, 163, 163,  66, 163, 163, 163,  79,  69,
         78, 163], device='cuda:2') torch.Size([16])
08/29/2023, 12:03:18# Validation Loss: 3.0615 | Validation Accuracy: 0.3293

08/29/2023, 12:03:18# Find a better model!!
08/29/2023, 12:10:39# labels of 5000: tensor([145, 155,  58,  28,  31,  81, 114,  19, 147, 119, 110, 106,  29,   1,
         69,  80], device='cuda:2') torch.Size([16])
08/29/2023, 12:10:39# predicted of 5000: tensor([145, 161, 104, 132, 104, 104, 161,  91, 147,  33, 132, 106,  29,  24,
         69,  80], device='cuda:2') torch.Size([16])
08/29/2023, 12:15:23# total batches: 8250
08/29/2023, 12:15:23# Epoch 8 | Train Loss: 3.0766 | Train Accuracy: 0.3167
08/29/2023, 12:15:23# labels of Validation: tensor([  3,  88, 156,  62,  94,  94,  94, 142, 118,  16,  37, 119,  79,  94,
         96, 100], device='cuda:2') torch.Size([16])
08/29/2023, 12:15:23# predicted of Validation: tensor([  3, 108, 156,  62,  95,  78,   5, 152, 118,  16, 108, 152,  72,  89,
         96, 108], device='cuda:2') torch.Size([16])
08/29/2023, 12:15:23# labels of 0: tensor([  3,  88, 156,  62,  94,  94,  94, 142, 118,  16,  37, 119,  79,  94,
         96, 100], device='cuda:2') torch.Size([16])
08/29/2023, 12:15:23# predicted of 0: tensor([  3, 108, 156,  62,  95,  78,   5, 152, 118,  16, 108, 152,  72,  89,
         96, 108], device='cuda:2') torch.Size([16])
08/29/2023, 12:16:43# labels of Validation: tensor([158,  61, 119,  11, 140,  81, 100, 161, 164, 143, 103, 109,  60,  90,
         95,  16], device='cuda:2') torch.Size([16])
08/29/2023, 12:16:43# predicted of Validation: tensor([152,  61, 152, 152, 140, 152, 108, 132, 152, 152, 108, 152, 152, 108,
         95,  16], device='cuda:2') torch.Size([16])
08/29/2023, 12:16:46# Validation Loss: 3.0222 | Validation Accuracy: 0.3336

08/29/2023, 12:16:46# Find a better model!!
08/29/2023, 12:23:53# labels of 5000: tensor([126,  31, 118,  69,  17,  74,  83,  26,  50,  49, 143, 104, 102,   6,
         74,  18], device='cuda:2') torch.Size([16])
08/29/2023, 12:23:53# predicted of 5000: tensor([126, 141, 118,  69,  17,  43, 141, 113,  39,  11,  60,  60,   1, 132,
         60, 141], device='cuda:2') torch.Size([16])
08/29/2023, 12:28:35# total batches: 8250
08/29/2023, 12:28:35# Epoch 9 | Train Loss: 3.0433 | Train Accuracy: 0.3234
08/29/2023, 12:28:35# labels of Validation: tensor([  3,   1,  30,  79,  66, 151,   4,  71,  50, 127,  11, 129, 102,  38,
          7,  89], device='cuda:2') torch.Size([16])
08/29/2023, 12:28:35# predicted of Validation: tensor([  3,  36,  36,  79, 132,  36,  36,  36, 126, 127,  36, 108,  36,  36,
          7,  89], device='cuda:2') torch.Size([16])
08/29/2023, 12:28:35# labels of 0: tensor([  3,   1,  30,  79,  66, 151,   4,  71,  50, 127,  11, 129, 102,  38,
          7,  89], device='cuda:2') torch.Size([16])
08/29/2023, 12:28:35# predicted of 0: tensor([  3,  36,  36,  79, 132,  36,  36,  36, 126, 127,  36, 108,  36,  36,
          7,  89], device='cuda:2') torch.Size([16])
08/29/2023, 12:29:54# labels of Validation: tensor([126,  71,  74, 133, 115,  27,  93, 144,  35,  28, 100, 151,  94, 106,
         99, 166], device='cuda:2') torch.Size([16])
08/29/2023, 12:29:54# predicted of Validation: tensor([126,  36,  36, 108, 115,  27, 108,  36,  35, 132, 108,  36,   5, 106,
         99, 132], device='cuda:2') torch.Size([16])
08/29/2023, 12:29:56# Validation Loss: 2.9923 | Validation Accuracy: 0.3387

08/29/2023, 12:29:56# Find a better model!!
08/29/2023, 12:36:57# labels of 5000: tensor([161,  98,  23, 148,  28,  73,  18, 131,  63, 140,  72, 116,  49, 101,
        112,   1], device='cuda:2') torch.Size([16])
08/29/2023, 12:36:57# predicted of 5000: tensor([132, 148,  23, 132, 132,  73,  74, 132,  74, 140,  79,  74,  74, 132,
         63,  63], device='cuda:2') torch.Size([16])
08/29/2023, 12:41:32# total batches: 8250
08/29/2023, 12:41:32# Epoch 10 | Train Loss: 3.0164 | Train Accuracy: 0.3282
08/29/2023, 12:41:32# labels of Validation: tensor([145,   7,  19,  54, 152, 114, 117,  31, 106, 135, 151,  69, 103,  28,
        138, 152], device='cuda:2') torch.Size([16])
08/29/2023, 12:41:32# predicted of Validation: tensor([145,   7,  92,  92,  92,   6, 117,  92, 106,  92,  92,  69,   6, 132,
        138,  92], device='cuda:2') torch.Size([16])
08/29/2023, 12:41:32# labels of 0: tensor([145,   7,  19,  54, 152, 114, 117,  31, 106, 135, 151,  69, 103,  28,
        138, 152], device='cuda:2') torch.Size([16])
08/29/2023, 12:41:32# predicted of 0: tensor([145,   7,  92,  92,  92,   6, 117,  92, 106,  92,  92,  69,   6, 132,
        138,  92], device='cuda:2') torch.Size([16])
08/29/2023, 12:42:49# labels of Validation: tensor([158, 156, 114,   0, 166,  92, 153,  89, 162, 115,  38,  35,  95, 150,
         12, 139], device='cuda:2') torch.Size([16])
08/29/2023, 12:42:49# predicted of Validation: tensor([ 92, 156,   6,   0, 132,  92,  92,  89,  92, 115,  92,  35,  73,  92,
         92,  92], device='cuda:2') torch.Size([16])
08/29/2023, 12:42:51# Validation Loss: 2.9677 | Validation Accuracy: 0.3409

08/29/2023, 12:42:51# Find a better model!!
08/29/2023, 12:49:48# labels of 5000: tensor([111,  17, 133, 160, 140,  29,  84, 103,  60, 156,  29, 153, 121,  84,
         20, 142], device='cuda:2') torch.Size([16])
08/29/2023, 12:49:48# predicted of 5000: tensor([ 97,  17, 131,  97, 140,  29,  84, 141,  97, 156,  29,  10,  97,   3,
        155,  18], device='cuda:2') torch.Size([16])
08/29/2023, 12:54:16# total batches: 8250
08/29/2023, 12:54:16# Epoch 11 | Train Loss: 2.9932 | Train Accuracy: 0.3322
08/29/2023, 12:54:16# labels of Validation: tensor([ 54, 147,  96,  73, 139, 112, 109, 100,   8, 137,  29, 137,  49,  94,
         74, 133], device='cuda:2') torch.Size([16])
08/29/2023, 12:54:16# predicted of Validation: tensor([137, 147,  96,  73, 137, 137, 137,   6,   6, 137,  29, 137, 137,  94,
        137,   6], device='cuda:2') torch.Size([16])
08/29/2023, 12:54:16# labels of 0: tensor([ 54, 147,  96,  73, 139, 112, 109, 100,   8, 137,  29, 137,  49,  94,
         74, 133], device='cuda:2') torch.Size([16])
08/29/2023, 12:54:16# predicted of 0: tensor([137, 147,  96,  73, 137, 137, 137,   6,   6, 137,  29, 137, 137,  94,
        137,   6], device='cuda:2') torch.Size([16])
08/29/2023, 12:55:31# labels of Validation: tensor([165, 101, 149,  68,  52,  32, 138, 118,  19,  80,   2,  93, 102,  84,
         19,  59], device='cuda:2') torch.Size([16])
08/29/2023, 12:55:31# predicted of Validation: tensor([165,   6, 149,   6,  52,  32, 138, 118, 137,  80, 137,   6, 137,  84,
        137,   6], device='cuda:2') torch.Size([16])
08/29/2023, 12:55:34# Validation Loss: 2.9444 | Validation Accuracy: 0.3443

08/29/2023, 12:55:34# Find a better model!!
08/29/2023, 13:02:21# labels of 5000: tensor([110, 143, 130, 138,  26,  17,  17,  97, 148,  87,  95,  54,  77, 164,
         90,  81], device='cuda:2') torch.Size([16])
08/29/2023, 13:02:21# predicted of 5000: tensor([ 21, 143, 130, 138,   2,  17,  17,  74, 155,  74, 117,  58, 155, 121,
        155, 121], device='cuda:2') torch.Size([16])
08/29/2023, 13:06:53# total batches: 8250
08/29/2023, 13:06:53# Epoch 12 | Train Loss: 2.9731 | Train Accuracy: 0.3348
08/29/2023, 13:06:53# labels of Validation: tensor([ 80,  11,  75,  31,  99,  83, 116,  16,  76,  38,  72, 108,  61,  92,
        132, 107], device='cuda:2') torch.Size([16])
08/29/2023, 13:06:53# predicted of Validation: tensor([ 80, 109, 109, 109,  99, 109, 109,  16, 109, 109,  15, 161,  61, 109,
        161, 131], device='cuda:2') torch.Size([16])
08/29/2023, 13:06:53# labels of 0: tensor([ 80,  11,  75,  31,  99,  83, 116,  16,  76,  38,  72, 108,  61,  92,
        132, 107], device='cuda:2') torch.Size([16])
08/29/2023, 13:06:53# predicted of 0: tensor([ 80, 109, 109, 109,  99, 109, 109,  16, 109, 109,  15, 161,  61, 109,
        161, 131], device='cuda:2') torch.Size([16])
08/29/2023, 13:08:08# labels of Validation: tensor([107,   1,  47,  83, 127, 129, 101,  82, 118,  86, 110,  97,  12, 121,
        142, 139], device='cuda:2') torch.Size([16])
08/29/2023, 13:08:08# predicted of Validation: tensor([131, 109, 109, 109, 127, 131, 131,  82, 118, 109, 131, 109, 109, 109,
        109, 109], device='cuda:2') torch.Size([16])
08/29/2023, 13:08:10# Validation Loss: 2.9269 | Validation Accuracy: 0.3476

08/29/2023, 13:08:10# Find a better model!!
08/29/2023, 13:15:09# labels of 5000: tensor([129,  94, 162,   4, 142,  34,  75,  25,  15, 127,   5, 125,  15,  38,
        155,  20], device='cuda:2') torch.Size([16])
08/29/2023, 13:15:09# predicted of 5000: tensor([108, 145, 109,  55,  34, 108, 107,  25,  15, 127,   5, 135,  15, 164,
        161, 164], device='cuda:2') torch.Size([16])
08/29/2023, 13:19:43# total batches: 8250
08/29/2023, 13:19:43# Epoch 13 | Train Loss: 2.9557 | Train Accuracy: 0.3389
08/29/2023, 13:19:43# labels of Validation: tensor([159,   8,  73,  36,  18,  28,  26,  82,  24, 136, 126, 146, 104, 142,
        112,  82], device='cuda:2') torch.Size([16])
08/29/2023, 13:19:43# predicted of Validation: tensor([159, 131,  73,  87,  87, 132,  87,  82,  87, 136, 117, 146,  87,  87,
         87,  82], device='cuda:2') torch.Size([16])
08/29/2023, 13:19:43# labels of 0: tensor([159,   8,  73,  36,  18,  28,  26,  82,  24, 136, 126, 146, 104, 142,
        112,  82], device='cuda:2') torch.Size([16])
08/29/2023, 13:19:43# predicted of 0: tensor([159, 131,  73,  87,  87, 132,  87,  82,  87, 136, 117, 146,  87,  87,
         87,  82], device='cuda:2') torch.Size([16])
08/29/2023, 13:20:57# labels of Validation: tensor([ 49,  53, 164, 114,  66,  98,  97,  52,  73, 149, 163,  61,  46, 107,
         92,  29], device='cuda:2') torch.Size([16])
08/29/2023, 13:20:57# predicted of Validation: tensor([ 87,  87,  87, 131, 131,  87,  87,  52,  73, 149,  87,  61,  87, 131,
         87,  29], device='cuda:2') torch.Size([16])
08/29/2023, 13:21:00# Validation Loss: 2.9108 | Validation Accuracy: 0.3488

08/29/2023, 13:21:00# Find a better model!!
08/29/2023, 13:27:58# labels of 5000: tensor([ 16,  63,  57, 154,  85,  71,  54,  45,  60,  99, 153,   7,  68,  13,
        146, 159], device='cuda:2') torch.Size([16])
08/29/2023, 13:27:58# predicted of 5000: tensor([ 16, 116, 162, 154,  85,  19,  19,  45,  63,  99, 162,   7, 129,  13,
        146, 159], device='cuda:2') torch.Size([16])
08/29/2023, 13:31:31# total batches: 8250
08/29/2023, 13:31:31# Epoch 14 | Train Loss: 2.9411 | Train Accuracy: 0.3410
08/29/2023, 13:31:31# labels of Validation: tensor([158, 138, 150, 130,  76, 166, 134, 160, 143,  41,  41, 111, 120, 164,
         83,  95], device='cuda:2') torch.Size([16])
08/29/2023, 13:31:31# predicted of Validation: tensor([ 86, 138,  86, 130,  86,   6, 134,   6,  86,  86,  86,  86, 120,  86,
         86,  95], device='cuda:2') torch.Size([16])
08/29/2023, 13:31:31# labels of 0: tensor([158, 138, 150, 130,  76, 166, 134, 160, 143,  41,  41, 111, 120, 164,
         83,  95], device='cuda:2') torch.Size([16])
08/29/2023, 13:31:31# predicted of 0: tensor([ 86, 138,  86, 130,  86,   6, 134,   6,  86,  86,  86,  86, 120,  86,
         86,  95], device='cuda:2') torch.Size([16])
08/29/2023, 13:32:28# labels of Validation: tensor([ 37, 145,   9, 109, 143, 161, 102,  11, 147,  15, 114,  15, 127,  50,
        116, 103], device='cuda:2') torch.Size([16])
08/29/2023, 13:32:28# predicted of Validation: tensor([  6, 145,  86,  86,  86,   6,  86,  86, 147,  15,   6,  94, 127,  50,
         86,   6], device='cuda:2') torch.Size([16])
08/29/2023, 13:32:30# Validation Loss: 2.8992 | Validation Accuracy: 0.3492

08/29/2023, 13:32:30# Find a better model!!
08/29/2023, 13:38:24# labels of 5000: tensor([ 18, 136, 150, 156, 114, 158,  67, 158,  17, 163,  63, 132, 127,  81,
        128,  84], device='cuda:2') torch.Size([16])
08/29/2023, 13:38:24# predicted of 5000: tensor([ 43, 136,  19, 156, 131,  57,  78,  57,  17,  97, 164, 161, 127,  57,
        128,  84], device='cuda:2') torch.Size([16])
08/29/2023, 13:42:34# total batches: 8250
08/29/2023, 13:42:34# Epoch 15 | Train Loss: 2.9284 | Train Accuracy: 0.3427
08/29/2023, 13:42:34# labels of Validation: tensor([154, 122, 142,   4, 109, 149,  50,  37,  42, 101, 159, 106, 165, 105,
        138,  34], device='cuda:2') torch.Size([16])
08/29/2023, 13:42:34# predicted of Validation: tensor([154, 122, 151, 151, 151, 149,  50, 166, 151, 161, 159, 106, 165, 105,
        138, 151], device='cuda:2') torch.Size([16])
08/29/2023, 13:42:34# labels of 0: tensor([154, 122, 142,   4, 109, 149,  50,  37,  42, 101, 159, 106, 165, 105,
        138,  34], device='cuda:2') torch.Size([16])
08/29/2023, 13:42:34# predicted of 0: tensor([154, 122, 151, 151, 151, 149,  50, 166, 151, 161, 159, 106, 165, 105,
        138, 151], device='cuda:2') torch.Size([16])
08/29/2023, 13:43:38# labels of Validation: tensor([ 81, 125, 119,  87, 104, 119,  27,  38, 138, 161,  15,  32, 111,  43,
        157, 136], device='cuda:2') torch.Size([16])
08/29/2023, 13:43:38# predicted of Validation: tensor([151, 151, 151, 151, 151, 151,  27, 151, 138, 132,  15,  32, 151, 151,
        151, 136], device='cuda:2') torch.Size([16])
08/29/2023, 13:43:40# Validation Loss: 2.8849 | Validation Accuracy: 0.3520

08/29/2023, 13:43:40# Find a better model!!
08/29/2023, 13:50:04# labels of 5000: tensor([106,   8,  93,  17, 149, 115,  28,  44, 128,  35,  21, 116,  66,  64,
         70, 115], device='cuda:2') torch.Size([16])
08/29/2023, 13:50:04# predicted of 5000: tensor([106, 108, 132,  17, 149, 115, 132,  19, 128,  56, 131, 124, 108, 160,
         70,  62], device='cuda:2') torch.Size([16])
08/29/2023, 13:54:11# total batches: 8250
08/29/2023, 13:54:11# Epoch 16 | Train Loss: 2.9170 | Train Accuracy: 0.3453
08/29/2023, 13:54:11# labels of Validation: tensor([ 19,  72,  97,  61, 142, 136,  56,  69, 140,  39,  74,  98, 128,  92,
         68,   3], device='cuda:2') torch.Size([16])
08/29/2023, 13:54:11# predicted of Validation: tensor([  9,  27,   9,  61,   9, 136,  56,  69, 140,  39,   9,   9, 128,   9,
        108,   3], device='cuda:2') torch.Size([16])
08/29/2023, 13:54:11# labels of 0: tensor([ 19,  72,  97,  61, 142, 136,  56,  69, 140,  39,  74,  98, 128,  92,
         68,   3], device='cuda:2') torch.Size([16])
08/29/2023, 13:54:11# predicted of 0: tensor([  9,  27,   9,  61,   9, 136,  56,  69, 140,  39,   9,   9, 128,   9,
        108,   3], device='cuda:2') torch.Size([16])
08/29/2023, 13:55:17# labels of Validation: tensor([ 17, 160, 125,  10,  79, 124, 161, 103,  23, 135, 117, 141,  12, 148,
        152,   2], device='cuda:2') torch.Size([16])
08/29/2023, 13:55:17# predicted of Validation: tensor([ 17, 108,   9,   9,  94,   9, 132, 108,  23,   9, 117, 108,   9, 108,
          9,   9], device='cuda:2') torch.Size([16])
08/29/2023, 13:55:19# Validation Loss: 2.8754 | Validation Accuracy: 0.3521

08/29/2023, 13:55:19# Find a better model!!
08/29/2023, 14:01:58# labels of 5000: tensor([114,  26,  69,  48,  61,  92,  26,  73, 152,   3, 128, 109, 156,  21,
         14,  98], device='cuda:2') torch.Size([16])
08/29/2023, 14:01:58# predicted of 5000: tensor([133,   9,  69,  75,  61,  26,   9,  73, 142,   3, 128,  24, 156, 161,
         71,   2], device='cuda:2') torch.Size([16])
08/29/2023, 14:06:13# total batches: 8250
08/29/2023, 14:06:13# Epoch 17 | Train Loss: 2.9070 | Train Accuracy: 0.3469
08/29/2023, 14:06:13# labels of Validation: tensor([  8, 144, 119,  42, 156, 118,  93, 143, 160,  11,  20, 148,   0, 165,
         82, 160], device='cuda:2') torch.Size([16])
08/29/2023, 14:06:13# predicted of Validation: tensor([ 77,  86,  86,  86, 156, 118,  77,  86,  77,  86,  86,  77,   0, 165,
         82,  77], device='cuda:2') torch.Size([16])
08/29/2023, 14:06:13# labels of 0: tensor([  8, 144, 119,  42, 156, 118,  93, 143, 160,  11,  20, 148,   0, 165,
         82, 160], device='cuda:2') torch.Size([16])
08/29/2023, 14:06:13# predicted of 0: tensor([ 77,  86,  86,  86, 156, 118,  77,  86,  77,  86,  86,  77,   0, 165,
         82,  77], device='cuda:2') torch.Size([16])
08/29/2023, 14:07:21# labels of Validation: tensor([ 59,  38, 143,  42, 161, 103,  16,  99,  14,  30,   2, 127,  18, 146,
         24,  56], device='cuda:2') torch.Size([16])
08/29/2023, 14:07:21# predicted of Validation: tensor([  6,  86,  86,  86, 132,  77,  16,  99,  86,  86,  86, 127,  86, 146,
         86,  56], device='cuda:2') torch.Size([16])
08/29/2023, 14:07:23# Validation Loss: 2.8656 | Validation Accuracy: 0.3531

08/29/2023, 14:07:23# Find a better model!!
08/29/2023, 14:13:59# labels of 5000: tensor([ 61, 105,  89,   3, 116, 157,  42,  86, 103, 163,  59, 156,  48,   8,
         71,  81], device='cuda:2') torch.Size([16])
08/29/2023, 14:13:59# predicted of 5000: tensor([ 61, 105,  39,   3, 102, 102, 164,   2,  51, 164,  66, 156, 102,  37,
        102,  63], device='cuda:2') torch.Size([16])
08/29/2023, 14:18:17# total batches: 8250
08/29/2023, 14:18:17# Epoch 18 | Train Loss: 2.8982 | Train Accuracy: 0.3479
08/29/2023, 14:18:17# labels of Validation: tensor([ 36,  93, 108,  34,   2, 163, 148,  58, 101,  63, 153, 123,  90,  60,
         57,  96], device='cuda:2') torch.Size([16])
08/29/2023, 14:18:17# predicted of Validation: tensor([139,   6,   6, 139, 139, 139,   6, 139,   6, 139, 139, 123,   6, 139,
        139,  96], device='cuda:2') torch.Size([16])
08/29/2023, 14:18:17# labels of 0: tensor([ 36,  93, 108,  34,   2, 163, 148,  58, 101,  63, 153, 123,  90,  60,
         57,  96], device='cuda:2') torch.Size([16])
08/29/2023, 14:18:17# predicted of 0: tensor([139,   6,   6, 139, 139, 139,   6, 139,   6, 139, 139, 123,   6, 139,
        139,  96], device='cuda:2') torch.Size([16])
08/29/2023, 14:19:30# labels of Validation: tensor([ 27, 132,  63,  87,   9, 153, 126,  17,  73,  58, 146,  40,  18, 140,
        122,   4], device='cuda:2') torch.Size([16])
08/29/2023, 14:19:30# predicted of Validation: tensor([ 27, 161, 139, 139, 139, 139, 126,  17,  73, 139, 146,  40, 139, 140,
        122, 139], device='cuda:2') torch.Size([16])
08/29/2023, 14:19:33# Validation Loss: 2.8593 | Validation Accuracy: 0.3608

08/29/2023, 14:19:33# Find a better model!!
08/29/2023, 14:26:18# labels of 5000: tensor([ 37,  54, 122,  40,  12,  55,  86,  66,  37,  41, 139, 160,  21,  82,
         20,   1], device='cuda:2') torch.Size([16])
08/29/2023, 14:26:18# predicted of 5000: tensor([114,  63, 122,  40, 153, 153, 153, 131, 114, 153, 153, 131, 131,  82,
         63,  48], device='cuda:2') torch.Size([16])
08/29/2023, 14:30:33# total batches: 8250
08/29/2023, 14:30:33# Epoch 19 | Train Loss: 2.8902 | Train Accuracy: 0.3487
08/29/2023, 14:30:33# labels of Validation: tensor([124, 109,  43,  19,  37,  76,  78,  76, 116,  82,  49,  26, 150,   1,
          0,  31], device='cuda:2') torch.Size([16])
08/29/2023, 14:30:33# predicted of Validation: tensor([ 10,  10,  10,  10, 101,  10,  78,  10,  10,  82,  10,  10,  10,  10,
          0,  10], device='cuda:2') torch.Size([16])
08/29/2023, 14:30:33# labels of 0: tensor([124, 109,  43,  19,  37,  76,  78,  76, 116,  82,  49,  26, 150,   1,
          0,  31], device='cuda:2') torch.Size([16])
08/29/2023, 14:30:33# predicted of 0: tensor([ 10,  10,  10,  10, 101,  10,  78,  10,  10,  82,  10,  10,  10,  10,
          0,  10], device='cuda:2') torch.Size([16])
08/29/2023, 14:31:45# labels of Validation: tensor([ 89,  51, 106, 111,  92,  93,  12, 102,  41, 160, 113, 110,  28, 155,
         26,  82], device='cuda:2') torch.Size([16])
08/29/2023, 14:31:45# predicted of Validation: tensor([ 95, 161, 106,  10,  10, 101,  10,  10,  10, 101, 101, 101, 161, 161,
         10,  82], device='cuda:2') torch.Size([16])
08/29/2023, 14:31:48# Validation Loss: 2.8507 | Validation Accuracy: 0.3619

08/29/2023, 14:31:48# Find a better model!!
08/29/2023, 14:38:40# labels of 5000: tensor([101,  13,  66, 103, 130,   8, 152,  70,  15, 145, 124,  58,  52, 157,
         82,  84], device='cuda:2') torch.Size([16])
08/29/2023, 14:38:40# predicted of 5000: tensor([155,  13, 132,   9, 130, 155,   4,  70,  15, 145,   9,  58,  52, 129,
         82,  84], device='cuda:2') torch.Size([16])
08/29/2023, 14:43:09# total batches: 8250
08/29/2023, 14:43:09# Epoch 20 | Train Loss: 2.8836 | Train Accuracy: 0.3509
08/29/2023, 14:43:09# labels of Validation: tensor([ 66, 124,  18,  49, 156, 147, 133,  25, 155, 154, 162, 164,  21, 119,
          6,  66], device='cuda:2') torch.Size([16])
08/29/2023, 14:43:09# predicted of Validation: tensor([161, 119, 119, 119, 156, 147, 155,  25, 161, 154, 119, 119, 161, 119,
        161, 161], device='cuda:2') torch.Size([16])
08/29/2023, 14:43:09# labels of 0: tensor([ 66, 124,  18,  49, 156, 147, 133,  25, 155, 154, 162, 164,  21, 119,
          6,  66], device='cuda:2') torch.Size([16])
08/29/2023, 14:43:09# predicted of 0: tensor([161, 119, 119, 119, 156, 147, 155,  25, 161, 154, 119, 119, 161, 119,
        161, 161], device='cuda:2') torch.Size([16])
08/29/2023, 14:44:23# labels of Validation: tensor([ 61,  69,  53,  40, 137, 144,  68,  56,  12,  73,  86, 124,  10,  30,
         35,  93], device='cuda:2') torch.Size([16])
08/29/2023, 14:44:23# predicted of Validation: tensor([ 61,  69, 119,  40, 119, 119, 155,  56, 119,  73, 119, 119, 119, 119,
         35, 155], device='cuda:2') torch.Size([16])
08/29/2023, 14:44:25# Validation Loss: 2.8469 | Validation Accuracy: 0.3554

08/29/2023, 14:44:25# Find a better model!!
08/29/2023, 14:51:24# labels of 5000: tensor([ 48,  35,  11,  19, 163,  80,  55, 162,  64, 101, 157, 115, 151,  89,
         34,  69], device='cuda:2') torch.Size([16])
08/29/2023, 14:51:24# predicted of 5000: tensor([143,  35, 112, 139, 112,  80, 112, 143, 161,  51,  60,  35, 143,  89,
        112,  56], device='cuda:2') torch.Size([16])
08/29/2023, 14:55:54# total batches: 8250
08/29/2023, 14:55:54# Epoch 21 | Train Loss: 2.8767 | Train Accuracy: 0.3524
08/29/2023, 14:55:54# labels of Validation: tensor([ 50, 140, 155, 156,  13, 158,  26,   4, 120,  95,  95, 103, 143, 137,
         82, 131], device='cuda:2') torch.Size([16])
08/29/2023, 14:55:54# predicted of Validation: tensor([ 50, 140,  28, 156,  13, 102, 102, 102, 120,  95,  95, 131, 102, 102,
         82,  28], device='cuda:2') torch.Size([16])
08/29/2023, 14:55:54# labels of 0: tensor([ 50, 140, 155, 156,  13, 158,  26,   4, 120,  95,  95, 103, 143, 137,
         82, 131], device='cuda:2') torch.Size([16])
08/29/2023, 14:55:54# predicted of 0: tensor([ 50, 140,  28, 156,  13, 102, 102, 102, 120,  95,  95, 131, 102, 102,
         82,  28], device='cuda:2') torch.Size([16])
08/29/2023, 14:57:10# labels of Validation: tensor([ 31, 123, 140,  36, 105,   3,  20, 120,   2,  98,  37, 164, 119,  47,
        150,  24], device='cuda:2') torch.Size([16])
08/29/2023, 14:57:10# predicted of Validation: tensor([102, 123, 140, 102, 105,   3, 102, 120, 102, 102, 131, 102, 102, 102,
        102, 102], device='cuda:2') torch.Size([16])
08/29/2023, 14:57:12# Validation Loss: 2.8398 | Validation Accuracy: 0.3571

08/29/2023, 14:57:12# Find a better model!!
08/29/2023, 15:04:16# labels of 5000: tensor([ 88, 119,   8, 113,  88, 125,  48, 160, 147, 151,  60, 154,  83,  38,
         44,  72], device='cuda:2') torch.Size([16])
08/29/2023, 15:04:16# predicted of 5000: tensor([  6, 135,  51, 108, 107, 124, 135,   6, 147, 152, 157, 154, 135,  49,
        153,  79], device='cuda:2') torch.Size([16])
08/29/2023, 15:08:41# total batches: 8250
08/29/2023, 15:08:41# Epoch 22 | Train Loss: 2.8719 | Train Accuracy: 0.3520
08/29/2023, 15:08:42# labels of Validation: tensor([115, 137,  97, 165,  78, 134,  80, 153, 131, 107, 164,  12,  10, 113,
         64,   8], device='cuda:2') torch.Size([16])
08/29/2023, 15:08:42# predicted of Validation: tensor([115, 137, 137, 165,  67, 134,  35, 137, 132, 155, 137, 137, 137, 155,
        155, 155], device='cuda:2') torch.Size([16])
08/29/2023, 15:08:42# labels of 0: tensor([115, 137,  97, 165,  78, 134,  80, 153, 131, 107, 164,  12,  10, 113,
         64,   8], device='cuda:2') torch.Size([16])
08/29/2023, 15:08:42# predicted of 0: tensor([115, 137, 137, 165,  67, 134,  35, 137, 132, 155, 137, 137, 137, 155,
        155, 155], device='cuda:2') torch.Size([16])
08/29/2023, 15:09:57# labels of Validation: tensor([ 31,  31, 106, 131,  31,  20,  85,  57,  21,   7,  48, 151,  90, 164,
        122,  90], device='cuda:2') torch.Size([16])
08/29/2023, 15:09:57# predicted of Validation: tensor([137, 137, 106, 132, 137, 137,  85, 137, 155,   7, 137, 137, 155, 137,
        122, 155], device='cuda:2') torch.Size([16])
08/29/2023, 15:10:00# Validation Loss: 2.8361 | Validation Accuracy: 0.3634

08/29/2023, 15:10:00# Find a better model!!
08/29/2023, 15:17:02# labels of 5000: tensor([132,  39,  67, 136,  91, 149, 131, 123, 102,  81, 104, 114,  47,  97,
         47,  90], device='cuda:2') torch.Size([16])
08/29/2023, 15:17:02# predicted of 5000: tensor([161,  39,  78, 136, 100, 149, 161, 123,  43, 119, 119,  21, 119, 119,
         43,  77], device='cuda:2') torch.Size([16])
08/29/2023, 15:21:32# total batches: 8250
08/29/2023, 15:21:32# Epoch 23 | Train Loss: 2.8672 | Train Accuracy: 0.3527
08/29/2023, 15:21:32# labels of Validation: tensor([ 25, 148, 151, 147, 132,  17,  41, 118, 160, 117, 161, 132, 113, 127,
          2,  10], device='cuda:2') torch.Size([16])
08/29/2023, 15:21:32# predicted of Validation: tensor([ 25, 166, 164, 147, 132,  17, 164, 118, 166, 117, 132, 132, 166, 127,
        164, 164], device='cuda:2') torch.Size([16])
08/29/2023, 15:21:32# labels of 0: tensor([ 25, 148, 151, 147, 132,  17,  41, 118, 160, 117, 161, 132, 113, 127,
          2,  10], device='cuda:2') torch.Size([16])
08/29/2023, 15:21:32# predicted of 0: tensor([ 25, 166, 164, 147, 132,  17, 164, 118, 166, 117, 132, 132, 166, 127,
        164, 164], device='cuda:2') torch.Size([16])
08/29/2023, 15:22:49# labels of Validation: tensor([  9, 106,  50,  30, 110,   6, 115,  71,  26, 115,  38,  38,  25,  63,
          6,  50], device='cuda:2') torch.Size([16])
08/29/2023, 15:22:49# predicted of Validation: tensor([164, 106,  50, 164, 166, 132, 115, 164, 164, 115, 164, 164,  25, 164,
        132,  50], device='cuda:2') torch.Size([16])
08/29/2023, 15:22:51# Validation Loss: 2.8323 | Validation Accuracy: 0.3582

08/29/2023, 15:22:51# Find a better model!!
08/29/2023, 15:29:50# labels of 5000: tensor([136,  41, 166,  55, 159, 146,  46,  35,  20, 115, 146,   3,  50,  40,
        128,  90], device='cuda:2') torch.Size([16])
08/29/2023, 15:29:50# predicted of 5000: tensor([136, 112, 132,  91, 159, 146, 112,  35,  46, 115, 146,   3,  50,  40,
        128,  91], device='cuda:2') torch.Size([16])
08/29/2023, 15:34:17# total batches: 8250
08/29/2023, 15:34:17# Epoch 24 | Train Loss: 2.8632 | Train Accuracy: 0.3538
08/29/2023, 15:34:17# labels of Validation: tensor([ 99,  56, 159, 134, 144,  31,  31,  56,  15, 132,   2, 144,  76, 153,
         27, 162], device='cuda:2') torch.Size([16])
08/29/2023, 15:34:17# predicted of Validation: tensor([ 99,  56, 159, 134,  74,  74,  74,  56,  15, 161,  74,  74,  74,  74,
         27,  74], device='cuda:2') torch.Size([16])
08/29/2023, 15:34:17# labels of 0: tensor([ 99,  56, 159, 134, 144,  31,  31,  56,  15, 132,   2, 144,  76, 153,
         27, 162], device='cuda:2') torch.Size([16])
08/29/2023, 15:34:17# predicted of 0: tensor([ 99,  56, 159, 134,  74,  74,  74,  56,  15, 161,  74,  74,  74,  74,
         27,  74], device='cuda:2') torch.Size([16])
08/29/2023, 15:35:32# labels of Validation: tensor([ 41, 131, 118,  35, 136, 148,  88,  68,  46,   3,  44,  86,  33,   9,
         31, 113], device='cuda:2') torch.Size([16])
08/29/2023, 15:35:32# predicted of Validation: tensor([ 74, 161, 118,  35, 136, 166, 166, 166,  74,   3,  74,  74,  74,  74,
         74, 166], device='cuda:2') torch.Size([16])
08/29/2023, 15:35:35# Validation Loss: 2.8259 | Validation Accuracy: 0.3590

08/29/2023, 15:35:35# Find a better model!!
08/29/2023, 15:42:38# labels of 5000: tensor([127,  47,   5, 161, 114, 138, 137,  69,  97, 132, 152, 104,   1,  11,
         89,  88], device='cuda:2') torch.Size([16])
08/29/2023, 15:42:38# predicted of 5000: tensor([127,   1,   5, 132, 100, 138,  63,  69,  12, 161,  12, 100,  76,   1,
         89,  91], device='cuda:2') torch.Size([16])
08/29/2023, 15:46:40# total batches: 8250
08/29/2023, 15:46:40# Epoch 25 | Train Loss: 2.8593 | Train Accuracy: 0.3541
08/29/2023, 15:46:40# labels of Validation: tensor([ 14,  51, 150,  64,  73,  11, 154,  13, 112,  54,  36,  21, 153,  39,
         50,  11], device='cuda:2') torch.Size([16])
08/29/2023, 15:46:40# predicted of Validation: tensor([ 57, 161,  57,  51,  73,  57, 154,  13,  57,  57,  57,  51,  57,  39,
         50,  57], device='cuda:2') torch.Size([16])
08/29/2023, 15:46:40# labels of 0: tensor([ 14,  51, 150,  64,  73,  11, 154,  13, 112,  54,  36,  21, 153,  39,
         50,  11], device='cuda:2') torch.Size([16])
08/29/2023, 15:46:40# predicted of 0: tensor([ 57, 161,  57,  51,  73,  57, 154,  13,  57,  57,  57,  51,  57,  39,
         50,  57], device='cuda:2') torch.Size([16])
08/29/2023, 15:47:32# labels of Validation: tensor([ 18, 163,  48, 141, 100,  98,  80, 159,  67,  53, 110,  14,  35,  48,
         52, 145], device='cuda:2') torch.Size([16])
08/29/2023, 15:47:32# predicted of Validation: tensor([ 57,  57,  57,  51,  51,  57,  80, 159,  67,  57,  51,  57,  35,  57,
         52, 145], device='cuda:2') torch.Size([16])
08/29/2023, 15:47:33# Validation Loss: 2.8228 | Validation Accuracy: 0.3588

08/29/2023, 15:47:33# Find a better model!!
08/29/2023, 15:52:34# labels of 5000: tensor([146,  55,  98, 151,  52,   7,   5, 135, 103, 164,  13,  98,  86,  52,
         92, 128], device='cuda:2') torch.Size([16])
08/29/2023, 15:52:34# predicted of 5000: tensor([146, 162, 162, 162,  52,   7,   5, 162, 116, 162,  13, 162, 162,  52,
        116, 128], device='cuda:2') torch.Size([16])
08/29/2023, 15:55:49# total batches: 8250
08/29/2023, 15:55:49# Epoch 26 | Train Loss: 2.8558 | Train Accuracy: 0.3548
08/29/2023, 15:55:49# labels of Validation: tensor([160, 115, 157, 161,  15, 109, 156, 161, 114,  35,  18, 128,  38,  45,
         58, 158], device='cuda:2') torch.Size([16])
08/29/2023, 15:55:49# predicted of Validation: tensor([ 51, 115,  86, 161,  61,  86, 156, 161,  51,  35,  86, 128,  86,  45,
         86,  86], device='cuda:2') torch.Size([16])
08/29/2023, 15:55:49# labels of 0: tensor([160, 115, 157, 161,  15, 109, 156, 161, 114,  35,  18, 128,  38,  45,
         58, 158], device='cuda:2') torch.Size([16])
08/29/2023, 15:55:49# predicted of 0: tensor([ 51, 115,  86, 161,  61,  86, 156, 161,  51,  35,  86, 128,  86,  45,
         86,  86], device='cuda:2') torch.Size([16])
08/29/2023, 15:56:42# labels of Validation: tensor([ 72, 153, 142,  84, 125, 106,   9,  28, 130,   4,  51, 158, 100,   3,
         35,  76], device='cuda:2') torch.Size([16])
08/29/2023, 15:56:42# predicted of Validation: tensor([ 61,  86,  86,  84,  86, 106,  86, 161, 130,  86, 161,  86,  51,   3,
         35,  86], device='cuda:2') torch.Size([16])
08/29/2023, 15:56:44# Validation Loss: 2.8197 | Validation Accuracy: 0.3600

08/29/2023, 15:56:44# Find a better model!!
08/29/2023, 16:01:03# labels of 5000: tensor([106,  52, 131, 103,  54, 111, 103,  21,  61, 116,  66,  10,  96,  38,
         52, 115], device='cuda:2') torch.Size([16])
08/29/2023, 16:01:03# predicted of 5000: tensor([106,  52,  28, 101, 142,  81, 101,  28,  61, 142, 161,  81,  96,  12,
         52, 115], device='cuda:2') torch.Size([16])
08/29/2023, 16:03:43# total batches: 8250
08/29/2023, 16:03:43# Epoch 27 | Train Loss: 2.8521 | Train Accuracy: 0.3556
08/29/2023, 16:03:43# labels of Validation: tensor([154, 103,  55, 147,  60,  52, 162,  30,  54, 163,  18,  44, 138,  70,
        161,  35], device='cuda:2') torch.Size([16])
08/29/2023, 16:03:43# predicted of Validation: tensor([154,  28,  53, 147,  53,  52,  53,  53,  53,  53,  53,  53, 138,  70,
         28,  35], device='cuda:2') torch.Size([16])
08/29/2023, 16:03:43# labels of 0: tensor([154, 103,  55, 147,  60,  52, 162,  30,  54, 163,  18,  44, 138,  70,
        161,  35], device='cuda:2') torch.Size([16])
08/29/2023, 16:03:43# predicted of 0: tensor([154,  28,  53, 147,  53,  52,  53,  53,  53,  53,  53,  53, 138,  70,
         28,  35], device='cuda:2') torch.Size([16])
08/29/2023, 16:04:25# labels of Validation: tensor([ 17,  77, 127,  80, 145, 143, 141,  46, 155, 105,   8, 106,  80, 121,
        113, 134], device='cuda:2') torch.Size([16])
08/29/2023, 16:04:25# predicted of Validation: tensor([ 17,  28, 127,  80, 145,  53,  28,  53,  28, 105,  28, 106,  80,  53,
         28, 134], device='cuda:2') torch.Size([16])
08/29/2023, 16:04:27# Validation Loss: 2.8173 | Validation Accuracy: 0.3595

08/29/2023, 16:04:27# Find a better model!!
08/29/2023, 16:08:11# labels of 5000: tensor([ 76,  38, 139,  56,  43,  62,  29, 162,  31, 160, 105, 150, 133,  37,
         74, 101], device='cuda:2') torch.Size([16])
08/29/2023, 16:08:11# predicted of 5000: tensor([157, 129, 102,  56, 157,  62,  29, 124, 102,  66, 105, 124,  66, 131,
        124, 132], device='cuda:2') torch.Size([16])
08/29/2023, 16:10:37# total batches: 8250
08/29/2023, 16:10:37# Epoch 28 | Train Loss: 2.8491 | Train Accuracy: 0.3553
08/29/2023, 16:10:37# labels of Validation: tensor([156, 147,  36,  51, 157,  58,  88, 163,   1, 131, 102, 153,  74, 159,
        151, 146], device='cuda:2') torch.Size([16])
08/29/2023, 16:10:37# predicted of Validation: tensor([156, 147,  58,   6,  58,  58,  21,  58,  58,   6,  58,  58,  58, 159,
         58, 146], device='cuda:2') torch.Size([16])
08/29/2023, 16:10:37# labels of 0: tensor([156, 147,  36,  51, 157,  58,  88, 163,   1, 131, 102, 153,  74, 159,
        151, 146], device='cuda:2') torch.Size([16])
08/29/2023, 16:10:37# predicted of 0: tensor([156, 147,  58,   6,  58,  58,  21,  58,  58,   6,  58,  58,  58, 159,
         58, 146], device='cuda:2') torch.Size([16])
08/29/2023, 16:11:00# labels of Validation: tensor([ 47,  10,  71,   1,  73, 122, 119,  66,  39,  17,  34,  14, 130,  26,
        153,  12], device='cuda:2') torch.Size([16])
08/29/2023, 16:11:00# predicted of Validation: tensor([ 58,  58,  58,  58,  73, 122,  58,   6,  39,  17,  58,  58, 130,  58,
         58,  58], device='cuda:2') torch.Size([16])
08/29/2023, 16:11:01# Validation Loss: 2.8126 | Validation Accuracy: 0.3611

08/29/2023, 16:11:01# Find a better model!!
08/29/2023, 16:14:01# labels of 5000: tensor([ 97,  95,  83,  87,  91, 166,  23,  50,  20, 108,  10,  50, 164,  20,
         98,  40], device='cuda:2') torch.Size([16])
08/29/2023, 16:14:01# predicted of 5000: tensor([111,  95,  37, 111,  37, 132,  23,  50, 111, 132, 111,  50, 111, 111,
         48,  40], device='cuda:2') torch.Size([16])
08/29/2023, 16:16:00# total batches: 8250
08/29/2023, 16:16:00# Epoch 29 | Train Loss: 2.8472 | Train Accuracy: 0.3559
08/29/2023, 16:16:00# labels of Validation: tensor([ 35,  49,  26,  11, 112,  58,  75, 152, 130, 156,  32, 130,  25, 127,
         38,  71], device='cuda:2') torch.Size([16])
08/29/2023, 16:16:00# predicted of Validation: tensor([ 35,  92,  92,  92,  92,  92,  92,  92, 130, 156,  32, 130,  25, 127,
         92,  92], device='cuda:2') torch.Size([16])
08/29/2023, 16:16:00# labels of 0: tensor([ 35,  49,  26,  11, 112,  58,  75, 152, 130, 156,  32, 130,  25, 127,
         38,  71], device='cuda:2') torch.Size([16])
08/29/2023, 16:16:00# predicted of 0: tensor([ 35,  92,  92,  92,  92,  92,  92,  92, 130, 156,  32, 130,  25, 127,
         92,  92], device='cuda:2') torch.Size([16])
08/29/2023, 16:16:23# labels of Validation: tensor([ 90,  50,  24, 147,  51,  12, 127, 131,  55, 153, 100, 130, 147, 131,
        163, 151], device='cuda:2') torch.Size([16])
08/29/2023, 16:16:23# predicted of Validation: tensor([ 77,  50,  92, 147, 132,  92, 127, 132,  92,  92,  77, 130, 147, 132,
         92,  92], device='cuda:2') torch.Size([16])
08/29/2023, 16:16:23# Validation Loss: 2.8146 | Validation Accuracy: 0.3589

08/29/2023, 16:16:23# labels of Test: tensor([1, 1, 1, 1, 1, 1, 1, 1, 1, 1, 1, 1, 1, 1, 1, 1], device='cuda:2') torch.Size([16])
08/29/2023, 16:16:23# predicted of Test: tensor([58, 58, 58, 58, 58, 58, 58, 58, 58, 58, 58, 58, 58, 58, 58, 58],
       device='cuda:2') torch.Size([16])
08/29/2023, 16:16:23# labels of 0: tensor([1, 1, 1, 1, 1, 1, 1, 1, 1, 1, 1, 1, 1, 1, 1, 1], device='cuda:2') torch.Size([16])
08/29/2023, 16:16:23# predicted of 0: tensor([58, 58, 58, 58, 58, 58, 58, 58, 58, 58, 58, 58, 58, 58, 58, 58],
       device='cuda:2') torch.Size([16])
08/29/2023, 16:16:23# labels: tensor([1, 1, 1, 1, 1, 1, 1, 1, 1, 1, 1, 1, 1, 1, 1, 1], device='cuda:2') torch.Size([16])
08/29/2023, 16:16:23# predicted: tensor([58, 58, 58, 58, 58, 58, 58, 58, 58, 58, 58, 58, 58, 58, 58, 58],
       device='cuda:2') torch.Size([16])
08/29/2023, 16:16:46# labels of Test: tensor([163, 163, 163, 163, 163, 163, 163, 163, 163, 163, 163, 163, 163, 163,
        163, 163], device='cuda:2') torch.Size([16])
08/29/2023, 16:16:46# predicted of Test: tensor([58, 58, 58, 58, 58, 58, 58, 58, 58, 58, 58, 58, 58, 58, 58, 58],
       device='cuda:2') torch.Size([16])
08/29/2023, 16:16:47# Test Accuracy: 35.92727272727273 %



08/29/2023, 16:16:58# report path: classification_report/classification_report-6.xlsx
08/29/2023, 16:16:58# label path: classification_report/mapped_true_predicted_labels-6.xlsx
08/29/2023, 16:16:59# mapped_report:
                                                precision    recall  f1-score   support

T1003.001_0ef4cc7b-611c-4237-b20b-db36b6906554       1.00      1.00      1.00       100
    T1003.001_35d92515122effdd73801c6ac3021da7       0.95      0.99      0.97       100
    T1003.002_5a484b65c247675e3b7ada4ba648d376       0.00      0.00      0.00       100
    T1003.002_7fa4ea18694f2552547b65e23952cabb       0.98      1.00      0.99       100
    T1003.003_9f73269695e54311dd61dc68940fb3e1       0.00      0.00      0.00       100
    T1003.003_f049b89533298c2d6cd37a940248b219       0.00      0.00      0.00       100
        T1003_18f31c311ac208802e88ab8d5af8603e       0.92      0.98      0.95       100
        T1007_9d03c91bdae5a80f17f89c987942b5a8       1.00      0.99      0.99       100
    T1007_c6607391-d02c-44b5-9b13-d3492ca58599       0.00      0.00      0.00       100
        T1007_d6bb2a19da7246731ed9c44831b135f8       0.00      0.00      0.00       100
    T1016_14a21534-350f-4d83-9dd7-3c56b93a0c17       0.00      0.00      0.00       100
        T1016_71b3d2945679566b9d94d8cb11df4b70       0.00      0.00      0.00       100
        T1016_7d8ee68f0e9731db82964f558f614608       0.00      0.00      0.00       100
    T1016_921055f4-5970-4707-909e-62f594234d91       0.00      0.00      0.00       100
    T1016_a0676fe1-cd52-482e-8dde-349b73f9aa69       0.00      0.00      0.00       100
    T1016_e8017c46-acb8-400c-a4b5-b3362b5b5baa       0.00      0.00      0.00       100
    T1018_26c8b8b5-7b5b-4de1-a128-7d37fb14f517       0.00      0.00      0.00       100
        T1018_a44bb43474728496276d5d73aa14588f       0.00      0.00      0.00       100
        T1018_ac20e592bc912bddff4d6b88289095f0       0.00      0.00      0.00       100
    T1021.001_dd67068b052fa553ad4a0ac7d6a5ea89       0.84      0.98      0.91       100
    T1033_bd527b63-9f9e-46e0-9816-b8434d2b8989       0.00      0.00      0.00       100
    T1033_c0da588f-79f0-4263-8998-7496b1a40596       0.00      0.00      0.00       100
    T1036.003_04e8d83e7badf098d50800d6aa1dd487       1.00      1.00      1.00       100
    T1036.003_f5ef8466e5ebcd2ae03f338d9416069c       1.00      1.00      1.00       100
    T1036.004_1f0614ea5c4af6faf1b44570f5f22f8a       0.00      0.00      0.00       100
    T1036.004_7de3d7b4922a7b996d8df36fb22bb118       0.00      0.00      0.00       100
    T1037.001_62cfa90fb03a6bc1a6ebcce8a3ea81b7       1.00      1.00      1.00       100
        T1040_6881a4589710d53f0c146e91db513f01       0.97      0.96      0.96       100
        T1047_09e0f9cf2eb803a1c35deeecf3665fad       0.00      0.00      0.00       100
        T1047_6935e41353aa781bb723462d26114c44       0.00      0.00      0.00       100
        T1047_ac122553ab4426ea3362bb4a97d31bfd       0.00      0.00      0.00       100
        T1047_ac2764f7a67a9ce92b54e8e59b361838       0.00      0.00      0.00       100
        T1047_b0255b5120cbabc062d8d4510a142c3b       0.00      0.00      0.00       100
        T1047_ed736a123da6fb2aab22cfd4f437e8b5       0.00      0.00      0.00       100
        T1047_f4b0b4129560ea66f9751275e82f6bab       0.00      0.00      0.00       100
    T1049_638fb6bb-ba39-4285-93d1-7e4775b033a8       0.00      0.00      0.00       100
        T1049_a14392d713dffba6a397682ff83259a0       0.00      0.00      0.00       100
    T1053.005_5db2884b6ca3ab932848f295a3896dc0       0.00      0.00      0.00       100
    T1053.005_ee454be9197890de62705ce6255933fd       0.00      0.00      0.00       100
T1055.001_a74bc239-a196-4f7e-8d5c-fe8c0266071c       0.00      0.00      0.00       100
T1055.002_e5bcefee-262d-4568-a261-e8a20855ec81       0.00      0.00      0.00       100
    T1057_5a39d7ed-45c9-4a79-b581-e5fb99e24f65       0.00      0.00      0.00       100
    T1057_8adf02e8-6e71-4244-886c-98c402857404       0.00      0.00      0.00       100
        T1057_b2a1e430ca6d36eb5af2fe666e769847       0.00      0.00      0.00       100
        T1057_f8de05d1741dcc468f772ab0ff4dac72       0.00      0.00      0.00       100
T1059.001_55678719-e76e-4df9-92aa-10655bbd1cf4       0.99      1.00      1.00       100
    T1059.001_6efbccc1869e8cd618c0d3ecda407d5f       0.99      1.00      1.00       100
T1059.001_702bfdd2-9947-4eda-b551-c3a1ea9a59a2       0.99      0.96      0.97       100
T1059.001_bfff9006-d1fb-46ce-b173-92cb04e9a031       0.99      1.00      1.00       100
T1059.001_ccdb8caf-c69e-424b-b930-551969450c57       0.00      0.00      0.00       100
T1059.001_e5f9de8f-3df1-4e78-ad92-a784e3f6770d       1.00      1.00      1.00       100
    T1059.003_6c318ef0339d74d909ad556681b6493e       0.01      1.00      0.03       100
    T1059.003_f38e58deb7ad20b5538ca40db7b7b4f8       0.00      0.00      0.00       100
T1069.001_5c4dd985-89e3-4590-9b57-71fed66ff4e2       0.98      0.98      0.98       100
    T1069.001_a1f48fa3ddee658b29b414523c9a295b       0.00      0.00      0.00       100
    T1069.002_6103e503cb444bc7b4187704f2035708       0.00      0.00      0.00       100
    T1070.005_1f91076e2be2014cc7b4f1296de02fd6       0.95      0.99      0.97       100
    T1071.001_24c3b7b004401d839a5c337201da3484       1.00      0.99      0.99       100
T1074.001_4e97e699-93d7-4040-b5a3-2e906a58199e       0.00      0.00      0.00       100
T1074.001_6469befa-748a-4b9c-a96d-f191fde47d89       0.00      0.00      0.00       100
    T1074.001_e6dfc7e89359ac6fa6de84b0e1d5762e       0.00      0.00      0.00       100
    T1078.001_d0ca00832890baa1d42322cf70fcab1a       0.00      0.00      0.00       100
    T1082_29451844-9b76-4e16-a9ee-d6feab4b24db       0.00      0.00      0.00       100
    T1083_52177cc1-b9ab-4411-ac21-2eadc4b5d3b8       0.00      0.00      0.00       100
    T1083_6e1a53c0-7352-4899-be35-fa7f364d5722       0.00      0.00      0.00       100
    T1087.001_6334877e8e3ba48f7835d4856d90a282       0.00      0.00      0.00       100
T1087.001_feaced8f-f43f-452a-9500-a5219488abb8       0.00      0.00      0.00       100
    T1090.001_ba343199a4f15ed6b57eb52412f62e4e       0.46      0.21      0.29       100
        T1105_0856c235a1d26113d4f2d92e39c9a9f8       1.00      1.00      1.00       100
        T1105_1095434782a00c8a4772a11e625bcf5d       0.70      0.60      0.65       100
        T1105_4f683658f161ccdc51337c470d32bab9       0.00      0.00      0.00       100
    T1105_60f63260-39bb-4136-87a0-b6c2dca799fc       1.00      1.00      1.00       100
        T1105_c521e0a70b243a0cf9217907ca3c6d27       1.00      1.00      1.00       100
        T1105_c76968acda4aa1673dadcd67f3ab7664       0.99      1.00      1.00       100
        T1105_e6715e61f5df646692c624b3499384c4       1.00      1.00      1.00       100
    T1105_eb814e03-811a-467a-bc6d-dcd453750fa2       0.00      0.00      0.00       100
        T1112_257313a3c93e3bb7dfb60d6753b09e34       0.80      0.90      0.85       100
        T1112_34041639e6e501856ecaf5969ee29c76       0.84      0.94      0.89       100
        T1112_35c0360d226cf38104f300d9d57ce60e       0.80      0.94      0.87       100
        T1112_4bfb5f265a5ce07af6bf10da113af7db       0.93      0.91      0.92       100
        T1112_7fe6a66d03f4dbfc022609ba311c2b11       0.91      0.86      0.88       100
        T1112_ba6f6214dbd17c54001e0a163b60f151       0.88      0.92      0.90       100
        T1112_cab7b85611a290c0769546bfa9d6f962       0.88      0.89      0.89       100
        T1112_cd8be0e6b873919da25530a2c7ea6750       0.00      0.00      0.00       100
        T1112_e74d2fb4ef5fa6c766a4151554033697       0.90      0.81      0.85       100
        T1112_e7a987cbef27263e666e5b096488dc55       1.00      1.00      1.00       100
        T1112_fa4ba6a06b4a5cd955ea5a60fae24281       0.76      0.81      0.78       100
        T1112_fd992e8ecfdac9b56dd6868904044827       0.88      0.88      0.88       100
    T1113_316251ed-6a28-4013-812b-ddf5b5b007f8       0.00      0.00      0.00       100
        T1115_70795de7cbb842edb029b3378c27c008       1.00      1.00      1.00       100
    T1115_b007fe0c-c6b0-4fda-915c-255bbc070de2       0.00      0.00      0.00       100
        T1119_344e7eaf650763e0d3e9f02e62c1cf4b       0.00      0.00      0.00       100
        T1119_7121cdf93b951311be9d7078c602efdc       1.00      1.00      1.00       100
        T1120_7b9c7afaefa59aab759b49af0d699ac1       0.00      0.00      0.00       100
        T1123_372e6f46fca18e4f1b43209c20ffafa2       0.93      0.96      0.95       100
    T1124_fa6e8607-e0b1-425d-8924-9b894da5a002       0.00      0.00      0.00       100
        T1125_da86001b5081fcf773d8e62f22cf2b00       0.98      0.96      0.97       100
    T1135_530e47c6-8592-42bf-91df-c59ffbd8541b       0.00      0.00      0.00       100
    T1135_deeac480-5c2a-42b5-90bb-41675ee53c7e       0.00      0.00      0.00       100
    T1137.002_e2af3c3ab1b0f659c874b8af58c49759       1.00      0.94      0.97       100
        T1137_12ad9edefc86af07700fbf49bfdac6ba       1.00      1.00      1.00       100
        T1201_38f6f0e50a6b196140ec40d3dc9cc9e6       0.00      0.00      0.00       100
        T1201_57296a2ddbeb7423c05feef2fe972111       0.00      0.00      0.00       100
    T1204.002_522f3f35cd013e63830fa555495a0081       1.00      1.00      1.00       100
        T1217_69bbe2183fa09c00ccaac62d48e214f8       0.00      0.00      0.00       100
        T1217_f7a0f7d704aa52a764d9d1bee81e65d6       0.00      0.00      0.00       100
        T1219_7dabcbecab0334b115feefab1630f84a       1.00      1.00      1.00       100
        T1219_af8cb2bf9b436aae5c106a0a9c207e14       1.00      1.00      1.00       100
        T1219_f1b3fca18d7465cd10e5a7477a3bf97d       1.00      1.00      1.00       100
    T1482_6131397e-7765-424e-a594-3d7fb2d93a6a       0.00      0.00      0.00       100
        T1482_cfb61005899996469ae3023796792ca5       0.00      0.00      0.00       100
        T1486_d82ceb9939d3d920ee550187ad8235c8       0.00      0.00      0.00       100
        T1490_2d53d6fabd39bf9c70b0dfcdfbbc926d       0.00      0.00      0.00       100
        T1490_8467c994685ccf178db166964bd80fab       0.00      0.00      0.00       100
        T1490_9e5e4c0655fd1b5be88bd40b8251175f       0.00      0.00      0.00       100
        T1490_c156ac5c9fa67080365268d95f29053d       0.00      0.00      0.00       100
        T1490_c8f329d2847ede593b6cb4a1ec6120fb       0.95      1.00      0.98       100
        T1490_e90756bb6dcd21462dc4cc452661df91       0.00      0.00      0.00       100
    T1491_47d08617-5ce1-424a-8cc5-c9c978ce6bf9       0.00      0.00      0.00       100
    T1491_68235976-2404-42a8-9105-68230cfef562       0.00      0.00      0.00       100
    T1496_46da2385-cf37-49cb-ba4b-a739c7a19de4       1.00      1.00      1.00       100
T1497.001_1258b063-27d6-489b-a677-4807faacf868       0.00      0.00      0.00       100
T1497.001_5dc841fd-28ad-40e2-b10e-fb007fe09e81       0.00      0.00      0.00       100
T1497.001_7a6ba833-de40-466a-8969-5c37b13603e0       0.00      0.00      0.00       100
    T1499_2fe2d5e6-7b06-4fc0-bf71-6966a1226731       0.00      0.00      0.00       100
T1518.001_2dece965-37a0-4f70-a391-0f30e3331aba       0.00      0.00      0.00       100
    T1518.001_33a24ff44719e6ac0614b58f8c9a7c72       0.00      0.00      0.00       100
    T1518.001_b8453a5fe06b24aea12b27592d5c3d3a       0.00      0.00      0.00       100
        T1518_8ddfaf982ab359cda13626b870ccb339       0.76      0.77      0.77       100
    T1518_c9be8043-a445-4cbf-b77b-ed7bb007fc7c       0.00      0.00      0.00       100
        T1531_aa6b15485a5f50ced34d87fda177b758       0.00      0.00      0.00       100
        T1531_b25ae80dad74142fafb510e9c1949ace       0.00      0.00      0.00       100
    T1546.013_f9a968af61d36983448c74cca5464e17       1.00      1.00      1.00       100
    T1547.001_0dbdf1a2a87e718a6ac8a8e3415a7fac       1.00      0.99      0.99       100
    T1547.001_163b023f43aba758d36f524d146cb8ea       0.99      0.97      0.98       100
    T1547.001_1f15ab22c39a9b6bb2bb0d77276dfcb3       0.00      0.00      0.00       100
    T1547.001_4b71ebb2f6f6a01235ba240fa40ce978       0.00      0.00      0.00       100
    T1547.001_777043894e42d2aae3881e63f6c76d33       0.00      0.00      0.00       100
    T1547.001_d3ef4145e4144fd694514b1c5cc17350       0.99      0.95      0.97       100
    T1547.004_0856714c9810ac55b53e9964d02958a0       0.00      0.00      0.00       100
    T1547.004_aa147165f6c116cb0b0f944abe1db8ce       0.00      0.00      0.00       100
    T1547.009_501af516bd8b24fee0c7c650ae5cc861       0.00      0.00      0.00       100
    T1547.009_b6e5c895c6709fe289352ee23f062229       0.00      0.00      0.00       100
    T1547.010_4593d72a5145e3f494421ac772d37464       1.00      0.99      0.99       100
        T1547_fe9eeee9a7b339089e5fa634b08522c1       0.98      0.99      0.99       100
T1548.002_665432a4-42e7-4ee1-af19-a9a8c9455d0c       0.00      0.00      0.00       100
    T1552.002_3e5b04b8ee0a1a4950da8f35d95e65fc       0.00      0.00      0.00       100
        T1560_a1ee301b0508747b468d578a14e5c1a5       0.25      1.00      0.40       100
    T1562.001_43e3334362b140924f001b256b229ee5       0.00      0.00      0.00       100
    T1562.002_6a8d25d65a7d481dc479f89c62af1e6a       0.91      0.91      0.91       100
    T1562.002_94f51bf01a7036fe02d07b4c18967669       0.00      0.00      0.00       100
    T1562.004_280003641a5cddf916c4f2bf605a71d3       0.00      0.00      0.00       100
    T1562.004_41627f71f968225b9f162cb76d16bd9d       0.00      0.00      0.00       100
    T1562.004_5b93df032e230056c21a3e57334f77d1       0.00      0.00      0.00       100
    T1562.004_8d0a4585e7c4646185a912b14cd9cb46       0.00      0.00      0.00       100
    T1562.004_8fe59e288f10a486dc8b44bc872019ff       0.90      0.90      0.90       100
    T1564.001_66a5fd5f244819181f074dd082a28905       0.49      0.93      0.64       100
    T1564.001_dce51e632abdfe5392c7c1f942ac9273       0.50      0.04      0.07       100
    T1564.003_9a2edad4053a2b59fb9167a9bc29e7dc       0.48      0.53      0.50       100
    T1564.004_28862487a99f5f89bc0d68c87396c7e9       0.00      0.00      0.00       100
    T1564.004_76b6066fe170d38215251102e42be973       0.00      0.00      0.00       100
        T1564_dedfa0a54c9c13ce5714a0dc2e1f5d1a       0.00      0.00      0.00       100
    T1566.001_1afaec09315ab71fdfb167175e8a019a       0.00      0.00      0.00       100
    T1574.001_63bbedafba2f541552ac3579e9e3737b       1.00      1.00      1.00       100
    T1574.011_72249c1e9ffe7d8f30243d838e0791ca       0.99      0.96      0.97       100

                                      accuracy                           0.36     16500
                                     macro avg       0.35      0.36      0.35     16500
                                  weighted avg       0.35      0.36      0.35     16500

