09/04/2023, 10:38:08# labels of 5000: tensor([ 61, 119,  49, 116, 136, 157, 161,  16,  57,  79,  70, 144, 162,  59,
        165, 101], device='cuda:2') torch.Size([16])
09/04/2023, 10:38:08# predicted of 5000: tensor([105, 161, 132, 132,  17, 132, 161,  16, 132,  80,  16,  74, 132, 132,
         17, 132], device='cuda:2') torch.Size([16])
09/04/2023, 10:39:51# total batches: 8250
09/04/2023, 10:39:51# Epoch 0 | Train Loss: 4.4083 | Train Accuracy: 0.0375
09/04/2023, 10:39:51# labels of Validation: tensor([134,  42,  29,  24, 113, 156, 134,  42, 125, 138, 117,  47, 118,  60,
        125,  11], device='cuda:2') torch.Size([16])
09/04/2023, 10:39:51# predicted of Validation: tensor([134,   6, 165,   6,   6, 134, 134,   6,   6, 138,  35,   6, 118,   6,
          6,   6], device='cuda:2') torch.Size([16])
09/04/2023, 10:39:51# labels of 0: tensor([134,  42,  29,  24, 113, 156, 134,  42, 125, 138, 117,  47, 118,  60,
        125,  11], device='cuda:2') torch.Size([16])
09/04/2023, 10:39:51# predicted of 0: tensor([134,   6, 165,   6,   6, 134, 134,   6,   6, 138,  35,   6, 118,   6,
          6,   6], device='cuda:2') torch.Size([16])
09/04/2023, 10:40:13# labels of Validation: tensor([138,  48,  36, 134,  72,  71,  26,  75, 101,  43, 103, 146, 166,  88,
         59, 147], device='cuda:2') torch.Size([16])
09/04/2023, 10:40:13# predicted of Validation: tensor([138,   6,   6, 134, 126,   6,   6,   6,   6,   6,   6, 136,   6,   6,
          6, 140], device='cuda:2') torch.Size([16])
09/04/2023, 10:40:14# Validation Loss: 4.1484 | Validation Accuracy: 0.0629

09/04/2023, 10:42:59# labels of 5000: tensor([ 83,  63,  34, 165, 135, 159, 103,  87,  41, 160,  97,  74, 132, 100,
         17, 112], device='cuda:2') torch.Size([16])
09/04/2023, 10:42:59# predicted of 5000: tensor([ 34,  34, 132, 165, 132,  40, 132, 132, 132, 132, 121, 121, 132, 132,
         17, 132], device='cuda:2') torch.Size([16])
09/04/2023, 10:44:45# total batches: 8250
09/04/2023, 10:44:45# Epoch 1 | Train Loss: 4.1017 | Train Accuracy: 0.0736
09/04/2023, 10:44:45# labels of Validation: tensor([ 84,  63,  62,  75, 105, 120, 151, 154, 149, 109, 144,  83,  58, 158,
         39,  36], device='cuda:2') torch.Size([16])
09/04/2023, 10:44:45# predicted of Validation: tensor([146,  77,  56,  77, 128,  45,  77,  35, 149,  77,  77,  77,  77,  77,
         35,  77], device='cuda:2') torch.Size([16])
09/04/2023, 10:44:45# labels of 0: tensor([ 84,  63,  62,  75, 105, 120, 151, 154, 149, 109, 144,  83,  58, 158,
         39,  36], device='cuda:2') torch.Size([16])
09/04/2023, 10:44:45# predicted of 0: tensor([146,  77,  56,  77, 128,  45,  77,  35, 149,  77,  77,  77,  77,  77,
         35,  77], device='cuda:2') torch.Size([16])
09/04/2023, 10:45:06# labels of Validation: tensor([ 61,  72,  58, 102,  43, 131,  54,  76, 117,  51,  45,  93,  27, 151,
         13, 118], device='cuda:2') torch.Size([16])
09/04/2023, 10:45:06# predicted of Validation: tensor([ 35, 127,  77,  77,  77,  28,  77,  77,  56,  28, 127,  28,  35,  77,
         56, 149], device='cuda:2') torch.Size([16])
09/04/2023, 10:45:07# Validation Loss: 4.0018 | Validation Accuracy: 0.0899

09/04/2023, 10:45:07# Find a better model!!
09/04/2023, 10:47:54# labels of 5000: tensor([ 37, 120,  12,  10,  98, 147, 119, 129,  57,  17,  85, 111, 103, 143,
        124,  53], device='cuda:2') torch.Size([16])
09/04/2023, 10:47:54# predicted of 5000: tensor([ 74,  62,  74, 132, 132, 105,  74, 132, 132,  99,  85,  74,   9, 132,
        132, 132], device='cuda:2') torch.Size([16])
09/04/2023, 10:49:40# total batches: 8250
09/04/2023, 10:49:40# Epoch 2 | Train Loss: 4.0181 | Train Accuracy: 0.0870
09/04/2023, 10:49:40# labels of Validation: tensor([ 67,  80,  97,  36, 102,   3, 140, 107, 151, 113,  71, 139, 129,  72,
         41,  41], device='cuda:2') torch.Size([16])
09/04/2023, 10:49:40# predicted of Validation: tensor([  0,  25,  41,  41,  41,  99, 136,  28,  41,  28,  41,  41,  28,  67,
         41,  41], device='cuda:2') torch.Size([16])
09/04/2023, 10:49:40# labels of 0: tensor([ 67,  80,  97,  36, 102,   3, 140, 107, 151, 113,  71, 139, 129,  72,
         41,  41], device='cuda:2') torch.Size([16])
09/04/2023, 10:49:40# predicted of 0: tensor([  0,  25,  41,  41,  41,  99, 136,  28,  41,  28,  41,  41,  28,  67,
         41,  41], device='cuda:2') torch.Size([16])
09/04/2023, 10:50:02# labels of Validation: tensor([130,  42,  37, 137,  70,  83,  57, 165,  42,  41,  92, 117, 124,  37,
         46,  20], device='cuda:2') torch.Size([16])
09/04/2023, 10:50:02# predicted of Validation: tensor([130,  41,  28,  41,  85,  41,  41, 149,  41,  41,  41,  40,  41,  28,
         41,  41], device='cuda:2') torch.Size([16])
09/04/2023, 10:50:03# Validation Loss: 3.9276 | Validation Accuracy: 0.1030

09/04/2023, 10:50:03# Find a better model!!
09/04/2023, 10:52:46# labels of 5000: tensor([ 37,   2,  86, 137,  30,  95,  31, 133, 146, 106, 157, 132, 128, 146,
        164,  93], device='cuda:2') torch.Size([16])
09/04/2023, 10:52:46# predicted of 5000: tensor([132, 157,  57, 155, 155, 117,  57,  57, 136, 106, 157,  28,  99, 146,
        155,  57], device='cuda:2') torch.Size([16])
09/04/2023, 10:54:32# total batches: 8250
09/04/2023, 10:54:32# Epoch 3 | Train Loss: 3.9688 | Train Accuracy: 0.0936
09/04/2023, 10:54:32# labels of Validation: tensor([102, 114,   1,  16, 126, 103, 104,  63, 142,  95, 148,  62,  75, 100,
         44,  36], device='cuda:2') torch.Size([16])
09/04/2023, 10:54:32# predicted of Validation: tensor([ 81, 132,  81,  16,  94, 132,  81,  81,  81,  78, 132, 128,  81, 132,
         81,  81], device='cuda:2') torch.Size([16])
09/04/2023, 10:54:32# labels of 0: tensor([102, 114,   1,  16, 126, 103, 104,  63, 142,  95, 148,  62,  75, 100,
         44,  36], device='cuda:2') torch.Size([16])
09/04/2023, 10:54:32# predicted of 0: tensor([ 81, 132,  81,  16,  94, 132,  81,  81,  81,  78, 132, 128,  81, 132,
         81,  81], device='cuda:2') torch.Size([16])
09/04/2023, 10:54:53# labels of Validation: tensor([107, 118,  74,  54,  93, 122, 121,  34, 150, 117, 134,  12,   6,   1,
         73, 112], device='cuda:2') torch.Size([16])
09/04/2023, 10:54:53# predicted of Validation: tensor([132, 149,  81,  81, 132, 122,  81,  81,  81,  78, 134,  81, 132,  81,
        105,  81], device='cuda:2') torch.Size([16])
09/04/2023, 10:54:54# Validation Loss: 3.8913 | Validation Accuracy: 0.1156

09/04/2023, 10:54:54# Find a better model!!
09/04/2023, 10:57:37# labels of 5000: tensor([116, 163,  71,  40, 142, 101,  77, 116, 157,  95,  41,  38, 152, 110,
         23, 100], device='cuda:2') torch.Size([16])
09/04/2023, 10:57:37# predicted of 5000: tensor([ 97,  98,  98, 127, 155, 132, 132, 155, 155, 127, 155,  98, 155, 161,
        136, 161], device='cuda:2') torch.Size([16])
09/04/2023, 10:59:20# total batches: 8250
09/04/2023, 10:59:20# Epoch 4 | Train Loss: 3.9426 | Train Accuracy: 0.0976
09/04/2023, 10:59:20# labels of Validation: tensor([  2, 132, 107, 111, 136,  45,   1, 108, 125, 165,  73,  49, 105,  45,
        126, 108], device='cuda:2') torch.Size([16])
09/04/2023, 10:59:20# predicted of Validation: tensor([137, 161, 155, 137,   3,  40, 137, 155, 137, 165,  94, 137,  94,  94,
         94, 155], device='cuda:2') torch.Size([16])
09/04/2023, 10:59:20# labels of 0: tensor([  2, 132, 107, 111, 136,  45,   1, 108, 125, 165,  73,  49, 105,  45,
        126, 108], device='cuda:2') torch.Size([16])
09/04/2023, 10:59:20# predicted of 0: tensor([137, 161, 155, 137,   3,  40, 137, 155, 137, 165,  94, 137,  94,  94,
         94, 155], device='cuda:2') torch.Size([16])
09/04/2023, 10:59:41# labels of Validation: tensor([160,   0, 115,  73, 113,  20,  30, 140,   2,  98, 161, 158,  21, 141,
        127, 118], device='cuda:2') torch.Size([16])
09/04/2023, 10:59:41# predicted of Validation: tensor([155,  94,  94,  94, 155, 137, 137, 136, 137, 137, 161, 137, 155, 155,
         94, 118], device='cuda:2') torch.Size([16])
09/04/2023, 10:59:42# Validation Loss: 3.8653 | Validation Accuracy: 0.1051

09/04/2023, 10:59:42# Find a better model!!
09/04/2023, 11:02:25# labels of 5000: tensor([ 43, 158,  74,   4,  66, 115,  81,  63,  16,  48,  24,  78,  54,  85,
        104, 126], device='cuda:2') torch.Size([16])
09/04/2023, 11:02:25# predicted of 5000: tensor([21, 46, 33, 33, 33, 89, 46, 21, 16, 21, 21, 99, 21, 85, 21, 67],
       device='cuda:2') torch.Size([16])
09/04/2023, 11:04:08# total batches: 8250
09/04/2023, 11:04:08# Epoch 5 | Train Loss: 3.9192 | Train Accuracy: 0.0999
09/04/2023, 11:04:08# labels of Validation: tensor([ 52, 159, 137,  77,  11,  84,  81, 110,   8,  74,  86, 115, 127, 112,
         25,   1], device='cuda:2') torch.Size([16])
09/04/2023, 11:04:08# predicted of Validation: tensor([ 82, 159,  48,  28,  48, 146,  48,  28,  28,  48,  48,  15,  15,  48,
         25,  48], device='cuda:2') torch.Size([16])
09/04/2023, 11:04:08# labels of 0: tensor([ 52, 159, 137,  77,  11,  84,  81, 110,   8,  74,  86, 115, 127, 112,
         25,   1], device='cuda:2') torch.Size([16])
09/04/2023, 11:04:08# predicted of 0: tensor([ 82, 159,  48,  28,  48, 146,  48,  28,  28,  48,  48,  15,  15,  48,
         25,  48], device='cuda:2') torch.Size([16])
09/04/2023, 11:04:29# labels of Validation: tensor([161, 138, 106, 119, 137,   8,  49, 150, 102,  49, 124,  41,  73,  84,
         42,  96], device='cuda:2') torch.Size([16])
09/04/2023, 11:04:29# predicted of Validation: tensor([ 28,  70, 106,  48,  48,  28,  48,  48,  48,  48,  48,  48,  15, 146,
         48, 146], device='cuda:2') torch.Size([16])
09/04/2023, 11:04:30# Validation Loss: 3.8459 | Validation Accuracy: 0.1095

09/04/2023, 11:04:30# Find a better model!!
09/04/2023, 11:07:12# labels of 5000: tensor([103, 129, 128, 165, 109, 166,  75,   6,  84,  17, 154, 115,  84, 122,
        151,  58], device='cuda:2') torch.Size([16])
09/04/2023, 11:07:12# predicted of 5000: tensor([ 18,  46, 105, 134,  18,   6, 150, 161,  72,  17,  82,  78, 146,  27,
         37,  58], device='cuda:2') torch.Size([16])
09/04/2023, 11:08:53# total batches: 8250
09/04/2023, 11:08:53# Epoch 6 | Train Loss: 3.9019 | Train Accuracy: 0.1034
09/04/2023, 11:08:53# labels of Validation: tensor([156, 111,  35,  16,  68,  85,  51,   2,   5,  61, 102,  27,  13,  96,
         61,  74], device='cuda:2') torch.Size([16])
09/04/2023, 11:08:53# predicted of Validation: tensor([156,  14,  15,  85, 108,  85, 132,  14,  39,  39,  14,  39, 130, 146,
         13,  14], device='cuda:2') torch.Size([16])
09/04/2023, 11:08:53# labels of 0: tensor([156, 111,  35,  16,  68,  85,  51,   2,   5,  61, 102,  27,  13,  96,
         61,  74], device='cuda:2') torch.Size([16])
09/04/2023, 11:08:53# predicted of 0: tensor([156,  14,  15,  85, 108,  85, 132,  14,  39,  39,  14,  39, 130, 146,
         13,  14], device='cuda:2') torch.Size([16])
09/04/2023, 11:09:14# labels of Validation: tensor([ 41,  61,  11,  76,  43, 113,   5, 100,  83, 150,  84,  53,  16, 102,
         59,  92], device='cuda:2') torch.Size([16])
09/04/2023, 11:09:14# predicted of Validation: tensor([ 14,  73,  14,  14,  14, 108,  39, 108,  14,  14, 147,  14,  70,  14,
        132,  14], device='cuda:2') torch.Size([16])
09/04/2023, 11:09:15# Validation Loss: 3.8231 | Validation Accuracy: 0.1206

09/04/2023, 11:09:15# Find a better model!!
09/04/2023, 11:11:59# labels of 5000: tensor([ 11,  26,  33,  57, 156, 113,  47,  78, 165,  89, 142,  21,  26,  77,
         86,  41], device='cuda:2') torch.Size([16])
09/04/2023, 11:11:59# predicted of 5000: tensor([103, 103,  46, 103, 154, 132, 103, 122, 165, 128, 103,  71, 103, 112,
        112, 103], device='cuda:2') torch.Size([16])
09/04/2023, 11:13:42# total batches: 8250
09/04/2023, 11:13:42# Epoch 7 | Train Loss: 3.8891 | Train Accuracy: 0.1045
09/04/2023, 11:13:42# labels of Validation: tensor([ 84, 122, 166, 109,  31,  87, 135, 162, 143,   5, 119, 163,  77,  14,
         89,  46], device='cuda:2') torch.Size([16])
09/04/2023, 11:13:42# predicted of Validation: tensor([147, 122, 131,  83,  83,  83,  83,  83,  83,  79,  83,  83, 131,  83,
         73,  83], device='cuda:2') torch.Size([16])
09/04/2023, 11:13:42# labels of 0: tensor([ 84, 122, 166, 109,  31,  87, 135, 162, 143,   5, 119, 163,  77,  14,
         89,  46], device='cuda:2') torch.Size([16])
09/04/2023, 11:13:42# predicted of 0: tensor([147, 122, 131,  83,  83,  83,  83,  83,  83,  79,  83,  83, 131,  83,
         73,  83], device='cuda:2') torch.Size([16])
09/04/2023, 11:14:04# labels of Validation: tensor([ 81, 159,  35,  77,  53, 102,  16, 110,  89, 143, 163, 166, 121,  87,
        125, 160], device='cuda:2') torch.Size([16])
09/04/2023, 11:14:04# predicted of Validation: tensor([ 83, 127,  62, 131,  83,  83,  16, 131,  73,  83,  83, 131,  83,  83,
         83, 131], device='cuda:2') torch.Size([16])
09/04/2023, 11:14:04# Validation Loss: 3.8147 | Validation Accuracy: 0.1139

09/04/2023, 11:14:04# Find a better model!!
09/04/2023, 11:16:48# labels of 5000: tensor([ 75, 120,  25, 121,  99,  75, 131, 121,  29,  16,  53, 130,  53,  62,
         32,  27], device='cuda:2') torch.Size([16])
09/04/2023, 11:16:48# predicted of 5000: tensor([107, 105,  25, 139,  99, 116, 132, 107,  29,  16, 107,  50, 107,  61,
         84,  39], device='cuda:2') torch.Size([16])
09/04/2023, 11:18:35# total batches: 8250
09/04/2023, 11:18:35# Epoch 8 | Train Loss: 3.8795 | Train Accuracy: 0.1062
09/04/2023, 11:18:35# labels of Validation: tensor([  8, 119,  29, 106,   4,  92,  96,  91, 100, 147,  47, 166,  47, 126,
          7,  67], device='cuda:2') torch.Size([16])
09/04/2023, 11:18:35# predicted of Validation: tensor([ 37, 143,  29, 106, 143, 143,   3,   6,  37,  96, 143,   6, 143, 126,
          7,  45], device='cuda:2') torch.Size([16])
09/04/2023, 11:18:35# labels of 0: tensor([  8, 119,  29, 106,   4,  92,  96,  91, 100, 147,  47, 166,  47, 126,
          7,  67], device='cuda:2') torch.Size([16])
09/04/2023, 11:18:35# predicted of 0: tensor([ 37, 143,  29, 106, 143, 143,   3,   6,  37,  96, 143,   6, 143, 126,
          7,  45], device='cuda:2') torch.Size([16])
09/04/2023, 11:18:56# labels of Validation: tensor([129,  12,  32,  96,  75,  32, 129, 107,  79, 129,  21,  38,  47,  82,
         12, 134], device='cuda:2') torch.Size([16])
09/04/2023, 11:18:56# predicted of Validation: tensor([ 37, 143, 126,   3, 143, 128,  37,  37, 126,  37,   6, 143, 143,  82,
        143, 134], device='cuda:2') torch.Size([16])
09/04/2023, 11:18:57# Validation Loss: 3.8042 | Validation Accuracy: 0.1279

09/04/2023, 11:18:57# Find a better model!!
09/04/2023, 11:21:38# labels of 5000: tensor([ 26, 166, 153,  48,  14,  26,  15,  57,  52,  69,  12, 137,  75,  74,
        111, 153], device='cuda:2') torch.Size([16])
09/04/2023, 11:21:38# predicted of 5000: tensor([ 59, 164,  59, 164, 164, 164,  89,  59,  52,  69,  11,  59,  59,  59,
         59,  59], device='cuda:2') torch.Size([16])
09/04/2023, 11:23:24# total batches: 8250
09/04/2023, 11:23:24# Epoch 9 | Train Loss: 3.8673 | Train Accuracy: 0.1078
09/04/2023, 11:23:24# labels of Validation: tensor([ 12,  46, 153, 154, 112,  66,  20, 144, 125,  58, 102, 132,  17, 102,
        131, 164], device='cuda:2') torch.Size([16])
09/04/2023, 11:23:24# predicted of Validation: tensor([ 92,  92,  92, 154,  92,  91,  92,  92,  92,  92,  92, 132,  25,  92,
         28,  92], device='cuda:2') torch.Size([16])
09/04/2023, 11:23:24# labels of 0: tensor([ 12,  46, 153, 154, 112,  66,  20, 144, 125,  58, 102, 132,  17, 102,
        131, 164], device='cuda:2') torch.Size([16])
09/04/2023, 11:23:24# predicted of 0: tensor([ 92,  92,  92, 154,  92,  91,  92,  92,  92,  92,  92, 132,  25,  92,
         28,  92], device='cuda:2') torch.Size([16])
09/04/2023, 11:23:47# labels of Validation: tensor([  9,   3,  89,  29, 108,  70, 103, 100, 108,  32,  61,  15,  34, 110,
        126, 102], device='cuda:2') torch.Size([16])
09/04/2023, 11:23:47# predicted of Validation: tensor([ 92, 140,  50, 122,  91,  85,  91,  91,  91,  50,  50,  50,  92,  91,
         79,  92], device='cuda:2') torch.Size([16])
09/04/2023, 11:23:47# Validation Loss: 3.8028 | Validation Accuracy: 0.1240

09/04/2023, 11:23:47# Find a better model!!
09/04/2023, 11:26:31# labels of 5000: tensor([156,  68,  61,  75, 105,  56, 126,  66,  20,  87,   5,   0,  21,  35,
         43, 163], device='cuda:2') torch.Size([16])
09/04/2023, 11:26:31# predicted of 5000: tensor([115,   6,  32,  59,  99, 115, 115,   6,  59,  59,  96,  27,   6,  32,
         59,  41], device='cuda:2') torch.Size([16])
09/04/2023, 11:28:15# total batches: 8250
09/04/2023, 11:28:15# Epoch 10 | Train Loss: 3.8615 | Train Accuracy: 0.1084
09/04/2023, 11:28:15# labels of Validation: tensor([ 76,  64, 106,  82, 118, 154, 165,  11, 161, 126,   6, 161, 117,  40,
          5, 153], device='cuda:2') torch.Size([16])
09/04/2023, 11:28:15# predicted of Validation: tensor([ 74,  37, 106, 156, 118, 156, 165,  74,   6,   0,   6,   6,   0,  73,
          0,  74], device='cuda:2') torch.Size([16])
09/04/2023, 11:28:15# labels of 0: tensor([ 76,  64, 106,  82, 118, 154, 165,  11, 161, 126,   6, 161, 117,  40,
          5, 153], device='cuda:2') torch.Size([16])
09/04/2023, 11:28:15# predicted of 0: tensor([ 74,  37, 106, 156, 118, 156, 165,  74,   6,   0,   6,   6,   0,  73,
          0,  74], device='cuda:2') torch.Size([16])
09/04/2023, 11:28:37# labels of Validation: tensor([ 13, 157,  11,  79,  21, 166, 130,   0, 128,  25,  60, 158,  24,  16,
         33,  70], device='cuda:2') torch.Size([16])
09/04/2023, 11:28:37# predicted of Validation: tensor([ 73,  74,  74,   0, 108, 108,  73,   0,   0,  17,  74,  74,  74,  70,
         74,  70], device='cuda:2') torch.Size([16])
09/04/2023, 11:28:38# Validation Loss: 3.7941 | Validation Accuracy: 0.1206

09/04/2023, 11:28:38# Find a better model!!
09/04/2023, 11:31:18# labels of 5000: tensor([130, 139,  25,  74, 125,  46, 103,  68, 112, 165, 114,  69,  20, 106,
        118,  38], device='cuda:2') torch.Size([16])
09/04/2023, 11:31:18# predicted of 5000: tensor([120,  66,  99,  66,  66,  66, 132, 132, 157, 149,  54,  69,  66, 106,
        118,  66], device='cuda:2') torch.Size([16])
09/04/2023, 11:33:04# total batches: 8250
09/04/2023, 11:33:04# Epoch 11 | Train Loss: 3.8541 | Train Accuracy: 0.1106
09/04/2023, 11:33:04# labels of Validation: tensor([148, 154,   6,  96, 157,  69,  23,  88,  72, 139,  85,  38, 102,   2,
         12,  77], device='cuda:2') torch.Size([16])
09/04/2023, 11:33:04# predicted of Validation: tensor([108,  82, 161,  96, 109,  69,  23, 108, 126, 109,  16, 109, 109, 109,
        109, 108], device='cuda:2') torch.Size([16])
09/04/2023, 11:33:04# labels of 0: tensor([148, 154,   6,  96, 157,  69,  23,  88,  72, 139,  85,  38, 102,   2,
         12,  77], device='cuda:2') torch.Size([16])
09/04/2023, 11:33:04# predicted of 0: tensor([108,  82, 161,  96, 109,  69,  23, 108, 126, 109,  16, 109, 109, 109,
        109, 108], device='cuda:2') torch.Size([16])
09/04/2023, 11:33:25# labels of Validation: tensor([108,   8, 148,  68, 146, 127,   0, 148, 123, 143, 150,  64, 131,  16,
         63,  69], device='cuda:2') torch.Size([16])
09/04/2023, 11:33:25# predicted of Validation: tensor([108, 108, 108, 108,  23, 128,   0, 108, 123, 109, 109, 108, 108,  16,
        109,  69], device='cuda:2') torch.Size([16])
09/04/2023, 11:33:26# Validation Loss: 3.7987 | Validation Accuracy: 0.1171

09/04/2023, 11:36:10# labels of 5000: tensor([160,  10, 134, 124, 131, 130, 132, 133, 146, 151, 162,  30, 151, 105,
        166,  72], device='cuda:2') torch.Size([16])
09/04/2023, 11:36:10# predicted of 5000: tensor([ 19, 103, 134, 103, 107,  40, 161,   6, 146, 103, 103,  41,  19, 120,
        161,  96], device='cuda:2') torch.Size([16])
09/04/2023, 11:37:55# total batches: 8250
09/04/2023, 11:37:55# Epoch 12 | Train Loss: 3.8458 | Train Accuracy: 0.1122
09/04/2023, 11:37:55# labels of Validation: tensor([ 46, 127,  34, 129,  79,  64, 158,  42,  57,  10, 119,  75,   6, 115,
         47, 101], device='cuda:2') torch.Size([16])
09/04/2023, 11:37:55# predicted of Validation: tensor([ 55,  45,  55, 108,   5, 108,  55,  55,  55,  55,  55,  55, 108, 115,
         55, 108], device='cuda:2') torch.Size([16])
09/04/2023, 11:37:55# labels of 0: tensor([ 46, 127,  34, 129,  79,  64, 158,  42,  57,  10, 119,  75,   6, 115,
         47, 101], device='cuda:2') torch.Size([16])
09/04/2023, 11:37:55# predicted of 0: tensor([ 55,  45,  55, 108,   5, 108,  55,  55,  55,  55,  55,  55, 108, 115,
         55, 108], device='cuda:2') torch.Size([16])
09/04/2023, 11:38:17# labels of Validation: tensor([142,  80, 155,  36, 164,  48,  38, 121,  25,  28,  41, 126,  12,  93,
         88, 142], device='cuda:2') torch.Size([16])
09/04/2023, 11:38:17# predicted of Validation: tensor([ 55, 146, 108,  55,  55,  55,  55,  55,  17, 108,  55,  45,  55, 108,
        108,  55], device='cuda:2') torch.Size([16])
09/04/2023, 11:38:18# Validation Loss: 3.7907 | Validation Accuracy: 0.1139

09/04/2023, 11:38:18# Find a better model!!
09/04/2023, 11:41:02# labels of 5000: tensor([150,  50,  94,   3, 147, 133, 123, 159,   2,  50,   4, 121,  86,  30,
         58,  36], device='cuda:2') torch.Size([16])
09/04/2023, 11:41:02# predicted of 5000: tensor([ 51, 126, 126,  80, 147,  51, 123,  39, 163, 159,   9,  51,  51,  51,
         58,  51], device='cuda:2') torch.Size([16])
09/04/2023, 11:42:47# total batches: 8250
09/04/2023, 11:42:47# Epoch 13 | Train Loss: 3.8421 | Train Accuracy: 0.1124
09/04/2023, 11:42:47# labels of Validation: tensor([ 72,  91, 124,   9,  69,  93,  56,   3, 148, 130,  73, 124,  98, 120,
        155, 113], device='cuda:2') torch.Size([16])
09/04/2023, 11:42:47# predicted of Validation: tensor([ 61,  64,  75,  75,  69,  64,   5,  99,  64,  15,  61,  75,  75,  35,
        161,  64], device='cuda:2') torch.Size([16])
09/04/2023, 11:42:47# labels of 0: tensor([ 72,  91, 124,   9,  69,  93,  56,   3, 148, 130,  73, 124,  98, 120,
        155, 113], device='cuda:2') torch.Size([16])
09/04/2023, 11:42:47# predicted of 0: tensor([ 61,  64,  75,  75,  69,  64,   5,  99,  64,  15,  61,  75,  75,  35,
        161,  64], device='cuda:2') torch.Size([16])
09/04/2023, 11:43:09# labels of Validation: tensor([139,  92,  14,  38,  48,  48,  30,  72, 104,  72, 164,  41,  51,  44,
         52,  94], device='cuda:2') torch.Size([16])
09/04/2023, 11:43:09# predicted of Validation: tensor([ 75,  75,  75,  75,  75,  75,  75,   5,  75,   5,  75,  75, 161,  75,
         82,  61], device='cuda:2') torch.Size([16])
09/04/2023, 11:43:10# Validation Loss: 3.7795 | Validation Accuracy: 0.1219

09/04/2023, 11:43:10# Find a better model!!
09/04/2023, 11:45:54# labels of 5000: tensor([137,  92,  30,  37,  39,  90,  51, 166,  17, 151,  88, 150,  74, 106,
         67, 108], device='cuda:2') torch.Size([16])
09/04/2023, 11:45:54# predicted of 5000: tensor([ 14, 114, 114,  98, 130,  14, 132,  14, 156,  98,  14, 114,  98, 106,
         13, 132], device='cuda:2') torch.Size([16])
09/04/2023, 11:47:42# total batches: 8250
09/04/2023, 11:47:42# Epoch 14 | Train Loss: 3.8358 | Train Accuracy: 0.1132
09/04/2023, 11:47:42# labels of Validation: tensor([ 56,  70,  15,  31,  29, 163,  61,  75,  14, 117, 152,   3,  63,   1,
         59,  75], device='cuda:2') torch.Size([16])
09/04/2023, 11:47:42# predicted of Validation: tensor([ 13,  85, 120,  34,  29,  34, 120,  34,  34,  13,  34,   3,  34,  34,
        103,  34], device='cuda:2') torch.Size([16])
09/04/2023, 11:47:42# labels of 0: tensor([ 56,  70,  15,  31,  29, 163,  61,  75,  14, 117, 152,   3,  63,   1,
         59,  75], device='cuda:2') torch.Size([16])
09/04/2023, 11:47:42# predicted of 0: tensor([ 13,  85, 120,  34,  29,  34, 120,  34,  34,  13,  34,   3,  34,  34,
        103,  34], device='cuda:2') torch.Size([16])
09/04/2023, 11:48:04# labels of Validation: tensor([ 89, 128, 114,  68, 152,   0,  82, 139, 164, 158, 129, 132, 101,  90,
         73, 128], device='cuda:2') torch.Size([16])
09/04/2023, 11:48:04# predicted of Validation: tensor([ 13, 120, 103, 103,  34, 120,  82,  34,  34,  34, 103, 132, 103, 103,
         13, 120], device='cuda:2') torch.Size([16])
09/04/2023, 11:48:04# Validation Loss: 3.7752 | Validation Accuracy: 0.1311

09/04/2023, 11:48:04# Find a better model!!
09/04/2023, 11:50:47# labels of 5000: tensor([ 27,   1,  31, 113, 107,  44,  23,  89,  76, 141, 116, 108,  91,  30,
         84, 149], device='cuda:2') torch.Size([16])
09/04/2023, 11:50:47# predicted of 5000: tensor([115,  71,  71,   6,  71,  71,  27, 145,  71,  71, 107, 161,   9, 107,
        136, 149], device='cuda:2') torch.Size([16])
09/04/2023, 11:52:34# total batches: 8250
09/04/2023, 11:52:34# Epoch 15 | Train Loss: 3.8315 | Train Accuracy: 0.1138
09/04/2023, 11:52:34# labels of Validation: tensor([107,  78, 158, 160, 138,  52,  40,  34,  94,   7, 161,  96, 139,  55,
        155, 138], device='cuda:2') torch.Size([16])
09/04/2023, 11:52:34# predicted of Validation: tensor([166, 117, 109, 166, 138,  82,  40, 109, 117,   7,   6, 145, 109, 109,
        166, 138], device='cuda:2') torch.Size([16])
09/04/2023, 11:52:34# labels of 0: tensor([107,  78, 158, 160, 138,  52,  40,  34,  94,   7, 161,  96, 139,  55,
        155, 138], device='cuda:2') torch.Size([16])
09/04/2023, 11:52:34# predicted of 0: tensor([166, 117, 109, 166, 138,  82,  40, 109, 117,   7,   6, 145, 109, 109,
        166, 138], device='cuda:2') torch.Size([16])
09/04/2023, 11:52:55# labels of Validation: tensor([ 83, 153, 125,   5,  87,  35,  86,  94,  98,  82, 158,  93,  47, 133,
        115,  77], device='cuda:2') torch.Size([16])
09/04/2023, 11:52:55# predicted of Validation: tensor([109, 109, 109,  78, 109, 115, 109,  78, 109,  82, 109, 166, 109, 166,
        159, 166], device='cuda:2') torch.Size([16])
09/04/2023, 11:52:55# Validation Loss: 3.7752 | Validation Accuracy: 0.1290

09/04/2023, 11:55:39# labels of 5000: tensor([111,  80,  12, 164, 142, 164,  95,  37, 138,  55, 145,  50,  15,  61,
         21, 135], device='cuda:2') torch.Size([16])
09/04/2023, 11:55:39# predicted of 5000: tensor([141,  80,  10, 119, 141, 141, 145, 142, 138, 141,   3,   5,  96,   5,
        132,  10], device='cuda:2') torch.Size([16])
09/04/2023, 11:57:24# total batches: 8250
09/04/2023, 11:57:24# Epoch 16 | Train Loss: 3.8280 | Train Accuracy: 0.1151
09/04/2023, 11:57:24# labels of Validation: tensor([155,  94,  80, 155, 130,  72,  78,  38,  56,  88, 154,  52,   3,   2,
         24,  58], device='cuda:2') torch.Size([16])
09/04/2023, 11:57:24# predicted of Validation: tensor([161,  67, 145, 161,  94,  94, 120,  24,   0,  88, 156,  69, 145,  24,
         24,  24], device='cuda:2') torch.Size([16])
09/04/2023, 11:57:25# labels of 0: tensor([155,  94,  80, 155, 130,  72,  78,  38,  56,  88, 154,  52,   3,   2,
         24,  58], device='cuda:2') torch.Size([16])
09/04/2023, 11:57:25# predicted of 0: tensor([161,  67, 145, 161,  94,  94, 120,  24,   0,  88, 156,  69, 145,  24,
         24,  24], device='cuda:2') torch.Size([16])
09/04/2023, 11:57:46# labels of Validation: tensor([ 11, 136, 121, 107, 101, 141,   4,  98, 153,  62,  14, 127,  92,  45,
         84,  97], device='cuda:2') torch.Size([16])
09/04/2023, 11:57:46# predicted of Validation: tensor([ 24, 136,  24,  88,  66,  88,  24,  24,  24, 120,  24, 115,  24, 120,
        147,  24], device='cuda:2') torch.Size([16])
09/04/2023, 11:57:47# Validation Loss: 3.7636 | Validation Accuracy: 0.1285

09/04/2023, 11:57:47# Find a better model!!
09/04/2023, 12:00:29# labels of 5000: tensor([137,  20, 114,  40, 141,   5, 117,  70,  89,  30, 111,  93,  67,  94,
         27, 154], device='cuda:2') torch.Size([16])
09/04/2023, 12:00:29# predicted of 5000: tensor([124,  59,  28, 159,  28,  61,  15,  16,  94,  59,  59,  28,  94,  94,
         96,  82], device='cuda:2') torch.Size([16])
09/04/2023, 12:02:14# total batches: 8250
09/04/2023, 12:02:14# Epoch 17 | Train Loss: 3.8234 | Train Accuracy: 0.1155
09/04/2023, 12:02:14# labels of Validation: tensor([155,   3, 114, 161, 103,  51, 126,  70,  29,  38,  23,  68,   5, 139,
         73, 106], device='cuda:2') torch.Size([16])
09/04/2023, 12:02:14# predicted of Validation: tensor([132,  80,  91, 132,  91, 132,  78,  16,  29,   9,  84,  91,  40,   9,
         45, 106], device='cuda:2') torch.Size([16])
09/04/2023, 12:02:14# labels of 0: tensor([155,   3, 114, 161, 103,  51, 126,  70,  29,  38,  23,  68,   5, 139,
         73, 106], device='cuda:2') torch.Size([16])
09/04/2023, 12:02:14# predicted of 0: tensor([132,  80,  91, 132,  91, 132,  78,  16,  29,   9,  84,  91,  40,   9,
         45, 106], device='cuda:2') torch.Size([16])
09/04/2023, 12:02:35# labels of Validation: tensor([ 31,  44, 125,  47,  15,  88, 109,  20,  74, 166,   3,  27,  97,  53,
         70, 130], device='cuda:2') torch.Size([16])
09/04/2023, 12:02:35# predicted of Validation: tensor([ 9,  9,  9,  9, 95, 91,  9,  9,  9, 91, 80, 73,  9,  9, 16, 95],
       device='cuda:2') torch.Size([16])
09/04/2023, 12:02:36# Validation Loss: 3.7709 | Validation Accuracy: 0.1262

09/04/2023, 12:05:19# labels of 5000: tensor([101,  63,  56, 152,  73,  15, 159,  94, 126, 122,  82, 154, 129,  56,
         98, 166], device='cuda:2') torch.Size([16])
09/04/2023, 12:05:19# predicted of 5000: tensor([ 57, 141,  67, 141,  56,  39,  32,  79, 159, 122,  82,  17,  34,  56,
          2, 132], device='cuda:2') torch.Size([16])
09/04/2023, 12:07:05# total batches: 8250
09/04/2023, 12:07:05# Epoch 18 | Train Loss: 3.8186 | Train Accuracy: 0.1171
09/04/2023, 12:07:05# labels of Validation: tensor([104,  99, 120,  25, 132,  16,   6,  62,  61,  24, 136,  84,  84,  54,
         47,   3], device='cuda:2') torch.Size([16])
09/04/2023, 12:07:05# predicted of Validation: tensor([142,  99, 130,  17, 161, 138, 161,  62, 130, 142, 145, 145, 145, 142,
        142, 145], device='cuda:2') torch.Size([16])
09/04/2023, 12:07:05# labels of 0: tensor([104,  99, 120,  25, 132,  16,   6,  62,  61,  24, 136,  84,  84,  54,
         47,   3], device='cuda:2') torch.Size([16])
09/04/2023, 12:07:05# predicted of 0: tensor([142,  99, 130,  17, 161, 138, 161,  62, 130, 142, 145, 145, 145, 142,
        142, 145], device='cuda:2') torch.Size([16])
09/04/2023, 12:07:27# labels of Validation: tensor([130,  14, 122,  51, 124, 152,  72,  81, 155,  18,  61,  63,  58,  48,
        147, 131], device='cuda:2') torch.Size([16])
09/04/2023, 12:07:27# predicted of Validation: tensor([130, 142,  29, 161, 142, 142,  79, 142,  77, 142, 130, 142, 142, 142,
        140, 161], device='cuda:2') torch.Size([16])
09/04/2023, 12:07:28# Validation Loss: 3.7646 | Validation Accuracy: 0.1294

09/04/2023, 12:10:11# labels of 5000: tensor([ 86,  48, 142,  66, 148, 146, 109,  42, 142, 118,  96,  91, 119,  50,
        150,   6], device='cuda:2') torch.Size([16])
09/04/2023, 12:10:11# predicted of 5000: tensor([100, 102, 100, 132, 132, 145, 100, 102, 102, 149, 145, 158, 102, 159,
        100, 132], device='cuda:2') torch.Size([16])
09/04/2023, 12:11:57# total batches: 8250
09/04/2023, 12:11:57# Epoch 19 | Train Loss: 3.8175 | Train Accuracy: 0.1168
09/04/2023, 12:11:57# labels of Validation: tensor([  0, 122,  35,  16, 138,  43,  78, 162,  79,  51,  27,  53,  23, 134,
         52, 114], device='cuda:2') torch.Size([16])
09/04/2023, 12:11:57# predicted of Validation: tensor([ 13,  29,  62,  16, 138,  38,  79,  38,  78,  51,  79,  38, 136, 134,
         82, 107], device='cuda:2') torch.Size([16])
09/04/2023, 12:11:57# labels of 0: tensor([  0, 122,  35,  16, 138,  43,  78, 162,  79,  51,  27,  53,  23, 134,
         52, 114], device='cuda:2') torch.Size([16])
09/04/2023, 12:11:57# predicted of 0: tensor([ 13,  29,  62,  16, 138,  38,  79,  38,  78,  51,  79,  38, 136, 134,
         82, 107], device='cuda:2') torch.Size([16])
09/04/2023, 12:12:22# labels of Validation: tensor([ 16,  61, 102, 138,  52,  38,  84, 161,  55, 159,  36, 161,  74,  85,
        162,  20], device='cuda:2') torch.Size([16])
09/04/2023, 12:12:22# predicted of Validation: tensor([ 16,  78,  38, 138,  82,  38, 128, 161,  38, 128,  38, 161,  38,  16,
         38,  38], device='cuda:2') torch.Size([16])
09/04/2023, 12:12:23# Validation Loss: 3.7717 | Validation Accuracy: 0.1305

09/04/2023, 12:15:09# labels of 5000: tensor([163,   2, 136, 107, 148,  40,  98, 111,  45,  32, 138,  68,  56, 144,
         86, 152], device='cuda:2') torch.Size([16])
09/04/2023, 12:15:09# predicted of 5000: tensor([151, 129, 145, 151, 161, 120,  36, 129, 122, 140, 138, 161,  13, 129,
         36,  36], device='cuda:2') torch.Size([16])
09/04/2023, 12:16:52# total batches: 8250
09/04/2023, 12:16:52# Epoch 20 | Train Loss: 3.8156 | Train Accuracy: 0.1179
09/04/2023, 12:16:52# labels of Validation: tensor([ 86,  25,   8, 113,  13,  79,  40,  44, 158, 106,  40,  96,  15, 110,
         40,  16], device='cuda:2') torch.Size([16])
09/04/2023, 12:16:52# predicted of Validation: tensor([ 11,  25, 103, 103, 130, 130, 130,  11,  11, 106,  45, 145, 130, 103,
        130,  16], device='cuda:2') torch.Size([16])
09/04/2023, 12:16:52# labels of 0: tensor([ 86,  25,   8, 113,  13,  79,  40,  44, 158, 106,  40,  96,  15, 110,
         40,  16], device='cuda:2') torch.Size([16])
09/04/2023, 12:16:52# predicted of 0: tensor([ 11,  25, 103, 103, 130, 130, 130,  11,  11, 106,  45, 145, 130, 103,
        130,  16], device='cuda:2') torch.Size([16])
09/04/2023, 12:17:15# labels of Validation: tensor([ 54,  12,   1, 132, 109, 148,  76,  34, 113, 162,  74,  35,  25,  88,
        134,  83], device='cuda:2') torch.Size([16])
09/04/2023, 12:17:15# predicted of Validation: tensor([ 11,  11,  11, 161,  11, 103,  11,  11, 103,  11,  11,  32,  25, 103,
        134,  11], device='cuda:2') torch.Size([16])
09/04/2023, 12:17:15# Validation Loss: 3.7630 | Validation Accuracy: 0.1362

09/04/2023, 12:17:15# Find a better model!!
09/04/2023, 12:19:23# labels of 5000: tensor([110,  86,  10, 133,  96, 150, 125,  21, 133, 164,  84,  56, 101,  27,
         67, 149], device='cuda:2') torch.Size([16])
09/04/2023, 12:19:23# predicted of 5000: tensor([  6,  12, 103,  12, 147, 103, 103,   6,  12, 103,  23, 115,   6, 159,
         62, 118], device='cuda:2') torch.Size([16])
09/04/2023, 12:20:32# total batches: 8250
09/04/2023, 12:20:32# Epoch 21 | Train Loss: 3.8147 | Train Accuracy: 0.1177
09/04/2023, 12:20:32# labels of Validation: tensor([ 83, 149,   5, 135,  19,  32, 142, 158,  47, 156, 104,  53,  82,  10,
          5,  73], device='cuda:2') torch.Size([16])
09/04/2023, 12:20:32# predicted of Validation: tensor([121, 118,  79, 121, 121,  79, 121, 121, 121, 154, 121, 121, 154, 121,
         79,  45], device='cuda:2') torch.Size([16])
09/04/2023, 12:20:32# labels of 0: tensor([ 83, 149,   5, 135,  19,  32, 142, 158,  47, 156, 104,  53,  82,  10,
          5,  73], device='cuda:2') torch.Size([16])
09/04/2023, 12:20:32# predicted of 0: tensor([121, 118,  79, 121, 121,  79, 121, 121, 121, 154, 121, 121, 154, 121,
         79,  45], device='cuda:2') torch.Size([16])
09/04/2023, 12:20:47# labels of Validation: tensor([ 69,  17, 119, 113, 108, 100, 159, 153, 127,  24,  27, 155,  17,  96,
         89,  12], device='cuda:2') torch.Size([16])
09/04/2023, 12:20:47# predicted of Validation: tensor([ 69,  25, 121, 166,   6, 166, 159, 121,  15, 121,  15,   6,  25,  96,
         79, 121], device='cuda:2') torch.Size([16])
09/04/2023, 12:20:48# Validation Loss: 3.7651 | Validation Accuracy: 0.1238

09/04/2023, 12:22:34# labels of 5000: tensor([100,   2,  81, 113,  59,  14,  51, 120,   8,   0, 138,  96,   5, 143,
         92, 119], device='cuda:2') torch.Size([16])
09/04/2023, 12:22:34# predicted of 5000: tensor([132, 109, 109, 132, 132, 109, 109, 115, 109, 115, 138,  25,  89, 160,
        160, 160], device='cuda:2') torch.Size([16])
09/04/2023, 12:23:44# total batches: 8250
09/04/2023, 12:23:44# Epoch 22 | Train Loss: 3.8071 | Train Accuracy: 0.1198
09/04/2023, 12:23:44# labels of Validation: tensor([ 36, 119,  27,  47,  47,  38,   9,  69, 145,  77, 152,  25, 156, 103,
         28,  12], device='cuda:2') torch.Size([16])
09/04/2023, 12:23:44# predicted of Validation: tensor([ 36,  36,  40,  36,  36,  36,  36,  69,  84, 161,  36,  25, 154,  37,
        161,  36], device='cuda:2') torch.Size([16])
09/04/2023, 12:23:44# labels of 0: tensor([ 36, 119,  27,  47,  47,  38,   9,  69, 145,  77, 152,  25, 156, 103,
         28,  12], device='cuda:2') torch.Size([16])
09/04/2023, 12:23:44# predicted of 0: tensor([ 36,  36,  40,  36,  36,  36,  36,  69,  84, 161,  36,  25, 154,  37,
        161,  36], device='cuda:2') torch.Size([16])
09/04/2023, 12:23:59# labels of Validation: tensor([ 50,  13,  63,  30,  61,  42,  40,  48,  23,  59,  36, 140,  73,  23,
         97,  21], device='cuda:2') torch.Size([16])
09/04/2023, 12:23:59# predicted of Validation: tensor([ 72,  72,  36,  36,  40,  36,  40,  36,  84, 161,  36, 145,  40,  84,
         36, 161], device='cuda:2') torch.Size([16])
09/04/2023, 12:23:59# Validation Loss: 3.7649 | Validation Accuracy: 0.1217

09/04/2023, 12:25:47# labels of 5000: tensor([ 99,  73, 165,  44,  79, 147, 143, 151,  69,  15, 145,  11,  92, 141,
         76,  82], device='cuda:2') torch.Size([16])
09/04/2023, 12:25:47# predicted of 5000: tensor([ 80,  79, 165, 160, 136, 146, 160, 160,  69,  72,  96, 112, 160, 161,
        112, 165], device='cuda:2') torch.Size([16])
09/04/2023, 12:26:56# total batches: 8250
09/04/2023, 12:26:56# Epoch 23 | Train Loss: 3.8066 | Train Accuracy: 0.1192
09/04/2023, 12:26:56# labels of Validation: tensor([ 30,  26,  89,  90,  20, 109, 155, 153,  52,  64,  59,  42, 157,  56,
         14, 141], device='cuda:2') torch.Size([16])
09/04/2023, 12:26:56# predicted of Validation: tensor([ 41,  41,  73, 129,  41,  41,  66,  41,  82, 129,  66,  41,  41, 130,
         41, 129], device='cuda:2') torch.Size([16])
09/04/2023, 12:26:56# labels of 0: tensor([ 30,  26,  89,  90,  20, 109, 155, 153,  52,  64,  59,  42, 157,  56,
         14, 141], device='cuda:2') torch.Size([16])
09/04/2023, 12:26:56# predicted of 0: tensor([ 41,  41,  73, 129,  41,  41,  66,  41,  82, 129,  66,  41,  41, 130,
         41, 129], device='cuda:2') torch.Size([16])
09/04/2023, 12:27:12# labels of Validation: tensor([ 69,  62,  99, 148,  78,  86,  21, 103,   3,  18,   5,  63,  76,  33,
        101,  42], device='cuda:2') torch.Size([16])
09/04/2023, 12:27:12# predicted of Validation: tensor([ 69, 127,  99, 129,  73,  41,  66, 129,  80,  41,  73,  41,  41,  41,
         66,  41], device='cuda:2') torch.Size([16])
09/04/2023, 12:27:12# Validation Loss: 3.7624 | Validation Accuracy: 0.1376

09/04/2023, 12:27:12# Find a better model!!
09/04/2023, 12:29:00# labels of 5000: tensor([ 66,  62, 161,  55, 133,  52, 129,  39, 138, 150,  48,  12,  25, 150,
         43,  31], device='cuda:2') torch.Size([16])
09/04/2023, 12:29:00# predicted of 5000: tensor([132,  13, 132,  53,  53,  52,  53,  13, 138, 110, 110, 110,  17,  74,
        110, 110], device='cuda:2') torch.Size([16])
09/04/2023, 12:30:10# total batches: 8250
09/04/2023, 12:30:10# Epoch 24 | Train Loss: 3.8065 | Train Accuracy: 0.1199
09/04/2023, 12:30:10# labels of Validation: tensor([129, 113, 101, 166, 116,  17,  79,  49,  52, 154, 153,  33, 141, 157,
        118,  11], device='cuda:2') torch.Size([16])
09/04/2023, 12:30:10# predicted of Validation: tensor([ 93,  93,  51,  51,  43,  17,   5,  43,  82,  82,  43,  43,  93,  43,
        118,  43], device='cuda:2') torch.Size([16])
09/04/2023, 12:30:10# labels of 0: tensor([129, 113, 101, 166, 116,  17,  79,  49,  52, 154, 153,  33, 141, 157,
        118,  11], device='cuda:2') torch.Size([16])
09/04/2023, 12:30:10# predicted of 0: tensor([ 93,  93,  51,  51,  43,  17,   5,  43,  82,  82,  43,  43,  93,  43,
        118,  43], device='cuda:2') torch.Size([16])
09/04/2023, 12:30:25# labels of Validation: tensor([ 14, 101,  67, 117,  81,  13, 122,   8, 120, 140, 155, 164, 118,  14,
         88,  94], device='cuda:2') torch.Size([16])
09/04/2023, 12:30:25# predicted of Validation: tensor([ 43,  51,  27,  67,  43, 120, 122,  93, 120,  96,  51,  43, 149,  43,
         93, 117], device='cuda:2') torch.Size([16])
09/04/2023, 12:30:26# Validation Loss: 3.7614 | Validation Accuracy: 0.1341

09/04/2023, 12:30:26# Find a better model!!
09/04/2023, 12:30:26# labels of Test: tensor([1, 1, 1, 1, 1, 1, 1, 1, 1, 1, 1, 1, 1, 1, 1, 1], device='cuda:2') torch.Size([16])
09/04/2023, 12:30:26# predicted of Test: tensor([43, 43, 43, 43, 43, 43, 43, 43, 43, 43, 43, 43, 43, 43, 43, 43],
       device='cuda:2') torch.Size([16])
09/04/2023, 12:30:26# labels of 0: tensor([1, 1, 1, 1, 1, 1, 1, 1, 1, 1, 1, 1, 1, 1, 1, 1], device='cuda:2') torch.Size([16])
09/04/2023, 12:30:26# predicted of 0: tensor([43, 43, 43, 43, 43, 43, 43, 43, 43, 43, 43, 43, 43, 43, 43, 43],
       device='cuda:2') torch.Size([16])
09/04/2023, 12:30:26# labels: tensor([1, 1, 1, 1, 1, 1, 1, 1, 1, 1, 1, 1, 1, 1, 1, 1], device='cuda:2') torch.Size([16])
09/04/2023, 12:30:26# predicted: tensor([43, 43, 43, 43, 43, 43, 43, 43, 43, 43, 43, 43, 43, 43, 43, 43],
       device='cuda:2') torch.Size([16])
09/04/2023, 12:30:41# labels of Test: tensor([163, 163, 163, 163, 163, 163, 163, 163, 163, 163, 163, 163, 163, 163,
        163, 163], device='cuda:2') torch.Size([16])
09/04/2023, 12:30:41# predicted of Test: tensor([43, 43, 43, 43, 43, 43, 43, 43, 43, 43, 43, 43, 43, 43, 43, 43],
       device='cuda:2') torch.Size([16])
09/04/2023, 12:30:41# Test Accuracy: 13.442424242424243 %



09/04/2023, 12:30:46# report path: classification_report/classification_report-secureBERT_50-0.xlsx
09/04/2023, 12:30:46# label path: classification_report/mapped_true_predicted_labels-secureBERT_50-0.xlsx
09/04/2023, 12:30:47# mapped_report:
                                                precision    recall  f1-score   support

T1003.001_0ef4cc7b-611c-4237-b20b-db36b6906554       0.25      0.02      0.04       100
    T1003.001_35d92515122effdd73801c6ac3021da7       0.08      0.07      0.07       100
    T1003.002_5a484b65c247675e3b7ada4ba648d376       0.00      0.00      0.00       100
    T1003.002_7fa4ea18694f2552547b65e23952cabb       1.00      0.01      0.02       100
    T1003.003_9f73269695e54311dd61dc68940fb3e1       0.00      0.00      0.00       100
    T1003.003_f049b89533298c2d6cd37a940248b219       0.00      0.00      0.00       100
        T1003_18f31c311ac208802e88ab8d5af8603e       0.00      0.00      0.00       100
        T1007_9d03c91bdae5a80f17f89c987942b5a8       0.99      0.98      0.98       100
    T1007_c6607391-d02c-44b5-9b13-d3492ca58599       0.00      0.00      0.00       100
        T1007_d6bb2a19da7246731ed9c44831b135f8       0.00      0.00      0.00       100
    T1016_14a21534-350f-4d83-9dd7-3c56b93a0c17       0.00      0.00      0.00       100
        T1016_71b3d2945679566b9d94d8cb11df4b70       0.00      0.00      0.00       100
        T1016_7d8ee68f0e9731db82964f558f614608       0.00      0.00      0.00       100
    T1016_921055f4-5970-4707-909e-62f594234d91       0.00      0.00      0.00       100
    T1016_a0676fe1-cd52-482e-8dde-349b73f9aa69       0.00      0.00      0.00       100
    T1016_e8017c46-acb8-400c-a4b5-b3362b5b5baa       0.00      0.00      0.00       100
    T1018_26c8b8b5-7b5b-4de1-a128-7d37fb14f517       0.00      0.00      0.00       100
        T1018_a44bb43474728496276d5d73aa14588f       0.00      0.00      0.00       100
        T1018_ac20e592bc912bddff4d6b88289095f0       0.00      0.00      0.00       100
    T1021.001_dd67068b052fa553ad4a0ac7d6a5ea89       0.12      0.01      0.02       100
    T1033_bd527b63-9f9e-46e0-9816-b8434d2b8989       0.00      0.00      0.00       100
    T1033_c0da588f-79f0-4263-8998-7496b1a40596       0.00      0.00      0.00       100
    T1036.003_04e8d83e7badf098d50800d6aa1dd487       0.47      0.55      0.51       100
    T1036.003_f5ef8466e5ebcd2ae03f338d9416069c       0.28      0.96      0.43       100
    T1036.004_1f0614ea5c4af6faf1b44570f5f22f8a       0.00      0.00      0.00       100
    T1036.004_7de3d7b4922a7b996d8df36fb22bb118       0.00      0.00      0.00       100
    T1037.001_62cfa90fb03a6bc1a6ebcce8a3ea81b7       0.85      0.45      0.59       100
        T1040_6881a4589710d53f0c146e91db513f01       0.00      0.00      0.00       100
        T1047_09e0f9cf2eb803a1c35deeecf3665fad       0.00      0.00      0.00       100
        T1047_6935e41353aa781bb723462d26114c44       0.00      0.00      0.00       100
        T1047_ac122553ab4426ea3362bb4a97d31bfd       0.00      0.00      0.00       100
        T1047_ac2764f7a67a9ce92b54e8e59b361838       0.00      0.00      0.00       100
        T1047_b0255b5120cbabc062d8d4510a142c3b       0.00      0.00      0.00       100
        T1047_ed736a123da6fb2aab22cfd4f437e8b5       0.00      0.00      0.00       100
        T1047_f4b0b4129560ea66f9751275e82f6bab       0.00      0.00      0.00       100
    T1049_638fb6bb-ba39-4285-93d1-7e4775b033a8       0.00      0.00      0.00       100
        T1049_a14392d713dffba6a397682ff83259a0       0.00      0.00      0.00       100
    T1053.005_5db2884b6ca3ab932848f295a3896dc0       0.00      0.00      0.00       100
    T1053.005_ee454be9197890de62705ce6255933fd       0.00      0.00      0.00       100
T1055.001_a74bc239-a196-4f7e-8d5c-fe8c0266071c       0.00      0.00      0.00       100
T1055.002_e5bcefee-262d-4568-a261-e8a20855ec81       0.00      0.00      0.00       100
    T1057_5a39d7ed-45c9-4a79-b581-e5fb99e24f65       0.00      0.00      0.00       100
    T1057_8adf02e8-6e71-4244-886c-98c402857404       0.00      0.00      0.00       100
        T1057_b2a1e430ca6d36eb5af2fe666e769847       0.00      0.00      0.00       100
        T1057_f8de05d1741dcc468f772ab0ff4dac72       0.00      0.00      0.00       100
T1059.001_55678719-e76e-4df9-92aa-10655bbd1cf4       0.40      0.02      0.04       100
    T1059.001_6efbccc1869e8cd618c0d3ecda407d5f       0.25      0.01      0.02       100
T1059.001_702bfdd2-9947-4eda-b551-c3a1ea9a59a2       0.14      0.02      0.04       100
T1059.001_bfff9006-d1fb-46ce-b173-92cb04e9a031       0.63      0.95      0.76       100
T1059.001_ccdb8caf-c69e-424b-b930-551969450c57       0.00      0.00      0.00       100
T1059.001_e5f9de8f-3df1-4e78-ad92-a784e3f6770d       0.00      0.00      0.00       100
    T1059.003_6c318ef0339d74d909ad556681b6493e       0.00      0.00      0.00       100
    T1059.003_f38e58deb7ad20b5538ca40db7b7b4f8       0.00      0.00      0.00       100
T1069.001_5c4dd985-89e3-4590-9b57-71fed66ff4e2       0.36      0.10      0.16       100
    T1069.001_a1f48fa3ddee658b29b414523c9a295b       0.06      1.00      0.11       100
    T1069.002_6103e503cb444bc7b4187704f2035708       0.00      0.00      0.00       100
    T1070.005_1f91076e2be2014cc7b4f1296de02fd6       0.07      0.12      0.09       100
    T1071.001_24c3b7b004401d839a5c337201da3484       0.26      0.50      0.34       100
T1074.001_4e97e699-93d7-4040-b5a3-2e906a58199e       0.00      0.00      0.00       100
T1074.001_6469befa-748a-4b9c-a96d-f191fde47d89       0.00      0.00      0.00       100
    T1074.001_e6dfc7e89359ac6fa6de84b0e1d5762e       0.00      0.00      0.00       100
    T1078.001_d0ca00832890baa1d42322cf70fcab1a       0.00      0.00      0.00       100
    T1082_29451844-9b76-4e16-a9ee-d6feab4b24db       0.00      0.00      0.00       100
    T1083_52177cc1-b9ab-4411-ac21-2eadc4b5d3b8       0.00      0.00      0.00       100
    T1083_6e1a53c0-7352-4899-be35-fa7f364d5722       0.00      0.00      0.00       100
    T1087.001_6334877e8e3ba48f7835d4856d90a282       0.09      1.00      0.17       100
T1087.001_feaced8f-f43f-452a-9500-a5219488abb8       0.00      0.00      0.00       100
    T1090.001_ba343199a4f15ed6b57eb52412f62e4e       0.00      0.00      0.00       100
        T1105_0856c235a1d26113d4f2d92e39c9a9f8       0.97      0.33      0.49       100
        T1105_1095434782a00c8a4772a11e625bcf5d       0.03      0.02      0.02       100
        T1105_4f683658f161ccdc51337c470d32bab9       0.00      0.00      0.00       100
    T1105_60f63260-39bb-4136-87a0-b6c2dca799fc       0.71      0.15      0.25       100
        T1105_c521e0a70b243a0cf9217907ca3c6d27       0.27      0.39      0.32       100
        T1105_c76968acda4aa1673dadcd67f3ab7664       0.00      0.00      0.00       100
        T1105_e6715e61f5df646692c624b3499384c4       0.46      0.24      0.32       100
    T1105_eb814e03-811a-467a-bc6d-dcd453750fa2       0.25      1.00      0.40       100
        T1112_257313a3c93e3bb7dfb60d6753b09e34       0.04      0.26      0.07       100
        T1112_34041639e6e501856ecaf5969ee29c76       0.00      0.00      0.00       100
        T1112_35c0360d226cf38104f300d9d57ce60e       0.04      0.20      0.07       100
        T1112_4bfb5f265a5ce07af6bf10da113af7db       0.00      0.00      0.00       100
        T1112_7fe6a66d03f4dbfc022609ba311c2b11       0.01      0.01      0.01       100
        T1112_ba6f6214dbd17c54001e0a163b60f151       0.00      0.00      0.00       100
        T1112_cab7b85611a290c0769546bfa9d6f962       0.00      0.00      0.00       100
        T1112_cd8be0e6b873919da25530a2c7ea6750       0.00      0.00      0.00       100
        T1112_e74d2fb4ef5fa6c766a4151554033697       0.00      0.00      0.00       100
        T1112_e7a987cbef27263e666e5b096488dc55       1.00      0.98      0.99       100
        T1112_fa4ba6a06b4a5cd955ea5a60fae24281       0.05      0.15      0.07       100
        T1112_fd992e8ecfdac9b56dd6868904044827       0.00      0.00      0.00       100
    T1113_316251ed-6a28-4013-812b-ddf5b5b007f8       0.00      0.00      0.00       100
        T1115_70795de7cbb842edb029b3378c27c008       0.53      0.94      0.67       100
    T1115_b007fe0c-c6b0-4fda-915c-255bbc070de2       0.00      0.00      0.00       100
        T1119_344e7eaf650763e0d3e9f02e62c1cf4b       0.00      0.00      0.00       100
        T1119_7121cdf93b951311be9d7078c602efdc       0.62      0.93      0.74       100
        T1120_7b9c7afaefa59aab759b49af0d699ac1       0.00      0.00      0.00       100
        T1123_372e6f46fca18e4f1b43209c20ffafa2       0.12      0.01      0.02       100
    T1124_fa6e8607-e0b1-425d-8924-9b894da5a002       0.00      0.00      0.00       100
        T1125_da86001b5081fcf773d8e62f22cf2b00       0.11      0.03      0.05       100
    T1135_530e47c6-8592-42bf-91df-c59ffbd8541b       0.00      0.00      0.00       100
    T1135_deeac480-5c2a-42b5-90bb-41675ee53c7e       0.00      0.00      0.00       100
    T1137.002_e2af3c3ab1b0f659c874b8af58c49759       0.14      0.21      0.17       100
        T1137_12ad9edefc86af07700fbf49bfdac6ba       0.11      0.01      0.02       100
        T1201_38f6f0e50a6b196140ec40d3dc9cc9e6       0.00      0.00      0.00       100
        T1201_57296a2ddbeb7423c05feef2fe972111       0.00      0.00      0.00       100
    T1204.002_522f3f35cd013e63830fa555495a0081       0.98      0.97      0.97       100
        T1217_69bbe2183fa09c00ccaac62d48e214f8       0.00      0.00      0.00       100
        T1217_f7a0f7d704aa52a764d9d1bee81e65d6       0.00      0.00      0.00       100
        T1219_7dabcbecab0334b115feefab1630f84a       0.99      0.78      0.87       100
        T1219_af8cb2bf9b436aae5c106a0a9c207e14       0.51      1.00      0.67       100
        T1219_f1b3fca18d7465cd10e5a7477a3bf97d       0.50      0.01      0.02       100
    T1482_6131397e-7765-424e-a594-3d7fb2d93a6a       0.00      0.00      0.00       100
        T1482_cfb61005899996469ae3023796792ca5       0.00      0.00      0.00       100
        T1486_d82ceb9939d3d920ee550187ad8235c8       0.00      0.00      0.00       100
        T1490_2d53d6fabd39bf9c70b0dfcdfbbc926d       0.00      0.00      0.00       100
        T1490_8467c994685ccf178db166964bd80fab       0.00      0.00      0.00       100
        T1490_9e5e4c0655fd1b5be88bd40b8251175f       0.00      0.00      0.00       100
        T1490_c156ac5c9fa67080365268d95f29053d       0.00      0.00      0.00       100
        T1490_c8f329d2847ede593b6cb4a1ec6120fb       0.30      0.03      0.05       100
        T1490_e90756bb6dcd21462dc4cc452661df91       0.00      0.00      0.00       100
    T1491_47d08617-5ce1-424a-8cc5-c9c978ce6bf9       0.00      0.00      0.00       100
    T1491_68235976-2404-42a8-9105-68230cfef562       0.00      0.00      0.00       100
    T1496_46da2385-cf37-49cb-ba4b-a739c7a19de4       1.00      1.00      1.00       100
T1497.001_1258b063-27d6-489b-a677-4807faacf868       0.00      0.00      0.00       100
T1497.001_5dc841fd-28ad-40e2-b10e-fb007fe09e81       0.00      0.00      0.00       100
T1497.001_7a6ba833-de40-466a-8969-5c37b13603e0       0.00      0.00      0.00       100
    T1499_2fe2d5e6-7b06-4fc0-bf71-6966a1226731       0.00      0.00      0.00       100
T1518.001_2dece965-37a0-4f70-a391-0f30e3331aba       0.00      0.00      0.00       100
    T1518.001_33a24ff44719e6ac0614b58f8c9a7c72       0.00      0.00      0.00       100
    T1518.001_b8453a5fe06b24aea12b27592d5c3d3a       0.00      0.00      0.00       100
        T1518_8ddfaf982ab359cda13626b870ccb339       0.00      0.00      0.00       100
    T1518_c9be8043-a445-4cbf-b77b-ed7bb007fc7c       0.00      0.00      0.00       100
        T1531_aa6b15485a5f50ced34d87fda177b758       0.00      0.00      0.00       100
        T1531_b25ae80dad74142fafb510e9c1949ace       0.00      0.00      0.00       100
    T1546.013_f9a968af61d36983448c74cca5464e17       1.00      0.99      0.99       100
    T1547.001_0dbdf1a2a87e718a6ac8a8e3415a7fac       0.13      0.21      0.16       100
    T1547.001_163b023f43aba758d36f524d146cb8ea       0.30      0.07      0.11       100
    T1547.001_1f15ab22c39a9b6bb2bb0d77276dfcb3       0.00      0.00      0.00       100
    T1547.001_4b71ebb2f6f6a01235ba240fa40ce978       0.00      0.00      0.00       100
    T1547.001_777043894e42d2aae3881e63f6c76d33       0.00      0.00      0.00       100
    T1547.001_d3ef4145e4144fd694514b1c5cc17350       1.00      0.02      0.04       100
    T1547.004_0856714c9810ac55b53e9964d02958a0       0.01      1.00      0.03       100
    T1547.004_aa147165f6c116cb0b0f944abe1db8ce       0.00      0.00      0.00       100
    T1547.009_501af516bd8b24fee0c7c650ae5cc861       0.00      0.00      0.00       100
    T1547.009_b6e5c895c6709fe289352ee23f062229       0.00      0.00      0.00       100
    T1547.010_4593d72a5145e3f494421ac772d37464       0.16      0.79      0.27       100
        T1547_fe9eeee9a7b339089e5fa634b08522c1       0.89      0.97      0.93       100
T1548.002_665432a4-42e7-4ee1-af19-a9a8c9455d0c       0.00      0.00      0.00       100
    T1552.002_3e5b04b8ee0a1a4950da8f35d95e65fc       0.00      0.00      0.00       100
        T1560_a1ee301b0508747b468d578a14e5c1a5       0.00      0.00      0.00       100
    T1562.001_43e3334362b140924f001b256b229ee5       0.00      0.00      0.00       100
    T1562.002_6a8d25d65a7d481dc479f89c62af1e6a       0.33      0.38      0.35       100
    T1562.002_94f51bf01a7036fe02d07b4c18967669       0.00      0.00      0.00       100
    T1562.004_280003641a5cddf916c4f2bf605a71d3       0.00      0.00      0.00       100
    T1562.004_41627f71f968225b9f162cb76d16bd9d       0.00      0.00      0.00       100
    T1562.004_5b93df032e230056c21a3e57334f77d1       0.00      0.00      0.00       100
    T1562.004_8d0a4585e7c4646185a912b14cd9cb46       0.00      0.00      0.00       100
    T1562.004_8fe59e288f10a486dc8b44bc872019ff       0.00      0.00      0.00       100
    T1564.001_66a5fd5f244819181f074dd082a28905       0.04      0.19      0.06       100
    T1564.001_dce51e632abdfe5392c7c1f942ac9273       0.00      0.00      0.00       100
    T1564.003_9a2edad4053a2b59fb9167a9bc29e7dc       0.09      0.14      0.11       100
    T1564.004_28862487a99f5f89bc0d68c87396c7e9       0.00      0.00      0.00       100
    T1564.004_76b6066fe170d38215251102e42be973       0.00      0.00      0.00       100
        T1564_dedfa0a54c9c13ce5714a0dc2e1f5d1a       0.00      0.00      0.00       100
    T1566.001_1afaec09315ab71fdfb167175e8a019a       0.00      0.00      0.00       100
    T1574.001_63bbedafba2f541552ac3579e9e3737b       0.82      0.99      0.90       100
    T1574.011_72249c1e9ffe7d8f30243d838e0791ca       1.00      0.01      0.02       100

                                      accuracy                           0.13     16500
                                     macro avg       0.13      0.13      0.10     16500
                                  weighted avg       0.13      0.13      0.10     16500

