09/04/2023, 10:21:19# labels of 5000: tensor([ 85, 134,  50,   0, 122,  30,   5, 125,  63,  55, 154,  89,  95,  64,
        141,  12], device='cuda:0') torch.Size([16])
09/04/2023, 10:21:19# predicted of 5000: tensor([ 16,   7,  17,  96,  40,  12,  96, 161, 161, 161,   7,  25,   3, 132,
        132,  12], device='cuda:0') torch.Size([16])
09/04/2023, 10:22:29# total batches: 8300
09/04/2023, 10:22:29# Epoch 0 | Train Loss: 4.4266 | Train Accuracy: 0.0388
09/04/2023, 10:22:29# labels of Validation: tensor([ 84,  99,   9,   4,  77, 115,  34,  84,  74, 115,  28,  93,  19, 141,
         98,  86], device='cuda:0') torch.Size([16])
09/04/2023, 10:22:29# predicted of Validation: tensor([ 80,  99, 132, 132, 132, 128, 132,   3, 132, 127, 132, 132, 132, 132,
        132, 132], device='cuda:0') torch.Size([16])
09/04/2023, 10:22:30# labels of 0: tensor([ 84,  99,   9,   4,  77, 115,  34,  84,  74, 115,  28,  93,  19, 141,
         98,  86], device='cuda:0') torch.Size([16])
09/04/2023, 10:22:30# predicted of 0: tensor([ 80,  99, 132, 132, 132, 128, 132,   3, 132, 127, 132, 132, 132, 132,
        132, 132], device='cuda:0') torch.Size([16])
09/04/2023, 10:22:44# labels of Validation: tensor([125, 107, 155, 148, 117,  23,  20, 110,  72, 111,  28,  47, 166,  60,
        130,  82], device='cuda:0') torch.Size([16])
09/04/2023, 10:22:44# predicted of Validation: tensor([132, 132, 132, 132, 146, 145, 132, 132,   0, 132, 132, 132, 132, 132,
          0,   7], device='cuda:0') torch.Size([16])
09/04/2023, 10:22:44# Validation Loss: 4.2027 | Validation Accuracy: 0.0614

09/04/2023, 10:24:27# labels of 5000: tensor([ 64,  23,  76,  14,  46,  32,  46,  83,   2,  14,  58, 113,  19,   4,
        139, 138], device='cuda:0') torch.Size([16])
09/04/2023, 10:24:27# predicted of 5000: tensor([132,  80, 132,  11, 132,  99,  11, 132, 132,  11, 132,  11,  11, 132,
        132,  70], device='cuda:0') torch.Size([16])
09/04/2023, 10:25:37# total batches: 8300
09/04/2023, 10:25:37# Epoch 1 | Train Loss: 4.1617 | Train Accuracy: 0.0697
09/04/2023, 10:25:37# labels of Validation: tensor([ 10,  95,  61,  83,   2, 165,  73,   9,  24,  75,  49,  99, 161,  34,
        103,  56], device='cuda:0') torch.Size([16])
09/04/2023, 10:25:37# predicted of Validation: tensor([161,  89,  15, 161, 161, 165, 146, 161, 161, 161, 161,  80, 161, 161,
        161,  15], device='cuda:0') torch.Size([16])
09/04/2023, 10:25:37# labels of 0: tensor([ 10,  95,  61,  83,   2, 165,  73,   9,  24,  75,  49,  99, 161,  34,
        103,  56], device='cuda:0') torch.Size([16])
09/04/2023, 10:25:37# predicted of 0: tensor([161,  89,  15, 161, 161, 165, 146, 161, 161, 161, 161,  80, 161, 161,
        161,  15], device='cuda:0') torch.Size([16])
09/04/2023, 10:25:51# labels of Validation: tensor([151,  20, 111,  59,  21,   6, 140,  16,  53,  43,  40,  17, 102,  24,
         93,  48], device='cuda:0') torch.Size([16])
09/04/2023, 10:25:51# predicted of Validation: tensor([161, 161, 161, 161, 161, 161,  80,  16, 161, 161, 146,  80, 161, 161,
        161, 161], device='cuda:0') torch.Size([16])
09/04/2023, 10:25:51# Validation Loss: 4.0737 | Validation Accuracy: 0.0794

09/04/2023, 10:25:51# Find a better model!!
09/04/2023, 10:27:42# labels of 5000: tensor([ 80,  70,  51,  37, 136, 140,  99, 106,  65,  48,  33,  87,  18,  74,
         86,  74], device='cuda:0') torch.Size([16])
09/04/2023, 10:27:42# predicted of 5000: tensor([136, 138,  83,  83,  80,   5,  99, 106, 132,  51,  51,  83,  51,  51,
         51,  83], device='cuda:0') torch.Size([16])
09/04/2023, 10:29:03# total batches: 8300
09/04/2023, 10:29:03# Epoch 2 | Train Loss: 4.0840 | Train Accuracy: 0.0816
09/04/2023, 10:29:03# labels of Validation: tensor([ 99, 124,  98,  59, 126,   2, 118,  34,  41,  36, 164, 120,  81,   2,
         43,  77], device='cuda:0') torch.Size([16])
09/04/2023, 10:29:03# predicted of Validation: tensor([ 99, 129, 129,   6,  62, 129, 149, 129, 129, 129, 129,  62, 129, 129,
        129,   6], device='cuda:0') torch.Size([16])
09/04/2023, 10:29:03# labels of 0: tensor([ 99, 124,  98,  59, 126,   2, 118,  34,  41,  36, 164, 120,  81,   2,
         43,  77], device='cuda:0') torch.Size([16])
09/04/2023, 10:29:03# predicted of 0: tensor([ 99, 129, 129,   6,  62, 129, 149, 129, 129, 129, 129,  62, 129, 129,
        129,   6], device='cuda:0') torch.Size([16])
09/04/2023, 10:29:18# labels of Validation: tensor([ 95, 145,  46, 134,  36,   3, 105, 152, 144, 139,  86,  61,  53,  76,
         32,  26], device='cuda:0') torch.Size([16])
09/04/2023, 10:29:18# predicted of Validation: tensor([128,   3, 129, 134, 129,   3,  23, 129, 129, 129, 129,  62, 129, 129,
          0, 129], device='cuda:0') torch.Size([16])
09/04/2023, 10:29:18# Validation Loss: 4.0135 | Validation Accuracy: 0.0824

09/04/2023, 10:29:18# Find a better model!!
09/04/2023, 10:31:15# labels of 5000: tensor([141, 129,  93, 126,  68,  17, 147,  64,  78,  78,  64, 100,  33, 157,
        148, 110], device='cuda:0') torch.Size([16])
09/04/2023, 10:31:15# predicted of 5000: tensor([161, 161, 161,  50, 161,  17,  96, 161,  50, 159, 161,  14, 161, 161,
        161, 161], device='cuda:0') torch.Size([16])
09/04/2023, 10:32:31# total batches: 8300
09/04/2023, 10:32:31# Epoch 3 | Train Loss: 4.0369 | Train Accuracy: 0.0878
09/04/2023, 10:32:31# labels of Validation: tensor([162, 158,  80,  52,   3, 164,   3, 133, 143, 110, 112,  43, 126, 106,
         49,  91], device='cuda:0') torch.Size([16])
09/04/2023, 10:32:31# predicted of Validation: tensor([  9,   9, 140,  82,  99,   9,  99, 133,   9, 133,   9,   9, 128, 106,
          9, 132], device='cuda:0') torch.Size([16])
09/04/2023, 10:32:31# labels of 0: tensor([162, 158,  80,  52,   3, 164,   3, 133, 143, 110, 112,  43, 126, 106,
         49,  91], device='cuda:0') torch.Size([16])
09/04/2023, 10:32:31# predicted of 0: tensor([  9,   9, 140,  82,  99,   9,  99, 133,   9, 133,   9,   9, 128, 106,
          9, 132], device='cuda:0') torch.Size([16])
09/04/2023, 10:32:49# labels of Validation: tensor([141, 109,  59,  34, 103, 137,  36,  83, 118,  37,  48,  37,  21,  11,
        160,   5], device='cuda:0') torch.Size([16])
09/04/2023, 10:32:49# predicted of Validation: tensor([133,   9, 132,   9, 133,   9,   9,   9, 118, 133,   9, 133, 132,   9,
        133,  61], device='cuda:0') torch.Size([16])
09/04/2023, 10:32:49# Validation Loss: 3.9785 | Validation Accuracy: 0.1085

09/04/2023, 10:32:49# Find a better model!!
09/04/2023, 10:34:48# labels of 5000: tensor([ 20, 112,  55,  68,   1,  53,  78, 124,  70,  43, 139, 147,  89,  40,
          5, 165], device='cuda:0') torch.Size([16])
09/04/2023, 10:34:48# predicted of 5000: tensor([ 66,  66,  66, 161,  66,  66,  32,  66,  16,  66,   9, 105, 136, 130,
        130, 134], device='cuda:0') torch.Size([16])
09/04/2023, 10:36:22# total batches: 8300
09/04/2023, 10:36:22# Epoch 4 | Train Loss: 4.0122 | Train Accuracy: 0.0921
09/04/2023, 10:36:22# labels of Validation: tensor([ 44,  74,  73,   5, 157,  59, 100, 112,  67,  34, 138, 154,  51,  13,
         49,  34], device='cuda:0') torch.Size([16])
09/04/2023, 10:36:22# predicted of Validation: tensor([104, 104,   5,   5, 104, 161, 131, 104, 105, 104, 138,  82, 132,  13,
        104, 104], device='cuda:0') torch.Size([16])
09/04/2023, 10:36:22# labels of 0: tensor([ 44,  74,  73,   5, 157,  59, 100, 112,  67,  34, 138, 154,  51,  13,
         49,  34], device='cuda:0') torch.Size([16])
09/04/2023, 10:36:22# predicted of 0: tensor([104, 104,   5,   5, 104, 161, 131, 104, 105, 104, 138,  82, 132,  13,
        104, 104], device='cuda:0') torch.Size([16])
09/04/2023, 10:36:44# labels of Validation: tensor([ 67, 100,  65,  50,  64,  41, 113, 147, 102, 113,  64,  93, 148, 103,
        101,  50], device='cuda:0') torch.Size([16])
09/04/2023, 10:36:44# predicted of Validation: tensor([  5, 131, 104,   5, 131, 104, 131,  50, 104, 131, 131, 131, 131, 131,
        161,   5], device='cuda:0') torch.Size([16])
09/04/2023, 10:36:45# Validation Loss: 3.9505 | Validation Accuracy: 0.0989

09/04/2023, 10:36:45# Find a better model!!
09/04/2023, 10:39:27# labels of 5000: tensor([147,  28,  37, 137,  35, 134,  95, 145,  40,  48,  55, 114,  16,  92,
        158,  66], device='cuda:0') torch.Size([16])
09/04/2023, 10:39:27# predicted of 5000: tensor([ 23,   9,  28,  21, 127, 134, 127,  80, 127,  21,  21,  28,  16,  21,
         21, 132], device='cuda:0') torch.Size([16])
09/04/2023, 10:41:20# total batches: 8300
09/04/2023, 10:41:20# Epoch 5 | Train Loss: 3.9884 | Train Accuracy: 0.0948
09/04/2023, 10:41:20# labels of Validation: tensor([153,  17, 153, 104, 143,  11,  92,  87,  89,  50,  57,  42, 151,  49,
         55,  39], device='cuda:0') torch.Size([16])
09/04/2023, 10:41:20# predicted of Validation: tensor([ 44, 154,  44,  44,  44,  44,  44,  44,  45,  50,  44,  44,  44,  44,
         44, 128], device='cuda:0') torch.Size([16])
09/04/2023, 10:41:20# labels of 0: tensor([153,  17, 153, 104, 143,  11,  92,  87,  89,  50,  57,  42, 151,  49,
         55,  39], device='cuda:0') torch.Size([16])
09/04/2023, 10:41:20# predicted of 0: tensor([ 44, 154,  44,  44,  44,  44,  44,  44,  45,  50,  44,  44,  44,  44,
         44, 128], device='cuda:0') torch.Size([16])
09/04/2023, 10:41:43# labels of Validation: tensor([ 58, 157,  73,  27, 129, 139,  69,  37,  34,  44,  25,  45,  47,  23,
         52,   5], device='cuda:0') torch.Size([16])
09/04/2023, 10:41:43# predicted of Validation: tensor([ 44,  44, 128,  95, 108,  44,  69, 108,  44,  44,  17,  95,  44, 128,
         69,  94], device='cuda:0') torch.Size([16])
09/04/2023, 10:41:44# Validation Loss: 3.9297 | Validation Accuracy: 0.0990

09/04/2023, 10:41:44# Find a better model!!
09/04/2023, 10:44:32# labels of 5000: tensor([114, 119,  51, 101,  21,  57,  20,  88,  18,  54,  63,  74, 111, 157,
        112,  46], device='cuda:0') torch.Size([16])
09/04/2023, 10:44:32# predicted of 5000: tensor([ 98, 148, 161,  98,   6, 148, 148,   6,  98, 148, 148, 148, 148, 148,
        148,  98], device='cuda:0') torch.Size([16])
09/04/2023, 10:46:24# total batches: 8300
09/04/2023, 10:46:24# Epoch 6 | Train Loss: 3.9695 | Train Accuracy: 0.0981
09/04/2023, 10:46:24# labels of Validation: tensor([ 60,  40,  98,  19,  11,  34,   3, 162,  91,  89,  19, 111, 141, 101,
         16, 156], device='cuda:0') torch.Size([16])
09/04/2023, 10:46:24# predicted of Validation: tensor([ 97,  13,  97,  97,  97,  97,  80,  97,  66,  13,  97,  97,  21,  66,
        138, 154], device='cuda:0') torch.Size([16])
09/04/2023, 10:46:24# labels of 0: tensor([ 60,  40,  98,  19,  11,  34,   3, 162,  91,  89,  19, 111, 141, 101,
         16, 156], device='cuda:0') torch.Size([16])
09/04/2023, 10:46:24# predicted of 0: tensor([ 97,  13,  97,  97,  97,  97,  80,  97,  66,  13,  97,  97,  21,  66,
        138, 154], device='cuda:0') torch.Size([16])
09/04/2023, 10:46:47# labels of Validation: tensor([ 40,  42,  38,  39, 144, 103,  43, 107, 107,  39, 124, 112,  52,  21,
        117, 156], device='cuda:0') torch.Size([16])
09/04/2023, 10:46:47# predicted of Validation: tensor([13, 97, 97, 13, 97, 21, 97, 21, 21, 13, 97, 97, 82, 66, 13, 82],
       device='cuda:0') torch.Size([16])
09/04/2023, 10:46:47# Validation Loss: 3.9299 | Validation Accuracy: 0.0969

09/04/2023, 10:49:35# labels of 5000: tensor([164,  68,  59,  56,  62, 136, 134, 146,  63,  66,  41,  24, 128,  21,
         78, 107], device='cuda:0') torch.Size([16])
09/04/2023, 10:49:35# predicted of 5000: tensor([129, 132, 132, 115, 115,  80, 134,   3, 129, 132, 129, 129, 115, 132,
         95,  53], device='cuda:0') torch.Size([16])
09/04/2023, 10:51:27# total batches: 8300
09/04/2023, 10:51:27# Epoch 7 | Train Loss: 3.9542 | Train Accuracy: 0.1011
09/04/2023, 10:51:28# labels of Validation: tensor([ 96,  36,  46,  67,  18,  45,  96,  52,  83,  49, 128,  20, 132,  86,
         98,  99], device='cuda:0') torch.Size([16])
09/04/2023, 10:51:28# predicted of Validation: tensor([ 80,  97,  97,  94,  97,  50, 136, 149,  97,  97, 105,  97, 132,  97,
         97,  99], device='cuda:0') torch.Size([16])
09/04/2023, 10:51:28# labels of 0: tensor([ 96,  36,  46,  67,  18,  45,  96,  52,  83,  49, 128,  20, 132,  86,
         98,  99], device='cuda:0') torch.Size([16])
09/04/2023, 10:51:28# predicted of 0: tensor([ 80,  97,  97,  94,  97,  50, 136, 149,  97,  97, 105,  97, 132,  97,
         97,  99], device='cuda:0') torch.Size([16])
09/04/2023, 10:51:52# labels of Validation: tensor([104, 153, 144,  72,  12,  96, 115, 151,  74,  30, 132, 106,  55,  28,
        158,  54], device='cuda:0') torch.Size([16])
09/04/2023, 10:51:52# predicted of Validation: tensor([ 97,  97,  97, 130,  97, 145, 120,  97,  97,  97, 132, 106,  97,  28,
         97,  97], device='cuda:0') torch.Size([16])
09/04/2023, 10:51:53# Validation Loss: 3.9137 | Validation Accuracy: 0.1089

09/04/2023, 10:51:53# Find a better model!!
09/04/2023, 10:54:40# labels of 5000: tensor([117,  50,  82, 118,  24, 104,  49,  31, 114,  84, 147,  15, 108,  53,
         77, 109], device='cuda:0') torch.Size([16])
09/04/2023, 10:54:40# predicted of 5000: tensor([  5,   5,  82, 118,  57,  57,  57,  37, 161, 128, 146,   5,  57,  37,
        161,  37], device='cuda:0') torch.Size([16])
09/04/2023, 10:56:30# total batches: 8300
09/04/2023, 10:56:30# Epoch 8 | Train Loss: 3.9445 | Train Accuracy: 0.1024
09/04/2023, 10:56:30# labels of Validation: tensor([124,  37,  78,  85, 149,  29,  24,  48,  97,  33,  23,  67, 150,  86,
         21,   3], device='cuda:0') torch.Size([16])
09/04/2023, 10:56:30# predicted of Validation: tensor([152, 148,  40,  85, 118, 122, 152, 152, 152, 152, 145,  40, 152, 152,
        101, 145], device='cuda:0') torch.Size([16])
09/04/2023, 10:56:30# labels of 0: tensor([124,  37,  78,  85, 149,  29,  24,  48,  97,  33,  23,  67, 150,  86,
         21,   3], device='cuda:0') torch.Size([16])
09/04/2023, 10:56:30# predicted of 0: tensor([152, 148,  40,  85, 118, 122, 152, 152, 152, 152, 145,  40, 152, 152,
        101, 145], device='cuda:0') torch.Size([16])
09/04/2023, 10:56:54# labels of Validation: tensor([142,  63,  19, 111, 112,  35, 149,  66, 132, 153, 140, 104,  89,  38,
        135,  63], device='cuda:0') torch.Size([16])
09/04/2023, 10:56:54# predicted of Validation: tensor([152, 152, 152, 152, 152, 105, 118,  28,  28, 152,   3, 152,  79, 152,
        152, 152], device='cuda:0') torch.Size([16])
09/04/2023, 10:56:55# Validation Loss: 3.9076 | Validation Accuracy: 0.1168

09/04/2023, 10:56:55# Find a better model!!
09/04/2023, 10:59:39# labels of 5000: tensor([111,   3,  73, 165, 153, 104,  53, 125,  23, 127,  45, 132, 160, 119,
        127, 135], device='cuda:0') torch.Size([16])
09/04/2023, 10:59:39# predicted of 5000: tensor([113,  80,  79, 165, 113, 113, 113, 113, 145, 115, 127, 132,  28, 113,
         84, 113], device='cuda:0') torch.Size([16])
09/04/2023, 11:01:30# total batches: 8300
09/04/2023, 11:01:30# Epoch 9 | Train Loss: 3.9308 | Train Accuracy: 0.1040
09/04/2023, 11:01:30# labels of Validation: tensor([ 59,  29,  67,  85,  90, 120,   0,  29, 106,  56,  81, 126,  38, 132,
         56, 117], device='cuda:0') torch.Size([16])
09/04/2023, 11:01:30# predicted of Validation: tensor([166,  29, 105,  70,  88,  62,  45,  29, 106, 130,  71, 130,  71, 132,
         50,  73], device='cuda:0') torch.Size([16])
09/04/2023, 11:01:30# labels of 0: tensor([ 59,  29,  67,  85,  90, 120,   0,  29, 106,  56,  81, 126,  38, 132,
         56, 117], device='cuda:0') torch.Size([16])
09/04/2023, 11:01:30# predicted of 0: tensor([166,  29, 105,  70,  88,  62,  45,  29, 106, 130,  71, 130,  71, 132,
         50,  73], device='cuda:0') torch.Size([16])
09/04/2023, 11:01:54# labels of Validation: tensor([ 40, 130,  55, 111,  17, 111, 131,  41,  28,  45, 113,  97,  30,  40,
         57,   2], device='cuda:0') torch.Size([16])
09/04/2023, 11:01:54# predicted of Validation: tensor([ 62,  45,  71,  71,  17,  71, 161,  71, 132, 105,  88,  71,  71,  62,
         71,  71], device='cuda:0') torch.Size([16])
09/04/2023, 11:01:55# Validation Loss: 3.9033 | Validation Accuracy: 0.1153

09/04/2023, 11:01:55# Find a better model!!
09/04/2023, 11:04:42# labels of 5000: tensor([ 16, 149,  76,   7, 119, 109, 152,  85,  39, 153,  50,  17,  60, 126,
         28, 108], device='cuda:0') torch.Size([16])
09/04/2023, 11:04:42# predicted of 5000: tensor([ 16, 149, 144,  52, 144, 144, 144,  16,  95, 144,  13,  25, 144,   0,
         36, 132], device='cuda:0') torch.Size([16])
09/04/2023, 11:06:34# total batches: 8300
09/04/2023, 11:06:34# Epoch 10 | Train Loss: 3.9260 | Train Accuracy: 0.1055
09/04/2023, 11:06:34# labels of Validation: tensor([157,  27, 153,  74, 130,  64,  38,  72, 142,  12,  95,  14,  78,  33,
          3, 166], device='cuda:0') torch.Size([16])
09/04/2023, 11:06:34# predicted of Validation: tensor([  9, 128,   9,   9,  35,  91,   9, 128,   9,   9,  35,   9,  35,   9,
         96,  91], device='cuda:0') torch.Size([16])
09/04/2023, 11:06:34# labels of 0: tensor([157,  27, 153,  74, 130,  64,  38,  72, 142,  12,  95,  14,  78,  33,
          3, 166], device='cuda:0') torch.Size([16])
09/04/2023, 11:06:34# predicted of 0: tensor([  9, 128,   9,   9,  35,  91,   9, 128,   9,   9,  35,   9,  35,   9,
         96,  91], device='cuda:0') torch.Size([16])
09/04/2023, 11:06:57# labels of Validation: tensor([141,  56,  25,  18,  46, 161, 105,  52, 154,  88,  76, 124,   5, 114,
         16, 110], device='cuda:0') torch.Size([16])
09/04/2023, 11:06:57# predicted of Validation: tensor([ 91,  73,  17,   9,   9, 161,  35,  82, 154,  91,   9,   9,  73,  91,
         70,  91], device='cuda:0') torch.Size([16])
09/04/2023, 11:06:58# Validation Loss: 3.9003 | Validation Accuracy: 0.1122

09/04/2023, 11:06:58# Find a better model!!
09/04/2023, 11:09:45# labels of 5000: tensor([ 38, 132, 156, 166,  29,  91,  46,  56,  39,  26,  59,  38, 132, 152,
         18, 146], device='cuda:0') torch.Size([16])
09/04/2023, 11:09:45# predicted of 5000: tensor([166, 161,  17, 161, 122, 161, 166,  56,  56,   9,   9, 166, 161, 166,
        166,  80], device='cuda:0') torch.Size([16])
09/04/2023, 11:11:37# total batches: 8300
09/04/2023, 11:11:37# Epoch 11 | Train Loss: 3.9165 | Train Accuracy: 0.1073
09/04/2023, 11:11:37# labels of Validation: tensor([ 78, 127,  99,  28,  46, 137,  54,   9, 129,  94,  78,  93, 120,  25,
         44,  30], device='cuda:0') torch.Size([16])
09/04/2023, 11:11:37# predicted of Validation: tensor([117, 126,  99, 132,  36,  36,  36,  36, 133,  67,  67, 133, 128,  17,
         36,  36], device='cuda:0') torch.Size([16])
09/04/2023, 11:11:37# labels of 0: tensor([ 78, 127,  99,  28,  46, 137,  54,   9, 129,  94,  78,  93, 120,  25,
         44,  30], device='cuda:0') torch.Size([16])
09/04/2023, 11:11:37# predicted of 0: tensor([117, 126,  99, 132,  36,  36,  36,  36, 133,  67,  67, 133, 128,  17,
         36,  36], device='cuda:0') torch.Size([16])
09/04/2023, 11:12:00# labels of Validation: tensor([132,  46,  80,  32, 150, 139,  95,  95, 166,  49, 111, 137,  59, 110,
         24, 126], device='cuda:0') torch.Size([16])
09/04/2023, 11:12:00# predicted of Validation: tensor([132,  36,  96,  78,  36,  36,  62,   5, 155,  36,  36,  36, 155, 133,
         36,  78], device='cuda:0') torch.Size([16])
09/04/2023, 11:12:01# Validation Loss: 3.8916 | Validation Accuracy: 0.1165

09/04/2023, 11:12:01# Find a better model!!
09/04/2023, 11:14:46# labels of 5000: tensor([111, 161,  42, 156, 149,  46,  49,  11, 131,  56, 128,   0,  13, 143,
         96, 105], device='cuda:0') torch.Size([16])
09/04/2023, 11:14:46# predicted of 5000: tensor([ 91, 132,  91, 154,  69, 125,  91,  91, 125,   3, 105,  13,  79,  91,
        140, 128], device='cuda:0') torch.Size([16])
09/04/2023, 11:16:37# total batches: 8300
09/04/2023, 11:16:37# Epoch 12 | Train Loss: 3.9097 | Train Accuracy: 0.1089
09/04/2023, 11:16:37# labels of Validation: tensor([ 27, 134, 146,  29, 125,  75,  50,  83,  18, 144,   2,   3, 116, 141,
         62, 108], device='cuda:0') torch.Size([16])
09/04/2023, 11:16:37# predicted of Validation: tensor([ 15, 134,  80,  29,  11,  11,  56,  11,  11,  11,  11,  80,  11,  93,
         84,  28], device='cuda:0') torch.Size([16])
09/04/2023, 11:16:37# labels of 0: tensor([ 27, 134, 146,  29, 125,  75,  50,  83,  18, 144,   2,   3, 116, 141,
         62, 108], device='cuda:0') torch.Size([16])
09/04/2023, 11:16:37# predicted of 0: tensor([ 15, 134,  80,  29,  11,  11,  56,  11,  11,  11,  11,  80,  11,  93,
         84,  28], device='cuda:0') torch.Size([16])
09/04/2023, 11:16:59# labels of Validation: tensor([134,   8,  24, 156,  26,  74,  89, 158,  51,  40,  25,  94,  93,  42,
         27,   7], device='cuda:0') torch.Size([16])
09/04/2023, 11:16:59# predicted of Validation: tensor([134,  93,  11,  82,  11,  11,  95,  11,  28,  62,  25,  94,  93,  11,
         27,   7], device='cuda:0') torch.Size([16])
09/04/2023, 11:17:00# Validation Loss: 3.9038 | Validation Accuracy: 0.1111

09/04/2023, 11:19:48# labels of 5000: tensor([155,   6, 113,  51,  82, 129, 124,  72, 153,   7,  35, 140,  10, 165,
        163, 107], device='cuda:0') torch.Size([16])
09/04/2023, 11:19:48# predicted of 5000: tensor([132, 132, 132, 132, 156, 132,  68,  62,  68,   7,  73,  99,  68, 165,
         68,   9], device='cuda:0') torch.Size([16])
09/04/2023, 11:21:37# total batches: 8300
09/04/2023, 11:21:37# Epoch 13 | Train Loss: 3.9008 | Train Accuracy: 0.1108
09/04/2023, 11:21:38# labels of Validation: tensor([ 51,  89,  88,  50, 109,  84, 163, 123,   0, 164,  60,  18, 133, 137,
        152,  72], device='cuda:0') torch.Size([16])
09/04/2023, 11:21:38# predicted of Validation: tensor([  6,  95, 101,  15,  30,  95,  30, 123,  95,  30,  30,  30, 101,  30,
         30,  95], device='cuda:0') torch.Size([16])
09/04/2023, 11:21:38# labels of 0: tensor([ 51,  89,  88,  50, 109,  84, 163, 123,   0, 164,  60,  18, 133, 137,
        152,  72], device='cuda:0') torch.Size([16])
09/04/2023, 11:21:38# predicted of 0: tensor([  6,  95, 101,  15,  30,  95,  30, 123,  95,  30,  30,  30, 101,  30,
         30,  95], device='cuda:0') torch.Size([16])
09/04/2023, 11:21:59# labels of Validation: tensor([121, 162,  63,  80,  14,  75, 112,  52,  48, 101,  47,  69, 122,  30,
         38,  95], device='cuda:0') torch.Size([16])
09/04/2023, 11:21:59# predicted of Validation: tensor([ 30,  30,  30,  80,  30,  30,  30,  82,  30, 101,  30,  69, 122,  30,
         30,  95], device='cuda:0') torch.Size([16])
09/04/2023, 11:22:00# Validation Loss: 3.8918 | Validation Accuracy: 0.1143

09/04/2023, 11:24:47# labels of 5000: tensor([ 60,  82,  74,   6,  30, 162, 155,  98,  85,  84,  69,  77, 118, 121,
         79,  52], device='cuda:0') torch.Size([16])
09/04/2023, 11:24:47# predicted of 5000: tensor([102,  82,  37, 102,  37,  37, 102,  37,  85,  61, 149,  28, 149,  37,
        130,  52], device='cuda:0') torch.Size([16])
09/04/2023, 11:26:37# total batches: 8300
09/04/2023, 11:26:37# Epoch 14 | Train Loss: 3.8934 | Train Accuracy: 0.1120
09/04/2023, 11:26:37# labels of Validation: tensor([ 23,  98,   9,  71,  54,  50, 152,  73, 164, 104,   5,   1,  34, 151,
        127,  71], device='cuda:0') torch.Size([16])
09/04/2023, 11:26:37# predicted of Validation: tensor([ 84,  60,  60,  60,  60, 117,  60,  94,  60,  60,  94,  60,  60,  60,
         94,  60], device='cuda:0') torch.Size([16])
09/04/2023, 11:26:37# labels of 0: tensor([ 23,  98,   9,  71,  54,  50, 152,  73, 164, 104,   5,   1,  34, 151,
        127,  71], device='cuda:0') torch.Size([16])
09/04/2023, 11:26:37# predicted of 0: tensor([ 84,  60,  60,  60,  60, 117,  60,  94,  60,  60,  94,  60,  60,  60,
         94,  60], device='cuda:0') torch.Size([16])
09/04/2023, 11:27:00# labels of Validation: tensor([142,  96,  76,  46,  65,  19,  45, 153,  52,  56, 106, 103, 109,  77,
        116,  83], device='cuda:0') torch.Size([16])
09/04/2023, 11:27:00# predicted of Validation: tensor([ 60,  80,  60,  60,  60,  60,  13,  60, 156,  13, 106,   8,  60, 131,
         60,  60], device='cuda:0') torch.Size([16])
09/04/2023, 11:27:01# Validation Loss: 3.8893 | Validation Accuracy: 0.1106

09/04/2023, 11:27:01# Find a better model!!
09/04/2023, 11:29:49# labels of 5000: tensor([ 24, 134, 108,  90,  68, 156,  16, 161,  57, 149,  64,  30, 109,   1,
         43, 106], device='cuda:0') torch.Size([16])
09/04/2023, 11:29:49# predicted of 5000: tensor([ 74, 134, 132,  66,  66,  82,  16,  74,  66, 149,  74,  66,  66,  74,
         66, 106], device='cuda:0') torch.Size([16])
09/04/2023, 11:31:40# total batches: 8300
09/04/2023, 11:31:40# Epoch 15 | Train Loss: 3.8889 | Train Accuracy: 0.1130
09/04/2023, 11:31:40# labels of Validation: tensor([141, 102, 131,  73, 131, 131,  78,   6,  94,  64,  29,  55,  47,  23,
        126, 127], device='cuda:0') torch.Size([16])
09/04/2023, 11:31:40# predicted of Validation: tensor([110,  10, 161,  56, 161, 161,  23, 161,   5, 110,  29,  10,  10,  23,
         23, 128], device='cuda:0') torch.Size([16])
09/04/2023, 11:31:40# labels of 0: tensor([141, 102, 131,  73, 131, 131,  78,   6,  94,  64,  29,  55,  47,  23,
        126, 127], device='cuda:0') torch.Size([16])
09/04/2023, 11:31:40# predicted of 0: tensor([110,  10, 161,  56, 161, 161,  23, 161,   5, 110,  29,  10,  10,  23,
         23, 128], device='cuda:0') torch.Size([16])
09/04/2023, 11:32:03# labels of Validation: tensor([ 90,  33, 166, 126, 135,  66,  94, 123, 113, 131,  20,  38, 104, 111,
        111, 117], device='cuda:0') torch.Size([16])
09/04/2023, 11:32:03# predicted of Validation: tensor([110,  10, 108,  56,  10, 161, 130, 123, 110, 161,  10,  10,  10,  10,
         10, 130], device='cuda:0') torch.Size([16])
09/04/2023, 11:32:04# Validation Loss: 3.8856 | Validation Accuracy: 0.1101

09/04/2023, 11:32:04# Find a better model!!
09/04/2023, 11:34:52# labels of 5000: tensor([159, 103,  79, 141, 136,  45,  89,  86,  92,  49,  36, 156,  74, 147,
         81, 104], device='cuda:0') torch.Size([16])
09/04/2023, 11:34:52# predicted of 5000: tensor([ 61,   6, 130,   6,  99,  61,  78, 114, 114,   1, 114, 156, 114, 145,
        114, 114], device='cuda:0') torch.Size([16])
09/04/2023, 11:36:44# total batches: 8300
09/04/2023, 11:36:44# Epoch 16 | Train Loss: 3.8851 | Train Accuracy: 0.1134
09/04/2023, 11:36:44# labels of Validation: tensor([  9, 118,  74,  26, 122, 157,  93,  23,  62,  38,  88,  51, 101,  50,
         10,  41], device='cuda:0') torch.Size([16])
09/04/2023, 11:36:44# predicted of Validation: tensor([163, 118, 163, 163,  29, 163,  88,  84,  13, 163,  88,  28, 101, 117,
        163, 163], device='cuda:0') torch.Size([16])
09/04/2023, 11:36:44# labels of 0: tensor([  9, 118,  74,  26, 122, 157,  93,  23,  62,  38,  88,  51, 101,  50,
         10,  41], device='cuda:0') torch.Size([16])
09/04/2023, 11:36:44# predicted of 0: tensor([163, 118, 163, 163,  29, 163,  88,  84,  13, 163,  88,  28, 101, 117,
        163, 163], device='cuda:0') torch.Size([16])
09/04/2023, 11:37:06# labels of Validation: tensor([103, 105, 145, 111,  57,  37,  17,  34,  90,  15, 133, 127, 131, 136,
          3,  89], device='cuda:0') torch.Size([16])
09/04/2023, 11:37:06# predicted of Validation: tensor([ 88, 128,  96, 163, 163,  88, 154, 163,  88,  13,  88,  13,  28,  84,
          3,  13], device='cuda:0') torch.Size([16])
09/04/2023, 11:37:07# Validation Loss: 3.8916 | Validation Accuracy: 0.1176

09/04/2023, 11:39:53# labels of 5000: tensor([ 81,  83, 144, 132, 155,  96,  13,  77,  87, 153, 159, 164,  29,  89,
         61,   3], device='cuda:0') torch.Size([16])
09/04/2023, 11:39:53# predicted of 5000: tensor([160, 160, 160, 132, 132,  23, 159, 132,  36,  36, 122, 160,  65,  61,
         78,  99], device='cuda:0') torch.Size([16])
09/04/2023, 11:41:43# total batches: 8300
09/04/2023, 11:41:43# Epoch 17 | Train Loss: 3.8771 | Train Accuracy: 0.1151
09/04/2023, 11:41:43# labels of Validation: tensor([138, 104, 108,  29,  73,  13,  58, 166, 115, 101,  21, 103, 129, 105,
         82,   0], device='cuda:0') torch.Size([16])
09/04/2023, 11:41:43# predicted of Validation: tensor([138,  30,   6, 122,  67,   5,  30,   6,  35,   6,   6, 148, 148,  35,
         82,  45], device='cuda:0') torch.Size([16])
09/04/2023, 11:41:43# labels of 0: tensor([138, 104, 108,  29,  73,  13,  58, 166, 115, 101,  21, 103, 129, 105,
         82,   0], device='cuda:0') torch.Size([16])
09/04/2023, 11:41:43# predicted of 0: tensor([138,  30,   6, 122,  67,   5,  30,   6,  35,   6,   6, 148, 148,  35,
         82,  45], device='cuda:0') torch.Size([16])
09/04/2023, 11:42:05# labels of Validation: tensor([ 30,   9, 157,  59, 109,  11,  17,  20,  55, 143,  90,  39, 137,  39,
         40,  40], device='cuda:0') torch.Size([16])
09/04/2023, 11:42:05# predicted of Validation: tensor([ 30,  30,  30,   6,  30,  30,  17,  30,  30,  30, 148,  67,  30,  67,
         45, 128], device='cuda:0') torch.Size([16])
09/04/2023, 11:42:06# Validation Loss: 3.8845 | Validation Accuracy: 0.1109

09/04/2023, 11:42:06# Find a better model!!
09/04/2023, 11:44:54# labels of 5000: tensor([146,   2,  48, 114,  16, 106, 105,  81,  40,  79,  73, 144,  96,  11,
        122, 146], device='cuda:0') torch.Size([16])
09/04/2023, 11:44:54# predicted of 5000: tensor([128,  74,   8,  74,  16, 154,  96,   8, 146,  89, 120,   8, 146,   8,
        122, 140], device='cuda:0') torch.Size([16])
09/04/2023, 11:46:44# total batches: 8300
09/04/2023, 11:46:44# Epoch 18 | Train Loss: 3.8770 | Train Accuracy: 0.1162
09/04/2023, 11:46:44# labels of Validation: tensor([ 42,  94,  43,  24,  67, 133,  93, 144, 102,  14,  49,  91,  57,  68,
        158, 134], device='cuda:0') torch.Size([16])
09/04/2023, 11:46:44# predicted of Validation: tensor([ 49, 117,  49,  49,   0,  68,  68,  49,  49,  49,  49,  91,  49,  68,
         49, 134], device='cuda:0') torch.Size([16])
09/04/2023, 11:46:44# labels of 0: tensor([ 42,  94,  43,  24,  67, 133,  93, 144, 102,  14,  49,  91,  57,  68,
        158, 134], device='cuda:0') torch.Size([16])
09/04/2023, 11:46:44# predicted of 0: tensor([ 49, 117,  49,  49,   0,  68,  68,  49,  49,  49,  49,  91,  49,  68,
         49, 134], device='cuda:0') torch.Size([16])
09/04/2023, 11:47:07# labels of Validation: tensor([ 52,  60,  64,  96,  42,  93,  47,  73, 111,  69, 150,  28, 107, 130,
         18,  45], device='cuda:0') torch.Size([16])
09/04/2023, 11:47:07# predicted of Validation: tensor([ 82,  49,  68,   3,  49,  68,  49,   0,  49,  69,  49, 132,  68,  13,
         49, 130], device='cuda:0') torch.Size([16])
09/04/2023, 11:47:08# Validation Loss: 3.8833 | Validation Accuracy: 0.1124

09/04/2023, 11:47:08# Find a better model!!
09/04/2023, 11:49:52# labels of 5000: tensor([ 19,  17, 134, 104,  91, 144, 158, 104,  73, 141,  80,  11,  39,  63,
        131,  59], device='cuda:0') torch.Size([16])
09/04/2023, 11:49:52# predicted of 5000: tensor([133,  25, 134, 133, 132, 133, 133,   9,  40, 132,  99, 133,  40,   9,
        132, 132], device='cuda:0') torch.Size([16])
09/04/2023, 11:51:41# total batches: 8300
09/04/2023, 11:51:41# Epoch 19 | Train Loss: 3.8724 | Train Accuracy: 0.1161
09/04/2023, 11:51:41# labels of Validation: tensor([ 42,  39,  96,   6,  39,   2, 117,  24, 152, 107, 160,  50,  65,  92,
        163, 164], device='cuda:0') torch.Size([16])
09/04/2023, 11:51:41# predicted of Validation: tensor([151,   0,   3,  28,   0, 151,   0, 151, 151, 141, 141,   0, 151, 151,
        151, 151], device='cuda:0') torch.Size([16])
09/04/2023, 11:51:41# labels of 0: tensor([ 42,  39,  96,   6,  39,   2, 117,  24, 152, 107, 160,  50,  65,  92,
        163, 164], device='cuda:0') torch.Size([16])
09/04/2023, 11:51:41# predicted of 0: tensor([151,   0,   3,  28,   0, 151,   0, 151, 151, 141, 141,   0, 151, 151,
        151, 151], device='cuda:0') torch.Size([16])
09/04/2023, 11:52:05# labels of Validation: tensor([ 99, 103,  27,   7,  62, 162, 103,  72,  11,   1,  21, 155,  52,  21,
         32,  35], device='cuda:0') torch.Size([16])
09/04/2023, 11:52:05# predicted of Validation: tensor([ 99, 141,   0,   7, 128, 151, 141,   0, 151, 151,  28,  28, 165,  28,
        128,  40], device='cuda:0') torch.Size([16])
09/04/2023, 11:52:06# Validation Loss: 3.8802 | Validation Accuracy: 0.1186

09/04/2023, 11:52:06# Find a better model!!
09/04/2023, 11:54:54# labels of 5000: tensor([152,  84,  17, 166,  69,  34,  59, 165,  44,  83, 165,   5, 105, 110,
        145, 156], device='cuda:0') torch.Size([16])
09/04/2023, 11:54:54# predicted of 5000: tensor([113, 136,  25,  81,  69, 113,  81, 165, 113,  81,  69, 105, 128, 132,
        147, 154], device='cuda:0') torch.Size([16])
09/04/2023, 11:56:44# total batches: 8300
09/04/2023, 11:56:44# Epoch 20 | Train Loss: 3.8695 | Train Accuracy: 0.1176
09/04/2023, 11:56:44# labels of Validation: tensor([ 64,  62,  13, 117,  25,   5, 158,  63,  74, 139, 118,  52,   4, 140,
        107,  78], device='cuda:0') torch.Size([16])
09/04/2023, 11:56:44# predicted of Validation: tensor([133,  73,  72, 126,  17,  67,  11,  11,  11,  11, 118,  82,  11,  80,
        133,  27], device='cuda:0') torch.Size([16])
09/04/2023, 11:56:44# labels of 0: tensor([ 64,  62,  13, 117,  25,   5, 158,  63,  74, 139, 118,  52,   4, 140,
        107,  78], device='cuda:0') torch.Size([16])
09/04/2023, 11:56:44# predicted of 0: tensor([133,  73,  72, 126,  17,  67,  11,  11,  11,  11, 118,  82,  11,  80,
        133,  27], device='cuda:0') torch.Size([16])
09/04/2023, 11:57:07# labels of Validation: tensor([ 86,  45,  57,  14, 156,   2, 135,   4,  72,  42,  71,  91,  31,  23,
        148,  26], device='cuda:0') torch.Size([16])
09/04/2023, 11:57:07# predicted of Validation: tensor([ 11,  27,  11,  11, 154,  11,  11,  11, 126,  11,  11, 133,  11,  23,
        133,  11], device='cuda:0') torch.Size([16])
09/04/2023, 11:57:08# Validation Loss: 3.8745 | Validation Accuracy: 0.1165

09/04/2023, 11:57:08# Find a better model!!
09/04/2023, 11:59:56# labels of 5000: tensor([ 71, 140, 135, 162,  49,  50, 158, 150,  25,  63, 154,  80,  82, 120,
         42, 151], device='cuda:0') torch.Size([16])
09/04/2023, 11:59:56# predicted of 5000: tensor([114,   3, 158, 114, 114, 117, 114, 114,  25, 114, 156,  99,  82,  56,
        114, 114], device='cuda:0') torch.Size([16])
09/04/2023, 12:01:46# total batches: 8300
09/04/2023, 12:01:46# Epoch 21 | Train Loss: 3.8655 | Train Accuracy: 0.1173
09/04/2023, 12:01:46# labels of Validation: tensor([ 21,  32, 107, 124,  11,  37,   8,  13,   6,  18,  15, 154,  78,  66,
        122,  29], device='cuda:0') torch.Size([16])
09/04/2023, 12:01:46# predicted of Validation: tensor([133,  95, 133,  43,  43, 133, 133,  95, 132,  43,  95, 154,  95, 131,
        122, 122], device='cuda:0') torch.Size([16])
09/04/2023, 12:01:46# labels of 0: tensor([ 21,  32, 107, 124,  11,  37,   8,  13,   6,  18,  15, 154,  78,  66,
        122,  29], device='cuda:0') torch.Size([16])
09/04/2023, 12:01:46# predicted of 0: tensor([133,  95, 133,  43,  43, 133, 133,  95, 132,  43,  95, 154,  95, 131,
        122, 122], device='cuda:0') torch.Size([16])
09/04/2023, 12:02:11# labels of Validation: tensor([101,   1, 136, 120,  70, 107,  38,  45,  50, 103,  61, 143,  52, 107,
         78,  26], device='cuda:0') torch.Size([16])
09/04/2023, 12:02:11# predicted of Validation: tensor([133,  43, 147,   0,  70, 133,  43,  95,  13, 133, 105,  43,  69, 133,
         95,  43], device='cuda:0') torch.Size([16])
09/04/2023, 12:02:12# Validation Loss: 3.8765 | Validation Accuracy: 0.1239

09/04/2023, 12:04:57# labels of 5000: tensor([142, 110,  12,  60,  34, 120,  63, 148,   5, 162, 116, 156,  31,  77,
         47,   5], device='cuda:0') torch.Size([16])
09/04/2023, 12:04:57# predicted of 5000: tensor([151,  28,  77, 151,  77, 120, 151, 151,  39,  77,  77, 156,  77, 161,
         77,  61], device='cuda:0') torch.Size([16])
09/04/2023, 12:06:48# total batches: 8300
09/04/2023, 12:06:48# Epoch 22 | Train Loss: 3.8648 | Train Accuracy: 0.1189
09/04/2023, 12:06:48# labels of Validation: tensor([  1, 151, 147, 141,  46,  48,  84,  71,  74, 145, 124, 160, 162, 146,
        147,  36], device='cuda:0') torch.Size([16])
09/04/2023, 12:06:48# predicted of Validation: tensor([139, 139, 145,  66, 139, 139, 145, 139, 139,  23, 139,  66, 139, 136,
        145, 139], device='cuda:0') torch.Size([16])
09/04/2023, 12:06:48# labels of 0: tensor([  1, 151, 147, 141,  46,  48,  84,  71,  74, 145, 124, 160, 162, 146,
        147,  36], device='cuda:0') torch.Size([16])
09/04/2023, 12:06:48# predicted of 0: tensor([139, 139, 145,  66, 139, 139, 145, 139, 139,  23, 139,  66, 139, 136,
        145, 139], device='cuda:0') torch.Size([16])
09/04/2023, 12:07:13# labels of Validation: tensor([117, 143, 113,   1, 102, 155,  90,   1, 152,  64,  38,  47, 114, 141,
         57, 123], device='cuda:0') torch.Size([16])
09/04/2023, 12:07:13# predicted of Validation: tensor([ 56, 139,  66, 139, 139,  66,  66, 139, 139,  66, 139, 139,  66,  66,
        139, 123], device='cuda:0') torch.Size([16])
09/04/2023, 12:07:14# Validation Loss: 3.8764 | Validation Accuracy: 0.1105

09/04/2023, 12:10:01# labels of 5000: tensor([130, 141, 121,  41,   8,  92, 157, 154, 137,  77, 139, 142, 118,  87,
        114, 155], device='cuda:0') torch.Size([16])
09/04/2023, 12:10:01# predicted of 5000: tensor([128, 161, 163,  59,  97, 163,  59, 154,  97, 161,  59,  59, 149, 163,
        161, 121], device='cuda:0') torch.Size([16])
09/04/2023, 12:11:49# total batches: 8300
09/04/2023, 12:11:49# Epoch 23 | Train Loss: 3.8523 | Train Accuracy: 0.1206
09/04/2023, 12:11:49# labels of Validation: tensor([  4,  35,  27,  52,  51, 104, 132,   1,  10,  33,  81,  82,  97, 121,
         97,  48], device='cuda:0') torch.Size([16])
09/04/2023, 12:11:49# predicted of Validation: tensor([ 83,  79,  79,  82, 155,  83, 132,  83,  83,  83,  83, 156,  83,  83,
         83,  83], device='cuda:0') torch.Size([16])
09/04/2023, 12:11:49# labels of 0: tensor([  4,  35,  27,  52,  51, 104, 132,   1,  10,  33,  81,  82,  97, 121,
         97,  48], device='cuda:0') torch.Size([16])
09/04/2023, 12:11:49# predicted of 0: tensor([ 83,  79,  79,  82, 155,  83, 132,  83,  83,  83,  83, 156,  83,  83,
         83,  83], device='cuda:0') torch.Size([16])
09/04/2023, 12:12:13# labels of Validation: tensor([134, 139, 143, 134,  31,  11, 119,  72,  12, 127,  43,   7, 118, 158,
          1,  99], device='cuda:0') torch.Size([16])
09/04/2023, 12:12:13# predicted of Validation: tensor([134,  83,  83, 134,  83,  83,  83,  79,  83,  79,  83,   7, 149,  83,
         83,  80], device='cuda:0') torch.Size([16])
09/04/2023, 12:12:14# Validation Loss: 3.8672 | Validation Accuracy: 0.1144

09/04/2023, 12:12:14# Find a better model!!
09/04/2023, 12:15:01# labels of 5000: tensor([132,  32,  48,  65,  79, 109,  98, 129, 120, 108,  38, 132,  74,  15,
         29, 111], device='cuda:0') torch.Size([16])
09/04/2023, 12:15:01# predicted of 5000: tensor([ 12, 159,  64,  64, 127,  64,  75, 152, 136, 152,  64, 132,  75,  62,
         29, 152], device='cuda:0') torch.Size([16])
09/04/2023, 12:16:50# total batches: 8300
09/04/2023, 12:16:50# Epoch 24 | Train Loss: 3.8432 | Train Accuracy: 0.1215
09/04/2023, 12:16:50# labels of Validation: tensor([121,  47, 149, 166, 149,  98, 144, 165,  37, 143, 141,  68,  91,  74,
         70,   3], device='cuda:0') torch.Size([16])
09/04/2023, 12:16:50# predicted of Validation: tensor([ 47,  47, 149, 108, 149,  47,  47, 165, 148,  47, 148, 148, 108,  47,
         70, 140], device='cuda:0') torch.Size([16])
09/04/2023, 12:16:50# labels of 0: tensor([121,  47, 149, 166, 149,  98, 144, 165,  37, 143, 141,  68,  91,  74,
         70,   3], device='cuda:0') torch.Size([16])
09/04/2023, 12:16:50# predicted of 0: tensor([ 47,  47, 149, 108, 149,  47,  47, 165, 148,  47, 148, 148, 108,  47,
         70, 140], device='cuda:0') torch.Size([16])
09/04/2023, 12:17:16# labels of Validation: tensor([116,   2,   1,  20,  74,  86,  52, 117, 113, 132,   2, 162, 111,   1,
         29,  80], device='cuda:0') torch.Size([16])
09/04/2023, 12:17:16# predicted of Validation: tensor([ 47,  47,  47,  47,  47,  47, 165,  13, 148, 161,  47,  47,  47,  47,
         29, 140], device='cuda:0') torch.Size([16])
09/04/2023, 12:17:17# Validation Loss: 3.8754 | Validation Accuracy: 0.1169

09/04/2023, 12:17:17# labels of Test: tensor([65, 65, 65, 65, 65, 65, 65, 65, 65, 65, 65, 65, 65, 65, 65, 65],
       device='cuda:0') torch.Size([16])
09/04/2023, 12:17:17# predicted of Test: tensor([83, 83, 83, 83, 83, 83, 83, 83, 83, 83, 83, 83, 83, 83, 83, 83],
       device='cuda:0') torch.Size([16])
09/04/2023, 12:17:17# labels of 0: tensor([65, 65, 65, 65, 65, 65, 65, 65, 65, 65, 65, 65, 65, 65, 65, 65],
       device='cuda:0') torch.Size([16])
09/04/2023, 12:17:17# predicted of 0: tensor([83, 83, 83, 83, 83, 83, 83, 83, 83, 83, 83, 83, 83, 83, 83, 83],
       device='cuda:0') torch.Size([16])
09/04/2023, 12:17:17# labels: tensor([65, 65, 65, 65, 65, 65, 65, 65, 65, 65, 65, 65, 65, 65, 65, 65],
       device='cuda:0') torch.Size([16])
09/04/2023, 12:17:17# predicted: tensor([83, 83, 83, 83, 83, 83, 83, 83, 83, 83, 83, 83, 83, 83, 83, 83],
       device='cuda:0') torch.Size([16])
09/04/2023, 12:17:42# labels of Test: tensor([162, 162, 162, 162, 162, 162, 162, 162, 162, 162, 162, 162, 162, 162,
        162, 162], device='cuda:0') torch.Size([16])
09/04/2023, 12:17:42# predicted of Test: tensor([83, 83, 83, 83, 83, 83, 83, 83, 83, 83, 83, 83, 83, 83, 83, 83],
       device='cuda:0') torch.Size([16])
09/04/2023, 12:17:42# Test Accuracy: 11.578313253012048 %



09/04/2023, 12:17:51# report path: classification_report/classification_report-secureBERT-0.xlsx
09/04/2023, 12:17:51# label path: classification_report/mapped_true_predicted_labels-secureBERT-0.xlsx
09/04/2023, 12:17:51# mapped_report:
                                                precision    recall  f1-score   support

T1003.001_0ef4cc7b-611c-4237-b20b-db36b6906554       0.50      0.14      0.22       100
    T1003.001_35d92515122effdd73801c6ac3021da7       0.00      0.00      0.00       100
    T1003.002_5a484b65c247675e3b7ada4ba648d376       0.00      0.00      0.00       100
    T1003.002_7fa4ea18694f2552547b65e23952cabb       0.06      0.45      0.11       100
    T1003.003_9f73269695e54311dd61dc68940fb3e1       0.00      0.00      0.00       100
    T1003.003_f049b89533298c2d6cd37a940248b219       0.00      0.00      0.00       100
        T1003_18f31c311ac208802e88ab8d5af8603e       0.00      0.00      0.00       100
        T1007_9d03c91bdae5a80f17f89c987942b5a8       1.00      0.96      0.98       100
    T1007_c6607391-d02c-44b5-9b13-d3492ca58599       0.00      0.00      0.00       100
        T1007_d6bb2a19da7246731ed9c44831b135f8       0.00      0.00      0.00       100
    T1016_14a21534-350f-4d83-9dd7-3c56b93a0c17       0.00      0.00      0.00       100
        T1016_71b3d2945679566b9d94d8cb11df4b70       0.00      0.00      0.00       100
        T1016_7d8ee68f0e9731db82964f558f614608       0.00      0.00      0.00       100
    T1016_921055f4-5970-4707-909e-62f594234d91       0.00      0.00      0.00       100
    T1016_a0676fe1-cd52-482e-8dde-349b73f9aa69       0.00      0.00      0.00       100
    T1016_e8017c46-acb8-400c-a4b5-b3362b5b5baa       0.00      0.00      0.00       100
    T1018_26c8b8b5-7b5b-4de1-a128-7d37fb14f517       0.00      0.00      0.00       100
        T1018_a44bb43474728496276d5d73aa14588f       0.00      0.00      0.00       100
        T1018_ac20e592bc912bddff4d6b88289095f0       0.00      0.00      0.00       100
    T1021.001_dd67068b052fa553ad4a0ac7d6a5ea89       0.03      0.05      0.03       100
    T1033_bd527b63-9f9e-46e0-9816-b8434d2b8989       0.00      0.00      0.00       100
    T1033_c0da588f-79f0-4263-8998-7496b1a40596       0.00      0.00      0.00       100
    T1036.003_04e8d83e7badf098d50800d6aa1dd487       0.49      0.24      0.32       100
    T1036.003_f5ef8466e5ebcd2ae03f338d9416069c       0.31      0.58      0.40       100
    T1036.004_1f0614ea5c4af6faf1b44570f5f22f8a       0.00      0.00      0.00       100
    T1036.004_7de3d7b4922a7b996d8df36fb22bb118       0.00      0.00      0.00       100
    T1037.001_62cfa90fb03a6bc1a6ebcce8a3ea81b7       0.64      0.27      0.38       100
        T1040_6881a4589710d53f0c146e91db513f01       0.08      0.02      0.03       100
        T1047_09e0f9cf2eb803a1c35deeecf3665fad       0.00      0.00      0.00       100
        T1047_6935e41353aa781bb723462d26114c44       0.00      0.00      0.00       100
        T1047_ac122553ab4426ea3362bb4a97d31bfd       0.00      0.00      0.00       100
        T1047_ac2764f7a67a9ce92b54e8e59b361838       0.00      0.00      0.00       100
        T1047_b0255b5120cbabc062d8d4510a142c3b       0.00      0.00      0.00       100
        T1047_ed736a123da6fb2aab22cfd4f437e8b5       0.00      0.00      0.00       100
        T1047_f4b0b4129560ea66f9751275e82f6bab       0.00      0.00      0.00       100
    T1049_638fb6bb-ba39-4285-93d1-7e4775b033a8       0.00      0.00      0.00       100
        T1049_a14392d713dffba6a397682ff83259a0       0.00      0.00      0.00       100
    T1053.005_5db2884b6ca3ab932848f295a3896dc0       0.00      0.00      0.00       100
    T1053.005_ee454be9197890de62705ce6255933fd       0.01      1.00      0.03       100
T1055.001_a74bc239-a196-4f7e-8d5c-fe8c0266071c       0.00      0.00      0.00       100
T1055.002_e5bcefee-262d-4568-a261-e8a20855ec81       0.00      0.00      0.00       100
    T1057_5a39d7ed-45c9-4a79-b581-e5fb99e24f65       0.00      0.00      0.00       100
    T1057_8adf02e8-6e71-4244-886c-98c402857404       0.00      0.00      0.00       100
        T1057_b2a1e430ca6d36eb5af2fe666e769847       0.00      0.00      0.00       100
        T1057_f8de05d1741dcc468f772ab0ff4dac72       0.00      0.00      0.00       100
T1059.001_55678719-e76e-4df9-92aa-10655bbd1cf4       0.00      0.00      0.00       100
    T1059.001_6efbccc1869e8cd618c0d3ecda407d5f       0.40      0.04      0.07       100
T1059.001_702bfdd2-9947-4eda-b551-c3a1ea9a59a2       0.04      0.02      0.03       100
T1059.001_bfff9006-d1fb-46ce-b173-92cb04e9a031       0.86      0.85      0.85       100
T1059.001_ccdb8caf-c69e-424b-b930-551969450c57       0.00      0.00      0.00       100
T1059.001_e5f9de8f-3df1-4e78-ad92-a784e3f6770d       0.00      0.00      0.00       100
    T1059.003_6c318ef0339d74d909ad556681b6493e       0.00      0.00      0.00       100
    T1059.003_f38e58deb7ad20b5538ca40db7b7b4f8       0.00      0.00      0.00       100
T1069.001_5c4dd985-89e3-4590-9b57-71fed66ff4e2       0.12      0.22      0.16       100
    T1069.001_a1f48fa3ddee658b29b414523c9a295b       0.00      0.00      0.00       100
    T1069.002_6103e503cb444bc7b4187704f2035708       0.00      0.00      0.00       100
    T1070.005_1f91076e2be2014cc7b4f1296de02fd6       0.03      0.01      0.01       100
    T1071.001_24c3b7b004401d839a5c337201da3484       0.56      0.05      0.09       100
T1074.001_4e97e699-93d7-4040-b5a3-2e906a58199e       0.00      0.00      0.00       100
T1074.001_6469befa-748a-4b9c-a96d-f191fde47d89       0.00      0.00      0.00       100
    T1074.001_e6dfc7e89359ac6fa6de84b0e1d5762e       0.00      0.00      0.00       100
    T1078.001_d0ca00832890baa1d42322cf70fcab1a       0.00      0.00      0.00       100
    T1082_29451844-9b76-4e16-a9ee-d6feab4b24db       0.00      0.00      0.00       100
    T1083_52177cc1-b9ab-4411-ac21-2eadc4b5d3b8       0.00      0.00      0.00       100
    T1083_6e1a53c0-7352-4899-be35-fa7f364d5722       0.00      0.00      0.00       100
    T1087.001_6334877e8e3ba48f7835d4856d90a282       0.00      0.00      0.00       100
T1087.001_feaced8f-f43f-452a-9500-a5219488abb8       0.00      0.00      0.00       100
    T1090.001_ba343199a4f15ed6b57eb52412f62e4e       0.00      0.00      0.00       100
        T1105_0856c235a1d26113d4f2d92e39c9a9f8       0.50      0.79      0.61       100
        T1105_1095434782a00c8a4772a11e625bcf5d       0.04      0.07      0.05       100
        T1105_4f683658f161ccdc51337c470d32bab9       0.00      0.00      0.00       100
    T1105_60f63260-39bb-4136-87a0-b6c2dca799fc       0.52      0.30      0.38       100
        T1105_c521e0a70b243a0cf9217907ca3c6d27       0.67      0.02      0.04       100
        T1105_c76968acda4aa1673dadcd67f3ab7664       0.19      0.07      0.10       100
        T1105_e6715e61f5df646692c624b3499384c4       0.37      0.57      0.45       100
    T1105_eb814e03-811a-467a-bc6d-dcd453750fa2       0.00      0.00      0.00       100
        T1112_257313a3c93e3bb7dfb60d6753b09e34       0.07      0.31      0.11       100
        T1112_34041639e6e501856ecaf5969ee29c76       0.00      0.00      0.00       100
        T1112_35c0360d226cf38104f300d9d57ce60e       0.00      0.00      0.00       100
        T1112_4bfb5f265a5ce07af6bf10da113af7db       0.03      0.02      0.02       100
        T1112_7fe6a66d03f4dbfc022609ba311c2b11       0.00      0.00      0.00       100
        T1112_ba6f6214dbd17c54001e0a163b60f151       0.00      0.00      0.00       100
        T1112_cab7b85611a290c0769546bfa9d6f962       0.20      0.01      0.02       100
        T1112_cd8be0e6b873919da25530a2c7ea6750       0.00      0.00      0.00       100
        T1112_e74d2fb4ef5fa6c766a4151554033697       0.00      0.00      0.00       100
        T1112_e7a987cbef27263e666e5b096488dc55       0.93      0.98      0.96       100
        T1112_fa4ba6a06b4a5cd955ea5a60fae24281       0.12      0.01      0.02       100
        T1112_fd992e8ecfdac9b56dd6868904044827       0.00      0.00      0.00       100
    T1113_316251ed-6a28-4013-812b-ddf5b5b007f8       0.00      0.00      0.00       100
        T1115_70795de7cbb842edb029b3378c27c008       0.50      0.73      0.59       100
    T1115_b007fe0c-c6b0-4fda-915c-255bbc070de2       0.00      0.00      0.00       100
        T1119_344e7eaf650763e0d3e9f02e62c1cf4b       0.00      0.00      0.00       100
        T1119_7121cdf93b951311be9d7078c602efdc       0.59      0.13      0.21       100
        T1120_7b9c7afaefa59aab759b49af0d699ac1       0.00      0.00      0.00       100
        T1123_372e6f46fca18e4f1b43209c20ffafa2       0.04      0.16      0.07       100
    T1124_fa6e8607-e0b1-425d-8924-9b894da5a002       0.00      0.00      0.00       100
        T1125_da86001b5081fcf773d8e62f22cf2b00       0.07      0.03      0.04       100
    T1135_530e47c6-8592-42bf-91df-c59ffbd8541b       0.00      0.00      0.00       100
    T1135_deeac480-5c2a-42b5-90bb-41675ee53c7e       0.00      0.00      0.00       100
    T1137.002_e2af3c3ab1b0f659c874b8af58c49759       0.11      0.18      0.14       100
        T1137_12ad9edefc86af07700fbf49bfdac6ba       0.17      0.01      0.02       100
        T1201_38f6f0e50a6b196140ec40d3dc9cc9e6       0.00      0.00      0.00       100
        T1201_57296a2ddbeb7423c05feef2fe972111       0.00      0.00      0.00       100
    T1204.002_522f3f35cd013e63830fa555495a0081       0.58      1.00      0.74       100
        T1217_69bbe2183fa09c00ccaac62d48e214f8       0.03      1.00      0.06       100
        T1217_f7a0f7d704aa52a764d9d1bee81e65d6       0.00      0.00      0.00       100
        T1219_7dabcbecab0334b115feefab1630f84a       0.99      0.70      0.82       100
        T1219_af8cb2bf9b436aae5c106a0a9c207e14       0.51      0.97      0.67       100
        T1219_f1b3fca18d7465cd10e5a7477a3bf97d       0.66      0.21      0.32       100
    T1482_6131397e-7765-424e-a594-3d7fb2d93a6a       0.00      0.00      0.00       100
        T1482_cfb61005899996469ae3023796792ca5       0.00      0.00      0.00       100
        T1486_d82ceb9939d3d920ee550187ad8235c8       0.00      0.00      0.00       100
        T1490_2d53d6fabd39bf9c70b0dfcdfbbc926d       0.00      0.00      0.00       100
        T1490_8467c994685ccf178db166964bd80fab       0.00      0.00      0.00       100
        T1490_9e5e4c0655fd1b5be88bd40b8251175f       0.00      0.00      0.00       100
        T1490_c156ac5c9fa67080365268d95f29053d       0.00      0.00      0.00       100
        T1490_c8f329d2847ede593b6cb4a1ec6120fb       0.12      0.12      0.12       100
        T1490_e90756bb6dcd21462dc4cc452661df91       0.00      0.00      0.00       100
    T1491_47d08617-5ce1-424a-8cc5-c9c978ce6bf9       0.00      0.00      0.00       100
    T1491_68235976-2404-42a8-9105-68230cfef562       0.00      0.00      0.00       100
    T1496_46da2385-cf37-49cb-ba4b-a739c7a19de4       0.88      0.99      0.93       100
T1497.001_1258b063-27d6-489b-a677-4807faacf868       0.00      0.00      0.00       100
T1497.001_5dc841fd-28ad-40e2-b10e-fb007fe09e81       0.00      0.00      0.00       100
T1497.001_7a6ba833-de40-466a-8969-5c37b13603e0       0.00      0.00      0.00       100
    T1499_2fe2d5e6-7b06-4fc0-bf71-6966a1226731       0.00      0.00      0.00       100
T1518.001_2dece965-37a0-4f70-a391-0f30e3331aba       0.00      0.00      0.00       100
    T1518.001_33a24ff44719e6ac0614b58f8c9a7c72       0.00      0.00      0.00       100
    T1518.001_b8453a5fe06b24aea12b27592d5c3d3a       0.00      0.00      0.00       100
        T1518_8ddfaf982ab359cda13626b870ccb339       0.00      0.00      0.00       100
    T1518_c9be8043-a445-4cbf-b77b-ed7bb007fc7c       0.00      0.00      0.00       100
        T1531_aa6b15485a5f50ced34d87fda177b758       0.00      0.00      0.00       100
        T1531_b25ae80dad74142fafb510e9c1949ace       0.00      0.00      0.00       100
    T1546.013_f9a968af61d36983448c74cca5464e17       1.00      0.99      0.99       100
    T1547.001_0dbdf1a2a87e718a6ac8a8e3415a7fac       0.18      0.15      0.16       100
    T1547.001_163b023f43aba758d36f524d146cb8ea       0.25      0.21      0.23       100
    T1547.001_1f15ab22c39a9b6bb2bb0d77276dfcb3       0.00      0.00      0.00       100
    T1547.001_4b71ebb2f6f6a01235ba240fa40ce978       0.00      0.00      0.00       100
    T1547.001_777043894e42d2aae3881e63f6c76d33       0.00      0.00      0.00       100
    T1547.001_d3ef4145e4144fd694514b1c5cc17350       0.00      0.00      0.00       100
    T1547.004_0856714c9810ac55b53e9964d02958a0       0.00      0.00      0.00       100
    T1547.004_aa147165f6c116cb0b0f944abe1db8ce       0.00      0.00      0.00       100
    T1547.009_501af516bd8b24fee0c7c650ae5cc861       0.00      0.00      0.00       100
    T1547.009_b6e5c895c6709fe289352ee23f062229       0.00      0.00      0.00       100
    T1547.010_4593d72a5145e3f494421ac772d37464       0.20      0.25      0.22       100
        T1547_fe9eeee9a7b339089e5fa634b08522c1       0.89      0.70      0.78       100
T1548.002_665432a4-42e7-4ee1-af19-a9a8c9455d0c       0.00      0.00      0.00       100
    T1552.002_3e5b04b8ee0a1a4950da8f35d95e65fc       0.00      0.00      0.00       100
        T1560_a1ee301b0508747b468d578a14e5c1a5       0.50      1.00      0.67       100
    T1562.001_43e3334362b140924f001b256b229ee5       0.00      0.00      0.00       100
    T1562.002_6a8d25d65a7d481dc479f89c62af1e6a       0.11      0.32      0.16       100
    T1562.002_94f51bf01a7036fe02d07b4c18967669       0.00      0.00      0.00       100
    T1562.004_280003641a5cddf916c4f2bf605a71d3       0.00      0.00      0.00       100
    T1562.004_41627f71f968225b9f162cb76d16bd9d       0.00      0.00      0.00       100
    T1562.004_5b93df032e230056c21a3e57334f77d1       0.00      0.00      0.00       100
    T1562.004_8d0a4585e7c4646185a912b14cd9cb46       0.00      0.00      0.00       100
    T1562.004_8fe59e288f10a486dc8b44bc872019ff       0.00      0.00      0.00       100
    T1564.001_66a5fd5f244819181f074dd082a28905       0.00      0.00      0.00       100
    T1564.001_dce51e632abdfe5392c7c1f942ac9273       0.00      0.00      0.00       100
    T1564.003_9a2edad4053a2b59fb9167a9bc29e7dc       0.04      0.30      0.07       100
    T1564.004_28862487a99f5f89bc0d68c87396c7e9       0.00      0.00      0.00       100
    T1564.004_76b6066fe170d38215251102e42be973       0.00      0.00      0.00       100
        T1564_dedfa0a54c9c13ce5714a0dc2e1f5d1a       0.00      0.00      0.00       100
    T1566.001_1afaec09315ab71fdfb167175e8a019a       0.00      0.00      0.00       100
    T1574.001_63bbedafba2f541552ac3579e9e3737b       0.80      0.99      0.89       100
    T1574.011_72249c1e9ffe7d8f30243d838e0791ca       0.14      0.03      0.05       100
                                        benign       0.00      0.00      0.00       100

                                      accuracy                           0.12     16600
                                     macro avg       0.11      0.12      0.09     16600
                                  weighted avg       0.11      0.12      0.09     16600

09/04/2023, 12:17:51# labels of Test: tensor([65, 65, 65, 65, 65, 65, 65, 65, 65, 65, 65, 65, 65, 65, 65, 65],
       device='cuda:0') torch.Size([16])
09/04/2023, 12:17:51# predicted of Test: tensor([83, 83, 83, 83, 83, 83, 83, 83, 83, 83, 83, 83, 83, 83, 83, 83],
       device='cuda:0') torch.Size([16])
09/04/2023, 12:17:51# labels of 0: tensor([65, 65, 65, 65, 65, 65, 65, 65, 65, 65, 65, 65, 65, 65, 65, 65],
       device='cuda:0') torch.Size([16])
09/04/2023, 12:17:51# predicted of 0: tensor([83, 83, 83, 83, 83, 83, 83, 83, 83, 83, 83, 83, 83, 83, 83, 83],
       device='cuda:0') torch.Size([16])
09/04/2023, 12:17:51# labels: tensor([65, 65, 65, 65, 65, 65, 65, 65, 65, 65, 65, 65, 65, 65, 65, 65],
       device='cuda:0') torch.Size([16])
09/04/2023, 12:17:51# predicted: tensor([83, 83, 83, 83, 83, 83, 83, 83, 83, 83, 83, 83, 83, 83, 83, 83],
       device='cuda:0') torch.Size([16])
09/04/2023, 12:18:14# labels of Test: tensor([162, 162, 162, 162, 162, 162, 162, 162, 162, 162, 162, 162, 162, 162,
        162, 162], device='cuda:0') torch.Size([16])
09/04/2023, 12:18:14# predicted of Test: tensor([83, 83, 83, 83, 83, 83, 83, 83, 83, 83, 83, 83, 83, 83, 83, 83],
       device='cuda:0') torch.Size([16])
09/04/2023, 12:18:15# Test Accuracy: 11.578313253012048 %



09/04/2023, 12:18:17# report path: classification_report/classification_report-secureBERT_150-0.xlsx
09/04/2023, 12:18:17# label path: classification_report/mapped_true_predicted_labels-secureBERT_150-0.xlsx
09/04/2023, 12:18:18# mapped_report:
                                                precision    recall  f1-score   support

T1003.001_0ef4cc7b-611c-4237-b20b-db36b6906554       0.50      0.14      0.22       100
    T1003.001_35d92515122effdd73801c6ac3021da7       0.00      0.00      0.00       100
    T1003.002_5a484b65c247675e3b7ada4ba648d376       0.00      0.00      0.00       100
    T1003.002_7fa4ea18694f2552547b65e23952cabb       0.06      0.45      0.11       100
    T1003.003_9f73269695e54311dd61dc68940fb3e1       0.00      0.00      0.00       100
    T1003.003_f049b89533298c2d6cd37a940248b219       0.00      0.00      0.00       100
        T1003_18f31c311ac208802e88ab8d5af8603e       0.00      0.00      0.00       100
        T1007_9d03c91bdae5a80f17f89c987942b5a8       1.00      0.96      0.98       100
    T1007_c6607391-d02c-44b5-9b13-d3492ca58599       0.00      0.00      0.00       100
        T1007_d6bb2a19da7246731ed9c44831b135f8       0.00      0.00      0.00       100
    T1016_14a21534-350f-4d83-9dd7-3c56b93a0c17       0.00      0.00      0.00       100
        T1016_71b3d2945679566b9d94d8cb11df4b70       0.00      0.00      0.00       100
        T1016_7d8ee68f0e9731db82964f558f614608       0.00      0.00      0.00       100
    T1016_921055f4-5970-4707-909e-62f594234d91       0.00      0.00      0.00       100
    T1016_a0676fe1-cd52-482e-8dde-349b73f9aa69       0.00      0.00      0.00       100
    T1016_e8017c46-acb8-400c-a4b5-b3362b5b5baa       0.00      0.00      0.00       100
    T1018_26c8b8b5-7b5b-4de1-a128-7d37fb14f517       0.00      0.00      0.00       100
        T1018_a44bb43474728496276d5d73aa14588f       0.00      0.00      0.00       100
        T1018_ac20e592bc912bddff4d6b88289095f0       0.00      0.00      0.00       100
    T1021.001_dd67068b052fa553ad4a0ac7d6a5ea89       0.03      0.05      0.03       100
    T1033_bd527b63-9f9e-46e0-9816-b8434d2b8989       0.00      0.00      0.00       100
    T1033_c0da588f-79f0-4263-8998-7496b1a40596       0.00      0.00      0.00       100
    T1036.003_04e8d83e7badf098d50800d6aa1dd487       0.49      0.24      0.32       100
    T1036.003_f5ef8466e5ebcd2ae03f338d9416069c       0.31      0.58      0.40       100
    T1036.004_1f0614ea5c4af6faf1b44570f5f22f8a       0.00      0.00      0.00       100
    T1036.004_7de3d7b4922a7b996d8df36fb22bb118       0.00      0.00      0.00       100
    T1037.001_62cfa90fb03a6bc1a6ebcce8a3ea81b7       0.64      0.27      0.38       100
        T1040_6881a4589710d53f0c146e91db513f01       0.08      0.02      0.03       100
        T1047_09e0f9cf2eb803a1c35deeecf3665fad       0.00      0.00      0.00       100
        T1047_6935e41353aa781bb723462d26114c44       0.00      0.00      0.00       100
        T1047_ac122553ab4426ea3362bb4a97d31bfd       0.00      0.00      0.00       100
        T1047_ac2764f7a67a9ce92b54e8e59b361838       0.00      0.00      0.00       100
        T1047_b0255b5120cbabc062d8d4510a142c3b       0.00      0.00      0.00       100
        T1047_ed736a123da6fb2aab22cfd4f437e8b5       0.00      0.00      0.00       100
        T1047_f4b0b4129560ea66f9751275e82f6bab       0.00      0.00      0.00       100
    T1049_638fb6bb-ba39-4285-93d1-7e4775b033a8       0.00      0.00      0.00       100
        T1049_a14392d713dffba6a397682ff83259a0       0.00      0.00      0.00       100
    T1053.005_5db2884b6ca3ab932848f295a3896dc0       0.00      0.00      0.00       100
    T1053.005_ee454be9197890de62705ce6255933fd       0.01      1.00      0.03       100
T1055.001_a74bc239-a196-4f7e-8d5c-fe8c0266071c       0.00      0.00      0.00       100
T1055.002_e5bcefee-262d-4568-a261-e8a20855ec81       0.00      0.00      0.00       100
    T1057_5a39d7ed-45c9-4a79-b581-e5fb99e24f65       0.00      0.00      0.00       100
    T1057_8adf02e8-6e71-4244-886c-98c402857404       0.00      0.00      0.00       100
        T1057_b2a1e430ca6d36eb5af2fe666e769847       0.00      0.00      0.00       100
        T1057_f8de05d1741dcc468f772ab0ff4dac72       0.00      0.00      0.00       100
T1059.001_55678719-e76e-4df9-92aa-10655bbd1cf4       0.00      0.00      0.00       100
    T1059.001_6efbccc1869e8cd618c0d3ecda407d5f       0.40      0.04      0.07       100
T1059.001_702bfdd2-9947-4eda-b551-c3a1ea9a59a2       0.04      0.02      0.03       100
T1059.001_bfff9006-d1fb-46ce-b173-92cb04e9a031       0.86      0.85      0.85       100
T1059.001_ccdb8caf-c69e-424b-b930-551969450c57       0.00      0.00      0.00       100
T1059.001_e5f9de8f-3df1-4e78-ad92-a784e3f6770d       0.00      0.00      0.00       100
    T1059.003_6c318ef0339d74d909ad556681b6493e       0.00      0.00      0.00       100
    T1059.003_f38e58deb7ad20b5538ca40db7b7b4f8       0.00      0.00      0.00       100
T1069.001_5c4dd985-89e3-4590-9b57-71fed66ff4e2       0.12      0.22      0.16       100
    T1069.001_a1f48fa3ddee658b29b414523c9a295b       0.00      0.00      0.00       100
    T1069.002_6103e503cb444bc7b4187704f2035708       0.00      0.00      0.00       100
    T1070.005_1f91076e2be2014cc7b4f1296de02fd6       0.03      0.01      0.01       100
    T1071.001_24c3b7b004401d839a5c337201da3484       0.56      0.05      0.09       100
T1074.001_4e97e699-93d7-4040-b5a3-2e906a58199e       0.00      0.00      0.00       100
T1074.001_6469befa-748a-4b9c-a96d-f191fde47d89       0.00      0.00      0.00       100
    T1074.001_e6dfc7e89359ac6fa6de84b0e1d5762e       0.00      0.00      0.00       100
    T1078.001_d0ca00832890baa1d42322cf70fcab1a       0.00      0.00      0.00       100
    T1082_29451844-9b76-4e16-a9ee-d6feab4b24db       0.00      0.00      0.00       100
    T1083_52177cc1-b9ab-4411-ac21-2eadc4b5d3b8       0.00      0.00      0.00       100
    T1083_6e1a53c0-7352-4899-be35-fa7f364d5722       0.00      0.00      0.00       100
    T1087.001_6334877e8e3ba48f7835d4856d90a282       0.00      0.00      0.00       100
T1087.001_feaced8f-f43f-452a-9500-a5219488abb8       0.00      0.00      0.00       100
    T1090.001_ba343199a4f15ed6b57eb52412f62e4e       0.00      0.00      0.00       100
        T1105_0856c235a1d26113d4f2d92e39c9a9f8       0.50      0.79      0.61       100
        T1105_1095434782a00c8a4772a11e625bcf5d       0.04      0.07      0.05       100
        T1105_4f683658f161ccdc51337c470d32bab9       0.00      0.00      0.00       100
    T1105_60f63260-39bb-4136-87a0-b6c2dca799fc       0.52      0.30      0.38       100
        T1105_c521e0a70b243a0cf9217907ca3c6d27       0.67      0.02      0.04       100
        T1105_c76968acda4aa1673dadcd67f3ab7664       0.19      0.07      0.10       100
        T1105_e6715e61f5df646692c624b3499384c4       0.37      0.57      0.45       100
    T1105_eb814e03-811a-467a-bc6d-dcd453750fa2       0.00      0.00      0.00       100
        T1112_257313a3c93e3bb7dfb60d6753b09e34       0.07      0.31      0.11       100
        T1112_34041639e6e501856ecaf5969ee29c76       0.00      0.00      0.00       100
        T1112_35c0360d226cf38104f300d9d57ce60e       0.00      0.00      0.00       100
        T1112_4bfb5f265a5ce07af6bf10da113af7db       0.03      0.02      0.02       100
        T1112_7fe6a66d03f4dbfc022609ba311c2b11       0.00      0.00      0.00       100
        T1112_ba6f6214dbd17c54001e0a163b60f151       0.00      0.00      0.00       100
        T1112_cab7b85611a290c0769546bfa9d6f962       0.20      0.01      0.02       100
        T1112_cd8be0e6b873919da25530a2c7ea6750       0.00      0.00      0.00       100
        T1112_e74d2fb4ef5fa6c766a4151554033697       0.00      0.00      0.00       100
        T1112_e7a987cbef27263e666e5b096488dc55       0.93      0.98      0.96       100
        T1112_fa4ba6a06b4a5cd955ea5a60fae24281       0.12      0.01      0.02       100
        T1112_fd992e8ecfdac9b56dd6868904044827       0.00      0.00      0.00       100
    T1113_316251ed-6a28-4013-812b-ddf5b5b007f8       0.00      0.00      0.00       100
        T1115_70795de7cbb842edb029b3378c27c008       0.50      0.73      0.59       100
    T1115_b007fe0c-c6b0-4fda-915c-255bbc070de2       0.00      0.00      0.00       100
        T1119_344e7eaf650763e0d3e9f02e62c1cf4b       0.00      0.00      0.00       100
        T1119_7121cdf93b951311be9d7078c602efdc       0.59      0.13      0.21       100
        T1120_7b9c7afaefa59aab759b49af0d699ac1       0.00      0.00      0.00       100
        T1123_372e6f46fca18e4f1b43209c20ffafa2       0.04      0.16      0.07       100
    T1124_fa6e8607-e0b1-425d-8924-9b894da5a002       0.00      0.00      0.00       100
        T1125_da86001b5081fcf773d8e62f22cf2b00       0.07      0.03      0.04       100
    T1135_530e47c6-8592-42bf-91df-c59ffbd8541b       0.00      0.00      0.00       100
    T1135_deeac480-5c2a-42b5-90bb-41675ee53c7e       0.00      0.00      0.00       100
    T1137.002_e2af3c3ab1b0f659c874b8af58c49759       0.11      0.18      0.14       100
        T1137_12ad9edefc86af07700fbf49bfdac6ba       0.17      0.01      0.02       100
        T1201_38f6f0e50a6b196140ec40d3dc9cc9e6       0.00      0.00      0.00       100
        T1201_57296a2ddbeb7423c05feef2fe972111       0.00      0.00      0.00       100
    T1204.002_522f3f35cd013e63830fa555495a0081       0.58      1.00      0.74       100
        T1217_69bbe2183fa09c00ccaac62d48e214f8       0.03      1.00      0.06       100
        T1217_f7a0f7d704aa52a764d9d1bee81e65d6       0.00      0.00      0.00       100
        T1219_7dabcbecab0334b115feefab1630f84a       0.99      0.70      0.82       100
        T1219_af8cb2bf9b436aae5c106a0a9c207e14       0.51      0.97      0.67       100
        T1219_f1b3fca18d7465cd10e5a7477a3bf97d       0.66      0.21      0.32       100
    T1482_6131397e-7765-424e-a594-3d7fb2d93a6a       0.00      0.00      0.00       100
        T1482_cfb61005899996469ae3023796792ca5       0.00      0.00      0.00       100
        T1486_d82ceb9939d3d920ee550187ad8235c8       0.00      0.00      0.00       100
        T1490_2d53d6fabd39bf9c70b0dfcdfbbc926d       0.00      0.00      0.00       100
        T1490_8467c994685ccf178db166964bd80fab       0.00      0.00      0.00       100
        T1490_9e5e4c0655fd1b5be88bd40b8251175f       0.00      0.00      0.00       100
        T1490_c156ac5c9fa67080365268d95f29053d       0.00      0.00      0.00       100
        T1490_c8f329d2847ede593b6cb4a1ec6120fb       0.12      0.12      0.12       100
        T1490_e90756bb6dcd21462dc4cc452661df91       0.00      0.00      0.00       100
    T1491_47d08617-5ce1-424a-8cc5-c9c978ce6bf9       0.00      0.00      0.00       100
    T1491_68235976-2404-42a8-9105-68230cfef562       0.00      0.00      0.00       100
    T1496_46da2385-cf37-49cb-ba4b-a739c7a19de4       0.88      0.99      0.93       100
T1497.001_1258b063-27d6-489b-a677-4807faacf868       0.00      0.00      0.00       100
T1497.001_5dc841fd-28ad-40e2-b10e-fb007fe09e81       0.00      0.00      0.00       100
T1497.001_7a6ba833-de40-466a-8969-5c37b13603e0       0.00      0.00      0.00       100
    T1499_2fe2d5e6-7b06-4fc0-bf71-6966a1226731       0.00      0.00      0.00       100
T1518.001_2dece965-37a0-4f70-a391-0f30e3331aba       0.00      0.00      0.00       100
    T1518.001_33a24ff44719e6ac0614b58f8c9a7c72       0.00      0.00      0.00       100
    T1518.001_b8453a5fe06b24aea12b27592d5c3d3a       0.00      0.00      0.00       100
        T1518_8ddfaf982ab359cda13626b870ccb339       0.00      0.00      0.00       100
    T1518_c9be8043-a445-4cbf-b77b-ed7bb007fc7c       0.00      0.00      0.00       100
        T1531_aa6b15485a5f50ced34d87fda177b758       0.00      0.00      0.00       100
        T1531_b25ae80dad74142fafb510e9c1949ace       0.00      0.00      0.00       100
    T1546.013_f9a968af61d36983448c74cca5464e17       1.00      0.99      0.99       100
    T1547.001_0dbdf1a2a87e718a6ac8a8e3415a7fac       0.18      0.15      0.16       100
    T1547.001_163b023f43aba758d36f524d146cb8ea       0.25      0.21      0.23       100
    T1547.001_1f15ab22c39a9b6bb2bb0d77276dfcb3       0.00      0.00      0.00       100
    T1547.001_4b71ebb2f6f6a01235ba240fa40ce978       0.00      0.00      0.00       100
    T1547.001_777043894e42d2aae3881e63f6c76d33       0.00      0.00      0.00       100
    T1547.001_d3ef4145e4144fd694514b1c5cc17350       0.00      0.00      0.00       100
    T1547.004_0856714c9810ac55b53e9964d02958a0       0.00      0.00      0.00       100
    T1547.004_aa147165f6c116cb0b0f944abe1db8ce       0.00      0.00      0.00       100
    T1547.009_501af516bd8b24fee0c7c650ae5cc861       0.00      0.00      0.00       100
    T1547.009_b6e5c895c6709fe289352ee23f062229       0.00      0.00      0.00       100
    T1547.010_4593d72a5145e3f494421ac772d37464       0.20      0.25      0.22       100
        T1547_fe9eeee9a7b339089e5fa634b08522c1       0.89      0.70      0.78       100
T1548.002_665432a4-42e7-4ee1-af19-a9a8c9455d0c       0.00      0.00      0.00       100
    T1552.002_3e5b04b8ee0a1a4950da8f35d95e65fc       0.00      0.00      0.00       100
        T1560_a1ee301b0508747b468d578a14e5c1a5       0.50      1.00      0.67       100
    T1562.001_43e3334362b140924f001b256b229ee5       0.00      0.00      0.00       100
    T1562.002_6a8d25d65a7d481dc479f89c62af1e6a       0.11      0.32      0.16       100
    T1562.002_94f51bf01a7036fe02d07b4c18967669       0.00      0.00      0.00       100
    T1562.004_280003641a5cddf916c4f2bf605a71d3       0.00      0.00      0.00       100
    T1562.004_41627f71f968225b9f162cb76d16bd9d       0.00      0.00      0.00       100
    T1562.004_5b93df032e230056c21a3e57334f77d1       0.00      0.00      0.00       100
    T1562.004_8d0a4585e7c4646185a912b14cd9cb46       0.00      0.00      0.00       100
    T1562.004_8fe59e288f10a486dc8b44bc872019ff       0.00      0.00      0.00       100
    T1564.001_66a5fd5f244819181f074dd082a28905       0.00      0.00      0.00       100
    T1564.001_dce51e632abdfe5392c7c1f942ac9273       0.00      0.00      0.00       100
    T1564.003_9a2edad4053a2b59fb9167a9bc29e7dc       0.04      0.30      0.07       100
    T1564.004_28862487a99f5f89bc0d68c87396c7e9       0.00      0.00      0.00       100
    T1564.004_76b6066fe170d38215251102e42be973       0.00      0.00      0.00       100
        T1564_dedfa0a54c9c13ce5714a0dc2e1f5d1a       0.00      0.00      0.00       100
    T1566.001_1afaec09315ab71fdfb167175e8a019a       0.00      0.00      0.00       100
    T1574.001_63bbedafba2f541552ac3579e9e3737b       0.80      0.99      0.89       100
    T1574.011_72249c1e9ffe7d8f30243d838e0791ca       0.14      0.03      0.05       100
                                        benign       0.00      0.00      0.00       100

                                      accuracy                           0.12     16600
                                     macro avg       0.11      0.12      0.09     16600
                                  weighted avg       0.11      0.12      0.09     16600

