09/18/2023, 14:36:18# labels of 5000: tensor([126,   8,  63,  92, 158,  76, 130,  85, 166,  99, 101,  45, 137,   8,
        151,  33], device='cuda:1') torch.Size([16])
09/18/2023, 14:36:18# predicted of 5000: tensor([ 39, 131,  63,  93,  21, 107,  56,  85, 166,  99, 161,  95,  20,  93,
        131, 131], device='cuda:1') torch.Size([16])
09/18/2023, 14:38:12# total batches: 8300
09/18/2023, 14:38:12# Epoch 0 | Train Loss: 3.7201 | Train Accuracy: 0.2360
09/18/2023, 14:38:12# labels of Validation: tensor([ 34, 124,  14,   9,  96,  64,  21,  38,  97,  80, 151,  67,  93,   7,
         71,  67], device='cuda:1') torch.Size([16])
09/18/2023, 14:38:12# predicted of Validation: tensor([ 59,  71,  41, 110,  25, 148,  66,  41, 135,  80, 121,  78, 131,   7,
         71,  78], device='cuda:1') torch.Size([16])
09/18/2023, 14:38:12# labels of 0: tensor([ 34, 124,  14,   9,  96,  64,  21,  38,  97,  80, 151,  67,  93,   7,
         71,  67], device='cuda:1') torch.Size([16])
09/18/2023, 14:38:12# predicted of 0: tensor([ 59,  71,  41, 110,  25, 148,  66,  41, 135,  80, 121,  78, 131,   7,
         71,  78], device='cuda:1') torch.Size([16])
09/18/2023, 14:38:41# labels of Validation: tensor([ 34,  61, 107,  39, 153, 107, 164, 143,  39,  39,  51,   6,  19, 126,
        102, 133], device='cuda:1') torch.Size([16])
09/18/2023, 14:38:41# predicted of Validation: tensor([121,  50, 107,  39, 153, 107, 121, 121,  39,  39,  51,   6,  19,  32,
         98, 133], device='cuda:1') torch.Size([16])
09/18/2023, 14:38:42# Validation Loss: 2.6726 | Validation Accuracy: 0.4742

09/18/2023, 14:38:42# Find a better model!!
09/18/2023, 14:41:42# labels of 5000: tensor([ 26,  32,  49, 156, 145, 136,  38, 158,   1, 123, 111,  92, 115, 114,
         56,   2], device='cuda:1') torch.Size([16])
09/18/2023, 14:41:42# predicted of 5000: tensor([ 26,  32, 158, 156, 145, 136, 158, 125, 155, 123,  57, 158, 115, 131,
         56,  42], device='cuda:1') torch.Size([16])
09/18/2023, 14:43:38# total batches: 8300
09/18/2023, 14:43:38# Epoch 1 | Train Loss: 2.1285 | Train Accuracy: 0.5600
09/18/2023, 14:43:39# labels of Validation: tensor([ 74,   0, 120,  25, 150,  26,  82,  88, 143,   0, 109, 158,   4,  48,
         28,  66], device='cuda:1') torch.Size([16])
09/18/2023, 14:43:39# predicted of Validation: tensor([ 36,   0, 120,  25, 124,  26,  82,  91,   8,   0, 116,  36, 144,  36,
         28,  66], device='cuda:1') torch.Size([16])
09/18/2023, 14:43:39# labels of 0: tensor([ 74,   0, 120,  25, 150,  26,  82,  88, 143,   0, 109, 158,   4,  48,
         28,  66], device='cuda:1') torch.Size([16])
09/18/2023, 14:43:39# predicted of 0: tensor([ 36,   0, 120,  25, 124,  26,  82,  91,   8,   0, 116,  36, 144,  36,
         28,  66], device='cuda:1') torch.Size([16])
09/18/2023, 14:44:10# labels of Validation: tensor([110,  83, 145, 111,  27,  40, 105,  98, 111,  47, 124,  35,  45, 156,
        144,  76], device='cuda:1') torch.Size([16])
09/18/2023, 14:44:10# predicted of Validation: tensor([ 91,  44, 145,  44,  27,  40, 105,  98,  44,  44,  44,  35,  45, 156,
         37,  36], device='cuda:1') torch.Size([16])
09/18/2023, 14:44:12# Validation Loss: 1.8193 | Validation Accuracy: 0.5909

09/18/2023, 14:44:12# Find a better model!!
09/18/2023, 14:47:10# labels of 5000: tensor([ 58,  16, 159, 117, 135, 117,  48, 153,  10,  40,  44,  87,  51,  59,
        152, 140], device='cuda:1') torch.Size([16])
09/18/2023, 14:47:10# predicted of 5000: tensor([ 58,  16, 159, 117, 135, 117,  11, 153,  10,  40,  37,  55,  51, 131,
         11, 140], device='cuda:1') torch.Size([16])
09/18/2023, 14:49:10# total batches: 8300
09/18/2023, 14:49:10# Epoch 2 | Train Loss: 1.7046 | Train Accuracy: 0.5981
09/18/2023, 14:49:11# labels of Validation: tensor([ 43,  78,  58,  53, 141,  35,  43,  87,  24, 138,  39, 165,  61,  15,
         66,  24], device='cuda:1') torch.Size([16])
09/18/2023, 14:49:11# predicted of Validation: tensor([ 43,  67,  58,   4, 141,  35,  43,   4, 116, 138,  39, 165,  61,  15,
         66,   4], device='cuda:1') torch.Size([16])
09/18/2023, 14:49:11# labels of 0: tensor([ 43,  78,  58,  53, 141,  35,  43,  87,  24, 138,  39, 165,  61,  15,
         66,  24], device='cuda:1') torch.Size([16])
09/18/2023, 14:49:11# predicted of 0: tensor([ 43,  67,  58,   4, 141,  35,  43,   4, 116, 138,  39, 165,  61,  15,
         66,   4], device='cuda:1') torch.Size([16])
09/18/2023, 14:49:41# labels of Validation: tensor([ 44, 164,  14,  35,  16, 153, 119,  49, 102,  68,  87, 141,   4, 145,
         58, 140], device='cuda:1') torch.Size([16])
09/18/2023, 14:49:41# predicted of Validation: tensor([  4,  31, 150,  35,  16, 153, 116,  42, 102, 108, 116, 141, 116, 145,
         58, 140], device='cuda:1') torch.Size([16])
09/18/2023, 14:49:42# Validation Loss: 1.6324 | Validation Accuracy: 0.6020

09/18/2023, 14:49:42# Find a better model!!
09/18/2023, 14:52:42# labels of 5000: tensor([ 28,  19,  49,  68,  25,  50, 112,  92, 115,  73,  62,  46, 148, 122,
        130,  54], device='cuda:1') torch.Size([16])
09/18/2023, 14:52:42# predicted of 5000: tensor([ 28,  19,  76, 103,  25,  50, 152, 152, 115,  73,  62,  46, 148, 122,
        130, 152], device='cuda:1') torch.Size([16])
09/18/2023, 14:54:41# total batches: 8300
09/18/2023, 14:54:41# Epoch 3 | Train Loss: 1.6005 | Train Accuracy: 0.6041
09/18/2023, 14:54:41# labels of Validation: tensor([ 58,  37,  53, 125, 150,   4,  76, 137,   2,  47,  46,  63,  50,  39,
         47,  96], device='cuda:1') torch.Size([16])
09/18/2023, 14:54:41# predicted of Validation: tensor([ 58,  37, 114,   1, 151, 151,   1, 137, 151,   1,  46,  63,  50,  39,
        151,  96], device='cuda:1') torch.Size([16])
09/18/2023, 14:54:41# labels of 0: tensor([ 58,  37,  53, 125, 150,   4,  76, 137,   2,  47,  46,  63,  50,  39,
         47,  96], device='cuda:1') torch.Size([16])
09/18/2023, 14:54:41# predicted of 0: tensor([ 58,  37, 114,   1, 151, 151,   1, 137, 151,   1,  46,  63,  50,  39,
        151,  96], device='cuda:1') torch.Size([16])
09/18/2023, 14:55:12# labels of Validation: tensor([ 51,  34, 150,  91,  15,  20, 152, 164,  46, 119, 125,  29, 153, 134,
        148, 150], device='cuda:1') torch.Size([16])
09/18/2023, 14:55:12# predicted of Validation: tensor([ 51,   1, 151, 114,  15,  20,   1, 151,  46, 151, 151,  29, 153, 134,
        148,   1], device='cuda:1') torch.Size([16])
09/18/2023, 14:55:13# Validation Loss: 1.5761 | Validation Accuracy: 0.6043

09/18/2023, 14:55:13# Find a better model!!
09/18/2023, 14:58:14# labels of 5000: tensor([162, 108,  27, 111, 155,  56, 128,  96,  34, 137, 151, 162, 143, 117,
        161,  81], device='cuda:1') torch.Size([16])
09/18/2023, 14:58:14# predicted of 5000: tensor([ 87, 108,  27,  31, 155,  56, 128,  96,   4, 137,  87,  31,  87, 117,
        161,  87], device='cuda:1') torch.Size([16])
09/18/2023, 15:00:14# total batches: 8300
09/18/2023, 15:00:14# Epoch 4 | Train Loss: 1.5566 | Train Accuracy: 0.6068
09/18/2023, 15:00:14# labels of Validation: tensor([118, 115,   8,  29, 158, 161,  98, 156,  30, 124,  23,  13,  74,  71,
        134,  83], device='cuda:1') torch.Size([16])
09/18/2023, 15:00:14# predicted of Validation: tensor([118, 115,  90,  29, 111, 161,  98, 156, 111,  30,  23,  13, 111,  71,
        134, 111], device='cuda:1') torch.Size([16])
09/18/2023, 15:00:14# labels of 0: tensor([118, 115,   8,  29, 158, 161,  98, 156,  30, 124,  23,  13,  74,  71,
        134,  83], device='cuda:1') torch.Size([16])
09/18/2023, 15:00:14# predicted of 0: tensor([118, 115,  90,  29, 111, 161,  98, 156, 111,  30,  23,  13, 111,  71,
        134, 111], device='cuda:1') torch.Size([16])
09/18/2023, 15:00:48# labels of Validation: tensor([ 65, 101,  26, 145,  16,  79,  92, 104, 115,  27, 122,  85,  77,  34,
         19, 131], device='cuda:1') torch.Size([16])
09/18/2023, 15:00:48# predicted of Validation: tensor([ 65, 101,  26, 145,  16,  79, 111, 111, 115,  27, 122,  85,  77, 111,
         19, 131], device='cuda:1') torch.Size([16])
09/18/2023, 15:00:48# Validation Loss: 1.5394 | Validation Accuracy: 0.6074

09/18/2023, 15:00:48# Find a better model!!
09/18/2023, 15:03:49# labels of 5000: tensor([151, 147,  98, 141,   6, 104,  34,   6, 139,  73, 154, 155,  97,   0,
         27,  51], device='cuda:1') torch.Size([16])
09/18/2023, 15:03:49# predicted of 5000: tensor([ 60, 147,  98, 141,   6,  60,  55,   6, 139,  73, 154, 155,  38,   0,
         27,  51], device='cuda:1') torch.Size([16])
09/18/2023, 15:05:45# total batches: 8300
09/18/2023, 15:05:45# Epoch 5 | Train Loss: 1.5306 | Train Accuracy: 0.6092
09/18/2023, 15:05:45# labels of Validation: tensor([ 43, 155,  61,  48, 127,  97,  88,  52, 161, 148,  91,  51,  35,  95,
         64, 101], device='cuda:1') torch.Size([16])
09/18/2023, 15:05:45# predicted of Validation: tensor([ 43, 155,  61, 111, 127,  33,  59,  52, 161, 148,  59,  51,  35,  95,
         90, 101], device='cuda:1') torch.Size([16])
09/18/2023, 15:05:45# labels of 0: tensor([ 43, 155,  61,  48, 127,  97,  88,  52, 161, 148,  91,  51,  35,  95,
         64, 101], device='cuda:1') torch.Size([16])
09/18/2023, 15:05:45# predicted of 0: tensor([ 43, 155,  61, 111, 127,  33,  59,  52, 161, 148,  59,  51,  35,  95,
         90, 101], device='cuda:1') torch.Size([16])
09/18/2023, 15:06:16# labels of Validation: tensor([ 83, 120, 127,  71,  29,  39, 108, 129,  19, 100, 160,  68,  67,  10,
         60,  38], device='cuda:1') torch.Size([16])
09/18/2023, 15:06:16# predicted of Validation: tensor([111, 120, 127,  71,  29,  39, 108, 129,  19, 100, 160,  59,  78,  10,
        111, 111], device='cuda:1') torch.Size([16])
09/18/2023, 15:06:18# Validation Loss: 1.5206 | Validation Accuracy: 0.6092

09/18/2023, 15:06:18# Find a better model!!
09/18/2023, 15:09:16# labels of 5000: tensor([139, 163, 126,  27, 159, 112,  41,  72,  82, 162,  23, 143,  25, 165,
         82, 166], device='cuda:1') torch.Size([16])
09/18/2023, 15:09:16# predicted of 5000: tensor([139,  30, 126,  27, 159,  30,  41,  72,  82, 104,  23, 151,  25, 165,
         82, 166], device='cuda:1') torch.Size([16])
09/18/2023, 15:11:08# total batches: 8300
09/18/2023, 15:11:08# Epoch 6 | Train Loss: 1.5134 | Train Accuracy: 0.6109
09/18/2023, 15:11:08# labels of Validation: tensor([102, 130,  62,  19, 114,  95,  43,  86, 120,  49, 135, 152, 133,  81,
         52,  84], device='cuda:1') torch.Size([16])
09/18/2023, 15:11:08# predicted of Validation: tensor([102, 130,  62,  19, 113,  95,  43,  86, 120, 152, 135, 150, 133, 125,
         52,  84], device='cuda:1') torch.Size([16])
09/18/2023, 15:11:08# labels of 0: tensor([102, 130,  62,  19, 114,  95,  43,  86, 120,  49, 135, 152, 133,  81,
         52,  84], device='cuda:1') torch.Size([16])
09/18/2023, 15:11:08# predicted of 0: tensor([102, 130,  62,  19, 113,  95,  43,  86, 120, 152, 135, 150, 133, 125,
         52,  84], device='cuda:1') torch.Size([16])
09/18/2023, 15:11:36# labels of Validation: tensor([112, 133, 160,  15, 126,   5, 110, 110,  88,  76, 141,  83,  69,  71,
         50,  16], device='cuda:1') torch.Size([16])
09/18/2023, 15:11:36# predicted of Validation: tensor([125, 133, 160,  15, 126,   5, 113, 113, 113, 150, 141, 150,  69,  71,
         50,  16], device='cuda:1') torch.Size([16])
09/18/2023, 15:11:38# Validation Loss: 1.5046 | Validation Accuracy: 0.6128

09/18/2023, 15:11:38# Find a better model!!
09/18/2023, 15:14:29# labels of 5000: tensor([ 29,  67, 134, 119,  75, 133, 121,  27, 148, 139,  30,  97,  33, 123,
         71, 144], device='cuda:1') torch.Size([16])
09/18/2023, 15:14:29# predicted of 5000: tensor([ 29,  67, 134, 164, 143, 133, 164,  27, 148, 139, 143, 143, 143, 123,
         71, 143], device='cuda:1') torch.Size([16])
09/18/2023, 15:16:25# total batches: 8300
09/18/2023, 15:16:25# Epoch 7 | Train Loss: 1.5010 | Train Accuracy: 0.6113
09/18/2023, 15:16:25# labels of Validation: tensor([149, 150,  86, 119,  29, 140,  19,   5,  18,  11, 123, 158,  16,  28,
         24, 126], device='cuda:1') torch.Size([16])
09/18/2023, 15:16:25# predicted of Validation: tensor([149, 162,  86, 162,  29, 140,  19,   5, 162, 162, 123, 162,  16,  28,
        162, 126], device='cuda:1') torch.Size([16])
09/18/2023, 15:16:25# labels of 0: tensor([149, 150,  86, 119,  29, 140,  19,   5,  18,  11, 123, 158,  16,  28,
         24, 126], device='cuda:1') torch.Size([16])
09/18/2023, 15:16:25# predicted of 0: tensor([149, 162,  86, 162,  29, 140,  19,   5, 162, 162, 123, 162,  16,  28,
        162, 126], device='cuda:1') torch.Size([16])
09/18/2023, 15:16:53# labels of Validation: tensor([143,  11, 110,  29,  82,  10,  61, 158,  10,  87,  90,  94,  69,  66,
         32, 120], device='cuda:1') torch.Size([16])
09/18/2023, 15:16:53# predicted of Validation: tensor([162, 162, 114,  29,  82,  10,  61, 162,  10, 162, 114,  94,  69,  66,
         32, 120], device='cuda:1') torch.Size([16])
09/18/2023, 15:16:54# Validation Loss: 1.5041 | Validation Accuracy: 0.6136

09/18/2023, 15:16:54# Find a better model!!
09/18/2023, 15:19:46# labels of 5000: tensor([131,  65,  35,   5, 145, 159,  29, 165, 156,  95,  46,  90,  93, 150,
        100,  45], device='cuda:1') torch.Size([16])
09/18/2023, 15:19:46# predicted of 5000: tensor([131,  65,  35,   5, 145, 159,  29, 165, 156,  95,  46, 114, 114, 150,
        100,  45], device='cuda:1') torch.Size([16])
09/18/2023, 15:21:37# total batches: 8300
09/18/2023, 15:21:37# Epoch 8 | Train Loss: 1.4926 | Train Accuracy: 0.6127
09/18/2023, 15:21:37# labels of Validation: tensor([107,   2, 112,  62,  85,  63, 113, 153, 115,  48,  23,  36,  58, 131,
         55,   5], device='cuda:1') torch.Size([16])
09/18/2023, 15:21:37# predicted of Validation: tensor([107, 116, 116,  62,  85,  63, 114, 153, 115, 150,  23, 116,  58, 131,
        116,   5], device='cuda:1') torch.Size([16])
09/18/2023, 15:21:37# labels of 0: tensor([107,   2, 112,  62,  85,  63, 113, 153, 115,  48,  23,  36,  58, 131,
         55,   5], device='cuda:1') torch.Size([16])
09/18/2023, 15:21:37# predicted of 0: tensor([107, 116, 116,  62,  85,  63, 114, 153, 115, 150,  23, 116,  58, 131,
        116,   5], device='cuda:1') torch.Size([16])
09/18/2023, 15:22:04# labels of Validation: tensor([166, 148,   3,   2, 152,  25,  48, 158, 140, 122,  13,   0,  59,   8,
         62, 136], device='cuda:1') torch.Size([16])
09/18/2023, 15:22:04# predicted of Validation: tensor([166, 148,   3, 116, 116,  25, 116, 116, 140, 122,  13,   0,  59,  90,
         62, 136], device='cuda:1') torch.Size([16])
09/18/2023, 15:22:05# Validation Loss: 1.4842 | Validation Accuracy: 0.6130

09/18/2023, 15:22:05# Find a better model!!
09/18/2023, 15:25:00# labels of 5000: tensor([139, 166, 133,  11, 132,   0,  48,  86,  87, 155,   4, 135,  16, 166,
         74,  29], device='cuda:1') torch.Size([16])
09/18/2023, 15:25:00# predicted of 5000: tensor([139, 166, 133,   2, 132,   0,   2,  86,   2, 155,   2, 135,  16, 166,
          2,  29], device='cuda:1') torch.Size([16])
09/18/2023, 15:26:58# total batches: 8300
09/18/2023, 15:26:58# Epoch 9 | Train Loss: 1.4854 | Train Accuracy: 0.6140
09/18/2023, 15:26:58# labels of Validation: tensor([142,  10, 126,  97, 129,  69, 156,  38,  59, 104, 130,  97,  50,  30,
          1,  61], device='cuda:1') torch.Size([16])
09/18/2023, 15:26:58# predicted of Validation: tensor([ 38,  10, 126, 104, 129,  69, 156,  55,  91,  54, 130,  30,  50,  38,
        104,  61], device='cuda:1') torch.Size([16])
09/18/2023, 15:26:58# labels of 0: tensor([142,  10, 126,  97, 129,  69, 156,  38,  59, 104, 130,  97,  50,  30,
          1,  61], device='cuda:1') torch.Size([16])
09/18/2023, 15:26:58# predicted of 0: tensor([ 38,  10, 126, 104, 129,  69, 156,  55,  91,  54, 130,  30,  50,  38,
        104,  61], device='cuda:1') torch.Size([16])
09/18/2023, 15:27:29# labels of Validation: tensor([154,  40, 103,  62,  89, 143,  23, 115,  54, 114,  26,  20,  56,  17,
          5, 111], device='cuda:1') torch.Size([16])
09/18/2023, 15:27:29# predicted of Validation: tensor([154,  40,  68,  62,  89,  54,  23, 115,  54,  68,  26,  20,  56,  17,
          5, 104], device='cuda:1') torch.Size([16])
09/18/2023, 15:27:30# Validation Loss: 1.4845 | Validation Accuracy: 0.6150

09/18/2023, 15:30:22# labels of 5000: tensor([ 31,  97, 111, 164,  77,  26,  93, 108,  70,  94, 101,  65,  33, 129,
        126,  40], device='cuda:1') torch.Size([16])
09/18/2023, 15:30:22# predicted of 5000: tensor([ 83,  83, 163, 121,  77,  26,  93, 131,  70,  94, 101,  65, 125, 129,
        126,  40], device='cuda:1') torch.Size([16])
09/18/2023, 15:32:15# total batches: 8300
09/18/2023, 15:32:15# Epoch 10 | Train Loss: 1.4798 | Train Accuracy: 0.6144
09/18/2023, 15:32:15# labels of Validation: tensor([158, 140,  45,  82,  35,  17,  19,  95,  30,  32, 157,  12, 157, 157,
         72,  10], device='cuda:1') torch.Size([16])
09/18/2023, 15:32:15# predicted of Validation: tensor([121, 140,  45,  82,  35,  17,  19,  95,  49,  32,  49,  49,  49, 109,
         72,  10], device='cuda:1') torch.Size([16])
09/18/2023, 15:32:15# labels of 0: tensor([158, 140,  45,  82,  35,  17,  19,  95,  30,  32, 157,  12, 157, 157,
         72,  10], device='cuda:1') torch.Size([16])
09/18/2023, 15:32:15# predicted of 0: tensor([121, 140,  45,  82,  35,  17,  19,  95,  49,  32,  49,  49,  49, 109,
         72,  10], device='cuda:1') torch.Size([16])
09/18/2023, 15:32:43# labels of Validation: tensor([ 32,  71, 104, 131,  55, 141, 151, 110,  50,  25,  61,  44,  10, 160,
        132, 156], device='cuda:1') torch.Size([16])
09/18/2023, 15:32:43# predicted of Validation: tensor([ 32,  71, 121, 131,  49, 141,  49, 113,  50,  25,  61,  49,  10, 160,
        132, 156], device='cuda:1') torch.Size([16])
09/18/2023, 15:32:44# Validation Loss: 1.4785 | Validation Accuracy: 0.6155

09/18/2023, 15:32:44# Find a better model!!
09/18/2023, 15:35:37# labels of 5000: tensor([ 73, 143,  65,  99, 119, 118, 165, 128,  86,  57,  53,   3,  56, 123,
        102,  11], device='cuda:1') torch.Size([16])
09/18/2023, 15:35:37# predicted of 5000: tensor([ 73,  76,  65,  99, 152, 118, 165, 128,  86,  76,  76,   3,  56, 123,
        102,  76], device='cuda:1') torch.Size([16])
09/18/2023, 15:37:34# total batches: 8300
09/18/2023, 15:37:34# Epoch 11 | Train Loss: 1.4752 | Train Accuracy: 0.6158
09/18/2023, 15:37:34# labels of Validation: tensor([ 28,  93,  63,  38,  69, 121, 103, 157,  93, 119, 140, 163,  29,  28,
         62, 160], device='cuda:1') torch.Size([16])
09/18/2023, 15:37:34# predicted of Validation: tensor([ 28,  93,  63, 124,  69, 116,  93, 124,  93, 124, 140, 124,  29,  28,
         62, 160], device='cuda:1') torch.Size([16])
09/18/2023, 15:37:34# labels of 0: tensor([ 28,  93,  63,  38,  69, 121, 103, 157,  93, 119, 140, 163,  29,  28,
         62, 160], device='cuda:1') torch.Size([16])
09/18/2023, 15:37:34# predicted of 0: tensor([ 28,  93,  63, 124,  69, 116,  93, 124,  93, 124, 140, 124,  29,  28,
         62, 160], device='cuda:1') torch.Size([16])
09/18/2023, 15:38:03# labels of Validation: tensor([ 60, 157,  54,   0,   8,  59,  31,  46,  21,  40,  65,   8,  15,  86,
        118,  19], device='cuda:1') torch.Size([16])
09/18/2023, 15:38:03# predicted of Validation: tensor([124, 124, 124,   0,  93, 108, 151,  46,  21,  40,  65,  93,  15,  86,
        118,  19], device='cuda:1') torch.Size([16])
09/18/2023, 15:38:04# Validation Loss: 1.4752 | Validation Accuracy: 0.6172

09/18/2023, 15:38:04# Find a better model!!
09/18/2023, 15:41:00# labels of 5000: tensor([ 60, 118, 158,  31,   2, 117,  51,  98, 156, 101, 163,  95, 140,  54,
         45, 143], device='cuda:1') torch.Size([16])
09/18/2023, 15:41:00# predicted of 5000: tensor([ 57, 118,  34, 121,  75, 117,  51,  98, 156, 101,  34,  95, 140, 121,
         45,  75], device='cuda:1') torch.Size([16])
09/18/2023, 15:42:56# total batches: 8300
09/18/2023, 15:42:56# Epoch 12 | Train Loss: 1.4722 | Train Accuracy: 0.6155
09/18/2023, 15:42:56# labels of Validation: tensor([112,  47,  30, 155, 145,  72,   5, 127,  17, 138, 132,  94, 131, 124,
        157,  54], device='cuda:1') torch.Size([16])
09/18/2023, 15:42:56# predicted of Validation: tensor([162, 162, 152, 155, 145,  72,   5, 127,  17, 138, 132,  94, 131,  54,
        162, 162], device='cuda:1') torch.Size([16])
09/18/2023, 15:42:56# labels of 0: tensor([112,  47,  30, 155, 145,  72,   5, 127,  17, 138, 132,  94, 131, 124,
        157,  54], device='cuda:1') torch.Size([16])
09/18/2023, 15:42:56# predicted of 0: tensor([162, 162, 152, 155, 145,  72,   5, 127,  17, 138, 132,  94, 131,  54,
        162, 162], device='cuda:1') torch.Size([16])
09/18/2023, 15:43:25# labels of Validation: tensor([ 90,  38,  54, 156, 120, 132,  83, 123,  30,  94,  67,  62,  49,  20,
         29,   1], device='cuda:1') torch.Size([16])
09/18/2023, 15:43:25# predicted of Validation: tensor([113, 152,  76, 156, 120, 132,  76, 123, 152,  94,  67,  62, 152,  20,
         29,  54], device='cuda:1') torch.Size([16])
09/18/2023, 15:43:25# Validation Loss: 1.4705 | Validation Accuracy: 0.6167

09/18/2023, 15:43:25# Find a better model!!
09/18/2023, 15:46:20# labels of 5000: tensor([  3,   0,  40, 148, 130,  47,  37,  98,   1, 109, 127, 105, 145, 120,
         28,  55], device='cuda:1') torch.Size([16])
09/18/2023, 15:46:20# predicted of 5000: tensor([  3,   0,  40, 148, 130,  92,  37,  98,  83,  83, 127, 105, 145, 120,
         28,  83], device='cuda:1') torch.Size([16])
09/18/2023, 15:48:16# total batches: 8300
09/18/2023, 15:48:16# Epoch 13 | Train Loss: 1.4689 | Train Accuracy: 0.6171
09/18/2023, 15:48:16# labels of Validation: tensor([  9,  87, 112, 115,  71, 115,   0, 106, 162,  85,  40,  43,  17, 143,
         32, 160], device='cuda:1') torch.Size([16])
09/18/2023, 15:48:16# predicted of Validation: tensor([ 36,  36,  36, 115,  71, 115,   0, 106,  36,  85,  40,  43,  17,  36,
         32, 160], device='cuda:1') torch.Size([16])
09/18/2023, 15:48:16# labels of 0: tensor([  9,  87, 112, 115,  71, 115,   0, 106, 162,  85,  40,  43,  17, 143,
         32, 160], device='cuda:1') torch.Size([16])
09/18/2023, 15:48:16# predicted of 0: tensor([ 36,  36,  36, 115,  71, 115,   0, 106,  36,  85,  40,  43,  17,  36,
         32, 160], device='cuda:1') torch.Size([16])
09/18/2023, 15:48:44# labels of Validation: tensor([123, 138,  53, 124,  48,  65,  32,  31,  89,  37, 110,  75,  40, 101,
         21,  29], device='cuda:1') torch.Size([16])
09/18/2023, 15:48:44# predicted of Validation: tensor([123, 138,  24,  36,  36,  65,  32,  36,  89,  37,  64,  36,  40, 101,
         21,  29], device='cuda:1') torch.Size([16])
09/18/2023, 15:48:45# Validation Loss: 1.4710 | Validation Accuracy: 0.6159

09/18/2023, 15:51:39# labels of 5000: tensor([102,  99,  12,  83,  84, 149,  15, 141, 156,  53,  41, 163,  87,  56,
         99,  63], device='cuda:1') torch.Size([16])
09/18/2023, 15:51:39# predicted of 5000: tensor([102,  99, 151, 151,  84, 149,  15, 141, 156, 151,  41, 162, 162,  56,
         99,  63], device='cuda:1') torch.Size([16])
09/18/2023, 15:53:31# total batches: 8300
09/18/2023, 15:53:31# Epoch 14 | Train Loss: 1.4668 | Train Accuracy: 0.6171
09/18/2023, 15:53:31# labels of Validation: tensor([165, 120, 141, 139, 132,  51,  52,  18, 146, 161, 154, 126, 155, 121,
         70,  35], device='cuda:1') torch.Size([16])
09/18/2023, 15:53:31# predicted of Validation: tensor([165, 120, 141, 139, 132,  51,  52,  97, 146, 161, 154, 126, 155,  97,
         70,  35], device='cuda:1') torch.Size([16])
09/18/2023, 15:53:31# labels of 0: tensor([165, 120, 141, 139, 132,  51,  52,  18, 146, 161, 154, 126, 155, 121,
         70,  35], device='cuda:1') torch.Size([16])
09/18/2023, 15:53:31# predicted of 0: tensor([165, 120, 141, 139, 132,  51,  52,  97, 146, 161, 154, 126, 155,  97,
         70,  35], device='cuda:1') torch.Size([16])
09/18/2023, 15:53:59# labels of Validation: tensor([ 81, 150,  11,  48, 149,   8, 146, 152,  30, 108, 159,   7,  66,  10,
        144,  98], device='cuda:1') torch.Size([16])
09/18/2023, 15:53:59# predicted of Validation: tensor([ 42,  97,  76,  97, 149,  68, 146,  42,  97, 131, 159,   7,  66,  10,
         97,  98], device='cuda:1') torch.Size([16])
09/18/2023, 15:54:00# Validation Loss: 1.4678 | Validation Accuracy: 0.6171

09/18/2023, 15:54:00# Find a better model!!
09/18/2023, 15:56:46# labels of 5000: tensor([106,  44, 127,   4, 120, 127,   4, 160,  56,  72,   6,  17,  10,  31,
        106,  91], device='cuda:1') torch.Size([16])
09/18/2023, 15:56:46# predicted of 5000: tensor([106,  97, 127,  83, 120, 127,  83, 160,  56,  72,   6,  17,  10,  83,
        106,  59], device='cuda:1') torch.Size([16])
09/18/2023, 15:58:01# total batches: 8300
09/18/2023, 15:58:01# Epoch 15 | Train Loss: 1.4646 | Train Accuracy: 0.6177
09/18/2023, 15:58:02# labels of Validation: tensor([120, 125, 152,  90,  55,  56,  33, 109,  96, 124,  21, 117,   1, 124,
         35,  76], device='cuda:1') torch.Size([16])
09/18/2023, 15:58:02# predicted of Validation: tensor([120,  54, 158, 110,  54,  56,  54,  54,  96, 162,  21, 117,  54,  54,
         35,  54], device='cuda:1') torch.Size([16])
09/18/2023, 15:58:02# labels of 0: tensor([120, 125, 152,  90,  55,  56,  33, 109,  96, 124,  21, 117,   1, 124,
         35,  76], device='cuda:1') torch.Size([16])
09/18/2023, 15:58:02# predicted of 0: tensor([120,  54, 158, 110,  54,  56,  54,  54,  96, 162,  21, 117,  54,  54,
         35,  54], device='cuda:1') torch.Size([16])
09/18/2023, 15:58:19# labels of Validation: tensor([121,  73,   8,  60, 144,   4, 105, 155,  34, 123,  58, 143,  97, 117,
        109,   2], device='cuda:1') torch.Size([16])
09/18/2023, 15:58:19# predicted of Validation: tensor([ 54,  73, 110,  14,  54,  54, 105, 155, 111, 123,  58,  54, 158, 117,
         54,  54], device='cuda:1') torch.Size([16])
09/18/2023, 15:58:19# Validation Loss: 1.4641 | Validation Accuracy: 0.6164

09/18/2023, 15:58:19# Find a better model!!
09/18/2023, 16:00:09# labels of 5000: tensor([112, 131,  41, 118, 100,  71, 134, 116,  62,  18, 138, 136,  13,  77,
         98,  19], device='cuda:1') torch.Size([16])
09/18/2023, 16:00:09# predicted of 5000: tensor([150, 131,  41, 118, 100,  71, 134, 150,  62,  49, 138, 136,  13,  77,
         98,  19], device='cuda:1') torch.Size([16])
09/18/2023, 16:01:06# total batches: 8300
09/18/2023, 16:01:06# Epoch 16 | Train Loss: 1.4627 | Train Accuracy: 0.6183
09/18/2023, 16:01:06# labels of Validation: tensor([ 99, 148, 121,  84,  96, 105,  99, 163,  92, 133, 163, 116, 162,  51,
         64,  16], device='cuda:1') torch.Size([16])
09/18/2023, 16:01:06# predicted of Validation: tensor([ 99, 148, 143,  84,  96, 105,  99, 150, 150, 133, 124, 150, 150,  51,
         88,  16], device='cuda:1') torch.Size([16])
09/18/2023, 16:01:06# labels of 0: tensor([ 99, 148, 121,  84,  96, 105,  99, 163,  92, 133, 163, 116, 162,  51,
         64,  16], device='cuda:1') torch.Size([16])
09/18/2023, 16:01:06# predicted of 0: tensor([ 99, 148, 143,  84,  96, 105,  99, 150, 150, 133, 124, 150, 150,  51,
         88,  16], device='cuda:1') torch.Size([16])
09/18/2023, 16:01:20# labels of Validation: tensor([120,  70, 105,  71, 146,  78,  71,  39, 119,  87,  60,   8,  40, 104,
         86, 116], device='cuda:1') torch.Size([16])
09/18/2023, 16:01:20# predicted of Validation: tensor([120,  70, 105,  71, 146,  78,  71,  39, 143, 150, 143,  88,  40, 150,
         86, 150], device='cuda:1') torch.Size([16])
09/18/2023, 16:01:20# Validation Loss: 1.4660 | Validation Accuracy: 0.6195

09/18/2023, 16:02:48# labels of 5000: tensor([147, 114,  53,   3, 162, 143, 113, 117, 130, 120, 148,   1, 145,  63,
        143,  62], device='cuda:1') torch.Size([16])
09/18/2023, 16:02:48# predicted of 5000: tensor([147, 114, 163,   3, 152, 163, 113, 117, 130, 120, 148, 163, 145,  63,
        163,  62], device='cuda:1') torch.Size([16])
09/18/2023, 16:03:45# total batches: 8300
09/18/2023, 16:03:45# Epoch 17 | Train Loss: 1.4615 | Train Accuracy: 0.6181
09/18/2023, 16:03:45# labels of Validation: tensor([125,  14, 128, 106,  62,  80, 108,  41, 159, 163,  80, 104, 135,  91,
         83, 107], device='cuda:1') torch.Size([16])
09/18/2023, 16:03:45# predicted of Validation: tensor([111, 111, 128, 106,  62,  80,  91,  41, 159, 111,  80, 111, 135,  59,
        111, 107], device='cuda:1') torch.Size([16])
09/18/2023, 16:03:45# labels of 0: tensor([125,  14, 128, 106,  62,  80, 108,  41, 159, 163,  80, 104, 135,  91,
         83, 107], device='cuda:1') torch.Size([16])
09/18/2023, 16:03:45# predicted of 0: tensor([111, 111, 128, 106,  62,  80,  91,  41, 159, 111,  80, 111, 135,  59,
        111, 107], device='cuda:1') torch.Size([16])
09/18/2023, 16:03:58# labels of Validation: tensor([155,  14,  18, 114,  72,   4,  39,  44,  75,  41,  41, 121,  18,  18,
        113, 164], device='cuda:1') torch.Size([16])
09/18/2023, 16:03:58# predicted of Validation: tensor([155, 111, 111,  64,  72, 111,  39, 111, 111,  41,  41, 111, 111, 111,
          8, 111], device='cuda:1') torch.Size([16])
09/18/2023, 16:03:59# Validation Loss: 1.4633 | Validation Accuracy: 0.6189

09/18/2023, 16:03:59# Find a better model!!
09/18/2023, 16:05:26# labels of 5000: tensor([114,  42,  89, 152,  97, 153, 132,  98,  15,  56, 112, 114, 103,  34,
         33,   5], device='cuda:1') torch.Size([16])
09/18/2023, 16:05:27# predicted of 5000: tensor([ 64,  75,  89,  75,  75, 153, 132,  98,  15,  56,  75,  64,  64,  75,
         75,   5], device='cuda:1') torch.Size([16])
09/18/2023, 16:06:24# total batches: 8300
09/18/2023, 16:06:24# Epoch 18 | Train Loss: 1.4603 | Train Accuracy: 0.6172
09/18/2023, 16:06:24# labels of Validation: tensor([119,  36,   5,  79, 130,  90,  85,  39, 100,  16,  87, 150, 133, 119,
        154, 104], device='cuda:1') torch.Size([16])
09/18/2023, 16:06:24# predicted of Validation: tensor([  2,   2,   5,  79, 130, 114,  85,  39, 100,  16,   2,   2, 133,   2,
        154,   2], device='cuda:1') torch.Size([16])
09/18/2023, 16:06:24# labels of 0: tensor([119,  36,   5,  79, 130,  90,  85,  39, 100,  16,  87, 150, 133, 119,
        154, 104], device='cuda:1') torch.Size([16])
09/18/2023, 16:06:24# predicted of 0: tensor([  2,   2,   5,  79, 130, 114,  85,  39, 100,  16,   2,   2, 133,   2,
        154,   2], device='cuda:1') torch.Size([16])
09/18/2023, 16:06:40# labels of Validation: tensor([146,  97,  62,  28, 113,  74, 134,   9,   8, 128,  58, 152,  94, 153,
        152, 135], device='cuda:1') torch.Size([16])
09/18/2023, 16:06:40# predicted of Validation: tensor([146,   2,  62,  28, 114,   2, 134,  12, 114, 128,  58,   2,  94, 153,
          2, 135], device='cuda:1') torch.Size([16])
09/18/2023, 16:06:40# Validation Loss: 1.4624 | Validation Accuracy: 0.6158

09/18/2023, 16:06:40# Find a better model!!
09/18/2023, 16:07:29# labels of Test: tensor([65, 65, 65, 65, 65, 65, 65, 65, 65, 65, 65, 65, 65, 65, 65, 65],
       device='cuda:1') torch.Size([16])
09/18/2023, 16:07:29# predicted of Test: tensor([65, 65, 65, 65, 65, 65, 65, 65, 65, 65, 65, 65, 65, 65, 65, 65],
       device='cuda:1') torch.Size([16])
09/18/2023, 16:07:29# labels of 0: tensor([65, 65, 65, 65, 65, 65, 65, 65, 65, 65, 65, 65, 65, 65, 65, 65],
       device='cuda:1') torch.Size([16])
09/18/2023, 16:07:29# predicted of 0: tensor([65, 65, 65, 65, 65, 65, 65, 65, 65, 65, 65, 65, 65, 65, 65, 65],
       device='cuda:1') torch.Size([16])
09/18/2023, 16:07:29# labels: tensor([65, 65, 65, 65, 65, 65, 65, 65, 65, 65, 65, 65, 65, 65, 65, 65],
       device='cuda:1') torch.Size([16])
09/18/2023, 16:07:29# predicted: tensor([65, 65, 65, 65, 65, 65, 65, 65, 65, 65, 65, 65, 65, 65, 65, 65],
       device='cuda:1') torch.Size([16])
09/18/2023, 16:07:43# labels of Test: tensor([162, 162, 162, 162, 162, 162, 162, 162, 162, 162, 162, 162, 162, 162,
        162, 162], device='cuda:1') torch.Size([16])
09/18/2023, 16:07:43# predicted of Test: tensor([76,  2,  2,  2,  2, 76,  2,  2,  2, 76,  2,  2,  2,  2,  2,  2],
       device='cuda:1') torch.Size([16])
09/18/2023, 16:07:44# Test Accuracy: 61.6144578313253 %



09/18/2023, 16:07:45# report path: classification_report/classification_report-transH_50-graphSAGE-0.xlsx
09/18/2023, 16:07:45# label path: classification_report/mapped_true_predicted_labels-transH_50-graphSAGE-0.xlsx
09/18/2023, 16:07:46# mapped_report:
                                                precision    recall  f1-score   support

T1003.001_0ef4cc7b-611c-4237-b20b-db36b6906554       1.00      1.00      1.00       100
    T1003.001_35d92515122effdd73801c6ac3021da7       1.00      1.00      1.00       100
    T1003.002_5a484b65c247675e3b7ada4ba648d376       1.00      1.00      1.00       100
    T1003.002_7fa4ea18694f2552547b65e23952cabb       1.00      1.00      1.00       100
    T1003.003_9f73269695e54311dd61dc68940fb3e1       0.00      0.00      0.00       100
    T1003.003_f049b89533298c2d6cd37a940248b219       0.00      0.00      0.00       100
        T1003_18f31c311ac208802e88ab8d5af8603e       1.00      1.00      1.00       100
        T1007_9d03c91bdae5a80f17f89c987942b5a8       1.00      1.00      1.00       100
    T1007_c6607391-d02c-44b5-9b13-d3492ca58599       0.00      0.00      0.00       100
        T1007_d6bb2a19da7246731ed9c44831b135f8       0.49      0.65      0.56       100
    T1016_14a21534-350f-4d83-9dd7-3c56b93a0c17       0.00      0.00      0.00       100
        T1016_71b3d2945679566b9d94d8cb11df4b70       0.00      0.00      0.00       100
        T1016_7d8ee68f0e9731db82964f558f614608       0.56      1.00      0.72       100
    T1016_921055f4-5970-4707-909e-62f594234d91       0.00      0.00      0.00       100
    T1016_a0676fe1-cd52-482e-8dde-349b73f9aa69       0.00      0.00      0.00       100
    T1016_e8017c46-acb8-400c-a4b5-b3362b5b5baa       0.00      0.00      0.00       100
    T1018_26c8b8b5-7b5b-4de1-a128-7d37fb14f517       0.00      0.00      0.00       100
        T1018_a44bb43474728496276d5d73aa14588f       0.00      0.00      0.00       100
        T1018_ac20e592bc912bddff4d6b88289095f0       0.00      0.00      0.00       100
    T1021.001_dd67068b052fa553ad4a0ac7d6a5ea89       1.00      1.00      1.00       100
    T1033_bd527b63-9f9e-46e0-9816-b8434d2b8989       0.00      0.00      0.00       100
    T1033_c0da588f-79f0-4263-8998-7496b1a40596       0.00      0.00      0.00       100
    T1036.003_04e8d83e7badf098d50800d6aa1dd487       1.00      1.00      1.00       100
    T1036.003_f5ef8466e5ebcd2ae03f338d9416069c       1.00      1.00      1.00       100
    T1036.004_1f0614ea5c4af6faf1b44570f5f22f8a       0.09      0.08      0.09       100
    T1036.004_7de3d7b4922a7b996d8df36fb22bb118       0.10      0.61      0.17       100
    T1037.001_62cfa90fb03a6bc1a6ebcce8a3ea81b7       1.00      1.00      1.00       100
        T1040_6881a4589710d53f0c146e91db513f01       1.00      1.00      1.00       100
        T1047_09e0f9cf2eb803a1c35deeecf3665fad       0.00      0.00      0.00       100
        T1047_6935e41353aa781bb723462d26114c44       0.00      0.00      0.00       100
        T1047_ac122553ab4426ea3362bb4a97d31bfd       0.00      0.00      0.00       100
        T1047_ac2764f7a67a9ce92b54e8e59b361838       0.02      0.83      0.04       100
        T1047_b0255b5120cbabc062d8d4510a142c3b       0.01      0.02      0.01       100
        T1047_ed736a123da6fb2aab22cfd4f437e8b5       0.00      0.00      0.00       100
        T1047_f4b0b4129560ea66f9751275e82f6bab       0.00      0.00      0.00       100
    T1049_638fb6bb-ba39-4285-93d1-7e4775b033a8       0.00      0.00      0.00       100
        T1049_a14392d713dffba6a397682ff83259a0       0.53      0.43      0.48       100
    T1053.005_5db2884b6ca3ab932848f295a3896dc0       0.00      0.00      0.00       100
    T1053.005_ee454be9197890de62705ce6255933fd       0.00      0.00      0.00       100
T1055.001_a74bc239-a196-4f7e-8d5c-fe8c0266071c       0.00      0.00      0.00       100
T1055.002_e5bcefee-262d-4568-a261-e8a20855ec81       0.00      0.00      0.00       100
    T1057_5a39d7ed-45c9-4a79-b581-e5fb99e24f65       0.00      0.00      0.00       100
    T1057_8adf02e8-6e71-4244-886c-98c402857404       1.00      1.00      1.00       100
        T1057_b2a1e430ca6d36eb5af2fe666e769847       0.00      0.00      0.00       100
        T1057_f8de05d1741dcc468f772ab0ff4dac72       0.00      0.00      0.00       100
T1059.001_55678719-e76e-4df9-92aa-10655bbd1cf4       1.00      1.00      1.00       100
    T1059.001_6efbccc1869e8cd618c0d3ecda407d5f       1.00      1.00      1.00       100
T1059.001_702bfdd2-9947-4eda-b551-c3a1ea9a59a2       1.00      1.00      1.00       100
T1059.001_bfff9006-d1fb-46ce-b173-92cb04e9a031       1.00      1.00      1.00       100
T1059.001_ccdb8caf-c69e-424b-b930-551969450c57       1.00      1.00      1.00       100
T1059.001_e5f9de8f-3df1-4e78-ad92-a784e3f6770d       1.00      1.00      1.00       100
    T1059.003_6c318ef0339d74d909ad556681b6493e       1.00      1.00      1.00       100
    T1059.003_f38e58deb7ad20b5538ca40db7b7b4f8       1.00      1.00      1.00       100
T1069.001_5c4dd985-89e3-4590-9b57-71fed66ff4e2       1.00      1.00      1.00       100
    T1069.001_a1f48fa3ddee658b29b414523c9a295b       0.33      0.01      0.02       100
    T1069.002_6103e503cb444bc7b4187704f2035708       1.00      0.22      0.36       100
    T1070.005_1f91076e2be2014cc7b4f1296de02fd6       1.00      1.00      1.00       100
    T1071.001_24c3b7b004401d839a5c337201da3484       1.00      1.00      1.00       100
T1074.001_4e97e699-93d7-4040-b5a3-2e906a58199e       1.00      1.00      1.00       100
T1074.001_6469befa-748a-4b9c-a96d-f191fde47d89       1.00      1.00      1.00       100
    T1074.001_e6dfc7e89359ac6fa6de84b0e1d5762e       1.00      1.00      1.00       100
    T1078.001_d0ca00832890baa1d42322cf70fcab1a       0.00      0.00      0.00       100
    T1082_29451844-9b76-4e16-a9ee-d6feab4b24db       0.00      0.00      0.00       100
    T1083_52177cc1-b9ab-4411-ac21-2eadc4b5d3b8       1.00      1.00      1.00       100
    T1083_6e1a53c0-7352-4899-be35-fa7f364d5722       0.00      0.00      0.00       100
    T1087.001_6334877e8e3ba48f7835d4856d90a282       1.00      1.00      1.00       100
T1087.001_feaced8f-f43f-452a-9500-a5219488abb8       0.00      0.00      0.00       100
    T1090.001_ba343199a4f15ed6b57eb52412f62e4e       1.00      1.00      1.00       100
        T1105_0856c235a1d26113d4f2d92e39c9a9f8       1.00      1.00      1.00       100
        T1105_1095434782a00c8a4772a11e625bcf5d       1.00      1.00      1.00       100
        T1105_4f683658f161ccdc51337c470d32bab9       1.00      1.00      1.00       100
    T1105_60f63260-39bb-4136-87a0-b6c2dca799fc       1.00      1.00      1.00       100
        T1105_c521e0a70b243a0cf9217907ca3c6d27       1.00      1.00      1.00       100
        T1105_c76968acda4aa1673dadcd67f3ab7664       1.00      1.00      1.00       100
        T1105_e6715e61f5df646692c624b3499384c4       1.00      1.00      1.00       100
    T1105_eb814e03-811a-467a-bc6d-dcd453750fa2       1.00      1.00      1.00       100
        T1112_257313a3c93e3bb7dfb60d6753b09e34       1.00      1.00      1.00       100
        T1112_34041639e6e501856ecaf5969ee29c76       1.00      1.00      1.00       100
        T1112_35c0360d226cf38104f300d9d57ce60e       1.00      1.00      1.00       100
        T1112_4bfb5f265a5ce07af6bf10da113af7db       1.00      1.00      1.00       100
        T1112_7fe6a66d03f4dbfc022609ba311c2b11       1.00      1.00      1.00       100
        T1112_ba6f6214dbd17c54001e0a163b60f151       1.00      1.00      1.00       100
        T1112_cab7b85611a290c0769546bfa9d6f962       1.00      1.00      1.00       100
        T1112_cd8be0e6b873919da25530a2c7ea6750       1.00      1.00      1.00       100
        T1112_e74d2fb4ef5fa6c766a4151554033697       1.00      1.00      1.00       100
        T1112_e7a987cbef27263e666e5b096488dc55       1.00      1.00      1.00       100
        T1112_fa4ba6a06b4a5cd955ea5a60fae24281       1.00      1.00      1.00       100
        T1112_fd992e8ecfdac9b56dd6868904044827       1.00      1.00      1.00       100
    T1113_316251ed-6a28-4013-812b-ddf5b5b007f8       1.00      1.00      1.00       100
        T1115_70795de7cbb842edb029b3378c27c008       1.00      1.00      1.00       100
    T1115_b007fe0c-c6b0-4fda-915c-255bbc070de2       0.00      0.00      0.00       100
        T1119_344e7eaf650763e0d3e9f02e62c1cf4b       1.00      1.00      1.00       100
        T1119_7121cdf93b951311be9d7078c602efdc       1.00      1.00      1.00       100
        T1120_7b9c7afaefa59aab759b49af0d699ac1       1.00      1.00      1.00       100
        T1123_372e6f46fca18e4f1b43209c20ffafa2       1.00      1.00      1.00       100
    T1124_fa6e8607-e0b1-425d-8924-9b894da5a002       0.02      0.03      0.03       100
        T1125_da86001b5081fcf773d8e62f22cf2b00       1.00      1.00      1.00       100
    T1135_530e47c6-8592-42bf-91df-c59ffbd8541b       0.00      0.00      0.00       100
    T1135_deeac480-5c2a-42b5-90bb-41675ee53c7e       0.00      0.00      0.00       100
    T1137.002_e2af3c3ab1b0f659c874b8af58c49759       1.00      1.00      1.00       100
        T1137_12ad9edefc86af07700fbf49bfdac6ba       1.00      1.00      1.00       100
        T1201_38f6f0e50a6b196140ec40d3dc9cc9e6       0.00      0.00      0.00       100
        T1201_57296a2ddbeb7423c05feef2fe972111       0.00      0.00      0.00       100
    T1204.002_522f3f35cd013e63830fa555495a0081       1.00      1.00      1.00       100
        T1217_69bbe2183fa09c00ccaac62d48e214f8       1.00      1.00      1.00       100
        T1217_f7a0f7d704aa52a764d9d1bee81e65d6       0.00      0.00      0.00       100
        T1219_7dabcbecab0334b115feefab1630f84a       1.00      1.00      1.00       100
        T1219_af8cb2bf9b436aae5c106a0a9c207e14       1.00      1.00      1.00       100
        T1219_f1b3fca18d7465cd10e5a7477a3bf97d       1.00      1.00      1.00       100
    T1482_6131397e-7765-424e-a594-3d7fb2d93a6a       1.00      1.00      1.00       100
        T1482_cfb61005899996469ae3023796792ca5       0.00      0.00      0.00       100
        T1486_d82ceb9939d3d920ee550187ad8235c8       1.00      1.00      1.00       100
        T1490_2d53d6fabd39bf9c70b0dfcdfbbc926d       0.00      0.00      0.00       100
        T1490_8467c994685ccf178db166964bd80fab       0.00      0.00      0.00       100
        T1490_9e5e4c0655fd1b5be88bd40b8251175f       0.00      0.00      0.00       100
        T1490_c156ac5c9fa67080365268d95f29053d       0.00      0.00      0.00       100
        T1490_c8f329d2847ede593b6cb4a1ec6120fb       1.00      1.00      1.00       100
        T1490_e90756bb6dcd21462dc4cc452661df91       0.00      0.00      0.00       100
    T1491_47d08617-5ce1-424a-8cc5-c9c978ce6bf9       1.00      1.00      1.00       100
    T1491_68235976-2404-42a8-9105-68230cfef562       1.00      1.00      1.00       100
    T1496_46da2385-cf37-49cb-ba4b-a739c7a19de4       1.00      1.00      1.00       100
T1497.001_1258b063-27d6-489b-a677-4807faacf868       0.00      0.00      0.00       100
T1497.001_5dc841fd-28ad-40e2-b10e-fb007fe09e81       0.00      0.00      0.00       100
T1497.001_7a6ba833-de40-466a-8969-5c37b13603e0       0.00      0.00      0.00       100
    T1499_2fe2d5e6-7b06-4fc0-bf71-6966a1226731       0.00      0.00      0.00       100
T1518.001_2dece965-37a0-4f70-a391-0f30e3331aba       0.00      0.00      0.00       100
    T1518.001_33a24ff44719e6ac0614b58f8c9a7c72       0.00      0.00      0.00       100
    T1518.001_b8453a5fe06b24aea12b27592d5c3d3a       0.02      0.13      0.04       100
        T1518_8ddfaf982ab359cda13626b870ccb339       1.00      1.00      1.00       100
    T1518_c9be8043-a445-4cbf-b77b-ed7bb007fc7c       1.00      1.00      1.00       100
        T1531_aa6b15485a5f50ced34d87fda177b758       0.00      0.00      0.00       100
        T1531_b25ae80dad74142fafb510e9c1949ace       0.10      0.27      0.14       100
    T1546.013_f9a968af61d36983448c74cca5464e17       1.00      1.00      1.00       100
    T1547.001_0dbdf1a2a87e718a6ac8a8e3415a7fac       1.00      1.00      1.00       100
    T1547.001_163b023f43aba758d36f524d146cb8ea       1.00      1.00      1.00       100
    T1547.001_1f15ab22c39a9b6bb2bb0d77276dfcb3       1.00      1.00      1.00       100
    T1547.001_4b71ebb2f6f6a01235ba240fa40ce978       1.00      1.00      1.00       100
    T1547.001_777043894e42d2aae3881e63f6c76d33       1.00      1.00      1.00       100
    T1547.001_d3ef4145e4144fd694514b1c5cc17350       1.00      1.00      1.00       100
    T1547.004_0856714c9810ac55b53e9964d02958a0       1.00      1.00      1.00       100
    T1547.004_aa147165f6c116cb0b0f944abe1db8ce       1.00      1.00      1.00       100
    T1547.009_501af516bd8b24fee0c7c650ae5cc861       1.00      1.00      1.00       100
    T1547.009_b6e5c895c6709fe289352ee23f062229       1.00      1.00      1.00       100
    T1547.010_4593d72a5145e3f494421ac772d37464       1.00      1.00      1.00       100
        T1547_fe9eeee9a7b339089e5fa634b08522c1       1.00      1.00      1.00       100
T1548.002_665432a4-42e7-4ee1-af19-a9a8c9455d0c       1.00      1.00      1.00       100
    T1552.002_3e5b04b8ee0a1a4950da8f35d95e65fc       0.00      0.00      0.00       100
        T1560_a1ee301b0508747b468d578a14e5c1a5       1.00      1.00      1.00       100
    T1562.001_43e3334362b140924f001b256b229ee5       1.00      1.00      1.00       100
    T1562.002_6a8d25d65a7d481dc479f89c62af1e6a       1.00      1.00      1.00       100
    T1562.002_94f51bf01a7036fe02d07b4c18967669       0.00      0.00      0.00       100
    T1562.004_280003641a5cddf916c4f2bf605a71d3       0.00      0.00      0.00       100
    T1562.004_41627f71f968225b9f162cb76d16bd9d       1.00      1.00      1.00       100
    T1562.004_5b93df032e230056c21a3e57334f77d1       0.00      0.00      0.00       100
    T1562.004_8d0a4585e7c4646185a912b14cd9cb46       0.00      0.00      0.00       100
    T1562.004_8fe59e288f10a486dc8b44bc872019ff       1.00      1.00      1.00       100
    T1564.001_66a5fd5f244819181f074dd082a28905       0.50      1.00      0.67       100
    T1564.001_dce51e632abdfe5392c7c1f942ac9273       0.00      0.00      0.00       100
    T1564.003_9a2edad4053a2b59fb9167a9bc29e7dc       1.00      1.00      1.00       100
    T1564.004_28862487a99f5f89bc0d68c87396c7e9       1.00      1.00      1.00       100
    T1564.004_76b6066fe170d38215251102e42be973       1.00      1.00      1.00       100
        T1564_dedfa0a54c9c13ce5714a0dc2e1f5d1a       0.00      0.00      0.00       100
    T1566.001_1afaec09315ab71fdfb167175e8a019a       1.00      1.00      1.00       100
    T1574.001_63bbedafba2f541552ac3579e9e3737b       1.00      1.00      1.00       100
    T1574.011_72249c1e9ffe7d8f30243d838e0791ca       1.00      1.00      1.00       100
                                        benign       1.00      1.00      1.00       100

                                      accuracy                           0.62     16600
                                     macro avg       0.61      0.62      0.60     16600
                                  weighted avg       0.61      0.62      0.60     16600

