09/18/2023, 16:14:03# labels of 5000: tensor([  4, 104,  15,  88,  68,  96,  70,  37,  53,  50, 136, 143, 155,  64,
         25,  82], device='cuda:2') torch.Size([16])
09/18/2023, 16:14:03# predicted of 5000: tensor([139, 153,  15,  90, 166,  96, 149,  90, 144,  50, 136,   9, 155,  90,
         25,  82], device='cuda:2') torch.Size([16])
09/18/2023, 16:15:56# total batches: 8250
09/18/2023, 16:15:56# Epoch 0 | Train Loss: 2.8808 | Train Accuracy: 0.4003
09/18/2023, 16:15:56# labels of Validation: tensor([ 12, 152,  72, 157,  21,  12,  15,  33,  45,  19,  76, 115,  16,  57,
         19, 111], device='cuda:2') torch.Size([16])
09/18/2023, 16:15:56# predicted of Validation: tensor([ 49, 125,  89,  49,  21,  71,  15,  49,  45,  19, 104, 115,  16,  71,
         19,  49], device='cuda:2') torch.Size([16])
09/18/2023, 16:15:56# labels of 0: tensor([ 12, 152,  72, 157,  21,  12,  15,  33,  45,  19,  76, 115,  16,  57,
         19, 111], device='cuda:2') torch.Size([16])
09/18/2023, 16:15:56# predicted of 0: tensor([ 49, 125,  89,  49,  21,  71,  15,  49,  45,  19, 104, 115,  16,  71,
         19,  49], device='cuda:2') torch.Size([16])
09/18/2023, 16:16:37# labels of Validation: tensor([ 19,  72,  89, 110,  19, 148,  56,  60, 100,  71,  16,  84, 112, 163,
         90, 128], device='cuda:2') torch.Size([16])
09/18/2023, 16:16:37# predicted of Validation: tensor([ 19,  50,  89,  64,  19, 148,  56,  24, 100,  71,  16,  84,  49, 151,
         88, 128], device='cuda:2') torch.Size([16])
09/18/2023, 16:16:38# Validation Loss: 1.9023 | Validation Accuracy: 0.5672

09/18/2023, 16:16:38# Find a better model!!
09/18/2023, 16:20:28# labels of 5000: tensor([ 91,  50,  56, 142, 145, 141,  15,  34,  42, 124, 105, 126,   8,  12,
         83, 146], device='cuda:2') torch.Size([16])
09/18/2023, 16:20:28# predicted of 5000: tensor([108,  50,  56,  71, 145, 141,  15,  49,  81,  18, 105, 126, 114, 144,
        116, 146], device='cuda:2') torch.Size([16])
09/18/2023, 16:22:55# total batches: 8250
09/18/2023, 16:22:55# Epoch 1 | Train Loss: 1.7506 | Train Accuracy: 0.5848
09/18/2023, 16:22:55# labels of Validation: tensor([ 33,  32, 106,  56,  27, 156, 103, 110,  63, 100,  34, 156,   1,  68,
         62,  86], device='cuda:2') torch.Size([16])
09/18/2023, 16:22:55# predicted of Validation: tensor([ 47,  32, 106,  56,  27, 156, 113, 166,  63, 100,  58, 156, 116,  21,
         62,  86], device='cuda:2') torch.Size([16])
09/18/2023, 16:22:55# labels of 0: tensor([ 33,  32, 106,  56,  27, 156, 103, 110,  63, 100,  34, 156,   1,  68,
         62,  86], device='cuda:2') torch.Size([16])
09/18/2023, 16:22:55# predicted of 0: tensor([ 47,  32, 106,  56,  27, 156, 113, 166,  63, 100,  58, 156, 116,  21,
         62,  86], device='cuda:2') torch.Size([16])
09/18/2023, 16:23:38# labels of Validation: tensor([  5,  37,  28,  53,  57, 159,  61, 131, 126, 115,   3,  23, 123,  16,
        123,  66], device='cuda:2') torch.Size([16])
09/18/2023, 16:23:38# predicted of Validation: tensor([  5, 114,  28, 151,  47, 159,  61, 131, 126, 115,   3,  23, 123,  16,
        123,  66], device='cuda:2') torch.Size([16])
09/18/2023, 16:23:39# Validation Loss: 1.6749 | Validation Accuracy: 0.5910

09/18/2023, 16:23:39# Find a better model!!
09/18/2023, 16:27:33# labels of 5000: tensor([ 95,  85,  12, 148,   5,  56,  63,  74,  48,  19,   7,  72,  33, 158,
        154, 151], device='cuda:2') torch.Size([16])
09/18/2023, 16:27:33# predicted of 5000: tensor([ 95,  85,  53, 148,   5,  56,  63, 109, 109,  19,   7,  50,  74, 109,
        154,  38], device='cuda:2') torch.Size([16])
09/18/2023, 16:30:04# total batches: 8250
09/18/2023, 16:30:04# Epoch 2 | Train Loss: 1.6269 | Train Accuracy: 0.5964
09/18/2023, 16:30:04# labels of Validation: tensor([102, 117,  23,  81,  39,  94, 154,  94,  82,  63,  89,  75,  56,  19,
         83,  26], device='cuda:2') torch.Size([16])
09/18/2023, 16:30:04# predicted of Validation: tensor([102, 117,  23,  42,  39,  79, 154,  94,  82,  63,  89,  11,  56,  19,
         57,  26], device='cuda:2') torch.Size([16])
09/18/2023, 16:30:04# labels of 0: tensor([102, 117,  23,  81,  39,  94, 154,  94,  82,  63,  89,  75,  56,  19,
         83,  26], device='cuda:2') torch.Size([16])
09/18/2023, 16:30:04# predicted of 0: tensor([102, 117,  23,  42,  39,  79, 154,  94,  82,  63,  89,  11,  56,  19,
         57,  26], device='cuda:2') torch.Size([16])
09/18/2023, 16:30:46# labels of Validation: tensor([ 63, 130, 127, 112,  97, 162, 116,  92, 156,  75, 159,  87,  16, 150,
         37,   4], device='cuda:2') torch.Size([16])
09/18/2023, 16:30:46# predicted of Validation: tensor([ 63, 130, 127, 112,  42,  42,  11,  92, 156,  42, 159,  58,  16, 152,
         37,  11], device='cuda:2') torch.Size([16])
09/18/2023, 16:30:48# Validation Loss: 1.6069 | Validation Accuracy: 0.6009

09/18/2023, 16:30:48# Find a better model!!
09/18/2023, 16:34:36# labels of 5000: tensor([ 44,   8,  27,  73, 103, 138,  52, 148, 110, 163, 157, 127,  19,  24,
        117,  48], device='cuda:2') torch.Size([16])
09/18/2023, 16:34:36# predicted of 5000: tensor([ 49, 114,  27,  73,  77, 138,  52, 148, 114,  47, 162, 127,  19,  49,
        117,  31], device='cuda:2') torch.Size([16])
09/18/2023, 16:37:04# total batches: 8250
09/18/2023, 16:37:04# Epoch 3 | Train Loss: 1.5820 | Train Accuracy: 0.6011
09/18/2023, 16:37:04# labels of Validation: tensor([ 67,  19,  47,  69,  25, 149, 120, 129,  14, 126, 122,   0,  80,  25,
         87, 145], device='cuda:2') torch.Size([16])
09/18/2023, 16:37:04# predicted of Validation: tensor([ 67,  19,  44,  69,  25, 149, 120, 129,  38, 126, 122,   0,  80,  25,
         75, 145], device='cuda:2') torch.Size([16])
09/18/2023, 16:37:04# labels of 0: tensor([ 67,  19,  47,  69,  25, 149, 120, 129,  14, 126, 122,   0,  80,  25,
         87, 145], device='cuda:2') torch.Size([16])
09/18/2023, 16:37:04# predicted of 0: tensor([ 67,  19,  44,  69,  25, 149, 120, 129,  38, 126, 122,   0,  80,  25,
         75, 145], device='cuda:2') torch.Size([16])
09/18/2023, 16:37:45# labels of Validation: tensor([ 58, 101,  17, 114,  90,   0, 101,  53,  52,   3,  53,  53, 162,   2,
        149,  11], device='cuda:2') torch.Size([16])
09/18/2023, 16:37:45# predicted of Validation: tensor([ 58, 101,  17, 110, 100,   0, 101, 158,  52,   3,  38,  30, 124, 158,
        149, 158], device='cuda:2') torch.Size([16])
09/18/2023, 16:37:46# Validation Loss: 1.5736 | Validation Accuracy: 0.6027

09/18/2023, 16:37:46# Find a better model!!
09/18/2023, 16:41:34# labels of 5000: tensor([166,  25,  87, 109, 141, 141, 125, 161, 112,  72,  27,  33,  47, 158,
         88, 154], device='cuda:2') torch.Size([16])
09/18/2023, 16:41:34# predicted of 5000: tensor([166,  25,  60,   4, 141, 141, 164, 161, 164,  72,  27, 144, 111, 158,
        114, 154], device='cuda:2') torch.Size([16])
09/18/2023, 16:44:02# total batches: 8250
09/18/2023, 16:44:02# Epoch 4 | Train Loss: 1.5577 | Train Accuracy: 0.6034
09/18/2023, 16:44:02# labels of Validation: tensor([ 96, 146,  87, 149,  77,  83,  81,  34,  59,  43,  97, 103,  70,  67,
         64,   7], device='cuda:2') torch.Size([16])
09/18/2023, 16:44:02# predicted of Validation: tensor([ 96, 146, 151, 149,  77,  44, 125,  71, 108,  43, 125,  88,  70,  78,
         88,   7], device='cuda:2') torch.Size([16])
09/18/2023, 16:44:02# labels of 0: tensor([ 96, 146,  87, 149,  77,  83,  81,  34,  59,  43,  97, 103,  70,  67,
         64,   7], device='cuda:2') torch.Size([16])
09/18/2023, 16:44:02# predicted of 0: tensor([ 96, 146, 151, 149,  77,  44, 125,  71, 108,  43, 125,  88,  70,  78,
         88,   7], device='cuda:2') torch.Size([16])
09/18/2023, 16:44:42# labels of Validation: tensor([ 73, 108, 139,   9, 114, 165,  55,  48, 147, 103, 164,  24,  30, 108,
        152,  57], device='cuda:2') torch.Size([16])
09/18/2023, 16:44:42# predicted of Validation: tensor([ 73, 108, 139, 121,  88, 165,  44, 142, 147,  88,  44, 164, 125, 108,
         71,  54], device='cuda:2') torch.Size([16])
09/18/2023, 16:44:44# Validation Loss: 1.5583 | Validation Accuracy: 0.6068

09/18/2023, 16:44:44# Find a better model!!
09/18/2023, 16:48:32# labels of 5000: tensor([154, 143,  54,  16, 155,  86,   1,  95, 138,  28,  49, 120,  11, 130,
         64,  26], device='cuda:2') torch.Size([16])
09/18/2023, 16:48:32# predicted of 5000: tensor([154,  71, 150,  16, 155,  86, 164,  95, 138,  28,  20, 120,  54, 130,
        114,  26], device='cuda:2') torch.Size([16])
09/18/2023, 16:51:01# total batches: 8250
09/18/2023, 16:51:01# Epoch 5 | Train Loss: 1.5425 | Train Accuracy: 0.6052
09/18/2023, 16:51:01# labels of Validation: tensor([ 33,  88, 159,   3, 156, 154,  79,  77, 109,  44,  25,  66,  53, 140,
        126, 121], device='cuda:2') torch.Size([16])
09/18/2023, 16:51:01# predicted of Validation: tensor([ 30,  64, 159,   3, 156, 154,  79,  77,   2,  30,  25,  66,  24, 140,
        126,   2], device='cuda:2') torch.Size([16])
09/18/2023, 16:51:01# labels of 0: tensor([ 33,  88, 159,   3, 156, 154,  79,  77, 109,  44,  25,  66,  53, 140,
        126, 121], device='cuda:2') torch.Size([16])
09/18/2023, 16:51:01# predicted of 0: tensor([ 30,  64, 159,   3, 156, 154,  79,  77,   2,  30,  25,  66,  24, 140,
        126,   2], device='cuda:2') torch.Size([16])
09/18/2023, 16:51:44# labels of Validation: tensor([  0,  27,  48, 101, 119,  46,  66,  96,  55,  40,  76, 164,  50, 129,
         70,  95], device='cuda:2') torch.Size([16])
09/18/2023, 16:51:44# predicted of Validation: tensor([  0,  27,   2, 101,  47,  46,  66,  96, 163,  40, 143,   2,  50, 129,
         70,  95], device='cuda:2') torch.Size([16])
09/18/2023, 16:51:45# Validation Loss: 1.5410 | Validation Accuracy: 0.6078

09/18/2023, 16:51:45# Find a better model!!
09/18/2023, 16:55:33# labels of 5000: tensor([ 28, 103,  86,  11, 151, 149,  72,  55,  55, 119,   7,  41, 101,  58,
         14, 102], device='cuda:2') torch.Size([16])
09/18/2023, 16:55:33# predicted of 5000: tensor([ 28, 113,  86, 109, 109, 149,  79, 109, 111, 109,   7,  41, 101,  58,
        160, 102], device='cuda:2') torch.Size([16])
09/18/2023, 16:58:01# total batches: 8250
09/18/2023, 16:58:01# Epoch 6 | Train Loss: 1.5320 | Train Accuracy: 0.6057
09/18/2023, 16:58:01# labels of Validation: tensor([ 81,  35, 151,  96,  46, 162,  45,  35,  47,  18,  30,  76,  27,  92,
         87, 151], device='cuda:2') torch.Size([16])
09/18/2023, 16:58:01# predicted of Validation: tensor([144,  35, 144,  96,  46,  74,  45,  35, 121, 111, 121, 121,  27, 121,
         81, 121], device='cuda:2') torch.Size([16])
09/18/2023, 16:58:01# labels of 0: tensor([ 81,  35, 151,  96,  46, 162,  45,  35,  47,  18,  30,  76,  27,  92,
         87, 151], device='cuda:2') torch.Size([16])
09/18/2023, 16:58:01# predicted of 0: tensor([144,  35, 144,  96,  46,  74,  45,  35, 121, 111, 121, 121,  27, 121,
         81, 121], device='cuda:2') torch.Size([16])
09/18/2023, 16:58:41# labels of Validation: tensor([117,  75,  84, 104,  66,  85, 119,  12,  80, 158,  14,  11,  61, 117,
        164, 143], device='cuda:2') torch.Size([16])
09/18/2023, 16:58:41# predicted of Validation: tensor([117, 121,  84, 121,  66,  85,  24,  74,  80, 121,   2, 111,  61, 117,
         75,  81], device='cuda:2') torch.Size([16])
09/18/2023, 16:58:42# Validation Loss: 1.5432 | Validation Accuracy: 0.6086

09/18/2023, 17:02:27# labels of 5000: tensor([111, 106, 106,  39,  29,  25, 109, 132,  66,  60,  62,  33,  54, 106,
        119,  13], device='cuda:2') torch.Size([16])
09/18/2023, 17:02:27# predicted of 5000: tensor([163, 106, 106,  39,  29,  25, 162, 132,  66,  42,  62,  34, 162, 106,
         34,  13], device='cuda:2') torch.Size([16])
09/18/2023, 17:04:56# total batches: 8250
09/18/2023, 17:04:56# Epoch 7 | Train Loss: 1.5242 | Train Accuracy: 0.6071
09/18/2023, 17:04:56# labels of Validation: tensor([ 83, 105, 108,  15,  78, 135, 147,  43, 151,  12,  81, 139,  79,  52,
         95,   0], device='cuda:2') torch.Size([16])
09/18/2023, 17:04:56# predicted of Validation: tensor([ 24, 105, 108,  15,  67, 135, 147,  43,  76,  49, 158, 139,  79,  52,
         95,   0], device='cuda:2') torch.Size([16])
09/18/2023, 17:04:56# labels of 0: tensor([ 83, 105, 108,  15,  78, 135, 147,  43, 151,  12,  81, 139,  79,  52,
         95,   0], device='cuda:2') torch.Size([16])
09/18/2023, 17:04:56# predicted of 0: tensor([ 24, 105, 108,  15,  67, 135, 147,  43,  76,  49, 158, 139,  79,  52,
         95,   0], device='cuda:2') torch.Size([16])
09/18/2023, 17:05:35# labels of Validation: tensor([ 40, 117,  50,  59,  68, 116,  37, 143,  50,  17, 149, 120,  11, 142,
        127,  95], device='cuda:2') torch.Size([16])
09/18/2023, 17:05:35# predicted of Validation: tensor([ 40, 117,  50, 108, 114, 129,  37, 158,  50,  17, 149, 120,  49, 158,
        127,  95], device='cuda:2') torch.Size([16])
09/18/2023, 17:05:37# Validation Loss: 1.5390 | Validation Accuracy: 0.6014

09/18/2023, 17:05:37# Find a better model!!
09/18/2023, 17:09:31# labels of 5000: tensor([158, 135,  99, 156,  30,  47, 158,  94, 120,   1,  20,  97,  89, 160,
         29, 153], device='cuda:2') torch.Size([16])
09/18/2023, 17:09:31# predicted of 5000: tensor([  1, 135,  99, 156, 112,  92, 162,  94, 120, 162,  20,   1,  89, 160,
         29, 153], device='cuda:2') torch.Size([16])
09/18/2023, 17:12:01# total batches: 8250
09/18/2023, 17:12:01# Epoch 8 | Train Loss: 1.5185 | Train Accuracy: 0.6073
09/18/2023, 17:12:01# labels of Validation: tensor([  2, 148,   8,  46, 143,  45,  59, 124,  70,  71,  38,  69,  64,  47,
         50,  37], device='cuda:2') torch.Size([16])
09/18/2023, 17:12:01# predicted of Validation: tensor([ 83, 148, 114,  46,  36,  45,  59,  57,  70,  71, 152,  69,  88,  36,
         50,  37], device='cuda:2') torch.Size([16])
09/18/2023, 17:12:01# labels of 0: tensor([  2, 148,   8,  46, 143,  45,  59, 124,  70,  71,  38,  69,  64,  47,
         50,  37], device='cuda:2') torch.Size([16])
09/18/2023, 17:12:01# predicted of 0: tensor([ 83, 148, 114,  46,  36,  45,  59,  57,  70,  71, 152,  69,  88,  36,
         50,  37], device='cuda:2') torch.Size([16])
09/18/2023, 17:12:42# labels of Validation: tensor([121, 145, 133,  62, 146, 104,   7,  97,  83,  57, 118, 145,  64,   2,
         18,  38], device='cuda:2') torch.Size([16])
09/18/2023, 17:12:42# predicted of Validation: tensor([ 36, 145, 133,  62, 146, 100,   7,  36,  36,  36, 118, 145,  88,  36,
         36, 124], device='cuda:2') torch.Size([16])
09/18/2023, 17:12:43# Validation Loss: 1.5225 | Validation Accuracy: 0.6076

09/18/2023, 17:12:43# Find a better model!!
09/18/2023, 17:16:31# labels of 5000: tensor([ 53, 154, 157, 132,  19,  30,  95,  56, 119, 154,  34,  89,  52, 159,
         46,  84], device='cuda:2') torch.Size([16])
09/18/2023, 17:16:31# predicted of 5000: tensor([ 60, 154,  60, 132,  19, 144,  95,  56,  60, 154,  24,  89,  52, 159,
         46,  84], device='cuda:2') torch.Size([16])
09/18/2023, 17:19:01# total batches: 8250
09/18/2023, 17:19:01# Epoch 9 | Train Loss: 1.5130 | Train Accuracy: 0.6097
09/18/2023, 17:19:01# labels of Validation: tensor([ 83, 107,   2,  79,  93,   8,  31, 163, 119, 101, 149,  37,  44,  80,
        123,   1], device='cuda:2') torch.Size([16])
09/18/2023, 17:19:01# predicted of Validation: tensor([ 24, 107,  24,   0, 100,  93,  36,  24, 151, 101, 149,  37, 151,  80,
        123, 151], device='cuda:2') torch.Size([16])
09/18/2023, 17:19:01# labels of 0: tensor([ 83, 107,   2,  79,  93,   8,  31, 163, 119, 101, 149,  37,  44,  80,
        123,   1], device='cuda:2') torch.Size([16])
09/18/2023, 17:19:01# predicted of 0: tensor([ 24, 107,  24,   0, 100,  93,  36,  24, 151, 101, 149,  37, 151,  80,
        123, 151], device='cuda:2') torch.Size([16])
09/18/2023, 17:19:44# labels of Validation: tensor([ 24,   2,  83,  67, 163, 166, 109, 154,  99,  36,  21, 129,  35,  94,
        135,  79], device='cuda:2') torch.Size([16])
09/18/2023, 17:19:44# predicted of Validation: tensor([ 24, 151, 151,  78, 151, 166, 151, 154,  99,  24,  21, 129,  35,  94,
        135,  79], device='cuda:2') torch.Size([16])
09/18/2023, 17:19:45# Validation Loss: 1.5187 | Validation Accuracy: 0.6084

09/18/2023, 17:19:45# Find a better model!!
09/18/2023, 17:19:45# labels of Test: tensor([1, 1, 1, 1, 1, 1, 1, 1, 1, 1, 1, 1, 1, 1, 1, 1], device='cuda:2') torch.Size([16])
09/18/2023, 17:19:45# predicted of Test: tensor([ 24, 142, 151,   2,  24,  24, 151,  24, 151, 151, 151,  24, 151, 151,
        151, 151], device='cuda:2') torch.Size([16])
09/18/2023, 17:19:45# labels of 0: tensor([1, 1, 1, 1, 1, 1, 1, 1, 1, 1, 1, 1, 1, 1, 1, 1], device='cuda:2') torch.Size([16])
09/18/2023, 17:19:45# predicted of 0: tensor([ 24, 142, 151,   2,  24,  24, 151,  24, 151, 151, 151,  24, 151, 151,
        151, 151], device='cuda:2') torch.Size([16])
09/18/2023, 17:19:45# labels: tensor([1, 1, 1, 1, 1, 1, 1, 1, 1, 1, 1, 1, 1, 1, 1, 1], device='cuda:2') torch.Size([16])
09/18/2023, 17:19:45# predicted: tensor([ 24, 142, 151,   2,  24,  24, 151,  24, 151, 151, 151,  24, 151, 151,
        151, 151], device='cuda:2') torch.Size([16])
09/18/2023, 17:20:23# labels of Test: tensor([163, 163, 163, 163, 163, 163, 163, 163, 163, 163, 163, 163, 163, 163,
        163, 163], device='cuda:2') torch.Size([16])
09/18/2023, 17:20:23# predicted of Test: tensor([ 24, 151, 142,  36, 151, 151, 151, 151, 151,  24, 151,  18, 151, 151,
        151, 151], device='cuda:2') torch.Size([16])
09/18/2023, 17:20:25# Test Accuracy: 60.78787878787879 %



09/18/2023, 17:20:27# report path: classification_report/classification_report-secureBERT_50-graphSAGE-0.xlsx
09/18/2023, 17:20:27# label path: classification_report/mapped_true_predicted_labels-secureBERT_50-graphSAGE-0.xlsx
09/18/2023, 17:20:27# mapped_report:
                                                precision    recall  f1-score   support

T1003.001_0ef4cc7b-611c-4237-b20b-db36b6906554       1.00      0.99      0.99       100
    T1003.001_35d92515122effdd73801c6ac3021da7       0.96      1.00      0.98       100
    T1003.002_5a484b65c247675e3b7ada4ba648d376       1.00      0.99      0.99       100
    T1003.002_7fa4ea18694f2552547b65e23952cabb       0.99      1.00      1.00       100
    T1003.003_9f73269695e54311dd61dc68940fb3e1       0.00      0.00      0.00       100
    T1003.003_f049b89533298c2d6cd37a940248b219       0.00      0.00      0.00       100
        T1003_18f31c311ac208802e88ab8d5af8603e       1.00      1.00      1.00       100
        T1007_9d03c91bdae5a80f17f89c987942b5a8       0.99      1.00      1.00       100
    T1007_c6607391-d02c-44b5-9b13-d3492ca58599       0.00      0.00      0.00       100
        T1007_d6bb2a19da7246731ed9c44831b135f8       0.48      0.87      0.62       100
    T1016_14a21534-350f-4d83-9dd7-3c56b93a0c17       0.00      0.00      0.00       100
        T1016_71b3d2945679566b9d94d8cb11df4b70       0.00      0.00      0.00       100
        T1016_7d8ee68f0e9731db82964f558f614608       0.95      0.98      0.97       100
    T1016_921055f4-5970-4707-909e-62f594234d91       0.00      0.00      0.00       100
    T1016_a0676fe1-cd52-482e-8dde-349b73f9aa69       0.00      0.00      0.00       100
    T1016_e8017c46-acb8-400c-a4b5-b3362b5b5baa       0.00      0.00      0.00       100
    T1018_26c8b8b5-7b5b-4de1-a128-7d37fb14f517       0.50      0.01      0.02       100
        T1018_a44bb43474728496276d5d73aa14588f       0.00      0.00      0.00       100
        T1018_ac20e592bc912bddff4d6b88289095f0       1.00      0.02      0.04       100
    T1021.001_dd67068b052fa553ad4a0ac7d6a5ea89       0.99      1.00      1.00       100
    T1033_bd527b63-9f9e-46e0-9816-b8434d2b8989       0.00      0.00      0.00       100
    T1033_c0da588f-79f0-4263-8998-7496b1a40596       0.00      0.00      0.00       100
    T1036.003_04e8d83e7badf098d50800d6aa1dd487       1.00      1.00      1.00       100
    T1036.003_f5ef8466e5ebcd2ae03f338d9416069c       1.00      1.00      1.00       100
    T1036.004_1f0614ea5c4af6faf1b44570f5f22f8a       0.00      0.00      0.00       100
    T1036.004_7de3d7b4922a7b996d8df36fb22bb118       0.00      0.00      0.00       100
    T1037.001_62cfa90fb03a6bc1a6ebcce8a3ea81b7       1.00      1.00      1.00       100
        T1040_6881a4589710d53f0c146e91db513f01       0.96      1.00      0.98       100
        T1047_09e0f9cf2eb803a1c35deeecf3665fad       0.00      0.00      0.00       100
        T1047_6935e41353aa781bb723462d26114c44       0.02      0.58      0.03       100
        T1047_ac122553ab4426ea3362bb4a97d31bfd       0.00      0.00      0.00       100
        T1047_ac2764f7a67a9ce92b54e8e59b361838       0.01      0.02      0.02       100
        T1047_b0255b5120cbabc062d8d4510a142c3b       0.00      0.00      0.00       100
        T1047_ed736a123da6fb2aab22cfd4f437e8b5       0.00      0.00      0.00       100
        T1047_f4b0b4129560ea66f9751275e82f6bab       0.02      0.03      0.02       100
    T1049_638fb6bb-ba39-4285-93d1-7e4775b033a8       0.00      0.00      0.00       100
        T1049_a14392d713dffba6a397682ff83259a0       0.14      0.01      0.02       100
    T1053.005_5db2884b6ca3ab932848f295a3896dc0       0.00      0.00      0.00       100
    T1053.005_ee454be9197890de62705ce6255933fd       0.00      0.00      0.00       100
T1055.001_a74bc239-a196-4f7e-8d5c-fe8c0266071c       0.00      0.00      0.00       100
T1055.002_e5bcefee-262d-4568-a261-e8a20855ec81       0.00      0.00      0.00       100
    T1057_5a39d7ed-45c9-4a79-b581-e5fb99e24f65       0.00      0.00      0.00       100
    T1057_8adf02e8-6e71-4244-886c-98c402857404       1.00      0.99      0.99       100
        T1057_b2a1e430ca6d36eb5af2fe666e769847       0.00      0.00      0.00       100
        T1057_f8de05d1741dcc468f772ab0ff4dac72       0.00      0.00      0.00       100
T1059.001_55678719-e76e-4df9-92aa-10655bbd1cf4       1.00      0.98      0.99       100
    T1059.001_6efbccc1869e8cd618c0d3ecda407d5f       0.99      0.99      0.99       100
T1059.001_702bfdd2-9947-4eda-b551-c3a1ea9a59a2       1.00      1.00      1.00       100
T1059.001_bfff9006-d1fb-46ce-b173-92cb04e9a031       1.00      1.00      1.00       100
T1059.001_ccdb8caf-c69e-424b-b930-551969450c57       0.85      1.00      0.92       100
T1059.001_e5f9de8f-3df1-4e78-ad92-a784e3f6770d       1.00      1.00      1.00       100
    T1059.003_6c318ef0339d74d909ad556681b6493e       0.71      0.99      0.83       100
    T1059.003_f38e58deb7ad20b5538ca40db7b7b4f8       0.75      1.00      0.86       100
T1069.001_5c4dd985-89e3-4590-9b57-71fed66ff4e2       1.00      1.00      1.00       100
    T1069.001_a1f48fa3ddee658b29b414523c9a295b       0.09      0.08      0.08       100
    T1069.002_6103e503cb444bc7b4187704f2035708       1.00      0.90      0.95       100
    T1070.005_1f91076e2be2014cc7b4f1296de02fd6       1.00      1.00      1.00       100
    T1071.001_24c3b7b004401d839a5c337201da3484       0.99      0.99      0.99       100
T1074.001_4e97e699-93d7-4040-b5a3-2e906a58199e       0.99      1.00      1.00       100
T1074.001_6469befa-748a-4b9c-a96d-f191fde47d89       0.96      1.00      0.98       100
    T1074.001_e6dfc7e89359ac6fa6de84b0e1d5762e       0.96      1.00      0.98       100
    T1078.001_d0ca00832890baa1d42322cf70fcab1a       0.00      0.00      0.00       100
    T1082_29451844-9b76-4e16-a9ee-d6feab4b24db       0.00      0.00      0.00       100
    T1083_52177cc1-b9ab-4411-ac21-2eadc4b5d3b8       1.00      0.97      0.98       100
    T1083_6e1a53c0-7352-4899-be35-fa7f364d5722       0.00      0.00      0.00       100
    T1087.001_6334877e8e3ba48f7835d4856d90a282       0.90      0.99      0.94       100
T1087.001_feaced8f-f43f-452a-9500-a5219488abb8       0.00      0.00      0.00       100
    T1090.001_ba343199a4f15ed6b57eb52412f62e4e       0.83      0.15      0.25       100
        T1105_0856c235a1d26113d4f2d92e39c9a9f8       1.00      1.00      1.00       100
        T1105_1095434782a00c8a4772a11e625bcf5d       0.99      1.00      1.00       100
        T1105_4f683658f161ccdc51337c470d32bab9       1.00      1.00      1.00       100
    T1105_60f63260-39bb-4136-87a0-b6c2dca799fc       1.00      1.00      1.00       100
        T1105_c521e0a70b243a0cf9217907ca3c6d27       0.99      1.00      1.00       100
        T1105_c76968acda4aa1673dadcd67f3ab7664       1.00      1.00      1.00       100
        T1105_e6715e61f5df646692c624b3499384c4       1.00      0.99      0.99       100
    T1105_eb814e03-811a-467a-bc6d-dcd453750fa2       1.00      1.00      1.00       100
        T1112_257313a3c93e3bb7dfb60d6753b09e34       0.96      1.00      0.98       100
        T1112_34041639e6e501856ecaf5969ee29c76       0.90      1.00      0.95       100
        T1112_35c0360d226cf38104f300d9d57ce60e       0.98      1.00      0.99       100
        T1112_4bfb5f265a5ce07af6bf10da113af7db       0.90      1.00      0.95       100
        T1112_7fe6a66d03f4dbfc022609ba311c2b11       0.93      0.99      0.96       100
        T1112_ba6f6214dbd17c54001e0a163b60f151       0.97      1.00      0.99       100
        T1112_cab7b85611a290c0769546bfa9d6f962       0.98      1.00      0.99       100
        T1112_cd8be0e6b873919da25530a2c7ea6750       0.97      1.00      0.99       100
        T1112_e74d2fb4ef5fa6c766a4151554033697       0.96      1.00      0.98       100
        T1112_e7a987cbef27263e666e5b096488dc55       0.99      1.00      1.00       100
        T1112_fa4ba6a06b4a5cd955ea5a60fae24281       1.00      1.00      1.00       100
        T1112_fd992e8ecfdac9b56dd6868904044827       1.00      1.00      1.00       100
    T1113_316251ed-6a28-4013-812b-ddf5b5b007f8       0.93      1.00      0.97       100
        T1115_70795de7cbb842edb029b3378c27c008       1.00      1.00      1.00       100
    T1115_b007fe0c-c6b0-4fda-915c-255bbc070de2       0.00      0.00      0.00       100
        T1119_344e7eaf650763e0d3e9f02e62c1cf4b       1.00      0.99      0.99       100
        T1119_7121cdf93b951311be9d7078c602efdc       1.00      1.00      1.00       100
        T1120_7b9c7afaefa59aab759b49af0d699ac1       1.00      1.00      1.00       100
        T1123_372e6f46fca18e4f1b43209c20ffafa2       1.00      1.00      1.00       100
    T1124_fa6e8607-e0b1-425d-8924-9b894da5a002       0.00      0.00      0.00       100
        T1125_da86001b5081fcf773d8e62f22cf2b00       1.00      1.00      1.00       100
    T1135_530e47c6-8592-42bf-91df-c59ffbd8541b       0.00      0.00      0.00       100
    T1135_deeac480-5c2a-42b5-90bb-41675ee53c7e       0.00      0.00      0.00       100
    T1137.002_e2af3c3ab1b0f659c874b8af58c49759       1.00      1.00      1.00       100
        T1137_12ad9edefc86af07700fbf49bfdac6ba       1.00      1.00      1.00       100
        T1201_38f6f0e50a6b196140ec40d3dc9cc9e6       0.00      0.00      0.00       100
        T1201_57296a2ddbeb7423c05feef2fe972111       0.00      0.00      0.00       100
    T1204.002_522f3f35cd013e63830fa555495a0081       1.00      1.00      1.00       100
        T1217_69bbe2183fa09c00ccaac62d48e214f8       0.99      0.99      0.99       100
        T1217_f7a0f7d704aa52a764d9d1bee81e65d6       0.00      0.00      0.00       100
        T1219_7dabcbecab0334b115feefab1630f84a       1.00      1.00      1.00       100
        T1219_af8cb2bf9b436aae5c106a0a9c207e14       1.00      1.00      1.00       100
        T1219_f1b3fca18d7465cd10e5a7477a3bf97d       1.00      1.00      1.00       100
    T1482_6131397e-7765-424e-a594-3d7fb2d93a6a       1.00      1.00      1.00       100
        T1482_cfb61005899996469ae3023796792ca5       0.00      0.00      0.00       100
        T1486_d82ceb9939d3d920ee550187ad8235c8       0.91      1.00      0.95       100
        T1490_2d53d6fabd39bf9c70b0dfcdfbbc926d       0.00      0.00      0.00       100
        T1490_8467c994685ccf178db166964bd80fab       0.07      0.02      0.03       100
        T1490_9e5e4c0655fd1b5be88bd40b8251175f       0.00      0.00      0.00       100
        T1490_c156ac5c9fa67080365268d95f29053d       0.00      0.00      0.00       100
        T1490_c8f329d2847ede593b6cb4a1ec6120fb       0.99      0.99      0.99       100
        T1490_e90756bb6dcd21462dc4cc452661df91       0.00      0.00      0.00       100
    T1491_47d08617-5ce1-424a-8cc5-c9c978ce6bf9       0.77      0.99      0.87       100
    T1491_68235976-2404-42a8-9105-68230cfef562       1.00      1.00      1.00       100
    T1496_46da2385-cf37-49cb-ba4b-a739c7a19de4       0.99      1.00      1.00       100
T1497.001_1258b063-27d6-489b-a677-4807faacf868       0.00      0.00      0.00       100
T1497.001_5dc841fd-28ad-40e2-b10e-fb007fe09e81       0.00      0.00      0.00       100
T1497.001_7a6ba833-de40-466a-8969-5c37b13603e0       0.01      0.14      0.02       100
    T1499_2fe2d5e6-7b06-4fc0-bf71-6966a1226731       0.00      0.00      0.00       100
T1518.001_2dece965-37a0-4f70-a391-0f30e3331aba       0.00      0.00      0.00       100
    T1518.001_33a24ff44719e6ac0614b58f8c9a7c72       0.33      0.03      0.06       100
    T1518.001_b8453a5fe06b24aea12b27592d5c3d3a       0.00      0.00      0.00       100
        T1518_8ddfaf982ab359cda13626b870ccb339       0.98      1.00      0.99       100
    T1518_c9be8043-a445-4cbf-b77b-ed7bb007fc7c       0.96      1.00      0.98       100
        T1531_aa6b15485a5f50ced34d87fda177b758       0.11      0.58      0.18       100
        T1531_b25ae80dad74142fafb510e9c1949ace       0.13      0.10      0.11       100
    T1546.013_f9a968af61d36983448c74cca5464e17       0.97      0.99      0.98       100
    T1547.001_0dbdf1a2a87e718a6ac8a8e3415a7fac       1.00      1.00      1.00       100
    T1547.001_163b023f43aba758d36f524d146cb8ea       1.00      1.00      1.00       100
    T1547.001_1f15ab22c39a9b6bb2bb0d77276dfcb3       0.93      1.00      0.97       100
    T1547.001_4b71ebb2f6f6a01235ba240fa40ce978       0.97      1.00      0.99       100
    T1547.001_777043894e42d2aae3881e63f6c76d33       0.95      1.00      0.98       100
    T1547.001_d3ef4145e4144fd694514b1c5cc17350       0.99      1.00      1.00       100
    T1547.004_0856714c9810ac55b53e9964d02958a0       0.92      1.00      0.96       100
    T1547.004_aa147165f6c116cb0b0f944abe1db8ce       0.93      0.99      0.96       100
    T1547.009_501af516bd8b24fee0c7c650ae5cc861       1.00      0.99      0.99       100
    T1547.009_b6e5c895c6709fe289352ee23f062229       0.97      1.00      0.99       100
    T1547.010_4593d72a5145e3f494421ac772d37464       1.00      1.00      1.00       100
        T1547_fe9eeee9a7b339089e5fa634b08522c1       1.00      0.98      0.99       100
T1548.002_665432a4-42e7-4ee1-af19-a9a8c9455d0c       1.00      1.00      1.00       100
    T1552.002_3e5b04b8ee0a1a4950da8f35d95e65fc       0.13      0.17      0.15       100
        T1560_a1ee301b0508747b468d578a14e5c1a5       1.00      1.00      1.00       100
    T1562.001_43e3334362b140924f001b256b229ee5       1.00      1.00      1.00       100
    T1562.002_6a8d25d65a7d481dc479f89c62af1e6a       1.00      1.00      1.00       100
    T1562.002_94f51bf01a7036fe02d07b4c18967669       0.00      0.00      0.00       100
    T1562.004_280003641a5cddf916c4f2bf605a71d3       0.09      0.04      0.06       100
    T1562.004_41627f71f968225b9f162cb76d16bd9d       0.85      0.98      0.91       100
    T1562.004_5b93df032e230056c21a3e57334f77d1       0.00      0.00      0.00       100
    T1562.004_8d0a4585e7c4646185a912b14cd9cb46       0.00      0.00      0.00       100
    T1562.004_8fe59e288f10a486dc8b44bc872019ff       0.97      1.00      0.99       100
    T1564.001_66a5fd5f244819181f074dd082a28905       0.71      0.05      0.09       100
    T1564.001_dce51e632abdfe5392c7c1f942ac9273       0.50      0.98      0.66       100
    T1564.003_9a2edad4053a2b59fb9167a9bc29e7dc       0.67      0.81      0.73       100
    T1564.004_28862487a99f5f89bc0d68c87396c7e9       0.69      0.98      0.81       100
    T1564.004_76b6066fe170d38215251102e42be973       1.00      1.00      1.00       100
        T1564_dedfa0a54c9c13ce5714a0dc2e1f5d1a       0.00      0.00      0.00       100
    T1566.001_1afaec09315ab71fdfb167175e8a019a       1.00      1.00      1.00       100
    T1574.001_63bbedafba2f541552ac3579e9e3737b       1.00      1.00      1.00       100
    T1574.011_72249c1e9ffe7d8f30243d838e0791ca       1.00      1.00      1.00       100

                                      accuracy                           0.61     16500
                                     macro avg       0.60      0.61      0.59     16500
                                  weighted avg       0.60      0.61      0.59     16500

