09/18/2023, 19:10:50# labels of 5000: tensor([106, 153, 131, 102, 143,   5,  92,  13,  82,  27, 129, 106, 110,  35,
         20, 115], device='cuda:1') torch.Size([16])
09/18/2023, 19:10:50# predicted of 5000: tensor([106, 153, 108, 102, 137,   5, 152,  13,  82,  27, 129, 106, 103, 120,
         20, 115], device='cuda:1') torch.Size([16])
09/18/2023, 19:12:27# total batches: 8300
09/18/2023, 19:12:27# Epoch 0 | Train Loss: 2.7477 | Train Accuracy: 0.4244
09/18/2023, 19:12:27# labels of Validation: tensor([116,  78,  69,  13,  44, 154,  84, 104,  45,  42,  47, 160,  41,  48,
        105,   3], device='cuda:1') torch.Size([16])
09/18/2023, 19:12:27# predicted of Validation: tensor([157,  67,  69,  13, 125, 154,  84,  33,  45, 141,  14, 160,  41,   1,
        105,   3], device='cuda:1') torch.Size([16])
09/18/2023, 19:12:27# labels of 0: tensor([116,  78,  69,  13,  44, 154,  84, 104,  45,  42,  47, 160,  41,  48,
        105,   3], device='cuda:1') torch.Size([16])
09/18/2023, 19:12:27# predicted of 0: tensor([157,  67,  69,  13, 125, 154,  84,  33,  45, 141,  14, 160,  41,   1,
        105,   3], device='cuda:1') torch.Size([16])
09/18/2023, 19:12:56# labels of Validation: tensor([ 78, 140,  15,  23,  41,  45,  27, 142, 114, 123,  71,  40,  47, 142,
          2,  79], device='cuda:1') torch.Size([16])
09/18/2023, 19:12:56# predicted of Validation: tensor([ 67, 140,  15,  23,  41,  45,  27,  31, 110,  96,  71,  40, 125,  33,
         74, 130], device='cuda:1') torch.Size([16])
09/18/2023, 19:12:57# Validation Loss: 1.7457 | Validation Accuracy: 0.5914

09/18/2023, 19:12:57# Find a better model!!
09/18/2023, 19:15:48# labels of 5000: tensor([127, 128,  58, 149, 118,  67, 132,  75, 160, 161,  34, 104,  38,  17,
         32,  57], device='cuda:1') torch.Size([16])
09/18/2023, 19:15:48# predicted of 5000: tensor([127, 128,  58, 149, 118,  78, 132, 143, 160, 161,  54,   2, 143,  17,
         32,   4], device='cuda:1') torch.Size([16])
09/18/2023, 19:17:43# total batches: 8300
09/18/2023, 19:17:43# Epoch 1 | Train Loss: 1.6437 | Train Accuracy: 0.5974
09/18/2023, 19:17:43# labels of Validation: tensor([ 24, 145, 129,  51,  17,  75, 133,  13, 120, 153, 157, 158,  77, 107,
         78,  48], device='cuda:1') torch.Size([16])
09/18/2023, 19:17:43# predicted of Validation: tensor([124, 145, 129, 108, 146,  74, 133,  13, 120, 153,  74,  34,  77, 107,
         67,  74], device='cuda:1') torch.Size([16])
09/18/2023, 19:17:43# labels of 0: tensor([ 24, 145, 129,  51,  17,  75, 133,  13, 120, 153, 157, 158,  77, 107,
         78,  48], device='cuda:1') torch.Size([16])
09/18/2023, 19:17:43# predicted of 0: tensor([124, 145, 129, 108, 146,  74, 133,  13, 120, 153,  74,  34,  77, 107,
         67,  74], device='cuda:1') torch.Size([16])
09/18/2023, 19:18:13# labels of Validation: tensor([151, 166,  99,  82,  70, 117,  92,  85,  87,  14,  77,  59,  48, 104,
        149, 157], device='cuda:1') torch.Size([16])
09/18/2023, 19:18:13# predicted of Validation: tensor([ 74, 166,  99,  82,  70, 117,  74,  85, 119,  74,  77, 108, 124,  74,
        149, 164], device='cuda:1') torch.Size([16])
09/18/2023, 19:18:14# Validation Loss: 1.5829 | Validation Accuracy: 0.6043

09/18/2023, 19:18:14# Find a better model!!
09/18/2023, 19:21:12# labels of 5000: tensor([141,  48,  37, 136,  23, 165, 129, 125,  13,  34,  96, 118, 103,  75,
         41,  31], device='cuda:1') torch.Size([16])
09/18/2023, 19:21:12# predicted of 5000: tensor([141, 124,  37, 136,  23, 165, 129, 124,  13, 124,  96, 118,  68, 163,
         41, 124], device='cuda:1') torch.Size([16])
09/18/2023, 19:23:08# total batches: 8300
09/18/2023, 19:23:08# Epoch 2 | Train Loss: 1.5532 | Train Accuracy: 0.6055
09/18/2023, 19:23:08# labels of Validation: tensor([132, 140, 110, 114,  97, 129,  16,  32,  19, 158, 101,  23, 142,   8,
        145, 130], device='cuda:1') torch.Size([16])
09/18/2023, 19:23:08# predicted of Validation: tensor([132, 140, 103, 103,  57, 129,  16,  32,  19,  57, 101,  23,  57, 103,
        145, 130], device='cuda:1') torch.Size([16])
09/18/2023, 19:23:08# labels of 0: tensor([132, 140, 110, 114,  97, 129,  16,  32,  19, 158, 101,  23, 142,   8,
        145, 130], device='cuda:1') torch.Size([16])
09/18/2023, 19:23:08# predicted of 0: tensor([132, 140, 103, 103,  57, 129,  16,  32,  19,  57, 101,  23,  57, 103,
        145, 130], device='cuda:1') torch.Size([16])
09/18/2023, 19:23:39# labels of Validation: tensor([151, 160,  50,  34,  63,   4,  54, 143,  47,  28,  63, 163,  43,  73,
         94, 154], device='cuda:1') torch.Size([16])
09/18/2023, 19:23:39# predicted of Validation: tensor([ 57, 160,  50, 158,  63,  57,   4,   4,  57,  28,  63, 158,  43,  73,
         94, 154], device='cuda:1') torch.Size([16])
09/18/2023, 19:23:40# Validation Loss: 1.5429 | Validation Accuracy: 0.6067

09/18/2023, 19:23:40# Find a better model!!
09/18/2023, 19:26:48# labels of 5000: tensor([165, 135,  84,  70,  42, 142, 132, 164,  11,  43,  68, 139,  27,  53,
        119,   1], device='cuda:1') torch.Size([16])
09/18/2023, 19:26:48# predicted of 5000: tensor([165, 135,  84,  70,  48, 119, 132,  48,  48,  43, 113, 139,  27,  74,
         48,  48], device='cuda:1') torch.Size([16])
09/18/2023, 19:28:49# total batches: 8300
09/18/2023, 19:28:49# Epoch 3 | Train Loss: 1.5201 | Train Accuracy: 0.6097
09/18/2023, 19:28:49# labels of Validation: tensor([117,  25, 138,  53, 122, 109, 150, 121,  46,  39,  27,   6, 161, 157,
         84, 158], device='cuda:1') torch.Size([16])
09/18/2023, 19:28:49# predicted of Validation: tensor([117,  25, 138,  54, 122,  76,   9,  76,  46,  39,  27,   6, 161,  76,
         84,  76], device='cuda:1') torch.Size([16])
09/18/2023, 19:28:49# labels of 0: tensor([117,  25, 138,  53, 122, 109, 150, 121,  46,  39,  27,   6, 161, 157,
         84, 158], device='cuda:1') torch.Size([16])
09/18/2023, 19:28:49# predicted of 0: tensor([117,  25, 138,  54, 122,  76,   9,  76,  46,  39,  27,   6, 161,  76,
         84,  76], device='cuda:1') torch.Size([16])
09/18/2023, 19:29:22# labels of Validation: tensor([165,  85,  53,  94,  15,  18, 147, 130,  59, 133,  79,  91,  40,   0,
        153,  51], device='cuda:1') torch.Size([16])
09/18/2023, 19:29:22# predicted of Validation: tensor([165,  85,  34,  94,  15,   4, 147, 130, 108, 133,  79,  91,  40,   0,
        153,  51], device='cuda:1') torch.Size([16])
09/18/2023, 19:29:23# Validation Loss: 1.5235 | Validation Accuracy: 0.6057

09/18/2023, 19:29:23# Find a better model!!
09/18/2023, 19:32:32# labels of 5000: tensor([ 33, 145,   4,  52,  69,  93,  64, 119,  81,  51, 138, 104, 148,   0,
        157,  65], device='cuda:1') torch.Size([16])
09/18/2023, 19:32:32# predicted of 5000: tensor([ 42, 145,   1,  52,  69, 113, 110, 109, 109,  51, 138, 109, 148,   0,
        109,  65], device='cuda:1') torch.Size([16])
09/18/2023, 19:34:33# total batches: 8300
09/18/2023, 19:34:33# Epoch 4 | Train Loss: 1.5017 | Train Accuracy: 0.6125
09/18/2023, 19:34:33# labels of Validation: tensor([ 58, 107, 150, 124,  44, 114,  68,  91, 144, 103,  81,  85,  75,  84,
         50, 145], device='cuda:1') torch.Size([16])
09/18/2023, 19:34:33# predicted of Validation: tensor([ 58, 107,  83,  83, 163,  37,  68, 108, 163, 113,  33,  85, 163,  84,
         50, 145], device='cuda:1') torch.Size([16])
09/18/2023, 19:34:33# labels of 0: tensor([ 58, 107, 150, 124,  44, 114,  68,  91, 144, 103,  81,  85,  75,  84,
         50, 145], device='cuda:1') torch.Size([16])
09/18/2023, 19:34:33# predicted of 0: tensor([ 58, 107,  83,  83, 163,  37,  68, 108, 163, 113,  33,  85, 163,  84,
         50, 145], device='cuda:1') torch.Size([16])
09/18/2023, 19:35:04# labels of Validation: tensor([121,  70, 166,  54,  35,  87,  76,  83,   3,   2,  77,  44,  41, 140,
        138,  73], device='cuda:1') torch.Size([16])
09/18/2023, 19:35:04# predicted of Validation: tensor([163,  70, 166, 163,  35,  83,  83, 163,   3, 163,  77, 163,  41, 140,
        138,  73], device='cuda:1') torch.Size([16])
09/18/2023, 19:35:06# Validation Loss: 1.5120 | Validation Accuracy: 0.6089

09/18/2023, 19:35:06# Find a better model!!
09/18/2023, 19:38:04# labels of 5000: tensor([ 96,  46,  43,  29, 152,  69, 109,  95,  52,  15,  84,  74,  87, 109,
        101,  30], device='cuda:1') torch.Size([16])
09/18/2023, 19:38:04# predicted of 5000: tensor([ 96,  46,  43,  29,  44,  69,  44,  95,  52,  15,  84,  44,   2,  47,
        101,  44], device='cuda:1') torch.Size([16])
09/18/2023, 19:40:00# total batches: 8300
09/18/2023, 19:40:00# Epoch 5 | Train Loss: 1.4902 | Train Accuracy: 0.6145
09/18/2023, 19:40:00# labels of Validation: tensor([ 14, 128, 123,  29,  18, 137,  59,  45, 129,  44,  95, 102, 110, 122,
        164,  60], device='cuda:1') torch.Size([16])
09/18/2023, 19:40:00# predicted of Validation: tensor([163, 128, 123,  29, 124, 137,  59,  45, 129, 163,  95, 102,  68, 122,
        163, 163], device='cuda:1') torch.Size([16])
09/18/2023, 19:40:00# labels of 0: tensor([ 14, 128, 123,  29,  18, 137,  59,  45, 129,  44,  95, 102, 110, 122,
        164,  60], device='cuda:1') torch.Size([16])
09/18/2023, 19:40:00# predicted of 0: tensor([163, 128, 123,  29, 124, 137,  59,  45, 129, 163,  95, 102,  68, 122,
        163, 163], device='cuda:1') torch.Size([16])
09/18/2023, 19:40:30# labels of Validation: tensor([110,  81,  89,  25, 117, 136,  21,  70, 148,  11,  86,   6,  24,  62,
        137,  10], device='cuda:1') torch.Size([16])
09/18/2023, 19:40:30# predicted of Validation: tensor([ 64, 163,  89,  25, 117, 136,  21,  70, 148, 163,  86,   6,  74,  62,
        137,  10], device='cuda:1') torch.Size([16])
09/18/2023, 19:40:31# Validation Loss: 1.5060 | Validation Accuracy: 0.6100

09/18/2023, 19:40:31# Find a better model!!
09/18/2023, 19:43:44# labels of 5000: tensor([ 87,  25,  23, 163,   4,  12, 105,  15,  78,  89,  15,  63, 134,  74,
        133,  45], device='cuda:1') torch.Size([16])
09/18/2023, 19:43:44# predicted of 5000: tensor([121,  25,  23, 121, 121, 112, 105,  15,  78,  89,  15,  63, 134, 121,
        133,  45], device='cuda:1') torch.Size([16])
09/18/2023, 19:45:44# total batches: 8300
09/18/2023, 19:45:44# Epoch 6 | Train Loss: 1.4817 | Train Accuracy: 0.6158
09/18/2023, 19:45:44# labels of Validation: tensor([ 88, 141, 135,   0, 120,  23,  26,  29, 137,   4, 140,   3,  11, 155,
        155,  68], device='cuda:1') torch.Size([16])
09/18/2023, 19:45:44# predicted of Validation: tensor([113, 141, 135,   0, 120,  23,  26,  29, 137,  48, 140,   3,  48, 155,
        155, 113], device='cuda:1') torch.Size([16])
09/18/2023, 19:45:44# labels of 0: tensor([ 88, 141, 135,   0, 120,  23,  26,  29, 137,   4, 140,   3,  11, 155,
        155,  68], device='cuda:1') torch.Size([16])
09/18/2023, 19:45:44# predicted of 0: tensor([113, 141, 135,   0, 120,  23,  26,  29, 137,  48, 140,   3,  48, 155,
        155, 113], device='cuda:1') torch.Size([16])
09/18/2023, 19:46:18# labels of Validation: tensor([110,  84,  55,  30,   5, 155, 147,   9,  87, 131,  64,  16, 100,  63,
        150,  51], device='cuda:1') torch.Size([16])
09/18/2023, 19:46:18# predicted of Validation: tensor([113,  84, 151,  83,   5, 155, 147,  83,  83, 131, 110,  16, 100,  63,
         48,  51], device='cuda:1') torch.Size([16])
09/18/2023, 19:46:19# Validation Loss: 1.4970 | Validation Accuracy: 0.6112

09/18/2023, 19:46:19# Find a better model!!
09/18/2023, 19:49:23# labels of 5000: tensor([125, 148,  98,  46,  59,  24,  68,  40, 163, 139,  16, 138, 162,  54,
        102,  30], device='cuda:1') torch.Size([16])
09/18/2023, 19:49:23# predicted of 5000: tensor([ 14, 148,  98,  46,  59,  49,  68,  40, 143, 139,  16, 138, 143, 124,
        102, 124], device='cuda:1') torch.Size([16])
09/18/2023, 19:51:26# total batches: 8300
09/18/2023, 19:51:26# Epoch 7 | Train Loss: 1.4742 | Train Accuracy: 0.6177
09/18/2023, 19:51:26# labels of Validation: tensor([ 32, 100, 110, 166, 141, 135,  16, 156,  97,   7,  35,  42,  35,   9,
        163, 136], device='cuda:1') torch.Size([16])
09/18/2023, 19:51:26# predicted of Validation: tensor([ 32, 100,  88, 166, 141, 135,  16, 156,  48,   7,  35, 150,  35, 143,
        164, 136], device='cuda:1') torch.Size([16])
09/18/2023, 19:51:26# labels of 0: tensor([ 32, 100, 110, 166, 141, 135,  16, 156,  97,   7,  35,  42,  35,   9,
        163, 136], device='cuda:1') torch.Size([16])
09/18/2023, 19:51:26# predicted of 0: tensor([ 32, 100,  88, 166, 141, 135,  16, 156,  48,   7,  35, 150,  35, 143,
        164, 136], device='cuda:1') torch.Size([16])
09/18/2023, 19:52:00# labels of Validation: tensor([ 45, 136,  14, 154,  13,  98,  36,  29, 106, 121,  90, 161,   1,  11,
        111,  61], device='cuda:1') torch.Size([16])
09/18/2023, 19:52:00# predicted of Validation: tensor([ 45, 136,   9, 154,  13,  98,  36,  29, 106,  57,  68, 161,  57, 164,
         18,  61], device='cuda:1') torch.Size([16])
09/18/2023, 19:52:01# Validation Loss: 1.4900 | Validation Accuracy: 0.6151

09/18/2023, 19:52:01# Find a better model!!
09/18/2023, 19:55:10# labels of 5000: tensor([ 54,  43, 129,  54,  27,  14,  87, 161,  42,  72,  11, 132, 138, 165,
        132, 154], device='cuda:1') torch.Size([16])
09/18/2023, 19:55:10# predicted of 5000: tensor([  9,  43, 129,   9,  27, 109, 124, 161,   9,  72, 109, 132, 138, 165,
        132, 154], device='cuda:1') torch.Size([16])
09/18/2023, 19:57:01# total batches: 8300
09/18/2023, 19:57:01# Epoch 8 | Train Loss: 1.4680 | Train Accuracy: 0.6185
09/18/2023, 19:57:01# labels of Validation: tensor([129, 115, 119, 102, 159,   7,  14,  90,  98,  51,  35, 135,  34,   4,
         70, 159], device='cuda:1') torch.Size([16])
09/18/2023, 19:57:01# predicted of Validation: tensor([129, 115,  87, 102, 159,   7,  57, 114,  98,  51,  35, 135,  36,  49,
         70, 159], device='cuda:1') torch.Size([16])
09/18/2023, 19:57:01# labels of 0: tensor([129, 115, 119, 102, 159,   7,  14,  90,  98,  51,  35, 135,  34,   4,
         70, 159], device='cuda:1') torch.Size([16])
09/18/2023, 19:57:01# predicted of 0: tensor([129, 115,  87, 102, 159,   7,  57, 114,  98,  51,  35, 135,  36,  49,
         70, 159], device='cuda:1') torch.Size([16])
09/18/2023, 19:57:22# labels of Validation: tensor([144,  15, 158, 103,  29,  78, 137,  72,  21, 155, 115,  64,  14, 145,
        155,  40], device='cuda:1') torch.Size([16])
09/18/2023, 19:57:22# predicted of Validation: tensor([ 36,  15, 142,  64,  29,  67, 137,  72,  21, 155, 115,  64,  48, 145,
        155,  40], device='cuda:1') torch.Size([16])
09/18/2023, 19:57:23# Validation Loss: 1.4899 | Validation Accuracy: 0.6159

09/18/2023, 19:57:23# Find a better model!!
09/18/2023, 19:59:29# labels of 5000: tensor([104, 129, 130,  55,  85, 157,  94, 154,  39,  61,  33, 100,  93, 124,
         37, 140], device='cuda:1') torch.Size([16])
09/18/2023, 19:59:29# predicted of 5000: tensor([162, 129, 130,  10,  85, 144,  94, 154,  39,  61, 144, 100,  90, 144,
         37, 140], device='cuda:1') torch.Size([16])
09/18/2023, 20:00:52# total batches: 8300
09/18/2023, 20:00:52# Epoch 9 | Train Loss: 1.4624 | Train Accuracy: 0.6207
09/18/2023, 20:00:52# labels of Validation: tensor([ 17, 124, 117, 103,  30,  97,  81, 149,  84,  14,  44,   9,  27,  71,
        107,   4], device='cuda:1') torch.Size([16])
09/18/2023, 20:00:52# predicted of Validation: tensor([ 17, 152, 117,  93,   1, 152, 152, 149,  84, 152, 163, 143,  27,  71,
        107, 163], device='cuda:1') torch.Size([16])
09/18/2023, 20:00:52# labels of 0: tensor([ 17, 124, 117, 103,  30,  97,  81, 149,  84,  14,  44,   9,  27,  71,
        107,   4], device='cuda:1') torch.Size([16])
09/18/2023, 20:00:52# predicted of 0: tensor([ 17, 152, 117,  93,   1, 152, 152, 149,  84, 152, 163, 143,  27,  71,
        107, 163], device='cuda:1') torch.Size([16])
09/18/2023, 20:01:13# labels of Validation: tensor([114,  21, 117,  47, 119, 128, 108,  92, 156, 112,  16,  33, 110, 132,
        114,  71], device='cuda:1') torch.Size([16])
09/18/2023, 20:01:13# predicted of Validation: tensor([ 68,  21, 117, 152, 163, 128, 108,  71, 156, 152,  16, 109,  68, 132,
         93,  71], device='cuda:1') torch.Size([16])
09/18/2023, 20:01:14# Validation Loss: 1.5006 | Validation Accuracy: 0.6134

09/18/2023, 20:01:14# labels of Test: tensor([65, 65, 65, 65, 65, 65, 65, 65, 65, 65, 65, 65, 65, 65, 65, 65],
       device='cuda:1') torch.Size([16])
09/18/2023, 20:01:14# predicted of Test: tensor([65, 65, 65, 65, 65, 65, 65, 65, 65, 65, 65, 65, 65, 65, 65, 65],
       device='cuda:1') torch.Size([16])
09/18/2023, 20:01:14# labels of 0: tensor([65, 65, 65, 65, 65, 65, 65, 65, 65, 65, 65, 65, 65, 65, 65, 65],
       device='cuda:1') torch.Size([16])
09/18/2023, 20:01:14# predicted of 0: tensor([65, 65, 65, 65, 65, 65, 65, 65, 65, 65, 65, 65, 65, 65, 65, 65],
       device='cuda:1') torch.Size([16])
09/18/2023, 20:01:14# labels: tensor([65, 65, 65, 65, 65, 65, 65, 65, 65, 65, 65, 65, 65, 65, 65, 65],
       device='cuda:1') torch.Size([16])
09/18/2023, 20:01:14# predicted: tensor([65, 65, 65, 65, 65, 65, 65, 65, 65, 65, 65, 65, 65, 65, 65, 65],
       device='cuda:1') torch.Size([16])
09/18/2023, 20:01:37# labels of Test: tensor([162, 162, 162, 162, 162, 162, 162, 162, 162, 162, 162, 162, 162, 162,
        162, 162], device='cuda:1') torch.Size([16])
09/18/2023, 20:01:37# predicted of Test: tensor([ 57,  81,  60,  57,  57,  60,  60, 142,  48,  48,  57,  30,  57,  57,
        111,  48], device='cuda:1') torch.Size([16])
09/18/2023, 20:01:38# Test Accuracy: 61.33734939759036 %



09/18/2023, 20:01:39# report path: classification_report/classification_report-secureBERT_150-graphSAGE-0.xlsx
09/18/2023, 20:01:39# label path: classification_report/mapped_true_predicted_labels-secureBERT_150-graphSAGE-0.xlsx
09/18/2023, 20:01:40# mapped_report:
                                                precision    recall  f1-score   support

T1003.001_0ef4cc7b-611c-4237-b20b-db36b6906554       1.00      1.00      1.00       100
    T1003.001_35d92515122effdd73801c6ac3021da7       0.98      1.00      0.99       100
    T1003.002_5a484b65c247675e3b7ada4ba648d376       1.00      1.00      1.00       100
    T1003.002_7fa4ea18694f2552547b65e23952cabb       1.00      1.00      1.00       100
    T1003.003_9f73269695e54311dd61dc68940fb3e1       0.00      0.00      0.00       100
    T1003.003_f049b89533298c2d6cd37a940248b219       0.00      0.00      0.00       100
        T1003_18f31c311ac208802e88ab8d5af8603e       1.00      1.00      1.00       100
        T1007_9d03c91bdae5a80f17f89c987942b5a8       1.00      0.97      0.98       100
    T1007_c6607391-d02c-44b5-9b13-d3492ca58599       0.00      0.00      0.00       100
        T1007_d6bb2a19da7246731ed9c44831b135f8       0.52      0.34      0.41       100
    T1016_14a21534-350f-4d83-9dd7-3c56b93a0c17       0.02      0.02      0.02       100
        T1016_71b3d2945679566b9d94d8cb11df4b70       0.00      0.00      0.00       100
        T1016_7d8ee68f0e9731db82964f558f614608       0.92      0.98      0.95       100
    T1016_921055f4-5970-4707-909e-62f594234d91       0.08      0.01      0.02       100
    T1016_a0676fe1-cd52-482e-8dde-349b73f9aa69       0.02      0.04      0.03       100
    T1016_e8017c46-acb8-400c-a4b5-b3362b5b5baa       0.00      0.00      0.00       100
    T1018_26c8b8b5-7b5b-4de1-a128-7d37fb14f517       0.00      0.00      0.00       100
        T1018_a44bb43474728496276d5d73aa14588f       0.00      0.00      0.00       100
        T1018_ac20e592bc912bddff4d6b88289095f0       0.03      0.03      0.03       100
    T1021.001_dd67068b052fa553ad4a0ac7d6a5ea89       1.00      0.99      0.99       100
    T1033_bd527b63-9f9e-46e0-9816-b8434d2b8989       0.00      0.00      0.00       100
    T1033_c0da588f-79f0-4263-8998-7496b1a40596       0.02      0.15      0.04       100
    T1036.003_04e8d83e7badf098d50800d6aa1dd487       1.00      1.00      1.00       100
    T1036.003_f5ef8466e5ebcd2ae03f338d9416069c       1.00      0.99      0.99       100
    T1036.004_1f0614ea5c4af6faf1b44570f5f22f8a       0.25      0.01      0.02       100
    T1036.004_7de3d7b4922a7b996d8df36fb22bb118       0.20      0.15      0.17       100
    T1037.001_62cfa90fb03a6bc1a6ebcce8a3ea81b7       1.00      1.00      1.00       100
        T1040_6881a4589710d53f0c146e91db513f01       1.00      1.00      1.00       100
        T1047_09e0f9cf2eb803a1c35deeecf3665fad       0.00      0.00      0.00       100
        T1047_6935e41353aa781bb723462d26114c44       0.00      0.00      0.00       100
        T1047_ac122553ab4426ea3362bb4a97d31bfd       0.03      0.02      0.02       100
        T1047_ac2764f7a67a9ce92b54e8e59b361838       0.00      0.00      0.00       100
        T1047_b0255b5120cbabc062d8d4510a142c3b       0.00      0.00      0.00       100
        T1047_ed736a123da6fb2aab22cfd4f437e8b5       0.01      0.01      0.01       100
        T1047_f4b0b4129560ea66f9751275e82f6bab       0.04      0.02      0.03       100
    T1049_638fb6bb-ba39-4285-93d1-7e4775b033a8       0.00      0.00      0.00       100
        T1049_a14392d713dffba6a397682ff83259a0       0.46      0.64      0.53       100
    T1053.005_5db2884b6ca3ab932848f295a3896dc0       0.14      0.06      0.08       100
    T1053.005_ee454be9197890de62705ce6255933fd       0.00      0.00      0.00       100
T1055.001_a74bc239-a196-4f7e-8d5c-fe8c0266071c       0.00      0.00      0.00       100
T1055.002_e5bcefee-262d-4568-a261-e8a20855ec81       0.00      0.00      0.00       100
    T1057_5a39d7ed-45c9-4a79-b581-e5fb99e24f65       0.00      0.00      0.00       100
    T1057_8adf02e8-6e71-4244-886c-98c402857404       1.00      1.00      1.00       100
        T1057_b2a1e430ca6d36eb5af2fe666e769847       0.00      0.01      0.01       100
        T1057_f8de05d1741dcc468f772ab0ff4dac72       0.00      0.00      0.00       100
T1059.001_55678719-e76e-4df9-92aa-10655bbd1cf4       1.00      0.99      0.99       100
    T1059.001_6efbccc1869e8cd618c0d3ecda407d5f       0.99      1.00      1.00       100
T1059.001_702bfdd2-9947-4eda-b551-c3a1ea9a59a2       0.99      1.00      1.00       100
T1059.001_bfff9006-d1fb-46ce-b173-92cb04e9a031       1.00      1.00      1.00       100
T1059.001_ccdb8caf-c69e-424b-b930-551969450c57       0.98      1.00      0.99       100
T1059.001_e5f9de8f-3df1-4e78-ad92-a784e3f6770d       1.00      1.00      1.00       100
    T1059.003_6c318ef0339d74d909ad556681b6493e       0.85      1.00      0.92       100
    T1059.003_f38e58deb7ad20b5538ca40db7b7b4f8       0.98      1.00      0.99       100
T1069.001_5c4dd985-89e3-4590-9b57-71fed66ff4e2       1.00      1.00      1.00       100
    T1069.001_a1f48fa3ddee658b29b414523c9a295b       0.10      0.12      0.11       100
    T1069.002_6103e503cb444bc7b4187704f2035708       0.96      0.80      0.87       100
    T1070.005_1f91076e2be2014cc7b4f1296de02fd6       1.00      0.99      0.99       100
    T1071.001_24c3b7b004401d839a5c337201da3484       1.00      1.00      1.00       100
T1074.001_4e97e699-93d7-4040-b5a3-2e906a58199e       0.99      1.00      1.00       100
T1074.001_6469befa-748a-4b9c-a96d-f191fde47d89       0.99      1.00      1.00       100
    T1074.001_e6dfc7e89359ac6fa6de84b0e1d5762e       0.99      1.00      1.00       100
    T1078.001_d0ca00832890baa1d42322cf70fcab1a       0.00      0.00      0.00       100
    T1082_29451844-9b76-4e16-a9ee-d6feab4b24db       0.00      0.00      0.00       100
    T1083_52177cc1-b9ab-4411-ac21-2eadc4b5d3b8       1.00      1.00      1.00       100
    T1083_6e1a53c0-7352-4899-be35-fa7f364d5722       0.01      0.02      0.01       100
    T1087.001_6334877e8e3ba48f7835d4856d90a282       0.94      1.00      0.97       100
T1087.001_feaced8f-f43f-452a-9500-a5219488abb8       0.02      0.44      0.04       100
    T1090.001_ba343199a4f15ed6b57eb52412f62e4e       0.57      0.51      0.54       100
        T1105_0856c235a1d26113d4f2d92e39c9a9f8       1.00      1.00      1.00       100
        T1105_1095434782a00c8a4772a11e625bcf5d       0.99      1.00      1.00       100
        T1105_4f683658f161ccdc51337c470d32bab9       1.00      1.00      1.00       100
    T1105_60f63260-39bb-4136-87a0-b6c2dca799fc       1.00      1.00      1.00       100
        T1105_c521e0a70b243a0cf9217907ca3c6d27       0.99      1.00      1.00       100
        T1105_c76968acda4aa1673dadcd67f3ab7664       0.99      1.00      1.00       100
        T1105_e6715e61f5df646692c624b3499384c4       1.00      1.00      1.00       100
    T1105_eb814e03-811a-467a-bc6d-dcd453750fa2       1.00      1.00      1.00       100
        T1112_257313a3c93e3bb7dfb60d6753b09e34       0.98      1.00      0.99       100
        T1112_34041639e6e501856ecaf5969ee29c76       0.96      1.00      0.98       100
        T1112_35c0360d226cf38104f300d9d57ce60e       0.96      1.00      0.98       100
        T1112_4bfb5f265a5ce07af6bf10da113af7db       0.97      1.00      0.99       100
        T1112_7fe6a66d03f4dbfc022609ba311c2b11       0.96      1.00      0.98       100
        T1112_ba6f6214dbd17c54001e0a163b60f151       0.95      1.00      0.98       100
        T1112_cab7b85611a290c0769546bfa9d6f962       0.99      1.00      1.00       100
        T1112_cd8be0e6b873919da25530a2c7ea6750       0.98      1.00      0.99       100
        T1112_e74d2fb4ef5fa6c766a4151554033697       1.00      1.00      1.00       100
        T1112_e7a987cbef27263e666e5b096488dc55       1.00      1.00      1.00       100
        T1112_fa4ba6a06b4a5cd955ea5a60fae24281       0.99      1.00      1.00       100
        T1112_fd992e8ecfdac9b56dd6868904044827       0.99      1.00      1.00       100
    T1113_316251ed-6a28-4013-812b-ddf5b5b007f8       0.97      1.00      0.99       100
        T1115_70795de7cbb842edb029b3378c27c008       1.00      1.00      1.00       100
    T1115_b007fe0c-c6b0-4fda-915c-255bbc070de2       0.06      0.05      0.05       100
        T1119_344e7eaf650763e0d3e9f02e62c1cf4b       1.00      1.00      1.00       100
        T1119_7121cdf93b951311be9d7078c602efdc       1.00      1.00      1.00       100
        T1120_7b9c7afaefa59aab759b49af0d699ac1       1.00      1.00      1.00       100
        T1123_372e6f46fca18e4f1b43209c20ffafa2       1.00      1.00      1.00       100
    T1124_fa6e8607-e0b1-425d-8924-9b894da5a002       0.01      0.01      0.01       100
        T1125_da86001b5081fcf773d8e62f22cf2b00       1.00      1.00      1.00       100
    T1135_530e47c6-8592-42bf-91df-c59ffbd8541b       0.00      0.00      0.00       100
    T1135_deeac480-5c2a-42b5-90bb-41675ee53c7e       0.03      0.02      0.02       100
    T1137.002_e2af3c3ab1b0f659c874b8af58c49759       1.00      1.00      1.00       100
        T1137_12ad9edefc86af07700fbf49bfdac6ba       1.00      1.00      1.00       100
        T1201_38f6f0e50a6b196140ec40d3dc9cc9e6       0.00      0.00      0.00       100
        T1201_57296a2ddbeb7423c05feef2fe972111       0.00      0.00      0.00       100
    T1204.002_522f3f35cd013e63830fa555495a0081       0.99      1.00      1.00       100
        T1217_69bbe2183fa09c00ccaac62d48e214f8       1.00      1.00      1.00       100
        T1217_f7a0f7d704aa52a764d9d1bee81e65d6       0.08      0.01      0.02       100
        T1219_7dabcbecab0334b115feefab1630f84a       1.00      1.00      1.00       100
        T1219_af8cb2bf9b436aae5c106a0a9c207e14       0.99      1.00      1.00       100
        T1219_f1b3fca18d7465cd10e5a7477a3bf97d       1.00      1.00      1.00       100
    T1482_6131397e-7765-424e-a594-3d7fb2d93a6a       1.00      1.00      1.00       100
        T1482_cfb61005899996469ae3023796792ca5       0.01      0.03      0.02       100
        T1486_d82ceb9939d3d920ee550187ad8235c8       0.98      1.00      0.99       100
        T1490_2d53d6fabd39bf9c70b0dfcdfbbc926d       0.00      0.00      0.00       100
        T1490_8467c994685ccf178db166964bd80fab       0.17      0.02      0.04       100
        T1490_9e5e4c0655fd1b5be88bd40b8251175f       0.00      0.00      0.00       100
        T1490_c156ac5c9fa67080365268d95f29053d       0.00      0.00      0.00       100
        T1490_c8f329d2847ede593b6cb4a1ec6120fb       1.00      0.99      0.99       100
        T1490_e90756bb6dcd21462dc4cc452661df91       0.03      0.02      0.02       100
    T1491_47d08617-5ce1-424a-8cc5-c9c978ce6bf9       0.95      1.00      0.98       100
    T1491_68235976-2404-42a8-9105-68230cfef562       1.00      1.00      1.00       100
    T1496_46da2385-cf37-49cb-ba4b-a739c7a19de4       1.00      1.00      1.00       100
T1497.001_1258b063-27d6-489b-a677-4807faacf868       0.00      0.00      0.00       100
T1497.001_5dc841fd-28ad-40e2-b10e-fb007fe09e81       0.00      0.00      0.00       100
T1497.001_7a6ba833-de40-466a-8969-5c37b13603e0       0.02      0.08      0.03       100
    T1499_2fe2d5e6-7b06-4fc0-bf71-6966a1226731       0.00      0.00      0.00       100
T1518.001_2dece965-37a0-4f70-a391-0f30e3331aba       0.01      0.01      0.01       100
    T1518.001_33a24ff44719e6ac0614b58f8c9a7c72       0.11      0.72      0.19       100
    T1518.001_b8453a5fe06b24aea12b27592d5c3d3a       0.00      0.00      0.00       100
        T1518_8ddfaf982ab359cda13626b870ccb339       0.99      1.00      1.00       100
    T1518_c9be8043-a445-4cbf-b77b-ed7bb007fc7c       1.00      1.00      1.00       100
        T1531_aa6b15485a5f50ced34d87fda177b758       0.00      0.00      0.00       100
        T1531_b25ae80dad74142fafb510e9c1949ace       0.08      0.03      0.04       100
    T1546.013_f9a968af61d36983448c74cca5464e17       1.00      0.99      0.99       100
    T1547.001_0dbdf1a2a87e718a6ac8a8e3415a7fac       1.00      1.00      1.00       100
    T1547.001_163b023f43aba758d36f524d146cb8ea       1.00      1.00      1.00       100
    T1547.001_1f15ab22c39a9b6bb2bb0d77276dfcb3       1.00      1.00      1.00       100
    T1547.001_4b71ebb2f6f6a01235ba240fa40ce978       0.85      1.00      0.92       100
    T1547.001_777043894e42d2aae3881e63f6c76d33       0.97      1.00      0.99       100
    T1547.001_d3ef4145e4144fd694514b1c5cc17350       1.00      1.00      1.00       100
    T1547.004_0856714c9810ac55b53e9964d02958a0       0.98      1.00      0.99       100
    T1547.004_aa147165f6c116cb0b0f944abe1db8ce       0.98      1.00      0.99       100
    T1547.009_501af516bd8b24fee0c7c650ae5cc861       1.00      0.99      0.99       100
    T1547.009_b6e5c895c6709fe289352ee23f062229       1.00      1.00      1.00       100
    T1547.010_4593d72a5145e3f494421ac772d37464       0.99      1.00      1.00       100
        T1547_fe9eeee9a7b339089e5fa634b08522c1       1.00      1.00      1.00       100
T1548.002_665432a4-42e7-4ee1-af19-a9a8c9455d0c       1.00      1.00      1.00       100
    T1552.002_3e5b04b8ee0a1a4950da8f35d95e65fc       0.00      0.00      0.00       100
        T1560_a1ee301b0508747b468d578a14e5c1a5       1.00      1.00      1.00       100
    T1562.001_43e3334362b140924f001b256b229ee5       1.00      1.00      1.00       100
    T1562.002_6a8d25d65a7d481dc479f89c62af1e6a       1.00      0.98      0.99       100
    T1562.002_94f51bf01a7036fe02d07b4c18967669       0.00      0.00      0.00       100
    T1562.004_280003641a5cddf916c4f2bf605a71d3       0.16      0.05      0.08       100
    T1562.004_41627f71f968225b9f162cb76d16bd9d       0.98      0.99      0.99       100
    T1562.004_5b93df032e230056c21a3e57334f77d1       0.00      0.00      0.00       100
    T1562.004_8d0a4585e7c4646185a912b14cd9cb46       0.00      0.00      0.00       100
    T1562.004_8fe59e288f10a486dc8b44bc872019ff       0.98      0.99      0.99       100
    T1564.001_66a5fd5f244819181f074dd082a28905       0.49      0.73      0.58       100
    T1564.001_dce51e632abdfe5392c7c1f942ac9273       0.46      0.23      0.31       100
    T1564.003_9a2edad4053a2b59fb9167a9bc29e7dc       0.68      0.58      0.63       100
    T1564.004_28862487a99f5f89bc0d68c87396c7e9       0.96      0.99      0.98       100
    T1564.004_76b6066fe170d38215251102e42be973       1.00      1.00      1.00       100
        T1564_dedfa0a54c9c13ce5714a0dc2e1f5d1a       0.00      0.00      0.00       100
    T1566.001_1afaec09315ab71fdfb167175e8a019a       1.00      1.00      1.00       100
    T1574.001_63bbedafba2f541552ac3579e9e3737b       0.98      1.00      0.99       100
    T1574.011_72249c1e9ffe7d8f30243d838e0791ca       1.00      1.00      1.00       100
                                        benign       0.93      1.00      0.96       100

                                      accuracy                           0.61     16600
                                     macro avg       0.61      0.61      0.60     16600
                                  weighted avg       0.61      0.61      0.60     16600

09/18/2023, 20:01:40# labels of Test: tensor([65, 65, 65, 65, 65, 65, 65, 65, 65, 65, 65, 65, 65, 65, 65, 65],
       device='cuda:1') torch.Size([16])
09/18/2023, 20:01:40# predicted of Test: tensor([65, 65, 65, 65, 65, 65, 65, 65, 65, 65, 65, 65, 65, 65, 65, 65],
       device='cuda:1') torch.Size([16])
09/18/2023, 20:01:40# labels of 0: tensor([65, 65, 65, 65, 65, 65, 65, 65, 65, 65, 65, 65, 65, 65, 65, 65],
       device='cuda:1') torch.Size([16])
09/18/2023, 20:01:40# predicted of 0: tensor([65, 65, 65, 65, 65, 65, 65, 65, 65, 65, 65, 65, 65, 65, 65, 65],
       device='cuda:1') torch.Size([16])
09/18/2023, 20:01:40# labels: tensor([65, 65, 65, 65, 65, 65, 65, 65, 65, 65, 65, 65, 65, 65, 65, 65],
       device='cuda:1') torch.Size([16])
09/18/2023, 20:01:40# predicted: tensor([65, 65, 65, 65, 65, 65, 65, 65, 65, 65, 65, 65, 65, 65, 65, 65],
       device='cuda:1') torch.Size([16])
09/18/2023, 20:01:55# labels of Test: tensor([162, 162, 162, 162, 162, 162, 162, 162, 162, 162, 162, 162, 162, 162,
        162, 162], device='cuda:1') torch.Size([16])
09/18/2023, 20:01:55# predicted of Test: tensor([ 57,  81,  60,  57,  57,  60,  60, 142,  48,  48,  57,  30,  57,  57,
        111,  48], device='cuda:1') torch.Size([16])
09/18/2023, 20:01:56# Test Accuracy: 61.33734939759036 %



09/18/2023, 20:02:03# report path: classification_report/classification_report-secureBERT_150-graphSAGE-1.xlsx
09/18/2023, 20:02:03# label path: classification_report/mapped_true_predicted_labels-secureBERT_150-graphSAGE-1.xlsx
09/18/2023, 20:02:03# mapped_report:
                                                precision    recall  f1-score   support

T1003.001_0ef4cc7b-611c-4237-b20b-db36b6906554       1.00      1.00      1.00       100
    T1003.001_35d92515122effdd73801c6ac3021da7       0.98      1.00      0.99       100
    T1003.002_5a484b65c247675e3b7ada4ba648d376       1.00      1.00      1.00       100
    T1003.002_7fa4ea18694f2552547b65e23952cabb       1.00      1.00      1.00       100
    T1003.003_9f73269695e54311dd61dc68940fb3e1       0.00      0.00      0.00       100
    T1003.003_f049b89533298c2d6cd37a940248b219       0.00      0.00      0.00       100
        T1003_18f31c311ac208802e88ab8d5af8603e       1.00      1.00      1.00       100
        T1007_9d03c91bdae5a80f17f89c987942b5a8       1.00      0.97      0.98       100
    T1007_c6607391-d02c-44b5-9b13-d3492ca58599       0.00      0.00      0.00       100
        T1007_d6bb2a19da7246731ed9c44831b135f8       0.52      0.34      0.41       100
    T1016_14a21534-350f-4d83-9dd7-3c56b93a0c17       0.02      0.02      0.02       100
        T1016_71b3d2945679566b9d94d8cb11df4b70       0.00      0.00      0.00       100
        T1016_7d8ee68f0e9731db82964f558f614608       0.92      0.98      0.95       100
    T1016_921055f4-5970-4707-909e-62f594234d91       0.08      0.01      0.02       100
    T1016_a0676fe1-cd52-482e-8dde-349b73f9aa69       0.02      0.04      0.03       100
    T1016_e8017c46-acb8-400c-a4b5-b3362b5b5baa       0.00      0.00      0.00       100
    T1018_26c8b8b5-7b5b-4de1-a128-7d37fb14f517       0.00      0.00      0.00       100
        T1018_a44bb43474728496276d5d73aa14588f       0.00      0.00      0.00       100
        T1018_ac20e592bc912bddff4d6b88289095f0       0.03      0.03      0.03       100
    T1021.001_dd67068b052fa553ad4a0ac7d6a5ea89       1.00      0.99      0.99       100
    T1033_bd527b63-9f9e-46e0-9816-b8434d2b8989       0.00      0.00      0.00       100
    T1033_c0da588f-79f0-4263-8998-7496b1a40596       0.02      0.15      0.04       100
    T1036.003_04e8d83e7badf098d50800d6aa1dd487       1.00      1.00      1.00       100
    T1036.003_f5ef8466e5ebcd2ae03f338d9416069c       1.00      0.99      0.99       100
    T1036.004_1f0614ea5c4af6faf1b44570f5f22f8a       0.25      0.01      0.02       100
    T1036.004_7de3d7b4922a7b996d8df36fb22bb118       0.20      0.15      0.17       100
    T1037.001_62cfa90fb03a6bc1a6ebcce8a3ea81b7       1.00      1.00      1.00       100
        T1040_6881a4589710d53f0c146e91db513f01       1.00      1.00      1.00       100
        T1047_09e0f9cf2eb803a1c35deeecf3665fad       0.00      0.00      0.00       100
        T1047_6935e41353aa781bb723462d26114c44       0.00      0.00      0.00       100
        T1047_ac122553ab4426ea3362bb4a97d31bfd       0.03      0.02      0.02       100
        T1047_ac2764f7a67a9ce92b54e8e59b361838       0.00      0.00      0.00       100
        T1047_b0255b5120cbabc062d8d4510a142c3b       0.00      0.00      0.00       100
        T1047_ed736a123da6fb2aab22cfd4f437e8b5       0.01      0.01      0.01       100
        T1047_f4b0b4129560ea66f9751275e82f6bab       0.04      0.02      0.03       100
    T1049_638fb6bb-ba39-4285-93d1-7e4775b033a8       0.00      0.00      0.00       100
        T1049_a14392d713dffba6a397682ff83259a0       0.46      0.64      0.53       100
    T1053.005_5db2884b6ca3ab932848f295a3896dc0       0.14      0.06      0.08       100
    T1053.005_ee454be9197890de62705ce6255933fd       0.00      0.00      0.00       100
T1055.001_a74bc239-a196-4f7e-8d5c-fe8c0266071c       0.00      0.00      0.00       100
T1055.002_e5bcefee-262d-4568-a261-e8a20855ec81       0.00      0.00      0.00       100
    T1057_5a39d7ed-45c9-4a79-b581-e5fb99e24f65       0.00      0.00      0.00       100
    T1057_8adf02e8-6e71-4244-886c-98c402857404       1.00      1.00      1.00       100
        T1057_b2a1e430ca6d36eb5af2fe666e769847       0.00      0.01      0.01       100
        T1057_f8de05d1741dcc468f772ab0ff4dac72       0.00      0.00      0.00       100
T1059.001_55678719-e76e-4df9-92aa-10655bbd1cf4       1.00      0.99      0.99       100
    T1059.001_6efbccc1869e8cd618c0d3ecda407d5f       0.99      1.00      1.00       100
T1059.001_702bfdd2-9947-4eda-b551-c3a1ea9a59a2       0.99      1.00      1.00       100
T1059.001_bfff9006-d1fb-46ce-b173-92cb04e9a031       1.00      1.00      1.00       100
T1059.001_ccdb8caf-c69e-424b-b930-551969450c57       0.98      1.00      0.99       100
T1059.001_e5f9de8f-3df1-4e78-ad92-a784e3f6770d       1.00      1.00      1.00       100
    T1059.003_6c318ef0339d74d909ad556681b6493e       0.85      1.00      0.92       100
    T1059.003_f38e58deb7ad20b5538ca40db7b7b4f8       0.98      1.00      0.99       100
T1069.001_5c4dd985-89e3-4590-9b57-71fed66ff4e2       1.00      1.00      1.00       100
    T1069.001_a1f48fa3ddee658b29b414523c9a295b       0.10      0.12      0.11       100
    T1069.002_6103e503cb444bc7b4187704f2035708       0.96      0.80      0.87       100
    T1070.005_1f91076e2be2014cc7b4f1296de02fd6       1.00      0.99      0.99       100
    T1071.001_24c3b7b004401d839a5c337201da3484       1.00      1.00      1.00       100
T1074.001_4e97e699-93d7-4040-b5a3-2e906a58199e       0.99      1.00      1.00       100
T1074.001_6469befa-748a-4b9c-a96d-f191fde47d89       0.99      1.00      1.00       100
    T1074.001_e6dfc7e89359ac6fa6de84b0e1d5762e       0.99      1.00      1.00       100
    T1078.001_d0ca00832890baa1d42322cf70fcab1a       0.00      0.00      0.00       100
    T1082_29451844-9b76-4e16-a9ee-d6feab4b24db       0.00      0.00      0.00       100
    T1083_52177cc1-b9ab-4411-ac21-2eadc4b5d3b8       1.00      1.00      1.00       100
    T1083_6e1a53c0-7352-4899-be35-fa7f364d5722       0.01      0.02      0.01       100
    T1087.001_6334877e8e3ba48f7835d4856d90a282       0.94      1.00      0.97       100
T1087.001_feaced8f-f43f-452a-9500-a5219488abb8       0.02      0.44      0.04       100
    T1090.001_ba343199a4f15ed6b57eb52412f62e4e       0.57      0.51      0.54       100
        T1105_0856c235a1d26113d4f2d92e39c9a9f8       1.00      1.00      1.00       100
        T1105_1095434782a00c8a4772a11e625bcf5d       0.99      1.00      1.00       100
        T1105_4f683658f161ccdc51337c470d32bab9       1.00      1.00      1.00       100
    T1105_60f63260-39bb-4136-87a0-b6c2dca799fc       1.00      1.00      1.00       100
        T1105_c521e0a70b243a0cf9217907ca3c6d27       0.99      1.00      1.00       100
        T1105_c76968acda4aa1673dadcd67f3ab7664       0.99      1.00      1.00       100
        T1105_e6715e61f5df646692c624b3499384c4       1.00      1.00      1.00       100
    T1105_eb814e03-811a-467a-bc6d-dcd453750fa2       1.00      1.00      1.00       100
        T1112_257313a3c93e3bb7dfb60d6753b09e34       0.98      1.00      0.99       100
        T1112_34041639e6e501856ecaf5969ee29c76       0.96      1.00      0.98       100
        T1112_35c0360d226cf38104f300d9d57ce60e       0.96      1.00      0.98       100
        T1112_4bfb5f265a5ce07af6bf10da113af7db       0.97      1.00      0.99       100
        T1112_7fe6a66d03f4dbfc022609ba311c2b11       0.96      1.00      0.98       100
        T1112_ba6f6214dbd17c54001e0a163b60f151       0.95      1.00      0.98       100
        T1112_cab7b85611a290c0769546bfa9d6f962       0.99      1.00      1.00       100
        T1112_cd8be0e6b873919da25530a2c7ea6750       0.98      1.00      0.99       100
        T1112_e74d2fb4ef5fa6c766a4151554033697       1.00      1.00      1.00       100
        T1112_e7a987cbef27263e666e5b096488dc55       1.00      1.00      1.00       100
        T1112_fa4ba6a06b4a5cd955ea5a60fae24281       0.99      1.00      1.00       100
        T1112_fd992e8ecfdac9b56dd6868904044827       0.99      1.00      1.00       100
    T1113_316251ed-6a28-4013-812b-ddf5b5b007f8       0.97      1.00      0.99       100
        T1115_70795de7cbb842edb029b3378c27c008       1.00      1.00      1.00       100
    T1115_b007fe0c-c6b0-4fda-915c-255bbc070de2       0.06      0.05      0.05       100
        T1119_344e7eaf650763e0d3e9f02e62c1cf4b       1.00      1.00      1.00       100
        T1119_7121cdf93b951311be9d7078c602efdc       1.00      1.00      1.00       100
        T1120_7b9c7afaefa59aab759b49af0d699ac1       1.00      1.00      1.00       100
        T1123_372e6f46fca18e4f1b43209c20ffafa2       1.00      1.00      1.00       100
    T1124_fa6e8607-e0b1-425d-8924-9b894da5a002       0.01      0.01      0.01       100
        T1125_da86001b5081fcf773d8e62f22cf2b00       1.00      1.00      1.00       100
    T1135_530e47c6-8592-42bf-91df-c59ffbd8541b       0.00      0.00      0.00       100
    T1135_deeac480-5c2a-42b5-90bb-41675ee53c7e       0.03      0.02      0.02       100
    T1137.002_e2af3c3ab1b0f659c874b8af58c49759       1.00      1.00      1.00       100
        T1137_12ad9edefc86af07700fbf49bfdac6ba       1.00      1.00      1.00       100
        T1201_38f6f0e50a6b196140ec40d3dc9cc9e6       0.00      0.00      0.00       100
        T1201_57296a2ddbeb7423c05feef2fe972111       0.00      0.00      0.00       100
    T1204.002_522f3f35cd013e63830fa555495a0081       0.99      1.00      1.00       100
        T1217_69bbe2183fa09c00ccaac62d48e214f8       1.00      1.00      1.00       100
        T1217_f7a0f7d704aa52a764d9d1bee81e65d6       0.08      0.01      0.02       100
        T1219_7dabcbecab0334b115feefab1630f84a       1.00      1.00      1.00       100
        T1219_af8cb2bf9b436aae5c106a0a9c207e14       0.99      1.00      1.00       100
        T1219_f1b3fca18d7465cd10e5a7477a3bf97d       1.00      1.00      1.00       100
    T1482_6131397e-7765-424e-a594-3d7fb2d93a6a       1.00      1.00      1.00       100
        T1482_cfb61005899996469ae3023796792ca5       0.01      0.03      0.02       100
        T1486_d82ceb9939d3d920ee550187ad8235c8       0.98      1.00      0.99       100
        T1490_2d53d6fabd39bf9c70b0dfcdfbbc926d       0.00      0.00      0.00       100
        T1490_8467c994685ccf178db166964bd80fab       0.17      0.02      0.04       100
        T1490_9e5e4c0655fd1b5be88bd40b8251175f       0.00      0.00      0.00       100
        T1490_c156ac5c9fa67080365268d95f29053d       0.00      0.00      0.00       100
        T1490_c8f329d2847ede593b6cb4a1ec6120fb       1.00      0.99      0.99       100
        T1490_e90756bb6dcd21462dc4cc452661df91       0.03      0.02      0.02       100
    T1491_47d08617-5ce1-424a-8cc5-c9c978ce6bf9       0.95      1.00      0.98       100
    T1491_68235976-2404-42a8-9105-68230cfef562       1.00      1.00      1.00       100
    T1496_46da2385-cf37-49cb-ba4b-a739c7a19de4       1.00      1.00      1.00       100
T1497.001_1258b063-27d6-489b-a677-4807faacf868       0.00      0.00      0.00       100
T1497.001_5dc841fd-28ad-40e2-b10e-fb007fe09e81       0.00      0.00      0.00       100
T1497.001_7a6ba833-de40-466a-8969-5c37b13603e0       0.02      0.08      0.03       100
    T1499_2fe2d5e6-7b06-4fc0-bf71-6966a1226731       0.00      0.00      0.00       100
T1518.001_2dece965-37a0-4f70-a391-0f30e3331aba       0.01      0.01      0.01       100
    T1518.001_33a24ff44719e6ac0614b58f8c9a7c72       0.11      0.72      0.19       100
    T1518.001_b8453a5fe06b24aea12b27592d5c3d3a       0.00      0.00      0.00       100
        T1518_8ddfaf982ab359cda13626b870ccb339       0.99      1.00      1.00       100
    T1518_c9be8043-a445-4cbf-b77b-ed7bb007fc7c       1.00      1.00      1.00       100
        T1531_aa6b15485a5f50ced34d87fda177b758       0.00      0.00      0.00       100
        T1531_b25ae80dad74142fafb510e9c1949ace       0.08      0.03      0.04       100
    T1546.013_f9a968af61d36983448c74cca5464e17       1.00      0.99      0.99       100
    T1547.001_0dbdf1a2a87e718a6ac8a8e3415a7fac       1.00      1.00      1.00       100
    T1547.001_163b023f43aba758d36f524d146cb8ea       1.00      1.00      1.00       100
    T1547.001_1f15ab22c39a9b6bb2bb0d77276dfcb3       1.00      1.00      1.00       100
    T1547.001_4b71ebb2f6f6a01235ba240fa40ce978       0.85      1.00      0.92       100
    T1547.001_777043894e42d2aae3881e63f6c76d33       0.97      1.00      0.99       100
    T1547.001_d3ef4145e4144fd694514b1c5cc17350       1.00      1.00      1.00       100
    T1547.004_0856714c9810ac55b53e9964d02958a0       0.98      1.00      0.99       100
    T1547.004_aa147165f6c116cb0b0f944abe1db8ce       0.98      1.00      0.99       100
    T1547.009_501af516bd8b24fee0c7c650ae5cc861       1.00      0.99      0.99       100
    T1547.009_b6e5c895c6709fe289352ee23f062229       1.00      1.00      1.00       100
    T1547.010_4593d72a5145e3f494421ac772d37464       0.99      1.00      1.00       100
        T1547_fe9eeee9a7b339089e5fa634b08522c1       1.00      1.00      1.00       100
T1548.002_665432a4-42e7-4ee1-af19-a9a8c9455d0c       1.00      1.00      1.00       100
    T1552.002_3e5b04b8ee0a1a4950da8f35d95e65fc       0.00      0.00      0.00       100
        T1560_a1ee301b0508747b468d578a14e5c1a5       1.00      1.00      1.00       100
    T1562.001_43e3334362b140924f001b256b229ee5       1.00      1.00      1.00       100
    T1562.002_6a8d25d65a7d481dc479f89c62af1e6a       1.00      0.98      0.99       100
    T1562.002_94f51bf01a7036fe02d07b4c18967669       0.00      0.00      0.00       100
    T1562.004_280003641a5cddf916c4f2bf605a71d3       0.16      0.05      0.08       100
    T1562.004_41627f71f968225b9f162cb76d16bd9d       0.98      0.99      0.99       100
    T1562.004_5b93df032e230056c21a3e57334f77d1       0.00      0.00      0.00       100
    T1562.004_8d0a4585e7c4646185a912b14cd9cb46       0.00      0.00      0.00       100
    T1562.004_8fe59e288f10a486dc8b44bc872019ff       0.98      0.99      0.99       100
    T1564.001_66a5fd5f244819181f074dd082a28905       0.49      0.73      0.58       100
    T1564.001_dce51e632abdfe5392c7c1f942ac9273       0.46      0.23      0.31       100
    T1564.003_9a2edad4053a2b59fb9167a9bc29e7dc       0.68      0.58      0.63       100
    T1564.004_28862487a99f5f89bc0d68c87396c7e9       0.96      0.99      0.98       100
    T1564.004_76b6066fe170d38215251102e42be973       1.00      1.00      1.00       100
        T1564_dedfa0a54c9c13ce5714a0dc2e1f5d1a       0.00      0.00      0.00       100
    T1566.001_1afaec09315ab71fdfb167175e8a019a       1.00      1.00      1.00       100
    T1574.001_63bbedafba2f541552ac3579e9e3737b       0.98      1.00      0.99       100
    T1574.011_72249c1e9ffe7d8f30243d838e0791ca       1.00      1.00      1.00       100
                                        benign       0.93      1.00      0.96       100

                                      accuracy                           0.61     16600
                                     macro avg       0.61      0.61      0.60     16600
                                  weighted avg       0.61      0.61      0.60     16600

