09/18/2023, 19:14:46# labels of 5000: tensor([124,  73, 117, 104,  90, 124,  97, 148,  64, 104,  87, 164,  87, 159,
        151, 119], device='cuda:3') torch.Size([16])
09/18/2023, 19:14:46# predicted of 5000: tensor([160,  73, 117, 116, 110,  31, 162, 148, 110,  58,  74,  81,  31, 159,
        116,  55], device='cuda:3') torch.Size([16])
09/18/2023, 19:16:20# total batches: 8300
09/18/2023, 19:16:20# Epoch 0 | Train Loss: 2.6637 | Train Accuracy: 0.4412
09/18/2023, 19:16:20# labels of Validation: tensor([143,  86, 144,  47,  71,  96,  71,  33,  49, 125, 149, 126, 160,  82,
        128,  78], device='cuda:3') torch.Size([16])
09/18/2023, 19:16:21# predicted of Validation: tensor([ 18,  86,  75,  11,  71,  96,  71,  75, 142,  24, 149, 126, 160,  82,
        128,  67], device='cuda:3') torch.Size([16])
09/18/2023, 19:16:21# labels of 0: tensor([143,  86, 144,  47,  71,  96,  71,  33,  49, 125, 149, 126, 160,  82,
        128,  78], device='cuda:3') torch.Size([16])
09/18/2023, 19:16:21# predicted of 0: tensor([ 18,  86,  75,  11,  71,  96,  71,  75, 142,  24, 149, 126, 160,  82,
        128,  67], device='cuda:3') torch.Size([16])
09/18/2023, 19:16:41# labels of Validation: tensor([ 62, 107,   9,   1, 146, 129,   2,   1,  54,  32, 130,  66,  83,  49,
         80,  35], device='cuda:3') torch.Size([16])
09/18/2023, 19:16:41# predicted of Validation: tensor([ 62, 107,  18,  58, 146, 129,  11, 163,  11,  32, 130,  66, 150, 164,
         80,  35], device='cuda:3') torch.Size([16])
09/18/2023, 19:16:42# Validation Loss: 1.7245 | Validation Accuracy: 0.5940

09/18/2023, 19:16:42# Find a better model!!
09/18/2023, 19:19:03# labels of 5000: tensor([153,  52,  75,   3, 161,  96,  49,  66, 132,  45, 156, 156, 159, 155,
        157, 137], device='cuda:3') torch.Size([16])
09/18/2023, 19:19:03# predicted of 5000: tensor([153,  52,  31,   3, 132,  96,  12,  66, 132,  45, 156, 156, 159, 155,
         12, 137], device='cuda:3') torch.Size([16])
09/18/2023, 19:20:37# total batches: 8300
09/18/2023, 19:20:37# Epoch 1 | Train Loss: 1.6272 | Train Accuracy: 0.6009
09/18/2023, 19:20:37# labels of Validation: tensor([ 16, 129,  56, 148, 164, 125, 138,  91,  13,  89,  92, 147, 125,  44,
         59, 140], device='cuda:3') torch.Size([16])
09/18/2023, 19:20:37# predicted of Validation: tensor([ 16, 129,  56, 148,  38, 143, 138,  93,  13,  89,  38, 147,  36, 104,
        103, 140], device='cuda:3') torch.Size([16])
09/18/2023, 19:20:37# labels of 0: tensor([ 16, 129,  56, 148, 164, 125, 138,  91,  13,  89,  92, 147, 125,  44,
         59, 140], device='cuda:3') torch.Size([16])
09/18/2023, 19:20:37# predicted of 0: tensor([ 16, 129,  56, 148,  38, 143, 138,  93,  13,  89,  38, 147,  36, 104,
        103, 140], device='cuda:3') torch.Size([16])
09/18/2023, 19:20:59# labels of Validation: tensor([124,  50,  35, 153,  88,  93, 118,  41,  94,  96, 135, 107,  79, 103,
         93,  46], device='cuda:3') torch.Size([16])
09/18/2023, 19:20:59# predicted of Validation: tensor([ 58,  50,  35, 153,  93, 114, 118,  41,  94,  96, 135, 107,  79, 114,
        110,  46], device='cuda:3') torch.Size([16])
09/18/2023, 19:20:59# Validation Loss: 1.5698 | Validation Accuracy: 0.6033

09/18/2023, 19:20:59# Find a better model!!
09/18/2023, 19:23:21# labels of 5000: tensor([ 29, 132,  68,  66,  96, 124, 122,  99,   7,   4,  99, 125, 107,  13,
         16,  57], device='cuda:3') torch.Size([16])
09/18/2023, 19:23:21# predicted of 5000: tensor([ 29, 132, 110,  66,  96, 111, 122,  99,   7, 152,  99, 163, 107,  13,
         16, 152], device='cuda:3') torch.Size([16])
09/18/2023, 19:24:55# total batches: 8300
09/18/2023, 19:24:55# Epoch 2 | Train Loss: 1.5419 | Train Accuracy: 0.6078
09/18/2023, 19:24:55# labels of Validation: tensor([ 46, 150,  19,   2, 120, 132,  81,  94, 100, 123, 136,  79,  67, 113,
        144,  29], device='cuda:3') torch.Size([16])
09/18/2023, 19:24:55# predicted of Validation: tensor([ 46,  54,  19,  60, 120, 132,  54,  94, 100, 123, 136,  72,  78, 103,
         60,  29], device='cuda:3') torch.Size([16])
09/18/2023, 19:24:55# labels of 0: tensor([ 46, 150,  19,   2, 120, 132,  81,  94, 100, 123, 136,  79,  67, 113,
        144,  29], device='cuda:3') torch.Size([16])
09/18/2023, 19:24:55# predicted of 0: tensor([ 46,  54,  19,  60, 120, 132,  54,  94, 100, 123, 136,  72,  78, 103,
         60,  29], device='cuda:3') torch.Size([16])
09/18/2023, 19:25:16# labels of Validation: tensor([ 19,  15, 123,  48, 163, 154,  11, 152, 156,  41,  84,   0,  32,  20,
         23, 153], device='cuda:3') torch.Size([16])
09/18/2023, 19:25:16# predicted of Validation: tensor([ 19,  15, 123,  24, 144, 154,  33,  60, 156,  41,  84,   0,  32,  20,
         23, 153], device='cuda:3') torch.Size([16])
09/18/2023, 19:25:17# Validation Loss: 1.5316 | Validation Accuracy: 0.6061

09/18/2023, 19:25:17# Find a better model!!
09/18/2023, 19:27:39# labels of 5000: tensor([100,  24,  29,  28, 157,  93,  74,  60,   0,  14,  71, 143,  87,  31,
         42,  53], device='cuda:3') torch.Size([16])
09/18/2023, 19:27:39# predicted of 5000: tensor([100,  55,  95,  28,  55, 113,  55,  24,   0, 157,  71,  30,  76, 157,
         74,  76], device='cuda:3') torch.Size([16])
09/18/2023, 19:29:13# total batches: 8300
09/18/2023, 19:29:13# Epoch 3 | Train Loss: 1.5097 | Train Accuracy: 0.6121
09/18/2023, 19:29:13# labels of Validation: tensor([ 57, 152,  43, 102,  53,  11, 106,  65, 143, 122,  17,  41,  70,  35,
        108,  74], device='cuda:3') torch.Size([16])
09/18/2023, 19:29:13# predicted of Validation: tensor([ 76,  34,  43, 102,  11, 109, 106,  65, 109, 122,  17,  41,  70,  35,
        131,  74], device='cuda:3') torch.Size([16])
09/18/2023, 19:29:13# labels of 0: tensor([ 57, 152,  43, 102,  53,  11, 106,  65, 143, 122,  17,  41,  70,  35,
        108,  74], device='cuda:3') torch.Size([16])
09/18/2023, 19:29:13# predicted of 0: tensor([ 76,  34,  43, 102,  11, 109, 106,  65, 109, 122,  17,  41,  70,  35,
        131,  74], device='cuda:3') torch.Size([16])
09/18/2023, 19:29:35# labels of Validation: tensor([165,  19, 165, 137, 146, 134,  84, 156,  71, 139,  84, 114, 159,  68,
        144,  45], device='cuda:3') torch.Size([16])
09/18/2023, 19:29:35# predicted of Validation: tensor([165,  19, 165, 137, 146, 134,  84, 156,  71, 139,  84,  93, 159,  93,
        116,  45], device='cuda:3') torch.Size([16])
09/18/2023, 19:29:36# Validation Loss: 1.5196 | Validation Accuracy: 0.6093

09/18/2023, 19:29:36# Find a better model!!
09/18/2023, 19:31:59# labels of 5000: tensor([ 34,  56, 165, 161,  15,  45,  27, 165,   2, 137,   3,  59,  89, 132,
          4, 100], device='cuda:3') torch.Size([16])
09/18/2023, 19:31:59# predicted of 5000: tensor([ 11,  56, 165, 161,  15,  45,  27, 165,  14, 137,   3,  91,  89, 132,
         11, 100], device='cuda:3') torch.Size([16])
09/18/2023, 19:33:31# total batches: 8300
09/18/2023, 19:33:31# Epoch 4 | Train Loss: 1.4909 | Train Accuracy: 0.6153
09/18/2023, 19:33:32# labels of Validation: tensor([163,  28,  53,  21, 122, 158,  55,  27,  50,  14,  72,  80, 160, 149,
          1,  40], device='cuda:3') torch.Size([16])
09/18/2023, 19:33:32# predicted of Validation: tensor([ 36,  28, 119,  21, 122,  92,  92,  27,  50,  92,  79,  80, 160, 149,
         92,  40], device='cuda:3') torch.Size([16])
09/18/2023, 19:33:32# labels of 0: tensor([163,  28,  53,  21, 122, 158,  55,  27,  50,  14,  72,  80, 160, 149,
          1,  40], device='cuda:3') torch.Size([16])
09/18/2023, 19:33:32# predicted of 0: tensor([ 36,  28, 119,  21, 122,  92,  92,  27,  50,  92,  79,  80, 160, 149,
         92,  40], device='cuda:3') torch.Size([16])
09/18/2023, 19:33:54# labels of Validation: tensor([ 96,   8, 107,  24, 113,  12, 111,  16,   9,  15, 131,  54,  43,  92,
         94, 127], device='cuda:3') torch.Size([16])
09/18/2023, 19:33:54# predicted of Validation: tensor([ 96,  93, 107,  92,  93,  92, 109,  16, 164,  15, 131,  92,  43, 116,
         94, 127], device='cuda:3') torch.Size([16])
09/18/2023, 19:33:55# Validation Loss: 1.5099 | Validation Accuracy: 0.6079

09/18/2023, 19:33:55# Find a better model!!
09/18/2023, 19:36:19# labels of 5000: tensor([138, 127, 109,  34,   1,  65,  58,  91,  40,  58, 130,   0,  64,  54,
         32,  78], device='cuda:3') torch.Size([16])
09/18/2023, 19:36:19# predicted of 5000: tensor([138, 127,   9,   9, 163,  65,  58, 108,  40,  58, 130,   0,  68, 163,
         32,  67], device='cuda:3') torch.Size([16])
09/18/2023, 19:37:53# total batches: 8300
09/18/2023, 19:37:53# Epoch 5 | Train Loss: 1.4775 | Train Accuracy: 0.6184
09/18/2023, 19:37:53# labels of Validation: tensor([147,  27, 120, 140,  14,  69,  60,  83,  32, 140,  74,  74,  88,  51,
        139, 138], device='cuda:3') torch.Size([16])
09/18/2023, 19:37:53# predicted of Validation: tensor([147,  27, 120, 140, 121,  69, 121,  47,  32, 140, 121, 121,  68,  51,
        139, 138], device='cuda:3') torch.Size([16])
09/18/2023, 19:37:53# labels of 0: tensor([147,  27, 120, 140,  14,  69,  60,  83,  32, 140,  74,  74,  88,  51,
        139, 138], device='cuda:3') torch.Size([16])
09/18/2023, 19:37:53# predicted of 0: tensor([147,  27, 120, 140, 121,  69, 121,  47,  32, 140, 121, 121,  68,  51,
        139, 138], device='cuda:3') torch.Size([16])
09/18/2023, 19:38:16# labels of Validation: tensor([ 97, 125, 166, 126, 132,  45,  76,  80,  68, 151,  12,  30,  42,  39,
         61,  51], device='cuda:3') torch.Size([16])
09/18/2023, 19:38:16# predicted of Validation: tensor([121,  57, 166, 126, 132,  45,  57,  80,  68, 121, 112, 121, 125,  39,
         61,  51], device='cuda:3') torch.Size([16])
09/18/2023, 19:38:17# Validation Loss: 1.5075 | Validation Accuracy: 0.6107

09/18/2023, 19:38:17# Find a better model!!
09/18/2023, 19:40:39# labels of 5000: tensor([164, 163,  79, 166,  14,  57, 118,  63, 102, 154, 127,  58,  20, 164,
         95, 154], device='cuda:3') torch.Size([16])
09/18/2023, 19:40:39# predicted of 5000: tensor([ 92,  24,  79, 166,  24, 125, 118,  63, 102, 154, 127,  58,  20, 116,
         95, 154], device='cuda:3') torch.Size([16])
09/18/2023, 19:42:17# total batches: 8300
09/18/2023, 19:42:17# Epoch 6 | Train Loss: 1.4666 | Train Accuracy: 0.6202
09/18/2023, 19:42:17# labels of Validation: tensor([ 63, 162, 122,   9,  41, 104,  16,  47,  10,  90, 160,  37,  28,  76,
         80, 155], device='cuda:3') torch.Size([16])
09/18/2023, 19:42:17# predicted of Validation: tensor([ 63,  76, 122, 125,  41, 158,  16,  18,  10,  88, 160,  37,  28,  76,
         80, 155], device='cuda:3') torch.Size([16])
09/18/2023, 19:42:17# labels of 0: tensor([ 63, 162, 122,   9,  41, 104,  16,  47,  10,  90, 160,  37,  28,  76,
         80, 155], device='cuda:3') torch.Size([16])
09/18/2023, 19:42:17# predicted of 0: tensor([ 63,  76, 122, 125,  41, 158,  16,  18,  10,  88, 160,  37,  28,  76,
         80, 155], device='cuda:3') torch.Size([16])
09/18/2023, 19:42:39# labels of Validation: tensor([ 57,  99, 100,   5,  28, 143,  51,  21, 117, 102,  16,  47, 121, 113,
        101, 110], device='cuda:3') torch.Size([16])
09/18/2023, 19:42:39# predicted of Validation: tensor([ 18,  99, 100,   5,  28,  18,  51,  21, 117, 102,  16,  76,  18, 110,
        101, 103], device='cuda:3') torch.Size([16])
09/18/2023, 19:42:40# Validation Loss: 1.5022 | Validation Accuracy: 0.6090

09/18/2023, 19:42:40# Find a better model!!
09/18/2023, 19:45:04# labels of 5000: tensor([ 98,  64,  59,  39,  30,  43, 165,  21, 129, 166, 162,  41,   5, 160,
         50,  17], device='cuda:3') torch.Size([16])
09/18/2023, 19:45:04# predicted of 5000: tensor([ 98,   8,  59,  39,   1,  43, 165,  21, 129, 166,  87,  41,   5, 160,
         50,  17], device='cuda:3') torch.Size([16])
09/18/2023, 19:46:35# total batches: 8300
09/18/2023, 19:46:35# Epoch 7 | Train Loss: 1.4535 | Train Accuracy: 0.6247
09/18/2023, 19:46:35# labels of Validation: tensor([105,  65, 126,  90, 154, 140,  70, 159, 165,  46, 128,  94,  10, 117,
         61,  64], device='cuda:3') torch.Size([16])
09/18/2023, 19:46:35# predicted of Validation: tensor([105,  65, 126, 114, 154, 140,  70, 159, 165,  46, 128,  94,  10, 117,
         61,  88], device='cuda:3') torch.Size([16])
09/18/2023, 19:46:35# labels of 0: tensor([105,  65, 126,  90, 154, 140,  70, 159, 165,  46, 128,  94,  10, 117,
         61,  64], device='cuda:3') torch.Size([16])
09/18/2023, 19:46:35# predicted of 0: tensor([105,  65, 126, 114, 154, 140,  70, 159, 165,  46, 128,  94,  10, 117,
         61,  88], device='cuda:3') torch.Size([16])
09/18/2023, 19:46:58# labels of Validation: tensor([ 85, 111, 142,  44, 159,  63,  81, 142,  48, 106, 142,  12, 121, 112,
        164, 115], device='cuda:3') torch.Size([16])
09/18/2023, 19:46:58# predicted of Validation: tensor([ 85,  53,  14,  92, 159,  63,  36,  36,  53, 106,  36,  10,  53,  36,
         53, 115], device='cuda:3') torch.Size([16])
09/18/2023, 19:46:59# Validation Loss: 1.5049 | Validation Accuracy: 0.6113

09/18/2023, 19:49:24# labels of 5000: tensor([140,  37,  85,  34,  18,  66,  20,  67, 111,  59, 113,  52, 147,  89,
        131,   6], device='cuda:3') torch.Size([16])
09/18/2023, 19:49:24# predicted of 5000: tensor([140,  37,  85,  47,  34,  66,  20,  78, 111,  59,   8,  52, 147,  89,
        131,   6], device='cuda:3') torch.Size([16])
09/18/2023, 19:50:57# total batches: 8300
09/18/2023, 19:50:57# Epoch 8 | Train Loss: 1.4422 | Train Accuracy: 0.6279
09/18/2023, 19:50:57# labels of Validation: tensor([ 89, 104, 158,  99, 147, 128,  46,  75,  76,  59, 148,  86, 116,  87,
         37,  65], device='cuda:3') torch.Size([16])
09/18/2023, 19:50:57# predicted of Validation: tensor([ 89, 119, 143,  99, 147, 128,  46, 119,  60,  91, 148,  86,  14,  75,
         37,  65], device='cuda:3') torch.Size([16])
09/18/2023, 19:50:57# labels of 0: tensor([ 89, 104, 158,  99, 147, 128,  46,  75,  76,  59, 148,  86, 116,  87,
         37,  65], device='cuda:3') torch.Size([16])
09/18/2023, 19:50:57# predicted of 0: tensor([ 89, 119, 143,  99, 147, 128,  46, 119,  60,  91, 148,  86,  14,  75,
         37,  65], device='cuda:3') torch.Size([16])
09/18/2023, 19:51:19# labels of Validation: tensor([ 97, 156,  34, 148, 132,  74, 103,  35, 128,  78,  83, 128,  13,  50,
          8, 156], device='cuda:3') torch.Size([16])
09/18/2023, 19:51:19# predicted of Validation: tensor([ 75, 156,  76, 148, 132,  33,  93,  35, 128,  67, 119, 128,  13,  50,
        103, 156], device='cuda:3') torch.Size([16])
09/18/2023, 19:51:19# Validation Loss: 1.5088 | Validation Accuracy: 0.6090

09/18/2023, 19:53:43# labels of 5000: tensor([  4, 138,  48,   9,  60,  96,  45,  83,  24,  78, 145, 141,  36, 150,
        130, 119], device='cuda:3') torch.Size([16])
09/18/2023, 19:53:43# predicted of 5000: tensor([ 74, 138,  36,  74,   9,  96,  45, 144,  74,  67, 145, 141, 142,  74,
        130,  42], device='cuda:3') torch.Size([16])
09/18/2023, 19:55:18# total batches: 8300
09/18/2023, 19:55:18# Epoch 9 | Train Loss: 1.4301 | Train Accuracy: 0.6311
09/18/2023, 19:55:18# labels of Validation: tensor([ 74,  57,  39, 141,  69,  32, 112,  52,  11,  82,  71,  41,  70,  69,
        132,  36], device='cuda:3') torch.Size([16])
09/18/2023, 19:55:18# predicted of Validation: tensor([ 33, 157,  39, 141,  69,  32, 157,  52,  87,  82,  71,  41,  70,  69,
        132, 144], device='cuda:3') torch.Size([16])
09/18/2023, 19:55:18# labels of 0: tensor([ 74,  57,  39, 141,  69,  32, 112,  52,  11,  82,  71,  41,  70,  69,
        132,  36], device='cuda:3') torch.Size([16])
09/18/2023, 19:55:18# predicted of 0: tensor([ 33, 157,  39, 141,  69,  32, 157,  52,  87,  82,  71,  41,  70,  69,
        132, 144], device='cuda:3') torch.Size([16])
09/18/2023, 19:55:39# labels of Validation: tensor([111, 126, 144, 123,  59,  13, 128, 101,  98,  69,  50,  50,  42, 110,
        146, 128], device='cuda:3') torch.Size([16])
09/18/2023, 19:55:39# predicted of Validation: tensor([150, 126, 158, 123,  59,  13, 128, 101,  98,  69,  50,  50,  33,  68,
        146, 128], device='cuda:3') torch.Size([16])
09/18/2023, 19:55:40# Validation Loss: 1.5215 | Validation Accuracy: 0.6099

09/18/2023, 19:55:40# labels of Test: tensor([65, 65, 65, 65, 65, 65, 65, 65, 65, 65, 65, 65, 65, 65, 65, 65],
       device='cuda:3') torch.Size([16])
09/18/2023, 19:55:40# predicted of Test: tensor([65, 65, 65, 65, 65, 65, 65, 65, 65, 65, 65, 65, 65, 65, 65, 65],
       device='cuda:3') torch.Size([16])
09/18/2023, 19:55:40# labels of 0: tensor([65, 65, 65, 65, 65, 65, 65, 65, 65, 65, 65, 65, 65, 65, 65, 65],
       device='cuda:3') torch.Size([16])
09/18/2023, 19:55:40# predicted of 0: tensor([65, 65, 65, 65, 65, 65, 65, 65, 65, 65, 65, 65, 65, 65, 65, 65],
       device='cuda:3') torch.Size([16])
09/18/2023, 19:55:40# labels: tensor([65, 65, 65, 65, 65, 65, 65, 65, 65, 65, 65, 65, 65, 65, 65, 65],
       device='cuda:3') torch.Size([16])
09/18/2023, 19:55:40# predicted: tensor([65, 65, 65, 65, 65, 65, 65, 65, 65, 65, 65, 65, 65, 65, 65, 65],
       device='cuda:3') torch.Size([16])
09/18/2023, 19:56:01# labels of Test: tensor([162, 162, 162, 162, 162, 162, 162, 162, 162, 162, 162, 162, 162, 162,
        162, 162], device='cuda:3') torch.Size([16])
09/18/2023, 19:56:01# predicted of Test: tensor([ 76, 150,  14,  42,  18,  14,  14,  54,  76,  18,  42,  18,  18,  18,
         42,  76], device='cuda:3') torch.Size([16])
09/18/2023, 19:56:02# Test Accuracy: 60.72289156626506 %



09/18/2023, 19:56:04# report path: classification_report/classification_report-secureBERT_250-graphSAGE-0.xlsx
09/18/2023, 19:56:04# label path: classification_report/mapped_true_predicted_labels-secureBERT_250-graphSAGE-0.xlsx
09/18/2023, 19:56:05# mapped_report:
                                                precision    recall  f1-score   support

T1003.001_0ef4cc7b-611c-4237-b20b-db36b6906554       1.00      1.00      1.00       100
    T1003.001_35d92515122effdd73801c6ac3021da7       0.99      0.98      0.98       100
    T1003.002_5a484b65c247675e3b7ada4ba648d376       1.00      1.00      1.00       100
    T1003.002_7fa4ea18694f2552547b65e23952cabb       1.00      1.00      1.00       100
    T1003.003_9f73269695e54311dd61dc68940fb3e1       0.00      0.00      0.00       100
    T1003.003_f049b89533298c2d6cd37a940248b219       0.00      0.00      0.00       100
        T1003_18f31c311ac208802e88ab8d5af8603e       1.00      1.00      1.00       100
        T1007_9d03c91bdae5a80f17f89c987942b5a8       0.99      0.97      0.98       100
    T1007_c6607391-d02c-44b5-9b13-d3492ca58599       0.00      0.00      0.00       100
        T1007_d6bb2a19da7246731ed9c44831b135f8       0.60      0.03      0.06       100
    T1016_14a21534-350f-4d83-9dd7-3c56b93a0c17       0.00      0.00      0.00       100
        T1016_71b3d2945679566b9d94d8cb11df4b70       0.00      0.00      0.00       100
        T1016_7d8ee68f0e9731db82964f558f614608       0.95      0.60      0.74       100
    T1016_921055f4-5970-4707-909e-62f594234d91       0.00      0.00      0.00       100
    T1016_a0676fe1-cd52-482e-8dde-349b73f9aa69       0.00      0.00      0.00       100
    T1016_e8017c46-acb8-400c-a4b5-b3362b5b5baa       0.00      0.00      0.00       100
    T1018_26c8b8b5-7b5b-4de1-a128-7d37fb14f517       0.00      0.00      0.00       100
        T1018_a44bb43474728496276d5d73aa14588f       0.00      0.00      0.00       100
        T1018_ac20e592bc912bddff4d6b88289095f0       0.00      0.00      0.00       100
    T1021.001_dd67068b052fa553ad4a0ac7d6a5ea89       0.99      1.00      1.00       100
    T1033_bd527b63-9f9e-46e0-9816-b8434d2b8989       0.03      0.04      0.03       100
    T1033_c0da588f-79f0-4263-8998-7496b1a40596       0.01      0.01      0.01       100
    T1036.003_04e8d83e7badf098d50800d6aa1dd487       1.00      1.00      1.00       100
    T1036.003_f5ef8466e5ebcd2ae03f338d9416069c       1.00      1.00      1.00       100
    T1036.004_1f0614ea5c4af6faf1b44570f5f22f8a       0.00      0.00      0.00       100
    T1036.004_7de3d7b4922a7b996d8df36fb22bb118       0.13      0.28      0.17       100
    T1037.001_62cfa90fb03a6bc1a6ebcce8a3ea81b7       1.00      1.00      1.00       100
        T1040_6881a4589710d53f0c146e91db513f01       1.00      1.00      1.00       100
        T1047_09e0f9cf2eb803a1c35deeecf3665fad       0.00      0.00      0.00       100
        T1047_6935e41353aa781bb723462d26114c44       0.00      0.00      0.00       100
        T1047_ac122553ab4426ea3362bb4a97d31bfd       0.02      0.03      0.03       100
        T1047_ac2764f7a67a9ce92b54e8e59b361838       0.00      0.00      0.00       100
        T1047_b0255b5120cbabc062d8d4510a142c3b       0.00      0.00      0.00       100
        T1047_ed736a123da6fb2aab22cfd4f437e8b5       0.00      0.00      0.00       100
        T1047_f4b0b4129560ea66f9751275e82f6bab       0.03      0.05      0.03       100
    T1049_638fb6bb-ba39-4285-93d1-7e4775b033a8       0.00      0.00      0.00       100
        T1049_a14392d713dffba6a397682ff83259a0       0.45      0.17      0.25       100
    T1053.005_5db2884b6ca3ab932848f295a3896dc0       0.07      0.01      0.02       100
    T1053.005_ee454be9197890de62705ce6255933fd       0.00      0.00      0.00       100
T1055.001_a74bc239-a196-4f7e-8d5c-fe8c0266071c       0.17      0.03      0.05       100
T1055.002_e5bcefee-262d-4568-a261-e8a20855ec81       0.00      0.00      0.00       100
    T1057_5a39d7ed-45c9-4a79-b581-e5fb99e24f65       0.00      0.00      0.00       100
    T1057_8adf02e8-6e71-4244-886c-98c402857404       1.00      1.00      1.00       100
        T1057_b2a1e430ca6d36eb5af2fe666e769847       0.00      0.00      0.00       100
        T1057_f8de05d1741dcc468f772ab0ff4dac72       0.00      0.00      0.00       100
T1059.001_55678719-e76e-4df9-92aa-10655bbd1cf4       0.99      1.00      1.00       100
    T1059.001_6efbccc1869e8cd618c0d3ecda407d5f       1.00      1.00      1.00       100
T1059.001_702bfdd2-9947-4eda-b551-c3a1ea9a59a2       1.00      1.00      1.00       100
T1059.001_bfff9006-d1fb-46ce-b173-92cb04e9a031       1.00      0.99      0.99       100
T1059.001_ccdb8caf-c69e-424b-b930-551969450c57       0.95      1.00      0.98       100
T1059.001_e5f9de8f-3df1-4e78-ad92-a784e3f6770d       1.00      1.00      1.00       100
    T1059.003_6c318ef0339d74d909ad556681b6493e       0.97      1.00      0.99       100
    T1059.003_f38e58deb7ad20b5538ca40db7b7b4f8       0.97      1.00      0.99       100
T1069.001_5c4dd985-89e3-4590-9b57-71fed66ff4e2       0.99      1.00      1.00       100
    T1069.001_a1f48fa3ddee658b29b414523c9a295b       0.09      0.23      0.13       100
    T1069.002_6103e503cb444bc7b4187704f2035708       0.33      0.96      0.50       100
    T1070.005_1f91076e2be2014cc7b4f1296de02fd6       1.00      1.00      1.00       100
    T1071.001_24c3b7b004401d839a5c337201da3484       1.00      1.00      1.00       100
T1074.001_4e97e699-93d7-4040-b5a3-2e906a58199e       0.98      1.00      0.99       100
T1074.001_6469befa-748a-4b9c-a96d-f191fde47d89       0.98      1.00      0.99       100
    T1074.001_e6dfc7e89359ac6fa6de84b0e1d5762e       0.99      1.00      1.00       100
    T1078.001_d0ca00832890baa1d42322cf70fcab1a       0.00      0.00      0.00       100
    T1082_29451844-9b76-4e16-a9ee-d6feab4b24db       0.02      0.07      0.03       100
    T1083_52177cc1-b9ab-4411-ac21-2eadc4b5d3b8       1.00      0.99      0.99       100
    T1083_6e1a53c0-7352-4899-be35-fa7f364d5722       0.00      0.00      0.00       100
    T1087.001_6334877e8e3ba48f7835d4856d90a282       0.99      1.00      1.00       100
T1087.001_feaced8f-f43f-452a-9500-a5219488abb8       0.00      0.00      0.00       100
    T1090.001_ba343199a4f15ed6b57eb52412f62e4e       0.77      0.48      0.59       100
        T1105_0856c235a1d26113d4f2d92e39c9a9f8       1.00      1.00      1.00       100
        T1105_1095434782a00c8a4772a11e625bcf5d       1.00      1.00      1.00       100
        T1105_4f683658f161ccdc51337c470d32bab9       1.00      1.00      1.00       100
    T1105_60f63260-39bb-4136-87a0-b6c2dca799fc       1.00      1.00      1.00       100
        T1105_c521e0a70b243a0cf9217907ca3c6d27       1.00      1.00      1.00       100
        T1105_c76968acda4aa1673dadcd67f3ab7664       1.00      1.00      1.00       100
        T1105_e6715e61f5df646692c624b3499384c4       1.00      1.00      1.00       100
    T1105_eb814e03-811a-467a-bc6d-dcd453750fa2       1.00      1.00      1.00       100
        T1112_257313a3c93e3bb7dfb60d6753b09e34       1.00      0.99      0.99       100
        T1112_34041639e6e501856ecaf5969ee29c76       0.95      1.00      0.98       100
        T1112_35c0360d226cf38104f300d9d57ce60e       0.98      1.00      0.99       100
        T1112_4bfb5f265a5ce07af6bf10da113af7db       0.99      1.00      1.00       100
        T1112_7fe6a66d03f4dbfc022609ba311c2b11       0.97      0.99      0.98       100
        T1112_ba6f6214dbd17c54001e0a163b60f151       0.99      1.00      1.00       100
        T1112_cab7b85611a290c0769546bfa9d6f962       1.00      1.00      1.00       100
        T1112_cd8be0e6b873919da25530a2c7ea6750       0.97      1.00      0.99       100
        T1112_e74d2fb4ef5fa6c766a4151554033697       0.95      1.00      0.98       100
        T1112_e7a987cbef27263e666e5b096488dc55       0.98      1.00      0.99       100
        T1112_fa4ba6a06b4a5cd955ea5a60fae24281       1.00      0.99      0.99       100
        T1112_fd992e8ecfdac9b56dd6868904044827       1.00      1.00      1.00       100
    T1113_316251ed-6a28-4013-812b-ddf5b5b007f8       0.95      1.00      0.98       100
        T1115_70795de7cbb842edb029b3378c27c008       1.00      1.00      1.00       100
    T1115_b007fe0c-c6b0-4fda-915c-255bbc070de2       0.05      0.02      0.03       100
        T1119_344e7eaf650763e0d3e9f02e62c1cf4b       0.99      1.00      1.00       100
        T1119_7121cdf93b951311be9d7078c602efdc       1.00      1.00      1.00       100
        T1120_7b9c7afaefa59aab759b49af0d699ac1       1.00      1.00      1.00       100
        T1123_372e6f46fca18e4f1b43209c20ffafa2       1.00      1.00      1.00       100
    T1124_fa6e8607-e0b1-425d-8924-9b894da5a002       0.00      0.00      0.00       100
        T1125_da86001b5081fcf773d8e62f22cf2b00       1.00      1.00      1.00       100
    T1135_530e47c6-8592-42bf-91df-c59ffbd8541b       0.00      0.00      0.00       100
    T1135_deeac480-5c2a-42b5-90bb-41675ee53c7e       0.00      0.00      0.00       100
    T1137.002_e2af3c3ab1b0f659c874b8af58c49759       0.99      1.00      1.00       100
        T1137_12ad9edefc86af07700fbf49bfdac6ba       1.00      1.00      1.00       100
        T1201_38f6f0e50a6b196140ec40d3dc9cc9e6       0.00      0.00      0.00       100
        T1201_57296a2ddbeb7423c05feef2fe972111       0.00      0.00      0.00       100
    T1204.002_522f3f35cd013e63830fa555495a0081       1.00      1.00      1.00       100
        T1217_69bbe2183fa09c00ccaac62d48e214f8       1.00      0.99      0.99       100
        T1217_f7a0f7d704aa52a764d9d1bee81e65d6       0.04      0.07      0.05       100
        T1219_7dabcbecab0334b115feefab1630f84a       1.00      1.00      1.00       100
        T1219_af8cb2bf9b436aae5c106a0a9c207e14       1.00      1.00      1.00       100
        T1219_f1b3fca18d7465cd10e5a7477a3bf97d       1.00      1.00      1.00       100
    T1482_6131397e-7765-424e-a594-3d7fb2d93a6a       1.00      1.00      1.00       100
        T1482_cfb61005899996469ae3023796792ca5       0.00      0.00      0.00       100
        T1486_d82ceb9939d3d920ee550187ad8235c8       0.97      1.00      0.99       100
        T1490_2d53d6fabd39bf9c70b0dfcdfbbc926d       0.02      0.06      0.03       100
        T1490_8467c994685ccf178db166964bd80fab       0.11      0.04      0.06       100
        T1490_9e5e4c0655fd1b5be88bd40b8251175f       0.00      0.00      0.00       100
        T1490_c156ac5c9fa67080365268d95f29053d       0.06      0.02      0.03       100
        T1490_c8f329d2847ede593b6cb4a1ec6120fb       1.00      1.00      1.00       100
        T1490_e90756bb6dcd21462dc4cc452661df91       0.01      0.01      0.01       100
    T1491_47d08617-5ce1-424a-8cc5-c9c978ce6bf9       0.97      1.00      0.99       100
    T1491_68235976-2404-42a8-9105-68230cfef562       0.99      1.00      1.00       100
    T1496_46da2385-cf37-49cb-ba4b-a739c7a19de4       0.99      1.00      1.00       100
T1497.001_1258b063-27d6-489b-a677-4807faacf868       0.00      0.00      0.00       100
T1497.001_5dc841fd-28ad-40e2-b10e-fb007fe09e81       0.02      0.30      0.03       100
T1497.001_7a6ba833-de40-466a-8969-5c37b13603e0       0.00      0.00      0.00       100
    T1499_2fe2d5e6-7b06-4fc0-bf71-6966a1226731       0.02      0.10      0.03       100
T1518.001_2dece965-37a0-4f70-a391-0f30e3331aba       0.06      0.01      0.02       100
    T1518.001_33a24ff44719e6ac0614b58f8c9a7c72       0.50      0.01      0.02       100
    T1518.001_b8453a5fe06b24aea12b27592d5c3d3a       0.02      0.19      0.04       100
        T1518_8ddfaf982ab359cda13626b870ccb339       0.97      1.00      0.99       100
    T1518_c9be8043-a445-4cbf-b77b-ed7bb007fc7c       0.99      1.00      1.00       100
        T1531_aa6b15485a5f50ced34d87fda177b758       0.10      0.31      0.15       100
        T1531_b25ae80dad74142fafb510e9c1949ace       0.14      0.01      0.02       100
    T1546.013_f9a968af61d36983448c74cca5464e17       1.00      0.98      0.99       100
    T1547.001_0dbdf1a2a87e718a6ac8a8e3415a7fac       1.00      1.00      1.00       100
    T1547.001_163b023f43aba758d36f524d146cb8ea       1.00      1.00      1.00       100
    T1547.001_1f15ab22c39a9b6bb2bb0d77276dfcb3       0.97      1.00      0.99       100
    T1547.001_4b71ebb2f6f6a01235ba240fa40ce978       0.96      1.00      0.98       100
    T1547.001_777043894e42d2aae3881e63f6c76d33       0.97      1.00      0.99       100
    T1547.001_d3ef4145e4144fd694514b1c5cc17350       1.00      1.00      1.00       100
    T1547.004_0856714c9810ac55b53e9964d02958a0       1.00      0.99      0.99       100
    T1547.004_aa147165f6c116cb0b0f944abe1db8ce       1.00      1.00      1.00       100
    T1547.009_501af516bd8b24fee0c7c650ae5cc861       1.00      0.99      0.99       100
    T1547.009_b6e5c895c6709fe289352ee23f062229       0.98      1.00      0.99       100
    T1547.010_4593d72a5145e3f494421ac772d37464       0.97      1.00      0.99       100
        T1547_fe9eeee9a7b339089e5fa634b08522c1       1.00      0.98      0.99       100
T1548.002_665432a4-42e7-4ee1-af19-a9a8c9455d0c       1.00      1.00      1.00       100
    T1552.002_3e5b04b8ee0a1a4950da8f35d95e65fc       0.05      0.06      0.05       100
        T1560_a1ee301b0508747b468d578a14e5c1a5       0.99      1.00      1.00       100
    T1562.001_43e3334362b140924f001b256b229ee5       1.00      1.00      1.00       100
    T1562.002_6a8d25d65a7d481dc479f89c62af1e6a       1.00      0.99      0.99       100
    T1562.002_94f51bf01a7036fe02d07b4c18967669       0.00      0.00      0.00       100
    T1562.004_280003641a5cddf916c4f2bf605a71d3       0.03      0.01      0.02       100
    T1562.004_41627f71f968225b9f162cb76d16bd9d       1.00      1.00      1.00       100
    T1562.004_5b93df032e230056c21a3e57334f77d1       0.00      0.00      0.00       100
    T1562.004_8d0a4585e7c4646185a912b14cd9cb46       0.00      0.00      0.00       100
    T1562.004_8fe59e288f10a486dc8b44bc872019ff       1.00      1.00      1.00       100
    T1564.001_66a5fd5f244819181f074dd082a28905       0.48      0.50      0.49       100
    T1564.001_dce51e632abdfe5392c7c1f942ac9273       0.47      0.45      0.46       100
    T1564.003_9a2edad4053a2b59fb9167a9bc29e7dc       0.65      0.77      0.70       100
    T1564.004_28862487a99f5f89bc0d68c87396c7e9       1.00      1.00      1.00       100
    T1564.004_76b6066fe170d38215251102e42be973       1.00      1.00      1.00       100
        T1564_dedfa0a54c9c13ce5714a0dc2e1f5d1a       0.03      0.05      0.03       100
    T1566.001_1afaec09315ab71fdfb167175e8a019a       1.00      1.00      1.00       100
    T1574.001_63bbedafba2f541552ac3579e9e3737b       1.00      1.00      1.00       100
    T1574.011_72249c1e9ffe7d8f30243d838e0791ca       1.00      1.00      1.00       100
                                        benign       0.93      1.00      0.96       100

                                      accuracy                           0.61     16600
                                     macro avg       0.61      0.61      0.60     16600
                                  weighted avg       0.61      0.61      0.60     16600

09/18/2023, 19:56:05# labels of Test: tensor([65, 65, 65, 65, 65, 65, 65, 65, 65, 65, 65, 65, 65, 65, 65, 65],
       device='cuda:3') torch.Size([16])
09/18/2023, 19:56:05# predicted of Test: tensor([65, 65, 65, 65, 65, 65, 65, 65, 65, 65, 65, 65, 65, 65, 65, 65],
       device='cuda:3') torch.Size([16])
09/18/2023, 19:56:05# labels of 0: tensor([65, 65, 65, 65, 65, 65, 65, 65, 65, 65, 65, 65, 65, 65, 65, 65],
       device='cuda:3') torch.Size([16])
09/18/2023, 19:56:05# predicted of 0: tensor([65, 65, 65, 65, 65, 65, 65, 65, 65, 65, 65, 65, 65, 65, 65, 65],
       device='cuda:3') torch.Size([16])
09/18/2023, 19:56:05# labels: tensor([65, 65, 65, 65, 65, 65, 65, 65, 65, 65, 65, 65, 65, 65, 65, 65],
       device='cuda:3') torch.Size([16])
09/18/2023, 19:56:05# predicted: tensor([65, 65, 65, 65, 65, 65, 65, 65, 65, 65, 65, 65, 65, 65, 65, 65],
       device='cuda:3') torch.Size([16])
09/18/2023, 19:56:26# labels of Test: tensor([162, 162, 162, 162, 162, 162, 162, 162, 162, 162, 162, 162, 162, 162,
        162, 162], device='cuda:3') torch.Size([16])
09/18/2023, 19:56:26# predicted of Test: tensor([ 76, 150,  14,  42,  18,  14,  14,  54,  76,  18,  42,  18,  18,  18,
         42,  76], device='cuda:3') torch.Size([16])
09/18/2023, 19:56:27# Test Accuracy: 60.72289156626506 %



09/18/2023, 19:56:37# report path: classification_report/classification_report-secureBERT_250-graphSAGE-1.xlsx
09/18/2023, 19:56:37# label path: classification_report/mapped_true_predicted_labels-secureBERT_250-graphSAGE-1.xlsx
09/18/2023, 19:56:38# mapped_report:
                                                precision    recall  f1-score   support

T1003.001_0ef4cc7b-611c-4237-b20b-db36b6906554       1.00      1.00      1.00       100
    T1003.001_35d92515122effdd73801c6ac3021da7       0.99      0.98      0.98       100
    T1003.002_5a484b65c247675e3b7ada4ba648d376       1.00      1.00      1.00       100
    T1003.002_7fa4ea18694f2552547b65e23952cabb       1.00      1.00      1.00       100
    T1003.003_9f73269695e54311dd61dc68940fb3e1       0.00      0.00      0.00       100
    T1003.003_f049b89533298c2d6cd37a940248b219       0.00      0.00      0.00       100
        T1003_18f31c311ac208802e88ab8d5af8603e       1.00      1.00      1.00       100
        T1007_9d03c91bdae5a80f17f89c987942b5a8       0.99      0.97      0.98       100
    T1007_c6607391-d02c-44b5-9b13-d3492ca58599       0.00      0.00      0.00       100
        T1007_d6bb2a19da7246731ed9c44831b135f8       0.60      0.03      0.06       100
    T1016_14a21534-350f-4d83-9dd7-3c56b93a0c17       0.00      0.00      0.00       100
        T1016_71b3d2945679566b9d94d8cb11df4b70       0.00      0.00      0.00       100
        T1016_7d8ee68f0e9731db82964f558f614608       0.95      0.60      0.74       100
    T1016_921055f4-5970-4707-909e-62f594234d91       0.00      0.00      0.00       100
    T1016_a0676fe1-cd52-482e-8dde-349b73f9aa69       0.00      0.00      0.00       100
    T1016_e8017c46-acb8-400c-a4b5-b3362b5b5baa       0.00      0.00      0.00       100
    T1018_26c8b8b5-7b5b-4de1-a128-7d37fb14f517       0.00      0.00      0.00       100
        T1018_a44bb43474728496276d5d73aa14588f       0.00      0.00      0.00       100
        T1018_ac20e592bc912bddff4d6b88289095f0       0.00      0.00      0.00       100
    T1021.001_dd67068b052fa553ad4a0ac7d6a5ea89       0.99      1.00      1.00       100
    T1033_bd527b63-9f9e-46e0-9816-b8434d2b8989       0.03      0.04      0.03       100
    T1033_c0da588f-79f0-4263-8998-7496b1a40596       0.01      0.01      0.01       100
    T1036.003_04e8d83e7badf098d50800d6aa1dd487       1.00      1.00      1.00       100
    T1036.003_f5ef8466e5ebcd2ae03f338d9416069c       1.00      1.00      1.00       100
    T1036.004_1f0614ea5c4af6faf1b44570f5f22f8a       0.00      0.00      0.00       100
    T1036.004_7de3d7b4922a7b996d8df36fb22bb118       0.13      0.28      0.17       100
    T1037.001_62cfa90fb03a6bc1a6ebcce8a3ea81b7       1.00      1.00      1.00       100
        T1040_6881a4589710d53f0c146e91db513f01       1.00      1.00      1.00       100
        T1047_09e0f9cf2eb803a1c35deeecf3665fad       0.00      0.00      0.00       100
        T1047_6935e41353aa781bb723462d26114c44       0.00      0.00      0.00       100
        T1047_ac122553ab4426ea3362bb4a97d31bfd       0.02      0.03      0.03       100
        T1047_ac2764f7a67a9ce92b54e8e59b361838       0.00      0.00      0.00       100
        T1047_b0255b5120cbabc062d8d4510a142c3b       0.00      0.00      0.00       100
        T1047_ed736a123da6fb2aab22cfd4f437e8b5       0.00      0.00      0.00       100
        T1047_f4b0b4129560ea66f9751275e82f6bab       0.03      0.05      0.03       100
    T1049_638fb6bb-ba39-4285-93d1-7e4775b033a8       0.00      0.00      0.00       100
        T1049_a14392d713dffba6a397682ff83259a0       0.45      0.17      0.25       100
    T1053.005_5db2884b6ca3ab932848f295a3896dc0       0.07      0.01      0.02       100
    T1053.005_ee454be9197890de62705ce6255933fd       0.00      0.00      0.00       100
T1055.001_a74bc239-a196-4f7e-8d5c-fe8c0266071c       0.17      0.03      0.05       100
T1055.002_e5bcefee-262d-4568-a261-e8a20855ec81       0.00      0.00      0.00       100
    T1057_5a39d7ed-45c9-4a79-b581-e5fb99e24f65       0.00      0.00      0.00       100
    T1057_8adf02e8-6e71-4244-886c-98c402857404       1.00      1.00      1.00       100
        T1057_b2a1e430ca6d36eb5af2fe666e769847       0.00      0.00      0.00       100
        T1057_f8de05d1741dcc468f772ab0ff4dac72       0.00      0.00      0.00       100
T1059.001_55678719-e76e-4df9-92aa-10655bbd1cf4       0.99      1.00      1.00       100
    T1059.001_6efbccc1869e8cd618c0d3ecda407d5f       1.00      1.00      1.00       100
T1059.001_702bfdd2-9947-4eda-b551-c3a1ea9a59a2       1.00      1.00      1.00       100
T1059.001_bfff9006-d1fb-46ce-b173-92cb04e9a031       1.00      0.99      0.99       100
T1059.001_ccdb8caf-c69e-424b-b930-551969450c57       0.95      1.00      0.98       100
T1059.001_e5f9de8f-3df1-4e78-ad92-a784e3f6770d       1.00      1.00      1.00       100
    T1059.003_6c318ef0339d74d909ad556681b6493e       0.97      1.00      0.99       100
    T1059.003_f38e58deb7ad20b5538ca40db7b7b4f8       0.97      1.00      0.99       100
T1069.001_5c4dd985-89e3-4590-9b57-71fed66ff4e2       0.99      1.00      1.00       100
    T1069.001_a1f48fa3ddee658b29b414523c9a295b       0.09      0.23      0.13       100
    T1069.002_6103e503cb444bc7b4187704f2035708       0.33      0.96      0.50       100
    T1070.005_1f91076e2be2014cc7b4f1296de02fd6       1.00      1.00      1.00       100
    T1071.001_24c3b7b004401d839a5c337201da3484       1.00      1.00      1.00       100
T1074.001_4e97e699-93d7-4040-b5a3-2e906a58199e       0.98      1.00      0.99       100
T1074.001_6469befa-748a-4b9c-a96d-f191fde47d89       0.98      1.00      0.99       100
    T1074.001_e6dfc7e89359ac6fa6de84b0e1d5762e       0.99      1.00      1.00       100
    T1078.001_d0ca00832890baa1d42322cf70fcab1a       0.00      0.00      0.00       100
    T1082_29451844-9b76-4e16-a9ee-d6feab4b24db       0.02      0.07      0.03       100
    T1083_52177cc1-b9ab-4411-ac21-2eadc4b5d3b8       1.00      0.99      0.99       100
    T1083_6e1a53c0-7352-4899-be35-fa7f364d5722       0.00      0.00      0.00       100
    T1087.001_6334877e8e3ba48f7835d4856d90a282       0.99      1.00      1.00       100
T1087.001_feaced8f-f43f-452a-9500-a5219488abb8       0.00      0.00      0.00       100
    T1090.001_ba343199a4f15ed6b57eb52412f62e4e       0.77      0.48      0.59       100
        T1105_0856c235a1d26113d4f2d92e39c9a9f8       1.00      1.00      1.00       100
        T1105_1095434782a00c8a4772a11e625bcf5d       1.00      1.00      1.00       100
        T1105_4f683658f161ccdc51337c470d32bab9       1.00      1.00      1.00       100
    T1105_60f63260-39bb-4136-87a0-b6c2dca799fc       1.00      1.00      1.00       100
        T1105_c521e0a70b243a0cf9217907ca3c6d27       1.00      1.00      1.00       100
        T1105_c76968acda4aa1673dadcd67f3ab7664       1.00      1.00      1.00       100
        T1105_e6715e61f5df646692c624b3499384c4       1.00      1.00      1.00       100
    T1105_eb814e03-811a-467a-bc6d-dcd453750fa2       1.00      1.00      1.00       100
        T1112_257313a3c93e3bb7dfb60d6753b09e34       1.00      0.99      0.99       100
        T1112_34041639e6e501856ecaf5969ee29c76       0.95      1.00      0.98       100
        T1112_35c0360d226cf38104f300d9d57ce60e       0.98      1.00      0.99       100
        T1112_4bfb5f265a5ce07af6bf10da113af7db       0.99      1.00      1.00       100
        T1112_7fe6a66d03f4dbfc022609ba311c2b11       0.97      0.99      0.98       100
        T1112_ba6f6214dbd17c54001e0a163b60f151       0.99      1.00      1.00       100
        T1112_cab7b85611a290c0769546bfa9d6f962       1.00      1.00      1.00       100
        T1112_cd8be0e6b873919da25530a2c7ea6750       0.97      1.00      0.99       100
        T1112_e74d2fb4ef5fa6c766a4151554033697       0.95      1.00      0.98       100
        T1112_e7a987cbef27263e666e5b096488dc55       0.98      1.00      0.99       100
        T1112_fa4ba6a06b4a5cd955ea5a60fae24281       1.00      0.99      0.99       100
        T1112_fd992e8ecfdac9b56dd6868904044827       1.00      1.00      1.00       100
    T1113_316251ed-6a28-4013-812b-ddf5b5b007f8       0.95      1.00      0.98       100
        T1115_70795de7cbb842edb029b3378c27c008       1.00      1.00      1.00       100
    T1115_b007fe0c-c6b0-4fda-915c-255bbc070de2       0.05      0.02      0.03       100
        T1119_344e7eaf650763e0d3e9f02e62c1cf4b       0.99      1.00      1.00       100
        T1119_7121cdf93b951311be9d7078c602efdc       1.00      1.00      1.00       100
        T1120_7b9c7afaefa59aab759b49af0d699ac1       1.00      1.00      1.00       100
        T1123_372e6f46fca18e4f1b43209c20ffafa2       1.00      1.00      1.00       100
    T1124_fa6e8607-e0b1-425d-8924-9b894da5a002       0.00      0.00      0.00       100
        T1125_da86001b5081fcf773d8e62f22cf2b00       1.00      1.00      1.00       100
    T1135_530e47c6-8592-42bf-91df-c59ffbd8541b       0.00      0.00      0.00       100
    T1135_deeac480-5c2a-42b5-90bb-41675ee53c7e       0.00      0.00      0.00       100
    T1137.002_e2af3c3ab1b0f659c874b8af58c49759       0.99      1.00      1.00       100
        T1137_12ad9edefc86af07700fbf49bfdac6ba       1.00      1.00      1.00       100
        T1201_38f6f0e50a6b196140ec40d3dc9cc9e6       0.00      0.00      0.00       100
        T1201_57296a2ddbeb7423c05feef2fe972111       0.00      0.00      0.00       100
    T1204.002_522f3f35cd013e63830fa555495a0081       1.00      1.00      1.00       100
        T1217_69bbe2183fa09c00ccaac62d48e214f8       1.00      0.99      0.99       100
        T1217_f7a0f7d704aa52a764d9d1bee81e65d6       0.04      0.07      0.05       100
        T1219_7dabcbecab0334b115feefab1630f84a       1.00      1.00      1.00       100
        T1219_af8cb2bf9b436aae5c106a0a9c207e14       1.00      1.00      1.00       100
        T1219_f1b3fca18d7465cd10e5a7477a3bf97d       1.00      1.00      1.00       100
    T1482_6131397e-7765-424e-a594-3d7fb2d93a6a       1.00      1.00      1.00       100
        T1482_cfb61005899996469ae3023796792ca5       0.00      0.00      0.00       100
        T1486_d82ceb9939d3d920ee550187ad8235c8       0.97      1.00      0.99       100
        T1490_2d53d6fabd39bf9c70b0dfcdfbbc926d       0.02      0.06      0.03       100
        T1490_8467c994685ccf178db166964bd80fab       0.11      0.04      0.06       100
        T1490_9e5e4c0655fd1b5be88bd40b8251175f       0.00      0.00      0.00       100
        T1490_c156ac5c9fa67080365268d95f29053d       0.06      0.02      0.03       100
        T1490_c8f329d2847ede593b6cb4a1ec6120fb       1.00      1.00      1.00       100
        T1490_e90756bb6dcd21462dc4cc452661df91       0.01      0.01      0.01       100
    T1491_47d08617-5ce1-424a-8cc5-c9c978ce6bf9       0.97      1.00      0.99       100
    T1491_68235976-2404-42a8-9105-68230cfef562       0.99      1.00      1.00       100
    T1496_46da2385-cf37-49cb-ba4b-a739c7a19de4       0.99      1.00      1.00       100
T1497.001_1258b063-27d6-489b-a677-4807faacf868       0.00      0.00      0.00       100
T1497.001_5dc841fd-28ad-40e2-b10e-fb007fe09e81       0.02      0.30      0.03       100
T1497.001_7a6ba833-de40-466a-8969-5c37b13603e0       0.00      0.00      0.00       100
    T1499_2fe2d5e6-7b06-4fc0-bf71-6966a1226731       0.02      0.10      0.03       100
T1518.001_2dece965-37a0-4f70-a391-0f30e3331aba       0.06      0.01      0.02       100
    T1518.001_33a24ff44719e6ac0614b58f8c9a7c72       0.50      0.01      0.02       100
    T1518.001_b8453a5fe06b24aea12b27592d5c3d3a       0.02      0.19      0.04       100
        T1518_8ddfaf982ab359cda13626b870ccb339       0.97      1.00      0.99       100
    T1518_c9be8043-a445-4cbf-b77b-ed7bb007fc7c       0.99      1.00      1.00       100
        T1531_aa6b15485a5f50ced34d87fda177b758       0.10      0.31      0.15       100
        T1531_b25ae80dad74142fafb510e9c1949ace       0.14      0.01      0.02       100
    T1546.013_f9a968af61d36983448c74cca5464e17       1.00      0.98      0.99       100
    T1547.001_0dbdf1a2a87e718a6ac8a8e3415a7fac       1.00      1.00      1.00       100
    T1547.001_163b023f43aba758d36f524d146cb8ea       1.00      1.00      1.00       100
    T1547.001_1f15ab22c39a9b6bb2bb0d77276dfcb3       0.97      1.00      0.99       100
    T1547.001_4b71ebb2f6f6a01235ba240fa40ce978       0.96      1.00      0.98       100
    T1547.001_777043894e42d2aae3881e63f6c76d33       0.97      1.00      0.99       100
    T1547.001_d3ef4145e4144fd694514b1c5cc17350       1.00      1.00      1.00       100
    T1547.004_0856714c9810ac55b53e9964d02958a0       1.00      0.99      0.99       100
    T1547.004_aa147165f6c116cb0b0f944abe1db8ce       1.00      1.00      1.00       100
    T1547.009_501af516bd8b24fee0c7c650ae5cc861       1.00      0.99      0.99       100
    T1547.009_b6e5c895c6709fe289352ee23f062229       0.98      1.00      0.99       100
    T1547.010_4593d72a5145e3f494421ac772d37464       0.97      1.00      0.99       100
        T1547_fe9eeee9a7b339089e5fa634b08522c1       1.00      0.98      0.99       100
T1548.002_665432a4-42e7-4ee1-af19-a9a8c9455d0c       1.00      1.00      1.00       100
    T1552.002_3e5b04b8ee0a1a4950da8f35d95e65fc       0.05      0.06      0.05       100
        T1560_a1ee301b0508747b468d578a14e5c1a5       0.99      1.00      1.00       100
    T1562.001_43e3334362b140924f001b256b229ee5       1.00      1.00      1.00       100
    T1562.002_6a8d25d65a7d481dc479f89c62af1e6a       1.00      0.99      0.99       100
    T1562.002_94f51bf01a7036fe02d07b4c18967669       0.00      0.00      0.00       100
    T1562.004_280003641a5cddf916c4f2bf605a71d3       0.03      0.01      0.02       100
    T1562.004_41627f71f968225b9f162cb76d16bd9d       1.00      1.00      1.00       100
    T1562.004_5b93df032e230056c21a3e57334f77d1       0.00      0.00      0.00       100
    T1562.004_8d0a4585e7c4646185a912b14cd9cb46       0.00      0.00      0.00       100
    T1562.004_8fe59e288f10a486dc8b44bc872019ff       1.00      1.00      1.00       100
    T1564.001_66a5fd5f244819181f074dd082a28905       0.48      0.50      0.49       100
    T1564.001_dce51e632abdfe5392c7c1f942ac9273       0.47      0.45      0.46       100
    T1564.003_9a2edad4053a2b59fb9167a9bc29e7dc       0.65      0.77      0.70       100
    T1564.004_28862487a99f5f89bc0d68c87396c7e9       1.00      1.00      1.00       100
    T1564.004_76b6066fe170d38215251102e42be973       1.00      1.00      1.00       100
        T1564_dedfa0a54c9c13ce5714a0dc2e1f5d1a       0.03      0.05      0.03       100
    T1566.001_1afaec09315ab71fdfb167175e8a019a       1.00      1.00      1.00       100
    T1574.001_63bbedafba2f541552ac3579e9e3737b       1.00      1.00      1.00       100
    T1574.011_72249c1e9ffe7d8f30243d838e0791ca       1.00      1.00      1.00       100
                                        benign       0.93      1.00      0.96       100

                                      accuracy                           0.61     16600
                                     macro avg       0.61      0.61      0.60     16600
                                  weighted avg       0.61      0.61      0.60     16600

