09/18/2023, 14:41:00# labels of 5000: tensor([106, 153, 131, 102, 143,   5,  92,  13,  82,  27, 129, 106, 110,  35,
         20, 115], device='cuda:0') torch.Size([16])
09/18/2023, 14:41:00# predicted of 5000: tensor([106, 153, 108, 102, 108,  13, 108,  13,  82,  13, 161, 106, 108,  13,
        102, 115], device='cuda:0') torch.Size([16])
09/18/2023, 14:43:57# total batches: 8300
09/18/2023, 14:43:57# Epoch 0 | Train Loss: 3.4900 | Train Accuracy: 0.2560
09/18/2023, 14:43:57# labels of Validation: tensor([116,  78,  69,  13,  44, 154,  84, 104,  45,  42,  47, 160,  41,  48,
        105,   3], device='cuda:0') torch.Size([16])
09/18/2023, 14:43:57# predicted of Validation: tensor([ 31,  67,  69,  35,  33, 154,  84,   9,  61,  33,   9, 160,  41,  31,
        105,   3], device='cuda:0') torch.Size([16])
09/18/2023, 14:43:57# labels of 0: tensor([116,  78,  69,  13,  44, 154,  84, 104,  45,  42,  47, 160,  41,  48,
        105,   3], device='cuda:0') torch.Size([16])
09/18/2023, 14:43:57# predicted of 0: tensor([ 31,  67,  69,  35,  33, 154,  84,   9,  61,  33,   9, 160,  41,  31,
        105,   3], device='cuda:0') torch.Size([16])
09/18/2023, 14:44:45# labels of Validation: tensor([ 78, 140,  15,  23,  41,  45,  27, 142, 114, 123,  71,  40,  47, 142,
          2,  79], device='cuda:0') torch.Size([16])
09/18/2023, 14:44:45# predicted of Validation: tensor([ 67, 140,  61,  23,  41, 130,  61,  90, 100, 123,  71, 120,  33,  33,
         68,  79], device='cuda:0') torch.Size([16])
09/18/2023, 14:44:47# Validation Loss: 2.4163 | Validation Accuracy: 0.4985

09/18/2023, 14:44:47# Find a better model!!
09/18/2023, 14:49:10# labels of 5000: tensor([127, 128,  58, 149, 118,  67, 132,  75, 160, 161,  34, 104,  38,  17,
         32,  57], device='cuda:0') torch.Size([16])
09/18/2023, 14:49:10# predicted of 5000: tensor([127, 128,  58, 149, 118,  78, 132, 144, 160, 161,   4, 143, 113,  17,
         32,   4], device='cuda:0') torch.Size([16])
09/18/2023, 14:52:07# total batches: 8300
09/18/2023, 14:52:07# Epoch 1 | Train Loss: 2.0811 | Train Accuracy: 0.5284
09/18/2023, 14:52:07# labels of Validation: tensor([ 24, 145, 129,  51,  17,  75, 133,  13, 120, 153, 157, 158,  77, 107,
         78,  48], device='cuda:0') torch.Size([16])
09/18/2023, 14:52:07# predicted of Validation: tensor([ 60, 145, 129,  51,  17, 166, 133,  13, 120, 153, 143, 164,  77, 107,
         67,  74], device='cuda:0') torch.Size([16])
09/18/2023, 14:52:07# labels of 0: tensor([ 24, 145, 129,  51,  17,  75, 133,  13, 120, 153, 157, 158,  77, 107,
         78,  48], device='cuda:0') torch.Size([16])
09/18/2023, 14:52:07# predicted of 0: tensor([ 60, 145, 129,  51,  17, 166, 133,  13, 120, 153, 143, 164,  77, 107,
         67,  74], device='cuda:0') torch.Size([16])
09/18/2023, 14:52:57# labels of Validation: tensor([151, 166,  99,  82,  70, 117,  92,  85,  87,  14,  77,  59,  48, 104,
        149, 157], device='cuda:0') torch.Size([16])
09/18/2023, 14:52:57# predicted of Validation: tensor([ 74, 166,  99,  82,  70,  61,  90,  85,  90, 119,  77,  59,  74,  74,
        149,  44], device='cuda:0') torch.Size([16])
09/18/2023, 14:52:58# Validation Loss: 1.8520 | Validation Accuracy: 0.5609

09/18/2023, 14:52:58# Find a better model!!
09/18/2023, 14:57:26# labels of 5000: tensor([141,  48,  37, 136,  23, 165, 129, 125,  13,  34,  96, 118, 103,  75,
         41,  31], device='cuda:0') torch.Size([16])
09/18/2023, 14:57:26# predicted of 5000: tensor([141, 124,  37, 136,  23, 165, 129, 124,  13, 124,  96, 118, 124, 124,
         41, 112], device='cuda:0') torch.Size([16])
09/18/2023, 15:00:18# total batches: 8300
09/18/2023, 15:00:18# Epoch 2 | Train Loss: 1.7542 | Train Accuracy: 0.5813
09/18/2023, 15:00:18# labels of Validation: tensor([132, 140, 110, 114,  97, 129,  16,  32,  19, 158, 101,  23, 142,   8,
        145, 130], device='cuda:0') torch.Size([16])
09/18/2023, 15:00:18# predicted of Validation: tensor([132, 140, 103,  64,   4, 129,  16,  32,  19,  57, 101,  23, 143,  64,
        145, 130], device='cuda:0') torch.Size([16])
09/18/2023, 15:00:18# labels of 0: tensor([132, 140, 110, 114,  97, 129,  16,  32,  19, 158, 101,  23, 142,   8,
        145, 130], device='cuda:0') torch.Size([16])
09/18/2023, 15:00:18# predicted of 0: tensor([132, 140, 103,  64,   4, 129,  16,  32,  19,  57, 101,  23, 143,  64,
        145, 130], device='cuda:0') torch.Size([16])
09/18/2023, 15:01:08# labels of Validation: tensor([151, 160,  50,  34,  63,   4,  54, 143,  47,  28,  63, 163,  43,  73,
         94, 154], device='cuda:0') torch.Size([16])
09/18/2023, 15:01:08# predicted of Validation: tensor([  4, 160,  50,  57,  63,  36, 143, 119,   4,  28,  63,  57,  43,  73,
         94, 154], device='cuda:0') torch.Size([16])
09/18/2023, 15:01:10# Validation Loss: 1.6791 | Validation Accuracy: 0.5928

09/18/2023, 15:01:10# Find a better model!!
09/18/2023, 15:05:36# labels of 5000: tensor([165, 135,  84,  70,  42, 142, 132, 164,  11,  43,  68, 139,  27,  53,
        119,   1], device='cuda:0') torch.Size([16])
09/18/2023, 15:05:36# predicted of 5000: tensor([165, 135,  84,  70, 143,  48, 132,  48,  97,  43, 113, 139,  27, 143,
         97,  48], device='cuda:0') torch.Size([16])
09/18/2023, 15:08:36# total batches: 8300
09/18/2023, 15:08:36# Epoch 3 | Train Loss: 1.6295 | Train Accuracy: 0.5996
09/18/2023, 15:08:36# labels of Validation: tensor([117,  25, 138,  53, 122, 109, 150, 121,  46,  39,  27,   6, 161, 157,
         84, 158], device='cuda:0') torch.Size([16])
09/18/2023, 15:08:36# predicted of Validation: tensor([117,  25, 138,  54, 122, 121,  76,  12,  46,  39,  27,   6, 161,  54,
         84,  76], device='cuda:0') torch.Size([16])
09/18/2023, 15:08:36# labels of 0: tensor([117,  25, 138,  53, 122, 109, 150, 121,  46,  39,  27,   6, 161, 157,
         84, 158], device='cuda:0') torch.Size([16])
09/18/2023, 15:08:36# predicted of 0: tensor([117,  25, 138,  54, 122, 121,  76,  12,  46,  39,  27,   6, 161,  54,
         84,  76], device='cuda:0') torch.Size([16])
09/18/2023, 15:09:25# labels of Validation: tensor([165,  85,  53,  94,  15,  18, 147, 130,  59, 133,  79,  91,  40,   0,
        153,  51], device='cuda:0') torch.Size([16])
09/18/2023, 15:09:25# predicted of Validation: tensor([165,  85,  76,  94,  15,  42, 147, 130, 131, 133,  79,  93,  40,   0,
        153,  51], device='cuda:0') torch.Size([16])
09/18/2023, 15:09:27# Validation Loss: 1.5947 | Validation Accuracy: 0.6048

09/18/2023, 15:09:27# Find a better model!!
09/18/2023, 15:14:04# labels of 5000: tensor([ 33, 145,   4,  52,  69,  93,  64, 119,  81,  51, 138, 104, 148,   0,
        157,  65], device='cuda:0') torch.Size([16])
09/18/2023, 15:14:04# predicted of 5000: tensor([109, 145, 109,  52,  69, 110, 110,  42,  42,  51, 138,  92, 148,   0,
         42,  65], device='cuda:0') torch.Size([16])
09/18/2023, 15:17:03# total batches: 8300
09/18/2023, 15:17:03# Epoch 4 | Train Loss: 1.5710 | Train Accuracy: 0.6066
09/18/2023, 15:17:03# labels of Validation: tensor([ 58, 107, 150, 124,  44, 114,  68,  91, 144, 103,  81,  85,  75,  84,
         50, 145], device='cuda:0') torch.Size([16])
09/18/2023, 15:17:03# predicted of Validation: tensor([ 58, 107,  57,  83, 163,  90,  90,  59,  87,  68, 163,  85, 163,  84,
         50, 145], device='cuda:0') torch.Size([16])
09/18/2023, 15:17:03# labels of 0: tensor([ 58, 107, 150, 124,  44, 114,  68,  91, 144, 103,  81,  85,  75,  84,
         50, 145], device='cuda:0') torch.Size([16])
09/18/2023, 15:17:03# predicted of 0: tensor([ 58, 107,  57,  83, 163,  90,  90,  59,  87,  68, 163,  85, 163,  84,
         50, 145], device='cuda:0') torch.Size([16])
09/18/2023, 15:17:51# labels of Validation: tensor([121,  70, 166,  54,  35,  87,  76,  83,   3,   2,  77,  44,  41, 140,
        138,  73], device='cuda:0') torch.Size([16])
09/18/2023, 15:17:51# predicted of Validation: tensor([ 83,  70, 166,  90,  35,  44,  83,  57,   3, 104,  77, 163,  41, 140,
        138,  73], device='cuda:0') torch.Size([16])
09/18/2023, 15:17:52# Validation Loss: 1.5542 | Validation Accuracy: 0.6083

09/18/2023, 15:17:53# Find a better model!!
09/18/2023, 15:22:28# labels of 5000: tensor([ 96,  46,  43,  29, 152,  69, 109,  95,  52,  15,  84,  74,  87, 109,
        101,  30], device='cuda:0') torch.Size([16])
09/18/2023, 15:22:28# predicted of 5000: tensor([ 96,  46,  43,  29,   2,  69,  44,  95,  52,  15,  84,  44,  44,  44,
        101,  44], device='cuda:0') torch.Size([16])
09/18/2023, 15:25:27# total batches: 8300
09/18/2023, 15:25:27# Epoch 5 | Train Loss: 1.5382 | Train Accuracy: 0.6092
09/18/2023, 15:25:27# labels of Validation: tensor([ 14, 128, 123,  29,  18, 137,  59,  45, 129,  44,  95, 102, 110, 122,
        164,  60], device='cuda:0') torch.Size([16])
09/18/2023, 15:25:27# predicted of Validation: tensor([163, 128, 123,  29, 163, 137,  91,  45, 129, 163,  95, 102,  88, 122,
        163,  47], device='cuda:0') torch.Size([16])
09/18/2023, 15:25:27# labels of 0: tensor([ 14, 128, 123,  29,  18, 137,  59,  45, 129,  44,  95, 102, 110, 122,
        164,  60], device='cuda:0') torch.Size([16])
09/18/2023, 15:25:27# predicted of 0: tensor([163, 128, 123,  29, 163, 137,  91,  45, 129, 163,  95, 102,  88, 122,
        163,  47], device='cuda:0') torch.Size([16])
09/18/2023, 15:26:15# labels of Validation: tensor([110,  81,  89,  25, 117, 136,  21,  70, 148,  11,  86,   6,  24,  62,
        137,  10], device='cuda:0') torch.Size([16])
09/18/2023, 15:26:15# predicted of Validation: tensor([ 88, 163,  89,  25, 117, 136,  21,  70, 148, 163,  86,   6, 163,  62,
        137,  10], device='cuda:0') torch.Size([16])
09/18/2023, 15:26:17# Validation Loss: 1.5301 | Validation Accuracy: 0.6102

09/18/2023, 15:26:17# Find a better model!!
09/18/2023, 15:30:49# labels of 5000: tensor([ 87,  25,  23, 163,   4,  12, 105,  15,  78,  89,  15,  63, 134,  74,
        133,  45], device='cuda:0') torch.Size([16])
09/18/2023, 15:30:49# predicted of 5000: tensor([121,  25,  23, 121, 121, 121, 105,  15,  78,  89,  15,  63, 134, 121,
        133,  45], device='cuda:0') torch.Size([16])
09/18/2023, 15:33:55# total batches: 8300
09/18/2023, 15:33:55# Epoch 6 | Train Loss: 1.5169 | Train Accuracy: 0.6109
09/18/2023, 15:33:55# labels of Validation: tensor([ 88, 141, 135,   0, 120,  23,  26,  29, 137,   4, 140,   3,  11, 155,
        155,  68], device='cuda:0') torch.Size([16])
09/18/2023, 15:33:55# predicted of Validation: tensor([  8, 141, 135,   0, 120,  23,  26,  29, 137,  48, 140,   3,  83, 155,
        155,  93], device='cuda:0') torch.Size([16])
09/18/2023, 15:33:55# labels of 0: tensor([ 88, 141, 135,   0, 120,  23,  26,  29, 137,   4, 140,   3,  11, 155,
        155,  68], device='cuda:0') torch.Size([16])
09/18/2023, 15:33:55# predicted of 0: tensor([  8, 141, 135,   0, 120,  23,  26,  29, 137,  48, 140,   3,  83, 155,
        155,  93], device='cuda:0') torch.Size([16])
09/18/2023, 15:34:43# labels of Validation: tensor([110,  84,  55,  30,   5, 155, 147,   9,  87, 131,  64,  16, 100,  63,
        150,  51], device='cuda:0') torch.Size([16])
09/18/2023, 15:34:43# predicted of Validation: tensor([113,  84,  30,  48,   5, 155, 147,  55,  48, 131, 113,  16, 100,  63,
         48,  51], device='cuda:0') torch.Size([16])
09/18/2023, 15:34:45# Validation Loss: 1.5106 | Validation Accuracy: 0.6101

09/18/2023, 15:34:45# Find a better model!!
09/18/2023, 15:39:14# labels of 5000: tensor([125, 148,  98,  46,  59,  24,  68,  40, 163, 139,  16, 138, 162,  54,
        102,  30], device='cuda:0') torch.Size([16])
09/18/2023, 15:39:14# predicted of 5000: tensor([ 14, 148,  98,  46, 108,  14, 113,  40, 143, 139,  16, 138, 143, 164,
        102, 143], device='cuda:0') torch.Size([16])
09/18/2023, 15:42:15# total batches: 8300
09/18/2023, 15:42:15# Epoch 7 | Train Loss: 1.5022 | Train Accuracy: 0.6124
09/18/2023, 15:42:15# labels of Validation: tensor([ 32, 100, 110, 166, 141, 135,  16, 156,  97,   7,  35,  42,  35,   9,
        163, 136], device='cuda:0') torch.Size([16])
09/18/2023, 15:42:15# predicted of Validation: tensor([ 32, 100,  88, 166, 141, 135,  16, 156, 164,   7,  35, 164,  35,  57,
         57, 136], device='cuda:0') torch.Size([16])
09/18/2023, 15:42:15# labels of 0: tensor([ 32, 100, 110, 166, 141, 135,  16, 156,  97,   7,  35,  42,  35,   9,
        163, 136], device='cuda:0') torch.Size([16])
09/18/2023, 15:42:15# predicted of 0: tensor([ 32, 100,  88, 166, 141, 135,  16, 156, 164,   7,  35, 164,  35,  57,
         57, 136], device='cuda:0') torch.Size([16])
09/18/2023, 15:43:02# labels of Validation: tensor([ 45, 136,  14, 154,  13,  98,  36,  29, 106, 121,  90, 161,   1,  11,
        111,  61], device='cuda:0') torch.Size([16])
09/18/2023, 15:43:02# predicted of Validation: tensor([ 45, 136, 164, 154,  13,  98, 143,  29, 106, 164,  88, 161,  48,  57,
         57,  61], device='cuda:0') torch.Size([16])
09/18/2023, 15:43:05# Validation Loss: 1.4968 | Validation Accuracy: 0.6122

09/18/2023, 15:43:05# Find a better model!!
09/18/2023, 15:47:34# labels of 5000: tensor([ 54,  43, 129,  54,  27,  14,  87, 161,  42,  72,  11, 132, 138, 165,
        132, 154], device='cuda:0') torch.Size([16])
09/18/2023, 15:47:34# predicted of 5000: tensor([124,  43, 129,   9,  27,   9,   9, 161,   9,  72,   9, 132, 138, 165,
        132, 154], device='cuda:0') torch.Size([16])
09/18/2023, 15:50:29# total batches: 8300
09/18/2023, 15:50:29# Epoch 8 | Train Loss: 1.4915 | Train Accuracy: 0.6140
09/18/2023, 15:50:29# labels of Validation: tensor([129, 115, 119, 102, 159,   7,  14,  90,  98,  51,  35, 135,  34,   4,
         70, 159], device='cuda:0') torch.Size([16])
09/18/2023, 15:50:29# predicted of Validation: tensor([129, 115,  57, 102, 159,   7,  57,  64,  98,  51,  35, 135,  57,  57,
         70, 159], device='cuda:0') torch.Size([16])
09/18/2023, 15:50:29# labels of 0: tensor([129, 115, 119, 102, 159,   7,  14,  90,  98,  51,  35, 135,  34,   4,
         70, 159], device='cuda:0') torch.Size([16])
09/18/2023, 15:50:29# predicted of 0: tensor([129, 115,  57, 102, 159,   7,  57,  64,  98,  51,  35, 135,  57,  57,
         70, 159], device='cuda:0') torch.Size([16])
09/18/2023, 15:51:19# labels of Validation: tensor([144,  15, 158, 103,  29,  78, 137,  72,  21, 155, 115,  64,  14, 145,
        155,  40], device='cuda:0') torch.Size([16])
09/18/2023, 15:51:19# predicted of Validation: tensor([ 57,  15,  57,  64,  29,  67, 137,  72,  21, 155, 115,  64,  57, 145,
        155,  40], device='cuda:0') torch.Size([16])
09/18/2023, 15:51:21# Validation Loss: 1.4908 | Validation Accuracy: 0.6155

09/18/2023, 15:51:21# Find a better model!!
09/18/2023, 15:55:47# labels of 5000: tensor([104, 129, 130,  55,  85, 157,  94, 154,  39,  61,  33, 100,  93, 124,
         37, 140], device='cuda:0') torch.Size([16])
09/18/2023, 15:55:47# predicted of 5000: tensor([  2, 129, 130, 144,  85, 144,  94, 154,  39,  61, 163, 100,  90, 104,
         37, 140], device='cuda:0') torch.Size([16])
09/18/2023, 15:58:16# total batches: 8300
09/18/2023, 15:58:16# Epoch 9 | Train Loss: 1.4841 | Train Accuracy: 0.6151
09/18/2023, 15:58:16# labels of Validation: tensor([ 17, 124, 117, 103,  30,  97,  81, 149,  84,  14,  44,   9,  27,  71,
        107,   4], device='cuda:0') torch.Size([16])
09/18/2023, 15:58:16# predicted of Validation: tensor([ 17,  74, 117,  93, 152, 152, 152, 149,  84, 152,  74, 152,  27,  71,
        107, 152], device='cuda:0') torch.Size([16])
09/18/2023, 15:58:16# labels of 0: tensor([ 17, 124, 117, 103,  30,  97,  81, 149,  84,  14,  44,   9,  27,  71,
        107,   4], device='cuda:0') torch.Size([16])
09/18/2023, 15:58:16# predicted of 0: tensor([ 17,  74, 117,  93, 152, 152, 152, 149,  84, 152,  74, 152,  27,  71,
        107, 152], device='cuda:0') torch.Size([16])
09/18/2023, 15:58:55# labels of Validation: tensor([114,  21, 117,  47, 119, 128, 108,  92, 156, 112,  16,  33, 110, 132,
        114,  71], device='cuda:0') torch.Size([16])
09/18/2023, 15:58:55# predicted of Validation: tensor([ 93,  21, 117, 152, 152, 128, 108,   1, 156, 152,  16, 152,  93, 132,
         93,  71], device='cuda:0') torch.Size([16])
09/18/2023, 15:58:56# Validation Loss: 1.4910 | Validation Accuracy: 0.6168

09/18/2023, 15:58:56# labels of Test: tensor([65, 65, 65, 65, 65, 65, 65, 65, 65, 65, 65, 65, 65, 65, 65, 65],
       device='cuda:0') torch.Size([16])
09/18/2023, 15:58:56# predicted of Test: tensor([65, 65, 65, 65, 65, 65, 65, 65, 65, 65, 65, 65, 65, 65, 65, 65],
       device='cuda:0') torch.Size([16])
09/18/2023, 15:58:56# labels of 0: tensor([65, 65, 65, 65, 65, 65, 65, 65, 65, 65, 65, 65, 65, 65, 65, 65],
       device='cuda:0') torch.Size([16])
09/18/2023, 15:58:56# predicted of 0: tensor([65, 65, 65, 65, 65, 65, 65, 65, 65, 65, 65, 65, 65, 65, 65, 65],
       device='cuda:0') torch.Size([16])
09/18/2023, 15:58:56# labels: tensor([65, 65, 65, 65, 65, 65, 65, 65, 65, 65, 65, 65, 65, 65, 65, 65],
       device='cuda:0') torch.Size([16])
09/18/2023, 15:58:56# predicted: tensor([65, 65, 65, 65, 65, 65, 65, 65, 65, 65, 65, 65, 65, 65, 65, 65],
       device='cuda:0') torch.Size([16])
09/18/2023, 15:59:32# labels of Test: tensor([162, 162, 162, 162, 162, 162, 162, 162, 162, 162, 162, 162, 162, 162,
        162, 162], device='cuda:0') torch.Size([16])
09/18/2023, 15:59:32# predicted of Test: tensor([57, 57, 60, 57, 57, 57, 57, 57, 57, 57, 57, 57, 47, 57, 57, 57],
       device='cuda:0') torch.Size([16])
09/18/2023, 15:59:34# Test Accuracy: 61.644578313253014 %



09/18/2023, 15:59:36# report path: classification_report/classification_report-transH_150-graphSAGE-0.xlsx
09/18/2023, 15:59:36# label path: classification_report/mapped_true_predicted_labels-transH_150-graphSAGE-0.xlsx
09/18/2023, 15:59:36# mapped_report:
                                                precision    recall  f1-score   support

T1003.001_0ef4cc7b-611c-4237-b20b-db36b6906554       1.00      1.00      1.00       100
    T1003.001_35d92515122effdd73801c6ac3021da7       1.00      1.00      1.00       100
    T1003.002_5a484b65c247675e3b7ada4ba648d376       1.00      1.00      1.00       100
    T1003.002_7fa4ea18694f2552547b65e23952cabb       1.00      1.00      1.00       100
    T1003.003_9f73269695e54311dd61dc68940fb3e1       0.00      0.00      0.00       100
    T1003.003_f049b89533298c2d6cd37a940248b219       0.00      0.00      0.00       100
        T1003_18f31c311ac208802e88ab8d5af8603e       1.00      1.00      1.00       100
        T1007_9d03c91bdae5a80f17f89c987942b5a8       1.00      1.00      1.00       100
    T1007_c6607391-d02c-44b5-9b13-d3492ca58599       0.00      0.00      0.00       100
        T1007_d6bb2a19da7246731ed9c44831b135f8       0.40      0.61      0.49       100
    T1016_14a21534-350f-4d83-9dd7-3c56b93a0c17       0.03      0.01      0.02       100
        T1016_71b3d2945679566b9d94d8cb11df4b70       0.00      0.00      0.00       100
        T1016_7d8ee68f0e9731db82964f558f614608       0.85      0.91      0.88       100
    T1016_921055f4-5970-4707-909e-62f594234d91       0.00      0.00      0.00       100
    T1016_a0676fe1-cd52-482e-8dde-349b73f9aa69       0.12      0.01      0.02       100
    T1016_e8017c46-acb8-400c-a4b5-b3362b5b5baa       0.00      0.00      0.00       100
    T1018_26c8b8b5-7b5b-4de1-a128-7d37fb14f517       0.00      0.00      0.00       100
        T1018_a44bb43474728496276d5d73aa14588f       0.00      0.00      0.00       100
        T1018_ac20e592bc912bddff4d6b88289095f0       0.03      0.06      0.04       100
    T1021.001_dd67068b052fa553ad4a0ac7d6a5ea89       1.00      1.00      1.00       100
    T1033_bd527b63-9f9e-46e0-9816-b8434d2b8989       0.00      0.00      0.00       100
    T1033_c0da588f-79f0-4263-8998-7496b1a40596       0.05      0.05      0.05       100
    T1036.003_04e8d83e7badf098d50800d6aa1dd487       1.00      1.00      1.00       100
    T1036.003_f5ef8466e5ebcd2ae03f338d9416069c       1.00      1.00      1.00       100
    T1036.004_1f0614ea5c4af6faf1b44570f5f22f8a       0.00      0.00      0.00       100
    T1036.004_7de3d7b4922a7b996d8df36fb22bb118       0.10      0.05      0.07       100
    T1037.001_62cfa90fb03a6bc1a6ebcce8a3ea81b7       1.00      1.00      1.00       100
        T1040_6881a4589710d53f0c146e91db513f01       1.00      1.00      1.00       100
        T1047_09e0f9cf2eb803a1c35deeecf3665fad       0.00      0.00      0.00       100
        T1047_6935e41353aa781bb723462d26114c44       0.00      0.00      0.00       100
        T1047_ac122553ab4426ea3362bb4a97d31bfd       0.00      0.00      0.00       100
        T1047_ac2764f7a67a9ce92b54e8e59b361838       0.00      0.00      0.00       100
        T1047_b0255b5120cbabc062d8d4510a142c3b       0.00      0.00      0.00       100
        T1047_ed736a123da6fb2aab22cfd4f437e8b5       0.00      0.00      0.00       100
        T1047_f4b0b4129560ea66f9751275e82f6bab       0.00      0.00      0.00       100
    T1049_638fb6bb-ba39-4285-93d1-7e4775b033a8       0.00      0.00      0.00       100
        T1049_a14392d713dffba6a397682ff83259a0       0.34      0.24      0.28       100
    T1053.005_5db2884b6ca3ab932848f295a3896dc0       0.00      0.00      0.00       100
    T1053.005_ee454be9197890de62705ce6255933fd       0.00      0.00      0.00       100
T1055.001_a74bc239-a196-4f7e-8d5c-fe8c0266071c       0.00      0.00      0.00       100
T1055.002_e5bcefee-262d-4568-a261-e8a20855ec81       0.00      0.00      0.00       100
    T1057_5a39d7ed-45c9-4a79-b581-e5fb99e24f65       0.00      0.00      0.00       100
    T1057_8adf02e8-6e71-4244-886c-98c402857404       1.00      1.00      1.00       100
        T1057_b2a1e430ca6d36eb5af2fe666e769847       0.03      0.05      0.04       100
        T1057_f8de05d1741dcc468f772ab0ff4dac72       0.00      0.00      0.00       100
T1059.001_55678719-e76e-4df9-92aa-10655bbd1cf4       0.99      1.00      1.00       100
    T1059.001_6efbccc1869e8cd618c0d3ecda407d5f       1.00      1.00      1.00       100
T1059.001_702bfdd2-9947-4eda-b551-c3a1ea9a59a2       1.00      1.00      1.00       100
T1059.001_bfff9006-d1fb-46ce-b173-92cb04e9a031       1.00      1.00      1.00       100
T1059.001_ccdb8caf-c69e-424b-b930-551969450c57       0.93      1.00      0.97       100
T1059.001_e5f9de8f-3df1-4e78-ad92-a784e3f6770d       1.00      1.00      1.00       100
    T1059.003_6c318ef0339d74d909ad556681b6493e       0.99      1.00      1.00       100
    T1059.003_f38e58deb7ad20b5538ca40db7b7b4f8       1.00      1.00      1.00       100
T1069.001_5c4dd985-89e3-4590-9b57-71fed66ff4e2       1.00      1.00      1.00       100
    T1069.001_a1f48fa3ddee658b29b414523c9a295b       0.00      0.00      0.00       100
    T1069.002_6103e503cb444bc7b4187704f2035708       0.65      0.62      0.63       100
    T1070.005_1f91076e2be2014cc7b4f1296de02fd6       1.00      1.00      1.00       100
    T1071.001_24c3b7b004401d839a5c337201da3484       1.00      1.00      1.00       100
T1074.001_4e97e699-93d7-4040-b5a3-2e906a58199e       1.00      1.00      1.00       100
T1074.001_6469befa-748a-4b9c-a96d-f191fde47d89       1.00      1.00      1.00       100
    T1074.001_e6dfc7e89359ac6fa6de84b0e1d5762e       1.00      1.00      1.00       100
    T1078.001_d0ca00832890baa1d42322cf70fcab1a       0.00      0.00      0.00       100
    T1082_29451844-9b76-4e16-a9ee-d6feab4b24db       0.00      0.00      0.00       100
    T1083_52177cc1-b9ab-4411-ac21-2eadc4b5d3b8       1.00      1.00      1.00       100
    T1083_6e1a53c0-7352-4899-be35-fa7f364d5722       0.00      0.00      0.00       100
    T1087.001_6334877e8e3ba48f7835d4856d90a282       1.00      1.00      1.00       100
T1087.001_feaced8f-f43f-452a-9500-a5219488abb8       0.02      0.82      0.04       100
    T1090.001_ba343199a4f15ed6b57eb52412f62e4e       0.92      0.98      0.95       100
        T1105_0856c235a1d26113d4f2d92e39c9a9f8       1.00      1.00      1.00       100
        T1105_1095434782a00c8a4772a11e625bcf5d       0.99      1.00      1.00       100
        T1105_4f683658f161ccdc51337c470d32bab9       1.00      1.00      1.00       100
    T1105_60f63260-39bb-4136-87a0-b6c2dca799fc       1.00      1.00      1.00       100
        T1105_c521e0a70b243a0cf9217907ca3c6d27       1.00      0.99      0.99       100
        T1105_c76968acda4aa1673dadcd67f3ab7664       1.00      1.00      1.00       100
        T1105_e6715e61f5df646692c624b3499384c4       1.00      1.00      1.00       100
    T1105_eb814e03-811a-467a-bc6d-dcd453750fa2       1.00      1.00      1.00       100
        T1112_257313a3c93e3bb7dfb60d6753b09e34       1.00      1.00      1.00       100
        T1112_34041639e6e501856ecaf5969ee29c76       1.00      1.00      1.00       100
        T1112_35c0360d226cf38104f300d9d57ce60e       1.00      1.00      1.00       100
        T1112_4bfb5f265a5ce07af6bf10da113af7db       1.00      1.00      1.00       100
        T1112_7fe6a66d03f4dbfc022609ba311c2b11       1.00      1.00      1.00       100
        T1112_ba6f6214dbd17c54001e0a163b60f151       1.00      1.00      1.00       100
        T1112_cab7b85611a290c0769546bfa9d6f962       1.00      1.00      1.00       100
        T1112_cd8be0e6b873919da25530a2c7ea6750       1.00      1.00      1.00       100
        T1112_e74d2fb4ef5fa6c766a4151554033697       1.00      1.00      1.00       100
        T1112_e7a987cbef27263e666e5b096488dc55       1.00      1.00      1.00       100
        T1112_fa4ba6a06b4a5cd955ea5a60fae24281       1.00      1.00      1.00       100
        T1112_fd992e8ecfdac9b56dd6868904044827       1.00      1.00      1.00       100
    T1113_316251ed-6a28-4013-812b-ddf5b5b007f8       1.00      1.00      1.00       100
        T1115_70795de7cbb842edb029b3378c27c008       1.00      1.00      1.00       100
    T1115_b007fe0c-c6b0-4fda-915c-255bbc070de2       0.00      0.00      0.00       100
        T1119_344e7eaf650763e0d3e9f02e62c1cf4b       1.00      1.00      1.00       100
        T1119_7121cdf93b951311be9d7078c602efdc       1.00      1.00      1.00       100
        T1120_7b9c7afaefa59aab759b49af0d699ac1       1.00      1.00      1.00       100
        T1123_372e6f46fca18e4f1b43209c20ffafa2       1.00      0.99      0.99       100
    T1124_fa6e8607-e0b1-425d-8924-9b894da5a002       0.00      0.00      0.00       100
        T1125_da86001b5081fcf773d8e62f22cf2b00       1.00      1.00      1.00       100
    T1135_530e47c6-8592-42bf-91df-c59ffbd8541b       0.00      0.00      0.00       100
    T1135_deeac480-5c2a-42b5-90bb-41675ee53c7e       0.03      0.01      0.02       100
    T1137.002_e2af3c3ab1b0f659c874b8af58c49759       1.00      1.00      1.00       100
        T1137_12ad9edefc86af07700fbf49bfdac6ba       1.00      1.00      1.00       100
        T1201_38f6f0e50a6b196140ec40d3dc9cc9e6       0.00      0.00      0.00       100
        T1201_57296a2ddbeb7423c05feef2fe972111       0.00      0.00      0.00       100
    T1204.002_522f3f35cd013e63830fa555495a0081       1.00      1.00      1.00       100
        T1217_69bbe2183fa09c00ccaac62d48e214f8       1.00      1.00      1.00       100
        T1217_f7a0f7d704aa52a764d9d1bee81e65d6       0.00      0.00      0.00       100
        T1219_7dabcbecab0334b115feefab1630f84a       1.00      1.00      1.00       100
        T1219_af8cb2bf9b436aae5c106a0a9c207e14       1.00      1.00      1.00       100
        T1219_f1b3fca18d7465cd10e5a7477a3bf97d       1.00      1.00      1.00       100
    T1482_6131397e-7765-424e-a594-3d7fb2d93a6a       1.00      1.00      1.00       100
        T1482_cfb61005899996469ae3023796792ca5       0.00      0.00      0.00       100
        T1486_d82ceb9939d3d920ee550187ad8235c8       1.00      1.00      1.00       100
        T1490_2d53d6fabd39bf9c70b0dfcdfbbc926d       0.00      0.00      0.00       100
        T1490_8467c994685ccf178db166964bd80fab       0.00      0.00      0.00       100
        T1490_9e5e4c0655fd1b5be88bd40b8251175f       0.00      0.00      0.00       100
        T1490_c156ac5c9fa67080365268d95f29053d       0.00      0.00      0.00       100
        T1490_c8f329d2847ede593b6cb4a1ec6120fb       1.00      1.00      1.00       100
        T1490_e90756bb6dcd21462dc4cc452661df91       0.00      0.00      0.00       100
    T1491_47d08617-5ce1-424a-8cc5-c9c978ce6bf9       1.00      1.00      1.00       100
    T1491_68235976-2404-42a8-9105-68230cfef562       1.00      1.00      1.00       100
    T1496_46da2385-cf37-49cb-ba4b-a739c7a19de4       1.00      1.00      1.00       100
T1497.001_1258b063-27d6-489b-a677-4807faacf868       0.00      0.00      0.00       100
T1497.001_5dc841fd-28ad-40e2-b10e-fb007fe09e81       0.00      0.00      0.00       100
T1497.001_7a6ba833-de40-466a-8969-5c37b13603e0       0.00      0.00      0.00       100
    T1499_2fe2d5e6-7b06-4fc0-bf71-6966a1226731       0.00      0.00      0.00       100
T1518.001_2dece965-37a0-4f70-a391-0f30e3331aba       0.02      0.14      0.04       100
    T1518.001_33a24ff44719e6ac0614b58f8c9a7c72       0.10      0.92      0.18       100
    T1518.001_b8453a5fe06b24aea12b27592d5c3d3a       0.00      0.00      0.00       100
        T1518_8ddfaf982ab359cda13626b870ccb339       1.00      0.99      0.99       100
    T1518_c9be8043-a445-4cbf-b77b-ed7bb007fc7c       1.00      1.00      1.00       100
        T1531_aa6b15485a5f50ced34d87fda177b758       0.00      0.00      0.00       100
        T1531_b25ae80dad74142fafb510e9c1949ace       0.00      0.00      0.00       100
    T1546.013_f9a968af61d36983448c74cca5464e17       1.00      1.00      1.00       100
    T1547.001_0dbdf1a2a87e718a6ac8a8e3415a7fac       1.00      1.00      1.00       100
    T1547.001_163b023f43aba758d36f524d146cb8ea       1.00      1.00      1.00       100
    T1547.001_1f15ab22c39a9b6bb2bb0d77276dfcb3       1.00      1.00      1.00       100
    T1547.001_4b71ebb2f6f6a01235ba240fa40ce978       0.99      1.00      1.00       100
    T1547.001_777043894e42d2aae3881e63f6c76d33       1.00      1.00      1.00       100
    T1547.001_d3ef4145e4144fd694514b1c5cc17350       1.00      1.00      1.00       100
    T1547.004_0856714c9810ac55b53e9964d02958a0       1.00      1.00      1.00       100
    T1547.004_aa147165f6c116cb0b0f944abe1db8ce       1.00      1.00      1.00       100
    T1547.009_501af516bd8b24fee0c7c650ae5cc861       1.00      1.00      1.00       100
    T1547.009_b6e5c895c6709fe289352ee23f062229       1.00      1.00      1.00       100
    T1547.010_4593d72a5145e3f494421ac772d37464       1.00      1.00      1.00       100
        T1547_fe9eeee9a7b339089e5fa634b08522c1       1.00      1.00      1.00       100
T1548.002_665432a4-42e7-4ee1-af19-a9a8c9455d0c       1.00      1.00      1.00       100
    T1552.002_3e5b04b8ee0a1a4950da8f35d95e65fc       0.00      0.00      0.00       100
        T1560_a1ee301b0508747b468d578a14e5c1a5       1.00      1.00      1.00       100
    T1562.001_43e3334362b140924f001b256b229ee5       1.00      1.00      1.00       100
    T1562.002_6a8d25d65a7d481dc479f89c62af1e6a       1.00      1.00      1.00       100
    T1562.002_94f51bf01a7036fe02d07b4c18967669       0.00      0.00      0.00       100
    T1562.004_280003641a5cddf916c4f2bf605a71d3       0.00      0.00      0.00       100
    T1562.004_41627f71f968225b9f162cb76d16bd9d       1.00      1.00      1.00       100
    T1562.004_5b93df032e230056c21a3e57334f77d1       0.00      0.00      0.00       100
    T1562.004_8d0a4585e7c4646185a912b14cd9cb46       0.00      0.00      0.00       100
    T1562.004_8fe59e288f10a486dc8b44bc872019ff       1.00      1.00      1.00       100
    T1564.001_66a5fd5f244819181f074dd082a28905       0.49      0.59      0.53       100
    T1564.001_dce51e632abdfe5392c7c1f942ac9273       0.48      0.38      0.42       100
    T1564.003_9a2edad4053a2b59fb9167a9bc29e7dc       0.98      0.92      0.95       100
    T1564.004_28862487a99f5f89bc0d68c87396c7e9       1.00      1.00      1.00       100
    T1564.004_76b6066fe170d38215251102e42be973       1.00      1.00      1.00       100
        T1564_dedfa0a54c9c13ce5714a0dc2e1f5d1a       0.00      0.00      0.00       100
    T1566.001_1afaec09315ab71fdfb167175e8a019a       1.00      1.00      1.00       100
    T1574.001_63bbedafba2f541552ac3579e9e3737b       1.00      1.00      1.00       100
    T1574.011_72249c1e9ffe7d8f30243d838e0791ca       1.00      1.00      1.00       100
                                        benign       1.00      0.99      0.99       100

                                      accuracy                           0.62     16600
                                     macro avg       0.61      0.62      0.61     16600
                                  weighted avg       0.61      0.62      0.61     16600

