09/18/2023, 16:16:20# labels of 5000: tensor([126,   8,  63,  92, 158,  76, 130,  85, 166,  99, 101,  45, 137,   8,
        151,  33], device='cuda:2') torch.Size([16])
09/18/2023, 16:16:20# predicted of 5000: tensor([ 40, 141,  26, 131, 131, 131,  94,  85, 148,  99, 101,  39,  21, 131,
        131, 131], device='cuda:2') torch.Size([16])
09/18/2023, 16:18:53# total batches: 8300
09/18/2023, 16:18:53# Epoch 0 | Train Loss: 3.5663 | Train Accuracy: 0.2897
09/18/2023, 16:18:53# labels of Validation: tensor([ 34, 124,  14,   9,  96,  64,  21,  38,  97,  80, 151,  67,  93,   7,
         71,  67], device='cuda:2') torch.Size([16])
09/18/2023, 16:18:53# predicted of Validation: tensor([121,  59, 125,  20,  96, 135,  21,  37,  41,  80, 125,  78,  51,   7,
         71,  78], device='cuda:2') torch.Size([16])
09/18/2023, 16:18:53# labels of 0: tensor([ 34, 124,  14,   9,  96,  64,  21,  38,  97,  80, 151,  67,  93,   7,
         71,  67], device='cuda:2') torch.Size([16])
09/18/2023, 16:18:53# predicted of 0: tensor([121,  59, 125,  20,  96, 135,  21,  37,  41,  80, 125,  78,  51,   7,
         71,  78], device='cuda:2') torch.Size([16])
09/18/2023, 16:19:34# labels of Validation: tensor([ 34,  61, 107,  39, 153, 107, 164, 143,  39,  39,  51,   6,  19, 126,
        102, 133], device='cuda:2') torch.Size([16])
09/18/2023, 16:19:34# predicted of Validation: tensor([121, 128, 107,  39, 153,  77,  77,  37,  39,  39,  51,   6,  19, 126,
         10, 133], device='cuda:2') torch.Size([16])
09/18/2023, 16:19:36# Validation Loss: 2.4483 | Validation Accuracy: 0.5492

09/18/2023, 16:19:36# Find a better model!!
09/18/2023, 16:23:26# labels of 5000: tensor([ 26,  32,  49, 156, 145, 136,  38, 158,   1, 123, 111,  92, 115, 114,
         56,   2], device='cuda:2') torch.Size([16])
09/18/2023, 16:23:26# predicted of 5000: tensor([ 26,  32,   8, 156, 145, 136,  57,  57,  57, 123, 131,  54, 115,  54,
         56,  20], device='cuda:2') torch.Size([16])
09/18/2023, 16:25:56# total batches: 8300
09/18/2023, 16:25:56# Epoch 1 | Train Loss: 1.9819 | Train Accuracy: 0.5834
09/18/2023, 16:25:56# labels of Validation: tensor([ 74,   0, 120,  25, 150,  26,  82,  88, 143,   0, 109, 158,   4,  48,
         28,  66], device='cuda:2') torch.Size([16])
09/18/2023, 16:25:56# predicted of Validation: tensor([ 44,   0, 120,  25,  44,  26,  82, 110,   8,   0,  44, 124,   8, 157,
         28,  66], device='cuda:2') torch.Size([16])
09/18/2023, 16:25:56# labels of 0: tensor([ 74,   0, 120,  25, 150,  26,  82,  88, 143,   0, 109, 158,   4,  48,
         28,  66], device='cuda:2') torch.Size([16])
09/18/2023, 16:25:56# predicted of 0: tensor([ 44,   0, 120,  25,  44,  26,  82, 110,   8,   0,  44, 124,   8, 157,
         28,  66], device='cuda:2') torch.Size([16])
09/18/2023, 16:26:36# labels of Validation: tensor([110,  83, 145, 111,  27,  40, 105,  98, 111,  47, 124,  35,  45, 156,
        144,  76], device='cuda:2') torch.Size([16])
09/18/2023, 16:26:36# predicted of Validation: tensor([ 44, 124, 145, 124,  27,  40, 105,  98,  44,  36,  44,  35,  45, 156,
        164,  36], device='cuda:2') torch.Size([16])
09/18/2023, 16:26:38# Validation Loss: 1.7432 | Validation Accuracy: 0.5950

09/18/2023, 16:26:38# Find a better model!!
09/18/2023, 16:30:29# labels of 5000: tensor([ 58,  16, 159, 117, 135, 117,  48, 153,  10,  40,  44,  87,  51,  59,
        152, 140], device='cuda:2') torch.Size([16])
09/18/2023, 16:30:29# predicted of 5000: tensor([ 58,  16, 159, 117, 135, 117,  55, 153,  10,  40, 109,  18,  51, 131,
         11, 140], device='cuda:2') torch.Size([16])
09/18/2023, 16:33:01# total batches: 8300
09/18/2023, 16:33:01# Epoch 2 | Train Loss: 1.6731 | Train Accuracy: 0.5978
09/18/2023, 16:33:01# labels of Validation: tensor([ 43,  78,  58,  53, 141,  35,  43,  87,  24, 138,  39, 165,  61,  15,
         66,  24], device='cuda:2') torch.Size([16])
09/18/2023, 16:33:01# predicted of Validation: tensor([ 43,  67,  58,   4, 141,  35,  43,   4,   4, 138,  39, 165,  61,  15,
         66,   4], device='cuda:2') torch.Size([16])
09/18/2023, 16:33:01# labels of 0: tensor([ 43,  78,  58,  53, 141,  35,  43,  87,  24, 138,  39, 165,  61,  15,
         66,  24], device='cuda:2') torch.Size([16])
09/18/2023, 16:33:01# predicted of 0: tensor([ 43,  67,  58,   4, 141,  35,  43,   4,   4, 138,  39, 165,  61,  15,
         66,   4], device='cuda:2') torch.Size([16])
09/18/2023, 16:33:42# labels of Validation: tensor([ 44, 164,  14,  35,  16, 153, 119,  49, 102,  68,  87, 141,   4, 145,
         58, 140], device='cuda:2') torch.Size([16])
09/18/2023, 16:33:42# predicted of Validation: tensor([  4, 150,   4,  35,  16, 153,  31,   4, 102, 108, 150, 141,   4, 145,
         58, 140], device='cuda:2') torch.Size([16])
09/18/2023, 16:33:44# Validation Loss: 1.6310 | Validation Accuracy: 0.6012

09/18/2023, 16:33:44# Find a better model!!
09/18/2023, 16:37:32# labels of 5000: tensor([ 28,  19,  49,  68,  25,  50, 112,  92, 115,  73,  62,  46, 148, 122,
        130,  54], device='cuda:2') torch.Size([16])
09/18/2023, 16:37:32# predicted of 5000: tensor([ 28,  19, 152,  91,  25,  50, 152, 152, 115,  73,  62,  46, 148, 122,
        130, 152], device='cuda:2') torch.Size([16])
09/18/2023, 16:40:05# total batches: 8300
09/18/2023, 16:40:05# Epoch 3 | Train Loss: 1.6009 | Train Accuracy: 0.6031
09/18/2023, 16:40:05# labels of Validation: tensor([ 58,  37,  53, 125, 150,   4,  76, 137,   2,  47,  46,  63,  50,  39,
         47,  96], device='cuda:2') torch.Size([16])
09/18/2023, 16:40:05# predicted of Validation: tensor([ 58,  37, 151,  36, 151, 151, 114, 137, 151, 151,  46,  63,  50,  39,
         36,  96], device='cuda:2') torch.Size([16])
09/18/2023, 16:40:05# labels of 0: tensor([ 58,  37,  53, 125, 150,   4,  76, 137,   2,  47,  46,  63,  50,  39,
         47,  96], device='cuda:2') torch.Size([16])
09/18/2023, 16:40:05# predicted of 0: tensor([ 58,  37, 151,  36, 151, 151, 114, 137, 151, 151,  46,  63,  50,  39,
         36,  96], device='cuda:2') torch.Size([16])
09/18/2023, 16:40:46# labels of Validation: tensor([ 51,  34, 150,  91,  15,  20, 152, 164,  46, 119, 125,  29, 153, 134,
        148, 150], device='cuda:2') torch.Size([16])
09/18/2023, 16:40:46# predicted of Validation: tensor([ 51,   1,   1, 114,  15,  20, 151,   1,  46, 151, 151,  29, 153, 134,
        148, 151], device='cuda:2') torch.Size([16])
09/18/2023, 16:40:48# Validation Loss: 1.5815 | Validation Accuracy: 0.6024

09/18/2023, 16:40:48# Find a better model!!
09/18/2023, 16:44:45# labels of 5000: tensor([162, 108,  27, 111, 155,  56, 128,  96,  34, 137, 151, 162, 143, 117,
        161,  81], device='cuda:2') torch.Size([16])
09/18/2023, 16:44:45# predicted of 5000: tensor([ 31, 108,  27,  31, 155,  56, 128,  96, 151, 137,  87, 125, 125, 117,
        161,  87], device='cuda:2') torch.Size([16])
09/18/2023, 16:47:19# total batches: 8300
09/18/2023, 16:47:19# Epoch 4 | Train Loss: 1.5590 | Train Accuracy: 0.6066
09/18/2023, 16:47:19# labels of Validation: tensor([118, 115,   8,  29, 158, 161,  98, 156,  30, 124,  23,  13,  74,  71,
        134,  83], device='cuda:2') torch.Size([16])
09/18/2023, 16:47:19# predicted of Validation: tensor([118, 115,  90,  29, 111, 161,  98, 156, 111, 111,  23,  13, 111,  71,
        134, 111], device='cuda:2') torch.Size([16])
09/18/2023, 16:47:19# labels of 0: tensor([118, 115,   8,  29, 158, 161,  98, 156,  30, 124,  23,  13,  74,  71,
        134,  83], device='cuda:2') torch.Size([16])
09/18/2023, 16:47:19# predicted of 0: tensor([118, 115,  90,  29, 111, 161,  98, 156, 111, 111,  23,  13, 111,  71,
        134, 111], device='cuda:2') torch.Size([16])
09/18/2023, 16:47:59# labels of Validation: tensor([ 65, 101,  26, 145,  16,  79,  92, 104, 115,  27, 122,  85,  77,  34,
         19, 131], device='cuda:2') torch.Size([16])
09/18/2023, 16:47:59# predicted of Validation: tensor([ 65, 101,  26, 145,  16,  79, 111, 111, 115,  27, 122,  85,  77, 111,
         19, 131], device='cuda:2') torch.Size([16])
09/18/2023, 16:48:00# Validation Loss: 1.5429 | Validation Accuracy: 0.6045

09/18/2023, 16:48:00# Find a better model!!
09/18/2023, 16:51:48# labels of 5000: tensor([151, 147,  98, 141,   6, 104,  34,   6, 139,  73, 154, 155,  97,   0,
         27,  51], device='cuda:2') torch.Size([16])
09/18/2023, 16:51:48# predicted of 5000: tensor([ 38, 147,  98, 141,   6, 113,  60,   6, 139,  73, 154, 155,  55,   0,
         27,  51], device='cuda:2') torch.Size([16])
09/18/2023, 16:54:23# total batches: 8300
09/18/2023, 16:54:23# Epoch 5 | Train Loss: 1.5316 | Train Accuracy: 0.6088
09/18/2023, 16:54:23# labels of Validation: tensor([ 43, 155,  61,  48, 127,  97,  88,  52, 161, 148,  91,  51,  35,  95,
         64, 101], device='cuda:2') torch.Size([16])
09/18/2023, 16:54:23# predicted of Validation: tensor([ 43, 155,  61, 111, 127, 111,  59,  52, 161, 148,  59,  51,  35,  95,
         59, 101], device='cuda:2') torch.Size([16])
09/18/2023, 16:54:23# labels of 0: tensor([ 43, 155,  61,  48, 127,  97,  88,  52, 161, 148,  91,  51,  35,  95,
         64, 101], device='cuda:2') torch.Size([16])
09/18/2023, 16:54:23# predicted of 0: tensor([ 43, 155,  61, 111, 127, 111,  59,  52, 161, 148,  59,  51,  35,  95,
         59, 101], device='cuda:2') torch.Size([16])
09/18/2023, 16:55:03# labels of Validation: tensor([ 83, 120, 127,  71,  29,  39, 108, 129,  19, 100, 160,  68,  67,  10,
         60,  38], device='cuda:2') torch.Size([16])
09/18/2023, 16:55:04# predicted of Validation: tensor([ 33, 120, 127,  71,  29,  39,  59, 129,  19, 100, 160,  59,  78,  10,
        111,  33], device='cuda:2') torch.Size([16])
09/18/2023, 16:55:05# Validation Loss: 1.5238 | Validation Accuracy: 0.6104

09/18/2023, 16:55:05# Find a better model!!
09/18/2023, 16:58:57# labels of 5000: tensor([139, 163, 126,  27, 159, 112,  41,  72,  82, 162,  23, 143,  25, 165,
         82, 166], device='cuda:2') torch.Size([16])
09/18/2023, 16:58:57# predicted of 5000: tensor([139,  30, 126,  27, 159,  76,  41,  72,  82,  33,  23,  76,  25, 165,
         82, 166], device='cuda:2') torch.Size([16])
09/18/2023, 17:01:27# total batches: 8300
09/18/2023, 17:01:27# Epoch 6 | Train Loss: 1.5130 | Train Accuracy: 0.6108
09/18/2023, 17:01:27# labels of Validation: tensor([102, 130,  62,  19, 114,  95,  43,  86, 120,  49, 135, 152, 133,  81,
         52,  84], device='cuda:2') torch.Size([16])
09/18/2023, 17:01:27# predicted of Validation: tensor([102, 130,  62,  19, 113,  95,  43,  86, 120, 125, 135, 150, 133, 150,
         52,  84], device='cuda:2') torch.Size([16])
09/18/2023, 17:01:27# labels of 0: tensor([102, 130,  62,  19, 114,  95,  43,  86, 120,  49, 135, 152, 133,  81,
         52,  84], device='cuda:2') torch.Size([16])
09/18/2023, 17:01:27# predicted of 0: tensor([102, 130,  62,  19, 113,  95,  43,  86, 120, 125, 135, 150, 133, 150,
         52,  84], device='cuda:2') torch.Size([16])
09/18/2023, 17:02:08# labels of Validation: tensor([112, 133, 160,  15, 126,   5, 110, 110,  88,  76, 141,  83,  69,  71,
         50,  16], device='cuda:2') torch.Size([16])
09/18/2023, 17:02:08# predicted of Validation: tensor([ 31, 133, 160,  15, 126,   5, 113, 113, 113, 150, 141,  47,  69,  71,
         50,  16], device='cuda:2') torch.Size([16])
09/18/2023, 17:02:09# Validation Loss: 1.5042 | Validation Accuracy: 0.6110

09/18/2023, 17:02:09# Find a better model!!
09/18/2023, 17:06:00# labels of 5000: tensor([ 29,  67, 134, 119,  75, 133, 121,  27, 148, 139,  30,  97,  33, 123,
         71, 144], device='cuda:2') torch.Size([16])
09/18/2023, 17:06:00# predicted of 5000: tensor([ 29,  67, 134, 143, 143, 133, 164,  27, 148, 139, 164, 143,  44, 123,
         71, 164], device='cuda:2') torch.Size([16])
09/18/2023, 17:08:33# total batches: 8300
09/18/2023, 17:08:33# Epoch 7 | Train Loss: 1.4998 | Train Accuracy: 0.6127
09/18/2023, 17:08:33# labels of Validation: tensor([149, 150,  86, 119,  29, 140,  19,   5,  18,  11, 123, 158,  16,  28,
         24, 126], device='cuda:2') torch.Size([16])
09/18/2023, 17:08:33# predicted of Validation: tensor([149, 162,  86, 162,  29, 140,  19,   5, 162, 162, 123, 162,  16,  28,
        162, 126], device='cuda:2') torch.Size([16])
09/18/2023, 17:08:33# labels of 0: tensor([149, 150,  86, 119,  29, 140,  19,   5,  18,  11, 123, 158,  16,  28,
         24, 126], device='cuda:2') torch.Size([16])
09/18/2023, 17:08:33# predicted of 0: tensor([149, 162,  86, 162,  29, 140,  19,   5, 162, 162, 123, 162,  16,  28,
        162, 126], device='cuda:2') torch.Size([16])
09/18/2023, 17:09:15# labels of Validation: tensor([143,  11, 110,  29,  82,  10,  61, 158,  10,  87,  90,  94,  69,  66,
         32, 120], device='cuda:2') torch.Size([16])
09/18/2023, 17:09:15# predicted of Validation: tensor([162, 162, 114,  29,  82,  10,  61, 162,  10, 162,  59,  94,  69,  66,
         32, 120], device='cuda:2') torch.Size([16])
09/18/2023, 17:09:16# Validation Loss: 1.5054 | Validation Accuracy: 0.6129

09/18/2023, 17:13:08# labels of 5000: tensor([131,  65,  35,   5, 145, 159,  29, 165, 156,  95,  46,  90,  93, 150,
        100,  45], device='cuda:2') torch.Size([16])
09/18/2023, 17:13:08# predicted of 5000: tensor([131,  65,  35,   5, 145, 159,  29, 165, 156,  95,  46, 114, 114,  92,
        100,  45], device='cuda:2') torch.Size([16])
09/18/2023, 17:15:38# total batches: 8300
09/18/2023, 17:15:38# Epoch 8 | Train Loss: 1.4915 | Train Accuracy: 0.6134
09/18/2023, 17:15:38# labels of Validation: tensor([107,   2, 112,  62,  85,  63, 113, 153, 115,  48,  23,  36,  58, 131,
         55,   5], device='cuda:2') torch.Size([16])
09/18/2023, 17:15:38# predicted of Validation: tensor([107, 116, 116,  62,  85,  63,  90, 153, 115, 116,  23, 116,  58, 131,
        116,   5], device='cuda:2') torch.Size([16])
09/18/2023, 17:15:38# labels of 0: tensor([107,   2, 112,  62,  85,  63, 113, 153, 115,  48,  23,  36,  58, 131,
         55,   5], device='cuda:2') torch.Size([16])
09/18/2023, 17:15:38# predicted of 0: tensor([107, 116, 116,  62,  85,  63,  90, 153, 115, 116,  23, 116,  58, 131,
        116,   5], device='cuda:2') torch.Size([16])
09/18/2023, 17:16:18# labels of Validation: tensor([166, 148,   3,   2, 152,  25,  48, 158, 140, 122,  13,   0,  59,   8,
         62, 136], device='cuda:2') torch.Size([16])
09/18/2023, 17:16:18# predicted of Validation: tensor([166, 148,   3, 116, 116,  25, 116, 116, 140, 122,  13,   0,  59,  59,
         62, 136], device='cuda:2') torch.Size([16])
09/18/2023, 17:16:20# Validation Loss: 1.4843 | Validation Accuracy: 0.6145

09/18/2023, 17:16:20# Find a better model!!
09/18/2023, 17:20:12# labels of 5000: tensor([139, 166, 133,  11, 132,   0,  48,  86,  87, 155,   4, 135,  16, 166,
         74,  29], device='cuda:2') torch.Size([16])
09/18/2023, 17:20:12# predicted of 5000: tensor([139, 166, 133,   2, 132,   0,  57,  86,  57, 155,   2, 135,  16, 166,
         57,  29], device='cuda:2') torch.Size([16])
09/18/2023, 17:22:13# total batches: 8300
09/18/2023, 17:22:13# Epoch 9 | Train Loss: 1.4846 | Train Accuracy: 0.6143
09/18/2023, 17:22:13# labels of Validation: tensor([142,  10, 126,  97, 129,  69, 156,  38,  59, 104, 130,  97,  50,  30,
          1,  61], device='cuda:2') torch.Size([16])
09/18/2023, 17:22:13# predicted of Validation: tensor([ 54,  10, 126, 104, 129,  69, 156, 104,  91,  34, 130,  55,  50, 104,
         54,  61], device='cuda:2') torch.Size([16])
09/18/2023, 17:22:13# labels of 0: tensor([142,  10, 126,  97, 129,  69, 156,  38,  59, 104, 130,  97,  50,  30,
          1,  61], device='cuda:2') torch.Size([16])
09/18/2023, 17:22:13# predicted of 0: tensor([ 54,  10, 126, 104, 129,  69, 156, 104,  91,  34, 130,  55,  50, 104,
         54,  61], device='cuda:2') torch.Size([16])
09/18/2023, 17:22:42# labels of Validation: tensor([154,  40, 103,  62,  89, 143,  23, 115,  54, 114,  26,  20,  56,  17,
          5, 111], device='cuda:2') torch.Size([16])
09/18/2023, 17:22:42# predicted of Validation: tensor([154,  40,  68,  62,  89,  54,  23, 115, 104,  68,  26,  20,  56,  17,
          5,  54], device='cuda:2') torch.Size([16])
09/18/2023, 17:22:43# Validation Loss: 1.4841 | Validation Accuracy: 0.6130

09/18/2023, 17:22:43# Find a better model!!
09/18/2023, 17:22:43# labels of Test: tensor([65, 65, 65, 65, 65, 65, 65, 65, 65, 65, 65, 65, 65, 65, 65, 65],
       device='cuda:2') torch.Size([16])
09/18/2023, 17:22:43# predicted of Test: tensor([65, 65, 65, 65, 65, 65, 65, 65, 65, 65, 65, 65, 65, 65, 65, 65],
       device='cuda:2') torch.Size([16])
09/18/2023, 17:22:43# labels of 0: tensor([65, 65, 65, 65, 65, 65, 65, 65, 65, 65, 65, 65, 65, 65, 65, 65],
       device='cuda:2') torch.Size([16])
09/18/2023, 17:22:43# predicted of 0: tensor([65, 65, 65, 65, 65, 65, 65, 65, 65, 65, 65, 65, 65, 65, 65, 65],
       device='cuda:2') torch.Size([16])
09/18/2023, 17:22:43# labels: tensor([65, 65, 65, 65, 65, 65, 65, 65, 65, 65, 65, 65, 65, 65, 65, 65],
       device='cuda:2') torch.Size([16])
09/18/2023, 17:22:43# predicted: tensor([65, 65, 65, 65, 65, 65, 65, 65, 65, 65, 65, 65, 65, 65, 65, 65],
       device='cuda:2') torch.Size([16])
09/18/2023, 17:23:12# labels of Test: tensor([162, 162, 162, 162, 162, 162, 162, 162, 162, 162, 162, 162, 162, 162,
        162, 162], device='cuda:2') torch.Size([16])
09/18/2023, 17:23:12# predicted of Test: tensor([ 38,  54, 104,  54,  54,  38,  30,  34,  54, 104,  54,  34,  34,  54,
         54,  38], device='cuda:2') torch.Size([16])
09/18/2023, 17:23:13# Test Accuracy: 61.25903614457831 %



09/18/2023, 17:23:15# report path: classification_report/classification_report-transE_50-graphSAGE-0.xlsx
09/18/2023, 17:23:15# label path: classification_report/mapped_true_predicted_labels-transE_50-graphSAGE-0.xlsx
09/18/2023, 17:23:15# mapped_report:
                                                precision    recall  f1-score   support

T1003.001_0ef4cc7b-611c-4237-b20b-db36b6906554       1.00      1.00      1.00       100
    T1003.001_35d92515122effdd73801c6ac3021da7       1.00      1.00      1.00       100
    T1003.002_5a484b65c247675e3b7ada4ba648d376       1.00      1.00      1.00       100
    T1003.002_7fa4ea18694f2552547b65e23952cabb       1.00      1.00      1.00       100
    T1003.003_9f73269695e54311dd61dc68940fb3e1       0.02      0.15      0.04       100
    T1003.003_f049b89533298c2d6cd37a940248b219       0.03      0.08      0.05       100
        T1003_18f31c311ac208802e88ab8d5af8603e       1.00      1.00      1.00       100
        T1007_9d03c91bdae5a80f17f89c987942b5a8       1.00      1.00      1.00       100
    T1007_c6607391-d02c-44b5-9b13-d3492ca58599       0.00      0.00      0.00       100
        T1007_d6bb2a19da7246731ed9c44831b135f8       0.41      0.75      0.53       100
    T1016_14a21534-350f-4d83-9dd7-3c56b93a0c17       0.00      0.00      0.00       100
        T1016_71b3d2945679566b9d94d8cb11df4b70       0.00      0.00      0.00       100
        T1016_7d8ee68f0e9731db82964f558f614608       0.47      1.00      0.64       100
    T1016_921055f4-5970-4707-909e-62f594234d91       0.00      0.00      0.00       100
    T1016_a0676fe1-cd52-482e-8dde-349b73f9aa69       0.00      0.00      0.00       100
    T1016_e8017c46-acb8-400c-a4b5-b3362b5b5baa       0.00      0.00      0.00       100
    T1018_26c8b8b5-7b5b-4de1-a128-7d37fb14f517       0.00      0.00      0.00       100
        T1018_a44bb43474728496276d5d73aa14588f       0.00      0.00      0.00       100
        T1018_ac20e592bc912bddff4d6b88289095f0       0.00      0.00      0.00       100
    T1021.001_dd67068b052fa553ad4a0ac7d6a5ea89       1.00      1.00      1.00       100
    T1033_bd527b63-9f9e-46e0-9816-b8434d2b8989       0.02      0.49      0.04       100
    T1033_c0da588f-79f0-4263-8998-7496b1a40596       0.00      0.00      0.00       100
    T1036.003_04e8d83e7badf098d50800d6aa1dd487       1.00      1.00      1.00       100
    T1036.003_f5ef8466e5ebcd2ae03f338d9416069c       1.00      1.00      1.00       100
    T1036.004_1f0614ea5c4af6faf1b44570f5f22f8a       0.00      0.00      0.00       100
    T1036.004_7de3d7b4922a7b996d8df36fb22bb118       0.18      0.07      0.10       100
    T1037.001_62cfa90fb03a6bc1a6ebcce8a3ea81b7       1.00      1.00      1.00       100
        T1040_6881a4589710d53f0c146e91db513f01       1.00      1.00      1.00       100
        T1047_09e0f9cf2eb803a1c35deeecf3665fad       0.00      0.00      0.00       100
        T1047_6935e41353aa781bb723462d26114c44       0.00      0.00      0.00       100
        T1047_ac122553ab4426ea3362bb4a97d31bfd       0.00      0.00      0.00       100
        T1047_ac2764f7a67a9ce92b54e8e59b361838       0.00      0.00      0.00       100
        T1047_b0255b5120cbabc062d8d4510a142c3b       0.00      0.00      0.00       100
        T1047_ed736a123da6fb2aab22cfd4f437e8b5       0.02      0.01      0.01       100
        T1047_f4b0b4129560ea66f9751275e82f6bab       0.00      0.00      0.00       100
    T1049_638fb6bb-ba39-4285-93d1-7e4775b033a8       0.00      0.00      0.00       100
        T1049_a14392d713dffba6a397682ff83259a0       0.17      0.04      0.07       100
    T1053.005_5db2884b6ca3ab932848f295a3896dc0       0.10      0.68      0.17       100
    T1053.005_ee454be9197890de62705ce6255933fd       0.00      0.00      0.00       100
T1055.001_a74bc239-a196-4f7e-8d5c-fe8c0266071c       0.00      0.00      0.00       100
T1055.002_e5bcefee-262d-4568-a261-e8a20855ec81       0.00      0.00      0.00       100
    T1057_5a39d7ed-45c9-4a79-b581-e5fb99e24f65       0.00      0.00      0.00       100
    T1057_8adf02e8-6e71-4244-886c-98c402857404       1.00      1.00      1.00       100
        T1057_b2a1e430ca6d36eb5af2fe666e769847       0.00      0.00      0.00       100
        T1057_f8de05d1741dcc468f772ab0ff4dac72       0.00      0.00      0.00       100
T1059.001_55678719-e76e-4df9-92aa-10655bbd1cf4       1.00      1.00      1.00       100
    T1059.001_6efbccc1869e8cd618c0d3ecda407d5f       1.00      1.00      1.00       100
T1059.001_702bfdd2-9947-4eda-b551-c3a1ea9a59a2       1.00      1.00      1.00       100
T1059.001_bfff9006-d1fb-46ce-b173-92cb04e9a031       1.00      1.00      1.00       100
T1059.001_ccdb8caf-c69e-424b-b930-551969450c57       1.00      1.00      1.00       100
T1059.001_e5f9de8f-3df1-4e78-ad92-a784e3f6770d       1.00      1.00      1.00       100
    T1059.003_6c318ef0339d74d909ad556681b6493e       1.00      1.00      1.00       100
    T1059.003_f38e58deb7ad20b5538ca40db7b7b4f8       1.00      1.00      1.00       100
T1069.001_5c4dd985-89e3-4590-9b57-71fed66ff4e2       1.00      1.00      1.00       100
    T1069.001_a1f48fa3ddee658b29b414523c9a295b       0.00      0.00      0.00       100
    T1069.002_6103e503cb444bc7b4187704f2035708       0.00      0.00      0.00       100
    T1070.005_1f91076e2be2014cc7b4f1296de02fd6       1.00      1.00      1.00       100
    T1071.001_24c3b7b004401d839a5c337201da3484       1.00      1.00      1.00       100
T1074.001_4e97e699-93d7-4040-b5a3-2e906a58199e       1.00      1.00      1.00       100
T1074.001_6469befa-748a-4b9c-a96d-f191fde47d89       1.00      1.00      1.00       100
    T1074.001_e6dfc7e89359ac6fa6de84b0e1d5762e       1.00      1.00      1.00       100
    T1078.001_d0ca00832890baa1d42322cf70fcab1a       0.00      0.00      0.00       100
    T1082_29451844-9b76-4e16-a9ee-d6feab4b24db       0.00      0.00      0.00       100
    T1083_52177cc1-b9ab-4411-ac21-2eadc4b5d3b8       1.00      1.00      1.00       100
    T1083_6e1a53c0-7352-4899-be35-fa7f364d5722       0.03      0.04      0.03       100
    T1087.001_6334877e8e3ba48f7835d4856d90a282       1.00      1.00      1.00       100
T1087.001_feaced8f-f43f-452a-9500-a5219488abb8       0.00      0.00      0.00       100
    T1090.001_ba343199a4f15ed6b57eb52412f62e4e       1.00      0.95      0.97       100
        T1105_0856c235a1d26113d4f2d92e39c9a9f8       1.00      1.00      1.00       100
        T1105_1095434782a00c8a4772a11e625bcf5d       1.00      1.00      1.00       100
        T1105_4f683658f161ccdc51337c470d32bab9       1.00      1.00      1.00       100
    T1105_60f63260-39bb-4136-87a0-b6c2dca799fc       1.00      1.00      1.00       100
        T1105_c521e0a70b243a0cf9217907ca3c6d27       1.00      1.00      1.00       100
        T1105_c76968acda4aa1673dadcd67f3ab7664       1.00      1.00      1.00       100
        T1105_e6715e61f5df646692c624b3499384c4       1.00      1.00      1.00       100
    T1105_eb814e03-811a-467a-bc6d-dcd453750fa2       1.00      1.00      1.00       100
        T1112_257313a3c93e3bb7dfb60d6753b09e34       0.99      1.00      1.00       100
        T1112_34041639e6e501856ecaf5969ee29c76       1.00      1.00      1.00       100
        T1112_35c0360d226cf38104f300d9d57ce60e       1.00      1.00      1.00       100
        T1112_4bfb5f265a5ce07af6bf10da113af7db       1.00      1.00      1.00       100
        T1112_7fe6a66d03f4dbfc022609ba311c2b11       1.00      1.00      1.00       100
        T1112_ba6f6214dbd17c54001e0a163b60f151       1.00      1.00      1.00       100
        T1112_cab7b85611a290c0769546bfa9d6f962       0.99      1.00      1.00       100
        T1112_cd8be0e6b873919da25530a2c7ea6750       1.00      1.00      1.00       100
        T1112_e74d2fb4ef5fa6c766a4151554033697       1.00      1.00      1.00       100
        T1112_e7a987cbef27263e666e5b096488dc55       1.00      1.00      1.00       100
        T1112_fa4ba6a06b4a5cd955ea5a60fae24281       1.00      1.00      1.00       100
        T1112_fd992e8ecfdac9b56dd6868904044827       1.00      1.00      1.00       100
    T1113_316251ed-6a28-4013-812b-ddf5b5b007f8       1.00      1.00      1.00       100
        T1115_70795de7cbb842edb029b3378c27c008       1.00      1.00      1.00       100
    T1115_b007fe0c-c6b0-4fda-915c-255bbc070de2       0.00      0.00      0.00       100
        T1119_344e7eaf650763e0d3e9f02e62c1cf4b       1.00      1.00      1.00       100
        T1119_7121cdf93b951311be9d7078c602efdc       1.00      1.00      1.00       100
        T1120_7b9c7afaefa59aab759b49af0d699ac1       1.00      1.00      1.00       100
        T1123_372e6f46fca18e4f1b43209c20ffafa2       1.00      1.00      1.00       100
    T1124_fa6e8607-e0b1-425d-8924-9b894da5a002       0.00      0.00      0.00       100
        T1125_da86001b5081fcf773d8e62f22cf2b00       1.00      1.00      1.00       100
    T1135_530e47c6-8592-42bf-91df-c59ffbd8541b       0.00      0.00      0.00       100
    T1135_deeac480-5c2a-42b5-90bb-41675ee53c7e       0.00      0.00      0.00       100
    T1137.002_e2af3c3ab1b0f659c874b8af58c49759       1.00      1.00      1.00       100
        T1137_12ad9edefc86af07700fbf49bfdac6ba       1.00      1.00      1.00       100
        T1201_38f6f0e50a6b196140ec40d3dc9cc9e6       0.00      0.00      0.00       100
        T1201_57296a2ddbeb7423c05feef2fe972111       0.00      0.00      0.00       100
    T1204.002_522f3f35cd013e63830fa555495a0081       1.00      1.00      1.00       100
        T1217_69bbe2183fa09c00ccaac62d48e214f8       1.00      1.00      1.00       100
        T1217_f7a0f7d704aa52a764d9d1bee81e65d6       0.00      0.00      0.00       100
        T1219_7dabcbecab0334b115feefab1630f84a       1.00      1.00      1.00       100
        T1219_af8cb2bf9b436aae5c106a0a9c207e14       1.00      1.00      1.00       100
        T1219_f1b3fca18d7465cd10e5a7477a3bf97d       1.00      1.00      1.00       100
    T1482_6131397e-7765-424e-a594-3d7fb2d93a6a       1.00      1.00      1.00       100
        T1482_cfb61005899996469ae3023796792ca5       0.00      0.00      0.00       100
        T1486_d82ceb9939d3d920ee550187ad8235c8       0.99      1.00      1.00       100
        T1490_2d53d6fabd39bf9c70b0dfcdfbbc926d       0.00      0.00      0.00       100
        T1490_8467c994685ccf178db166964bd80fab       0.11      0.14      0.12       100
        T1490_9e5e4c0655fd1b5be88bd40b8251175f       0.00      0.00      0.00       100
        T1490_c156ac5c9fa67080365268d95f29053d       0.01      0.19      0.02       100
        T1490_c8f329d2847ede593b6cb4a1ec6120fb       1.00      1.00      1.00       100
        T1490_e90756bb6dcd21462dc4cc452661df91       0.00      0.00      0.00       100
    T1491_47d08617-5ce1-424a-8cc5-c9c978ce6bf9       1.00      1.00      1.00       100
    T1491_68235976-2404-42a8-9105-68230cfef562       1.00      1.00      1.00       100
    T1496_46da2385-cf37-49cb-ba4b-a739c7a19de4       1.00      1.00      1.00       100
T1497.001_1258b063-27d6-489b-a677-4807faacf868       0.00      0.00      0.00       100
T1497.001_5dc841fd-28ad-40e2-b10e-fb007fe09e81       0.00      0.00      0.00       100
T1497.001_7a6ba833-de40-466a-8969-5c37b13603e0       0.00      0.00      0.00       100
    T1499_2fe2d5e6-7b06-4fc0-bf71-6966a1226731       0.00      0.00      0.00       100
T1518.001_2dece965-37a0-4f70-a391-0f30e3331aba       0.00      0.00      0.00       100
    T1518.001_33a24ff44719e6ac0614b58f8c9a7c72       0.13      0.04      0.06       100
    T1518.001_b8453a5fe06b24aea12b27592d5c3d3a       0.00      0.00      0.00       100
        T1518_8ddfaf982ab359cda13626b870ccb339       1.00      1.00      1.00       100
    T1518_c9be8043-a445-4cbf-b77b-ed7bb007fc7c       1.00      1.00      1.00       100
        T1531_aa6b15485a5f50ced34d87fda177b758       0.00      0.00      0.00       100
        T1531_b25ae80dad74142fafb510e9c1949ace       0.09      0.07      0.08       100
    T1546.013_f9a968af61d36983448c74cca5464e17       1.00      1.00      1.00       100
    T1547.001_0dbdf1a2a87e718a6ac8a8e3415a7fac       1.00      1.00      1.00       100
    T1547.001_163b023f43aba758d36f524d146cb8ea       1.00      1.00      1.00       100
    T1547.001_1f15ab22c39a9b6bb2bb0d77276dfcb3       1.00      1.00      1.00       100
    T1547.001_4b71ebb2f6f6a01235ba240fa40ce978       1.00      1.00      1.00       100
    T1547.001_777043894e42d2aae3881e63f6c76d33       1.00      1.00      1.00       100
    T1547.001_d3ef4145e4144fd694514b1c5cc17350       1.00      1.00      1.00       100
    T1547.004_0856714c9810ac55b53e9964d02958a0       1.00      1.00      1.00       100
    T1547.004_aa147165f6c116cb0b0f944abe1db8ce       1.00      1.00      1.00       100
    T1547.009_501af516bd8b24fee0c7c650ae5cc861       1.00      1.00      1.00       100
    T1547.009_b6e5c895c6709fe289352ee23f062229       1.00      1.00      1.00       100
    T1547.010_4593d72a5145e3f494421ac772d37464       1.00      1.00      1.00       100
        T1547_fe9eeee9a7b339089e5fa634b08522c1       1.00      1.00      1.00       100
T1548.002_665432a4-42e7-4ee1-af19-a9a8c9455d0c       1.00      1.00      1.00       100
    T1552.002_3e5b04b8ee0a1a4950da8f35d95e65fc       0.00      0.00      0.00       100
        T1560_a1ee301b0508747b468d578a14e5c1a5       1.00      1.00      1.00       100
    T1562.001_43e3334362b140924f001b256b229ee5       1.00      1.00      1.00       100
    T1562.002_6a8d25d65a7d481dc479f89c62af1e6a       1.00      1.00      1.00       100
    T1562.002_94f51bf01a7036fe02d07b4c18967669       0.00      0.00      0.00       100
    T1562.004_280003641a5cddf916c4f2bf605a71d3       0.00      0.00      0.00       100
    T1562.004_41627f71f968225b9f162cb76d16bd9d       1.00      1.00      1.00       100
    T1562.004_5b93df032e230056c21a3e57334f77d1       0.00      0.00      0.00       100
    T1562.004_8d0a4585e7c4646185a912b14cd9cb46       0.00      0.00      0.00       100
    T1562.004_8fe59e288f10a486dc8b44bc872019ff       1.00      1.00      1.00       100
    T1564.001_66a5fd5f244819181f074dd082a28905       0.50      1.00      0.67       100
    T1564.001_dce51e632abdfe5392c7c1f942ac9273       0.00      0.00      0.00       100
    T1564.003_9a2edad4053a2b59fb9167a9bc29e7dc       0.97      1.00      0.99       100
    T1564.004_28862487a99f5f89bc0d68c87396c7e9       1.00      1.00      1.00       100
    T1564.004_76b6066fe170d38215251102e42be973       1.00      1.00      1.00       100
        T1564_dedfa0a54c9c13ce5714a0dc2e1f5d1a       0.00      0.00      0.00       100
    T1566.001_1afaec09315ab71fdfb167175e8a019a       1.00      1.00      1.00       100
    T1574.001_63bbedafba2f541552ac3579e9e3737b       1.00      1.00      1.00       100
    T1574.011_72249c1e9ffe7d8f30243d838e0791ca       1.00      1.00      1.00       100
                                        benign       1.00      0.99      0.99       100

                                      accuracy                           0.61     16600
                                     macro avg       0.60      0.61      0.60     16600
                                  weighted avg       0.60      0.61      0.60     16600

