09/18/2023, 19:12:53# labels of 5000: tensor([ 94,  77,  81,  86, 161,  61,  45,  21,   7,  27,  60,  37,  74,  46,
        145,  33], device='cuda:1') torch.Size([16])
09/18/2023, 19:12:53# predicted of 5000: tensor([ 94,  77, 109,  86, 161,  61,  39, 166,   7,  79,  49,  37,  33,  46,
        145,  49], device='cuda:1') torch.Size([16])
09/18/2023, 19:14:43# total batches: 8300
09/18/2023, 19:14:43# Epoch 0 | Train Loss: 2.7436 | Train Accuracy: 0.4170
09/18/2023, 19:14:43# labels of Validation: tensor([  9,  52,  85,  34, 143,  54,  26,  18,  83, 155,  54,   3,  38,  97,
         15,  56], device='cuda:1') torch.Size([16])
09/18/2023, 19:14:43# predicted of Validation: tensor([ 87, 115,  85,  87, 104,  58,  26, 144, 157, 155, 104,   3, 144,   1,
         15,  56], device='cuda:1') torch.Size([16])
09/18/2023, 19:14:43# labels of 0: tensor([  9,  52,  85,  34, 143,  54,  26,  18,  83, 155,  54,   3,  38,  97,
         15,  56], device='cuda:1') torch.Size([16])
09/18/2023, 19:14:43# predicted of 0: tensor([ 87, 115,  85,  87, 104,  58,  26, 144, 157, 155, 104,   3, 144,   1,
         15,  56], device='cuda:1') torch.Size([16])
09/18/2023, 19:15:11# labels of Validation: tensor([ 78,  44, 106,  24,  49,  41,  84, 106,  33,  98,  78, 164,  86,  18,
          5,  25], device='cuda:1') torch.Size([16])
09/18/2023, 19:15:11# predicted of Validation: tensor([ 78, 144, 106, 139, 144,  41,  84, 106, 111,  98,  67, 144,  86,  87,
          5,  25], device='cuda:1') torch.Size([16])
09/18/2023, 19:15:12# Validation Loss: 1.7983 | Validation Accuracy: 0.5777

09/18/2023, 19:15:12# Find a better model!!
09/18/2023, 19:18:00# labels of 5000: tensor([ 48, 111, 153, 123,  68, 111, 104,   8,  18, 149,  23,  57,  71,  89,
          1,  42], device='cuda:1') torch.Size([16])
09/18/2023, 19:18:00# predicted of 5000: tensor([ 49, 100, 153, 123,  88,  49,  87, 103,  87, 149,  23,  58,  71,  89,
         31,  47], device='cuda:1') torch.Size([16])
09/18/2023, 19:19:52# total batches: 8300
09/18/2023, 19:19:52# Epoch 1 | Train Loss: 1.6764 | Train Accuracy: 0.5933
09/18/2023, 19:19:52# labels of Validation: tensor([ 94,  75,   8, 128,  18, 127, 157,  46,   5, 104, 129, 165,  41,  89,
         81,  88], device='cuda:1') torch.Size([16])
09/18/2023, 19:19:52# predicted of Validation: tensor([ 94, 144, 103, 128, 158, 127, 158,  46,   5,  38, 129, 165,  41,  89,
         58, 114], device='cuda:1') torch.Size([16])
09/18/2023, 19:19:52# labels of 0: tensor([ 94,  75,   8, 128,  18, 127, 157,  46,   5, 104, 129, 165,  41,  89,
         81,  88], device='cuda:1') torch.Size([16])
09/18/2023, 19:19:52# predicted of 0: tensor([ 94, 144, 103, 128, 158, 127, 158,  46,   5,  38, 129, 165,  41,  89,
         58, 114], device='cuda:1') torch.Size([16])
09/18/2023, 19:20:21# labels of Validation: tensor([122,  98, 160,  78,  69, 143, 113, 100, 111, 161, 150, 144,  52,  61,
          9,  15], device='cuda:1') torch.Size([16])
09/18/2023, 19:20:21# predicted of Validation: tensor([122,  98, 160,  67,  69, 158, 103, 100, 144, 161,  38,  76,  52,  61,
        158,  15], device='cuda:1') torch.Size([16])
09/18/2023, 19:20:22# Validation Loss: 1.6081 | Validation Accuracy: 0.5992

09/18/2023, 19:20:22# Find a better model!!
09/18/2023, 19:23:13# labels of 5000: tensor([120, 159,  97, 107, 145, 125,  27,   8,  86, 152,  44,  45,  85, 111,
         93,  91], device='cuda:1') torch.Size([16])
09/18/2023, 19:23:13# predicted of 5000: tensor([120, 159, 104, 107, 145, 144,  27,  64,  86,  75,  75,  45,  85, 144,
          8,  91], device='cuda:1') torch.Size([16])
09/18/2023, 19:25:08# total batches: 8300
09/18/2023, 19:25:08# Epoch 2 | Train Loss: 1.5736 | Train Accuracy: 0.6025
09/18/2023, 19:25:08# labels of Validation: tensor([ 33, 150,  68,  96, 155,  52,  71,  77,   9, 160, 129, 128, 109, 114,
        111,  47], device='cuda:1') torch.Size([16])
09/18/2023, 19:25:08# predicted of Validation: tensor([ 38,  42, 103,  96, 155,  52,  71,  77,   9, 160, 129, 128,   9, 103,
        116, 116], device='cuda:1') torch.Size([16])
09/18/2023, 19:25:08# labels of 0: tensor([ 33, 150,  68,  96, 155,  52,  71,  77,   9, 160, 129, 128, 109, 114,
        111,  47], device='cuda:1') torch.Size([16])
09/18/2023, 19:25:08# predicted of 0: tensor([ 38,  42, 103,  96, 155,  52,  71,  77,   9, 160, 129, 128,   9, 103,
        116, 116], device='cuda:1') torch.Size([16])
09/18/2023, 19:25:39# labels of Validation: tensor([ 29,  21,  36, 135,  24, 147,  11,  69, 124,  72, 159, 110,  27, 133,
        162,  58], device='cuda:1') torch.Size([16])
09/18/2023, 19:25:39# predicted of Validation: tensor([ 29,  21,  38, 135, 112, 147, 143,  69, 143,  72, 159, 103,  27, 133,
         46,  58], device='cuda:1') torch.Size([16])
09/18/2023, 19:25:41# Validation Loss: 1.5590 | Validation Accuracy: 0.6045

09/18/2023, 19:25:41# Find a better model!!
09/18/2023, 19:28:33# labels of 5000: tensor([ 86, 150, 117, 141,   9,  19,  20,  32,  50,  68,  73, 164,  36, 100,
          1, 129], device='cuda:1') torch.Size([16])
09/18/2023, 19:28:33# predicted of 5000: tensor([ 86,  92, 117, 141, 116,  19,  20,  32,  50, 103,  73, 111, 104, 100,
         36, 129], device='cuda:1') torch.Size([16])
09/18/2023, 19:30:28# total batches: 8300
09/18/2023, 19:30:28# Epoch 3 | Train Loss: 1.5378 | Train Accuracy: 0.6068
09/18/2023, 19:30:28# labels of Validation: tensor([151,  28, 151, 166, 157,  26,  73,  45, 162, 156,  50,  93,  88, 160,
        125, 153], device='cuda:1') torch.Size([16])
09/18/2023, 19:30:28# predicted of Validation: tensor([119,  28,  34, 166,  34,  26,  73,  45,  34, 156,  50, 110, 110, 160,
        129, 153], device='cuda:1') torch.Size([16])
09/18/2023, 19:30:28# labels of 0: tensor([151,  28, 151, 166, 157,  26,  73,  45, 162, 156,  50,  93,  88, 160,
        125, 153], device='cuda:1') torch.Size([16])
09/18/2023, 19:30:28# predicted of 0: tensor([119,  28,  34, 166,  34,  26,  73,  45,  34, 156,  50, 110, 110, 160,
        129, 153], device='cuda:1') torch.Size([16])
09/18/2023, 19:30:56# labels of Validation: tensor([ 56,  47,  17,   6, 113,   1,   6,  96, 106,  43,  29, 160, 103,  37,
        148, 148], device='cuda:1') torch.Size([16])
09/18/2023, 19:30:56# predicted of Validation: tensor([ 56, 143,  17,   6, 110,  34,   6,  96, 106,  43,  29, 160, 110,  37,
        148, 148], device='cuda:1') torch.Size([16])
09/18/2023, 19:30:57# Validation Loss: 1.5395 | Validation Accuracy: 0.6059

09/18/2023, 19:30:57# Find a better model!!
09/18/2023, 19:33:54# labels of 5000: tensor([ 87, 106,  88,  27,   3, 137,  12,  12,  54,  41, 102,  78, 115,  16,
          7, 102], device='cuda:1') torch.Size([16])
09/18/2023, 19:33:54# predicted of 5000: tensor([  1, 106,   8,  27,   3, 137, 157,   1, 157,  41, 102,  78, 115,  16,
          7, 102], device='cuda:1') torch.Size([16])
09/18/2023, 19:35:50# total batches: 8300
09/18/2023, 19:35:50# Epoch 4 | Train Loss: 1.5185 | Train Accuracy: 0.6095
09/18/2023, 19:35:51# labels of Validation: tensor([ 62,  66, 118, 145, 122,  89,  76, 109,  51, 103, 151, 117,  64, 100,
        159, 108], device='cuda:1') torch.Size([16])
09/18/2023, 19:35:51# predicted of Validation: tensor([ 62,  66, 118, 145, 122,  89, 157, 157,  51, 110,  54, 117,  88, 100,
        159, 131], device='cuda:1') torch.Size([16])
09/18/2023, 19:35:51# labels of 0: tensor([ 62,  66, 118, 145, 122,  89,  76, 109,  51, 103, 151, 117,  64, 100,
        159, 108], device='cuda:1') torch.Size([16])
09/18/2023, 19:35:51# predicted of 0: tensor([ 62,  66, 118, 145, 122,  89, 157, 157,  51, 110,  54, 117,  88, 100,
        159, 131], device='cuda:1') torch.Size([16])
09/18/2023, 19:36:19# labels of Validation: tensor([165,  72,  52,  99,  52,  13,  60, 159, 153,  17,  10, 158, 156,  66,
         81,  14], device='cuda:1') torch.Size([16])
09/18/2023, 19:36:19# predicted of Validation: tensor([165,  72,  52,  99,  52,  13, 157, 159, 153,  17,  10, 157, 156,  66,
        150, 150], device='cuda:1') torch.Size([16])
09/18/2023, 19:36:20# Validation Loss: 1.5265 | Validation Accuracy: 0.6076

09/18/2023, 19:36:20# Find a better model!!
09/18/2023, 19:39:13# labels of 5000: tensor([153, 109,  69, 157,  52,  23, 139,  20,  43, 108,  57,  46, 152, 150,
        122,  74], device='cuda:1') torch.Size([16])
09/18/2023, 19:39:13# predicted of 5000: tensor([153,  31,  69,  71,  52,  23, 139,  20,  43, 108, 121,  46, 111,  33,
        122, 121], device='cuda:1') torch.Size([16])
09/18/2023, 19:41:10# total batches: 8300
09/18/2023, 19:41:10# Epoch 5 | Train Loss: 1.5064 | Train Accuracy: 0.6111
09/18/2023, 19:41:10# labels of Validation: tensor([ 50,  57,  32,  37, 162,  82,  58,  33, 151,  55,   3, 126,  54, 128,
        131,  25], device='cuda:1') torch.Size([16])
09/18/2023, 19:41:10# predicted of Validation: tensor([ 50,   2,  32,  37, 104,  82,  58,   2,  81,   2,   3, 126,   2, 128,
        131,  25], device='cuda:1') torch.Size([16])
09/18/2023, 19:41:10# labels of 0: tensor([ 50,  57,  32,  37, 162,  82,  58,  33, 151,  55,   3, 126,  54, 128,
        131,  25], device='cuda:1') torch.Size([16])
09/18/2023, 19:41:10# predicted of 0: tensor([ 50,   2,  32,  37, 104,  82,  58,   2,  81,   2,   3, 126,   2, 128,
        131,  25], device='cuda:1') torch.Size([16])
09/18/2023, 19:41:41# labels of Validation: tensor([129, 147,  26, 138, 159,  56,  32,  19,  51, 139,  38, 164,  86,   7,
         32,  83], device='cuda:1') torch.Size([16])
09/18/2023, 19:41:41# predicted of Validation: tensor([129, 147,  26, 138, 159,  56,  32,  19,  51, 139,  74, 104,  86,   7,
         32,  24], device='cuda:1') torch.Size([16])
09/18/2023, 19:41:42# Validation Loss: 1.5192 | Validation Accuracy: 0.6084

09/18/2023, 19:41:42# Find a better model!!
09/18/2023, 19:44:36# labels of 5000: tensor([ 65,  10, 133, 153,  52, 134,  19,  18,  97,  25,  53,  46, 145,  87,
        161,  36], device='cuda:1') torch.Size([16])
09/18/2023, 19:44:36# predicted of 5000: tensor([ 65,  10, 133, 153,  52, 134,  19, 100,   9,  25, 121,  46, 145,   4,
        161, 104], device='cuda:1') torch.Size([16])
09/18/2023, 19:46:31# total batches: 8300
09/18/2023, 19:46:31# Epoch 6 | Train Loss: 1.4977 | Train Accuracy: 0.6124
09/18/2023, 19:46:31# labels of Validation: tensor([132, 163,  72, 106, 146, 112,  26,  23,  16,  51,  83,  15, 143, 151,
         83, 114], device='cuda:1') torch.Size([16])
09/18/2023, 19:46:31# predicted of Validation: tensor([132,  55,  79, 106, 146, 143,  26,  23,  16,  51, 158,  15,  55,  55,
        158, 103], device='cuda:1') torch.Size([16])
09/18/2023, 19:46:31# labels of 0: tensor([132, 163,  72, 106, 146, 112,  26,  23,  16,  51,  83,  15, 143, 151,
         83, 114], device='cuda:1') torch.Size([16])
09/18/2023, 19:46:31# predicted of 0: tensor([132,  55,  79, 106, 146, 143,  26,  23,  16,  51, 158,  15,  55,  55,
        158, 103], device='cuda:1') torch.Size([16])
09/18/2023, 19:47:02# labels of Validation: tensor([123,  15,  90,  42,  90,   7, 153,   5,   2, 107, 104,  66,  23, 137,
        153,  85], device='cuda:1') torch.Size([16])
09/18/2023, 19:47:02# predicted of Validation: tensor([123,  15,  21, 150, 103,   7, 153,   5,  55, 107, 150,  66,  23, 137,
        153,  85], device='cuda:1') torch.Size([16])
09/18/2023, 19:47:03# Validation Loss: 1.5074 | Validation Accuracy: 0.6072

09/18/2023, 19:47:03# Find a better model!!
09/18/2023, 19:49:51# labels of 5000: tensor([ 86,  33,  58,  58, 138,  41, 153, 105,  37,  35, 160, 141,   9, 143,
         54,  54], device='cuda:1') torch.Size([16])
09/18/2023, 19:49:51# predicted of 5000: tensor([ 86, 151,  58,  58, 138,  41, 153, 105,  37,  35, 160, 141,  31,  31,
          4, 164], device='cuda:1') torch.Size([16])
09/18/2023, 19:51:48# total batches: 8300
09/18/2023, 19:51:48# Epoch 7 | Train Loss: 1.4918 | Train Accuracy: 0.6130
09/18/2023, 19:51:48# labels of Validation: tensor([ 41,  13,  60,  64, 146,  40,  19, 160, 144,  70, 140, 150,  87, 103,
          3,  83], device='cuda:1') torch.Size([16])
09/18/2023, 19:51:48# predicted of Validation: tensor([ 41,  13,  30,  88, 146,  40,  19, 160,  54,  70, 140,  24,  49,  24,
          3, 139], device='cuda:1') torch.Size([16])
09/18/2023, 19:51:48# labels of 0: tensor([ 41,  13,  60,  64, 146,  40,  19, 160, 144,  70, 140, 150,  87, 103,
          3,  83], device='cuda:1') torch.Size([16])
09/18/2023, 19:51:48# predicted of 0: tensor([ 41,  13,  30,  88, 146,  40,  19, 160,  54,  70, 140,  24,  49,  24,
          3, 139], device='cuda:1') torch.Size([16])
09/18/2023, 19:52:17# labels of Validation: tensor([ 23,   3, 132, 119,   3, 109, 101, 113,  95,  38, 105,  43, 159, 113,
         41,   2], device='cuda:1') torch.Size([16])
09/18/2023, 19:52:17# predicted of Validation: tensor([ 23,   3, 132,  54,   3,  30, 101, 113,  95,  54, 105,  43, 159,  88,
         41, 119], device='cuda:1') torch.Size([16])
09/18/2023, 19:52:18# Validation Loss: 1.5014 | Validation Accuracy: 0.6122

09/18/2023, 19:52:18# Find a better model!!
09/18/2023, 19:55:09# labels of 5000: tensor([ 20,  28, 165, 125,  33, 106,  81,  31, 142, 111,  17,  39, 165, 115,
         36,  58], device='cuda:1') torch.Size([16])
09/18/2023, 19:55:09# predicted of 5000: tensor([ 20,  28, 165, 163, 164, 106, 163,  92,  48, 163,  17,  39, 165, 115,
        163,  58], device='cuda:1') torch.Size([16])
09/18/2023, 19:56:56# total batches: 8300
09/18/2023, 19:56:56# Epoch 8 | Train Loss: 1.4870 | Train Accuracy: 0.6139
09/18/2023, 19:56:56# labels of Validation: tensor([141,  77, 100,  63,  60,  56,  87, 123, 118,  29, 104,  15, 156,  68,
         76, 117], device='cuda:1') torch.Size([16])
09/18/2023, 19:56:56# predicted of Validation: tensor([141,  77, 100,  63,  24,  56,  24, 123, 118,  29,   1,  15, 156,  90,
         24, 117], device='cuda:1') torch.Size([16])
09/18/2023, 19:56:56# labels of 0: tensor([141,  77, 100,  63,  60,  56,  87, 123, 118,  29, 104,  15, 156,  68,
         76, 117], device='cuda:1') torch.Size([16])
09/18/2023, 19:56:56# predicted of 0: tensor([141,  77, 100,  63,  24,  56,  24, 123, 118,  29,   1,  15, 156,  90,
         24, 117], device='cuda:1') torch.Size([16])
09/18/2023, 19:57:16# labels of Validation: tensor([ 51, 120,  13, 150,  33,  78,  17,  46,  74, 153,  26, 110,   7, 163,
         53,  24], device='cuda:1') torch.Size([16])
09/18/2023, 19:57:16# predicted of Validation: tensor([ 51, 120,  13,  24,  24,  78,  17,  46,  24, 153,  26,  64,   7,  24,
         24,  55], device='cuda:1') torch.Size([16])
09/18/2023, 19:57:17# Validation Loss: 1.4997 | Validation Accuracy: 0.6135

09/18/2023, 19:57:17# Find a better model!!
09/18/2023, 19:59:18# labels of 5000: tensor([ 19, 135, 146,  25, 154,  96, 114, 101,  13,  43, 126,  80,  39,  75,
        105,   9], device='cuda:1') torch.Size([16])
09/18/2023, 19:59:18# predicted of 5000: tensor([ 19, 135, 146,  25, 154,  96,  68, 101,  13,  43, 126,  80,  39,  49,
        105,  49], device='cuda:1') torch.Size([16])
09/18/2023, 20:00:39# total batches: 8300
09/18/2023, 20:00:39# Epoch 9 | Train Loss: 1.4823 | Train Accuracy: 0.6148
09/18/2023, 20:00:39# labels of Validation: tensor([  9,  23,  86, 145,   1, 101,  80,  82,  45, 161,  51,  27, 104,  32,
        140,  60], device='cuda:1') torch.Size([16])
09/18/2023, 20:00:39# predicted of Validation: tensor([ 55,  23,  86, 145,   2, 101,  80,  82,  45, 161,  51,  27,  24,  32,
        140,   2], device='cuda:1') torch.Size([16])
09/18/2023, 20:00:39# labels of 0: tensor([  9,  23,  86, 145,   1, 101,  80,  82,  45, 161,  51,  27, 104,  32,
        140,  60], device='cuda:1') torch.Size([16])
09/18/2023, 20:00:39# predicted of 0: tensor([ 55,  23,  86, 145,   2, 101,  80,  82,  45, 161,  51,  27,  24,  32,
        140,   2], device='cuda:1') torch.Size([16])
09/18/2023, 20:01:00# labels of Validation: tensor([ 45, 117,  45,  90, 151, 125,  27,  32,  29,  12,  54,  30, 152, 117,
         40,   0], device='cuda:1') torch.Size([16])
09/18/2023, 20:01:00# predicted of Validation: tensor([ 45, 117,  45,  93, 109,  55,  27,  32,  29,  55,  55,   2,  30, 117,
         40,   0], device='cuda:1') torch.Size([16])
09/18/2023, 20:01:00# Validation Loss: 1.5038 | Validation Accuracy: 0.6111

09/18/2023, 20:01:00# labels of Test: tensor([65, 65, 65, 65, 65, 65, 65, 65, 65, 65, 65, 65, 65, 65, 65, 65],
       device='cuda:1') torch.Size([16])
09/18/2023, 20:01:00# predicted of Test: tensor([65, 65, 65, 65, 65, 65, 65, 65, 65, 65, 65, 65, 65, 65, 65, 65],
       device='cuda:1') torch.Size([16])
09/18/2023, 20:01:00# labels of 0: tensor([65, 65, 65, 65, 65, 65, 65, 65, 65, 65, 65, 65, 65, 65, 65, 65],
       device='cuda:1') torch.Size([16])
09/18/2023, 20:01:00# predicted of 0: tensor([65, 65, 65, 65, 65, 65, 65, 65, 65, 65, 65, 65, 65, 65, 65, 65],
       device='cuda:1') torch.Size([16])
09/18/2023, 20:01:00# labels: tensor([65, 65, 65, 65, 65, 65, 65, 65, 65, 65, 65, 65, 65, 65, 65, 65],
       device='cuda:1') torch.Size([16])
09/18/2023, 20:01:00# predicted: tensor([65, 65, 65, 65, 65, 65, 65, 65, 65, 65, 65, 65, 65, 65, 65, 65],
       device='cuda:1') torch.Size([16])
09/18/2023, 20:01:20# labels of Test: tensor([162, 162, 162, 162, 162, 162, 162, 162, 162, 162, 162, 162, 162, 162,
        162, 162], device='cuda:1') torch.Size([16])
09/18/2023, 20:01:20# predicted of Test: tensor([ 24,  24,  24,  24,  58,  24, 109,  24,  24,  24, 109,  47, 104,  47,
         24,  24], device='cuda:1') torch.Size([16])
09/18/2023, 20:01:21# Test Accuracy: 61.39156626506024 %



09/18/2023, 20:01:23# report path: classification_report/classification_report-secureBERT_100-graphSAGE-0.xlsx
09/18/2023, 20:01:23# label path: classification_report/mapped_true_predicted_labels-secureBERT_100-graphSAGE-0.xlsx
09/18/2023, 20:01:23# mapped_report:
                                                precision    recall  f1-score   support

T1003.001_0ef4cc7b-611c-4237-b20b-db36b6906554       1.00      1.00      1.00       100
    T1003.001_35d92515122effdd73801c6ac3021da7       1.00      1.00      1.00       100
    T1003.002_5a484b65c247675e3b7ada4ba648d376       1.00      1.00      1.00       100
    T1003.002_7fa4ea18694f2552547b65e23952cabb       1.00      1.00      1.00       100
    T1003.003_9f73269695e54311dd61dc68940fb3e1       0.00      0.00      0.00       100
    T1003.003_f049b89533298c2d6cd37a940248b219       0.00      0.00      0.00       100
        T1003_18f31c311ac208802e88ab8d5af8603e       1.00      1.00      1.00       100
        T1007_9d03c91bdae5a80f17f89c987942b5a8       1.00      1.00      1.00       100
    T1007_c6607391-d02c-44b5-9b13-d3492ca58599       0.00      0.00      0.00       100
        T1007_d6bb2a19da7246731ed9c44831b135f8       0.62      0.05      0.09       100
    T1016_14a21534-350f-4d83-9dd7-3c56b93a0c17       0.00      0.00      0.00       100
        T1016_71b3d2945679566b9d94d8cb11df4b70       0.14      0.01      0.02       100
        T1016_7d8ee68f0e9731db82964f558f614608       0.96      0.99      0.98       100
    T1016_921055f4-5970-4707-909e-62f594234d91       0.00      0.00      0.00       100
    T1016_a0676fe1-cd52-482e-8dde-349b73f9aa69       0.00      0.00      0.00       100
    T1016_e8017c46-acb8-400c-a4b5-b3362b5b5baa       0.00      0.00      0.00       100
    T1018_26c8b8b5-7b5b-4de1-a128-7d37fb14f517       0.00      0.00      0.00       100
        T1018_a44bb43474728496276d5d73aa14588f       0.00      0.00      0.00       100
        T1018_ac20e592bc912bddff4d6b88289095f0       0.10      0.01      0.02       100
    T1021.001_dd67068b052fa553ad4a0ac7d6a5ea89       1.00      1.00      1.00       100
    T1033_bd527b63-9f9e-46e0-9816-b8434d2b8989       0.00      0.00      0.00       100
    T1033_c0da588f-79f0-4263-8998-7496b1a40596       0.00      0.00      0.00       100
    T1036.003_04e8d83e7badf098d50800d6aa1dd487       1.00      1.00      1.00       100
    T1036.003_f5ef8466e5ebcd2ae03f338d9416069c       1.00      1.00      1.00       100
    T1036.004_1f0614ea5c4af6faf1b44570f5f22f8a       0.07      0.01      0.02       100
    T1036.004_7de3d7b4922a7b996d8df36fb22bb118       0.04      0.02      0.03       100
    T1037.001_62cfa90fb03a6bc1a6ebcce8a3ea81b7       1.00      1.00      1.00       100
        T1040_6881a4589710d53f0c146e91db513f01       1.00      1.00      1.00       100
        T1047_09e0f9cf2eb803a1c35deeecf3665fad       0.00      0.00      0.00       100
        T1047_6935e41353aa781bb723462d26114c44       0.00      0.00      0.00       100
        T1047_ac122553ab4426ea3362bb4a97d31bfd       0.00      0.00      0.00       100
        T1047_ac2764f7a67a9ce92b54e8e59b361838       0.00      0.00      0.00       100
        T1047_b0255b5120cbabc062d8d4510a142c3b       0.12      0.01      0.02       100
        T1047_ed736a123da6fb2aab22cfd4f437e8b5       0.00      0.00      0.00       100
        T1047_f4b0b4129560ea66f9751275e82f6bab       0.00      0.00      0.00       100
    T1049_638fb6bb-ba39-4285-93d1-7e4775b033a8       0.01      0.01      0.01       100
        T1049_a14392d713dffba6a397682ff83259a0       0.51      0.91      0.65       100
    T1053.005_5db2884b6ca3ab932848f295a3896dc0       0.00      0.00      0.00       100
    T1053.005_ee454be9197890de62705ce6255933fd       0.00      0.00      0.00       100
T1055.001_a74bc239-a196-4f7e-8d5c-fe8c0266071c       0.00      0.00      0.00       100
T1055.002_e5bcefee-262d-4568-a261-e8a20855ec81       0.02      0.11      0.04       100
    T1057_5a39d7ed-45c9-4a79-b581-e5fb99e24f65       0.00      0.00      0.00       100
    T1057_8adf02e8-6e71-4244-886c-98c402857404       0.99      1.00      1.00       100
        T1057_b2a1e430ca6d36eb5af2fe666e769847       0.00      0.00      0.00       100
        T1057_f8de05d1741dcc468f772ab0ff4dac72       0.00      0.00      0.00       100
T1059.001_55678719-e76e-4df9-92aa-10655bbd1cf4       1.00      1.00      1.00       100
    T1059.001_6efbccc1869e8cd618c0d3ecda407d5f       1.00      1.00      1.00       100
T1059.001_702bfdd2-9947-4eda-b551-c3a1ea9a59a2       1.00      1.00      1.00       100
T1059.001_bfff9006-d1fb-46ce-b173-92cb04e9a031       1.00      1.00      1.00       100
T1059.001_ccdb8caf-c69e-424b-b930-551969450c57       0.95      1.00      0.98       100
T1059.001_e5f9de8f-3df1-4e78-ad92-a784e3f6770d       0.99      1.00      1.00       100
    T1059.003_6c318ef0339d74d909ad556681b6493e       0.67      1.00      0.80       100
    T1059.003_f38e58deb7ad20b5538ca40db7b7b4f8       0.90      1.00      0.95       100
T1069.001_5c4dd985-89e3-4590-9b57-71fed66ff4e2       1.00      1.00      1.00       100
    T1069.001_a1f48fa3ddee658b29b414523c9a295b       0.20      0.01      0.02       100
    T1069.002_6103e503cb444bc7b4187704f2035708       0.88      0.94      0.91       100
    T1070.005_1f91076e2be2014cc7b4f1296de02fd6       1.00      1.00      1.00       100
    T1071.001_24c3b7b004401d839a5c337201da3484       0.99      1.00      1.00       100
T1074.001_4e97e699-93d7-4040-b5a3-2e906a58199e       0.99      1.00      1.00       100
T1074.001_6469befa-748a-4b9c-a96d-f191fde47d89       0.95      1.00      0.98       100
    T1074.001_e6dfc7e89359ac6fa6de84b0e1d5762e       1.00      1.00      1.00       100
    T1078.001_d0ca00832890baa1d42322cf70fcab1a       0.00      0.00      0.00       100
    T1082_29451844-9b76-4e16-a9ee-d6feab4b24db       0.00      0.00      0.00       100
    T1083_52177cc1-b9ab-4411-ac21-2eadc4b5d3b8       1.00      1.00      1.00       100
    T1083_6e1a53c0-7352-4899-be35-fa7f364d5722       0.00      0.00      0.00       100
    T1087.001_6334877e8e3ba48f7835d4856d90a282       0.97      1.00      0.99       100
T1087.001_feaced8f-f43f-452a-9500-a5219488abb8       0.00      0.00      0.00       100
    T1090.001_ba343199a4f15ed6b57eb52412f62e4e       0.60      0.64      0.62       100
        T1105_0856c235a1d26113d4f2d92e39c9a9f8       1.00      1.00      1.00       100
        T1105_1095434782a00c8a4772a11e625bcf5d       0.98      1.00      0.99       100
        T1105_4f683658f161ccdc51337c470d32bab9       1.00      1.00      1.00       100
    T1105_60f63260-39bb-4136-87a0-b6c2dca799fc       1.00      1.00      1.00       100
        T1105_c521e0a70b243a0cf9217907ca3c6d27       1.00      1.00      1.00       100
        T1105_c76968acda4aa1673dadcd67f3ab7664       1.00      1.00      1.00       100
        T1105_e6715e61f5df646692c624b3499384c4       1.00      1.00      1.00       100
    T1105_eb814e03-811a-467a-bc6d-dcd453750fa2       1.00      1.00      1.00       100
        T1112_257313a3c93e3bb7dfb60d6753b09e34       1.00      1.00      1.00       100
        T1112_34041639e6e501856ecaf5969ee29c76       0.96      1.00      0.98       100
        T1112_35c0360d226cf38104f300d9d57ce60e       0.99      1.00      1.00       100
        T1112_4bfb5f265a5ce07af6bf10da113af7db       0.98      1.00      0.99       100
        T1112_7fe6a66d03f4dbfc022609ba311c2b11       0.95      0.99      0.97       100
        T1112_ba6f6214dbd17c54001e0a163b60f151       0.99      1.00      1.00       100
        T1112_cab7b85611a290c0769546bfa9d6f962       0.99      1.00      1.00       100
        T1112_cd8be0e6b873919da25530a2c7ea6750       0.97      1.00      0.99       100
        T1112_e74d2fb4ef5fa6c766a4151554033697       0.99      1.00      1.00       100
        T1112_e7a987cbef27263e666e5b096488dc55       1.00      1.00      1.00       100
        T1112_fa4ba6a06b4a5cd955ea5a60fae24281       1.00      1.00      1.00       100
        T1112_fd992e8ecfdac9b56dd6868904044827       0.99      1.00      1.00       100
    T1113_316251ed-6a28-4013-812b-ddf5b5b007f8       0.99      1.00      1.00       100
        T1115_70795de7cbb842edb029b3378c27c008       1.00      1.00      1.00       100
    T1115_b007fe0c-c6b0-4fda-915c-255bbc070de2       0.00      0.00      0.00       100
        T1119_344e7eaf650763e0d3e9f02e62c1cf4b       1.00      1.00      1.00       100
        T1119_7121cdf93b951311be9d7078c602efdc       1.00      1.00      1.00       100
        T1120_7b9c7afaefa59aab759b49af0d699ac1       0.98      1.00      0.99       100
        T1123_372e6f46fca18e4f1b43209c20ffafa2       1.00      1.00      1.00       100
    T1124_fa6e8607-e0b1-425d-8924-9b894da5a002       0.00      0.00      0.00       100
        T1125_da86001b5081fcf773d8e62f22cf2b00       1.00      1.00      1.00       100
    T1135_530e47c6-8592-42bf-91df-c59ffbd8541b       0.00      0.00      0.00       100
    T1135_deeac480-5c2a-42b5-90bb-41675ee53c7e       0.00      0.00      0.00       100
    T1137.002_e2af3c3ab1b0f659c874b8af58c49759       1.00      1.00      1.00       100
        T1137_12ad9edefc86af07700fbf49bfdac6ba       1.00      1.00      1.00       100
        T1201_38f6f0e50a6b196140ec40d3dc9cc9e6       0.00      0.00      0.00       100
        T1201_57296a2ddbeb7423c05feef2fe972111       0.00      0.00      0.00       100
    T1204.002_522f3f35cd013e63830fa555495a0081       0.99      1.00      1.00       100
        T1217_69bbe2183fa09c00ccaac62d48e214f8       1.00      1.00      1.00       100
        T1217_f7a0f7d704aa52a764d9d1bee81e65d6       0.00      0.00      0.00       100
        T1219_7dabcbecab0334b115feefab1630f84a       1.00      1.00      1.00       100
        T1219_af8cb2bf9b436aae5c106a0a9c207e14       1.00      1.00      1.00       100
        T1219_f1b3fca18d7465cd10e5a7477a3bf97d       1.00      1.00      1.00       100
    T1482_6131397e-7765-424e-a594-3d7fb2d93a6a       0.99      1.00      1.00       100
        T1482_cfb61005899996469ae3023796792ca5       0.00      0.00      0.00       100
        T1486_d82ceb9939d3d920ee550187ad8235c8       0.96      1.00      0.98       100
        T1490_2d53d6fabd39bf9c70b0dfcdfbbc926d       0.00      0.00      0.00       100
        T1490_8467c994685ccf178db166964bd80fab       0.00      0.00      0.00       100
        T1490_9e5e4c0655fd1b5be88bd40b8251175f       0.00      0.00      0.00       100
        T1490_c156ac5c9fa67080365268d95f29053d       0.01      0.03      0.02       100
        T1490_c8f329d2847ede593b6cb4a1ec6120fb       0.99      1.00      1.00       100
        T1490_e90756bb6dcd21462dc4cc452661df91       0.00      0.00      0.00       100
    T1491_47d08617-5ce1-424a-8cc5-c9c978ce6bf9       0.96      1.00      0.98       100
    T1491_68235976-2404-42a8-9105-68230cfef562       1.00      1.00      1.00       100
    T1496_46da2385-cf37-49cb-ba4b-a739c7a19de4       1.00      1.00      1.00       100
T1497.001_1258b063-27d6-489b-a677-4807faacf868       0.00      0.00      0.00       100
T1497.001_5dc841fd-28ad-40e2-b10e-fb007fe09e81       0.00      0.00      0.00       100
T1497.001_7a6ba833-de40-466a-8969-5c37b13603e0       0.02      0.81      0.04       100
    T1499_2fe2d5e6-7b06-4fc0-bf71-6966a1226731       0.00      0.00      0.00       100
T1518.001_2dece965-37a0-4f70-a391-0f30e3331aba       0.02      0.02      0.02       100
    T1518.001_33a24ff44719e6ac0614b58f8c9a7c72       0.10      0.29      0.15       100
    T1518.001_b8453a5fe06b24aea12b27592d5c3d3a       0.00      0.00      0.00       100
        T1518_8ddfaf982ab359cda13626b870ccb339       1.00      1.00      1.00       100
    T1518_c9be8043-a445-4cbf-b77b-ed7bb007fc7c       0.96      1.00      0.98       100
        T1531_aa6b15485a5f50ced34d87fda177b758       0.10      0.63      0.17       100
        T1531_b25ae80dad74142fafb510e9c1949ace       0.00      0.00      0.00       100
    T1546.013_f9a968af61d36983448c74cca5464e17       1.00      1.00      1.00       100
    T1547.001_0dbdf1a2a87e718a6ac8a8e3415a7fac       1.00      1.00      1.00       100
    T1547.001_163b023f43aba758d36f524d146cb8ea       0.99      1.00      1.00       100
    T1547.001_1f15ab22c39a9b6bb2bb0d77276dfcb3       0.99      1.00      1.00       100
    T1547.001_4b71ebb2f6f6a01235ba240fa40ce978       0.93      1.00      0.96       100
    T1547.001_777043894e42d2aae3881e63f6c76d33       0.93      1.00      0.96       100
    T1547.001_d3ef4145e4144fd694514b1c5cc17350       1.00      1.00      1.00       100
    T1547.004_0856714c9810ac55b53e9964d02958a0       0.97      1.00      0.99       100
    T1547.004_aa147165f6c116cb0b0f944abe1db8ce       0.96      1.00      0.98       100
    T1547.009_501af516bd8b24fee0c7c650ae5cc861       1.00      0.99      0.99       100
    T1547.009_b6e5c895c6709fe289352ee23f062229       0.98      1.00      0.99       100
    T1547.010_4593d72a5145e3f494421ac772d37464       1.00      1.00      1.00       100
        T1547_fe9eeee9a7b339089e5fa634b08522c1       1.00      1.00      1.00       100
T1548.002_665432a4-42e7-4ee1-af19-a9a8c9455d0c       1.00      1.00      1.00       100
    T1552.002_3e5b04b8ee0a1a4950da8f35d95e65fc       0.00      0.00      0.00       100
        T1560_a1ee301b0508747b468d578a14e5c1a5       1.00      1.00      1.00       100
    T1562.001_43e3334362b140924f001b256b229ee5       1.00      1.00      1.00       100
    T1562.002_6a8d25d65a7d481dc479f89c62af1e6a       1.00      1.00      1.00       100
    T1562.002_94f51bf01a7036fe02d07b4c18967669       0.00      0.00      0.00       100
    T1562.004_280003641a5cddf916c4f2bf605a71d3       0.00      0.00      0.00       100
    T1562.004_41627f71f968225b9f162cb76d16bd9d       0.96      1.00      0.98       100
    T1562.004_5b93df032e230056c21a3e57334f77d1       0.00      0.00      0.00       100
    T1562.004_8d0a4585e7c4646185a912b14cd9cb46       0.00      0.00      0.00       100
    T1562.004_8fe59e288f10a486dc8b44bc872019ff       0.97      0.98      0.98       100
    T1564.001_66a5fd5f244819181f074dd082a28905       0.45      0.17      0.25       100
    T1564.001_dce51e632abdfe5392c7c1f942ac9273       0.48      0.78      0.60       100
    T1564.003_9a2edad4053a2b59fb9167a9bc29e7dc       0.69      0.51      0.59       100
    T1564.004_28862487a99f5f89bc0d68c87396c7e9       0.89      1.00      0.94       100
    T1564.004_76b6066fe170d38215251102e42be973       1.00      1.00      1.00       100
        T1564_dedfa0a54c9c13ce5714a0dc2e1f5d1a       0.00      0.00      0.00       100
    T1566.001_1afaec09315ab71fdfb167175e8a019a       1.00      1.00      1.00       100
    T1574.001_63bbedafba2f541552ac3579e9e3737b       1.00      0.99      0.99       100
    T1574.011_72249c1e9ffe7d8f30243d838e0791ca       1.00      1.00      1.00       100
                                        benign       0.96      1.00      0.98       100

                                      accuracy                           0.61     16600
                                     macro avg       0.60      0.61      0.60     16600
                                  weighted avg       0.60      0.61      0.60     16600

09/18/2023, 20:01:23# labels of Test: tensor([65, 65, 65, 65, 65, 65, 65, 65, 65, 65, 65, 65, 65, 65, 65, 65],
       device='cuda:1') torch.Size([16])
09/18/2023, 20:01:23# predicted of Test: tensor([65, 65, 65, 65, 65, 65, 65, 65, 65, 65, 65, 65, 65, 65, 65, 65],
       device='cuda:1') torch.Size([16])
09/18/2023, 20:01:23# labels of 0: tensor([65, 65, 65, 65, 65, 65, 65, 65, 65, 65, 65, 65, 65, 65, 65, 65],
       device='cuda:1') torch.Size([16])
09/18/2023, 20:01:23# predicted of 0: tensor([65, 65, 65, 65, 65, 65, 65, 65, 65, 65, 65, 65, 65, 65, 65, 65],
       device='cuda:1') torch.Size([16])
09/18/2023, 20:01:23# labels: tensor([65, 65, 65, 65, 65, 65, 65, 65, 65, 65, 65, 65, 65, 65, 65, 65],
       device='cuda:1') torch.Size([16])
09/18/2023, 20:01:23# predicted: tensor([65, 65, 65, 65, 65, 65, 65, 65, 65, 65, 65, 65, 65, 65, 65, 65],
       device='cuda:1') torch.Size([16])
09/18/2023, 20:01:42# labels of Test: tensor([162, 162, 162, 162, 162, 162, 162, 162, 162, 162, 162, 162, 162, 162,
        162, 162], device='cuda:1') torch.Size([16])
09/18/2023, 20:01:42# predicted of Test: tensor([ 24,  24,  24,  24,  58,  24, 109,  24,  24,  24, 109,  47, 104,  47,
         24,  24], device='cuda:1') torch.Size([16])
09/18/2023, 20:01:43# Test Accuracy: 61.39156626506024 %



09/18/2023, 20:01:50# report path: classification_report/classification_report-secureBERT_100-graphSAGE-1.xlsx
09/18/2023, 20:01:50# label path: classification_report/mapped_true_predicted_labels-secureBERT_100-graphSAGE-1.xlsx
09/18/2023, 20:01:50# mapped_report:
                                                precision    recall  f1-score   support

T1003.001_0ef4cc7b-611c-4237-b20b-db36b6906554       1.00      1.00      1.00       100
    T1003.001_35d92515122effdd73801c6ac3021da7       1.00      1.00      1.00       100
    T1003.002_5a484b65c247675e3b7ada4ba648d376       1.00      1.00      1.00       100
    T1003.002_7fa4ea18694f2552547b65e23952cabb       1.00      1.00      1.00       100
    T1003.003_9f73269695e54311dd61dc68940fb3e1       0.00      0.00      0.00       100
    T1003.003_f049b89533298c2d6cd37a940248b219       0.00      0.00      0.00       100
        T1003_18f31c311ac208802e88ab8d5af8603e       1.00      1.00      1.00       100
        T1007_9d03c91bdae5a80f17f89c987942b5a8       1.00      1.00      1.00       100
    T1007_c6607391-d02c-44b5-9b13-d3492ca58599       0.00      0.00      0.00       100
        T1007_d6bb2a19da7246731ed9c44831b135f8       0.62      0.05      0.09       100
    T1016_14a21534-350f-4d83-9dd7-3c56b93a0c17       0.00      0.00      0.00       100
        T1016_71b3d2945679566b9d94d8cb11df4b70       0.14      0.01      0.02       100
        T1016_7d8ee68f0e9731db82964f558f614608       0.96      0.99      0.98       100
    T1016_921055f4-5970-4707-909e-62f594234d91       0.00      0.00      0.00       100
    T1016_a0676fe1-cd52-482e-8dde-349b73f9aa69       0.00      0.00      0.00       100
    T1016_e8017c46-acb8-400c-a4b5-b3362b5b5baa       0.00      0.00      0.00       100
    T1018_26c8b8b5-7b5b-4de1-a128-7d37fb14f517       0.00      0.00      0.00       100
        T1018_a44bb43474728496276d5d73aa14588f       0.00      0.00      0.00       100
        T1018_ac20e592bc912bddff4d6b88289095f0       0.10      0.01      0.02       100
    T1021.001_dd67068b052fa553ad4a0ac7d6a5ea89       1.00      1.00      1.00       100
    T1033_bd527b63-9f9e-46e0-9816-b8434d2b8989       0.00      0.00      0.00       100
    T1033_c0da588f-79f0-4263-8998-7496b1a40596       0.00      0.00      0.00       100
    T1036.003_04e8d83e7badf098d50800d6aa1dd487       1.00      1.00      1.00       100
    T1036.003_f5ef8466e5ebcd2ae03f338d9416069c       1.00      1.00      1.00       100
    T1036.004_1f0614ea5c4af6faf1b44570f5f22f8a       0.07      0.01      0.02       100
    T1036.004_7de3d7b4922a7b996d8df36fb22bb118       0.04      0.02      0.03       100
    T1037.001_62cfa90fb03a6bc1a6ebcce8a3ea81b7       1.00      1.00      1.00       100
        T1040_6881a4589710d53f0c146e91db513f01       1.00      1.00      1.00       100
        T1047_09e0f9cf2eb803a1c35deeecf3665fad       0.00      0.00      0.00       100
        T1047_6935e41353aa781bb723462d26114c44       0.00      0.00      0.00       100
        T1047_ac122553ab4426ea3362bb4a97d31bfd       0.00      0.00      0.00       100
        T1047_ac2764f7a67a9ce92b54e8e59b361838       0.00      0.00      0.00       100
        T1047_b0255b5120cbabc062d8d4510a142c3b       0.12      0.01      0.02       100
        T1047_ed736a123da6fb2aab22cfd4f437e8b5       0.00      0.00      0.00       100
        T1047_f4b0b4129560ea66f9751275e82f6bab       0.00      0.00      0.00       100
    T1049_638fb6bb-ba39-4285-93d1-7e4775b033a8       0.01      0.01      0.01       100
        T1049_a14392d713dffba6a397682ff83259a0       0.51      0.91      0.65       100
    T1053.005_5db2884b6ca3ab932848f295a3896dc0       0.00      0.00      0.00       100
    T1053.005_ee454be9197890de62705ce6255933fd       0.00      0.00      0.00       100
T1055.001_a74bc239-a196-4f7e-8d5c-fe8c0266071c       0.00      0.00      0.00       100
T1055.002_e5bcefee-262d-4568-a261-e8a20855ec81       0.02      0.11      0.04       100
    T1057_5a39d7ed-45c9-4a79-b581-e5fb99e24f65       0.00      0.00      0.00       100
    T1057_8adf02e8-6e71-4244-886c-98c402857404       0.99      1.00      1.00       100
        T1057_b2a1e430ca6d36eb5af2fe666e769847       0.00      0.00      0.00       100
        T1057_f8de05d1741dcc468f772ab0ff4dac72       0.00      0.00      0.00       100
T1059.001_55678719-e76e-4df9-92aa-10655bbd1cf4       1.00      1.00      1.00       100
    T1059.001_6efbccc1869e8cd618c0d3ecda407d5f       1.00      1.00      1.00       100
T1059.001_702bfdd2-9947-4eda-b551-c3a1ea9a59a2       1.00      1.00      1.00       100
T1059.001_bfff9006-d1fb-46ce-b173-92cb04e9a031       1.00      1.00      1.00       100
T1059.001_ccdb8caf-c69e-424b-b930-551969450c57       0.95      1.00      0.98       100
T1059.001_e5f9de8f-3df1-4e78-ad92-a784e3f6770d       0.99      1.00      1.00       100
    T1059.003_6c318ef0339d74d909ad556681b6493e       0.67      1.00      0.80       100
    T1059.003_f38e58deb7ad20b5538ca40db7b7b4f8       0.90      1.00      0.95       100
T1069.001_5c4dd985-89e3-4590-9b57-71fed66ff4e2       1.00      1.00      1.00       100
    T1069.001_a1f48fa3ddee658b29b414523c9a295b       0.20      0.01      0.02       100
    T1069.002_6103e503cb444bc7b4187704f2035708       0.88      0.94      0.91       100
    T1070.005_1f91076e2be2014cc7b4f1296de02fd6       1.00      1.00      1.00       100
    T1071.001_24c3b7b004401d839a5c337201da3484       0.99      1.00      1.00       100
T1074.001_4e97e699-93d7-4040-b5a3-2e906a58199e       0.99      1.00      1.00       100
T1074.001_6469befa-748a-4b9c-a96d-f191fde47d89       0.95      1.00      0.98       100
    T1074.001_e6dfc7e89359ac6fa6de84b0e1d5762e       1.00      1.00      1.00       100
    T1078.001_d0ca00832890baa1d42322cf70fcab1a       0.00      0.00      0.00       100
    T1082_29451844-9b76-4e16-a9ee-d6feab4b24db       0.00      0.00      0.00       100
    T1083_52177cc1-b9ab-4411-ac21-2eadc4b5d3b8       1.00      1.00      1.00       100
    T1083_6e1a53c0-7352-4899-be35-fa7f364d5722       0.00      0.00      0.00       100
    T1087.001_6334877e8e3ba48f7835d4856d90a282       0.97      1.00      0.99       100
T1087.001_feaced8f-f43f-452a-9500-a5219488abb8       0.00      0.00      0.00       100
    T1090.001_ba343199a4f15ed6b57eb52412f62e4e       0.60      0.64      0.62       100
        T1105_0856c235a1d26113d4f2d92e39c9a9f8       1.00      1.00      1.00       100
        T1105_1095434782a00c8a4772a11e625bcf5d       0.98      1.00      0.99       100
        T1105_4f683658f161ccdc51337c470d32bab9       1.00      1.00      1.00       100
    T1105_60f63260-39bb-4136-87a0-b6c2dca799fc       1.00      1.00      1.00       100
        T1105_c521e0a70b243a0cf9217907ca3c6d27       1.00      1.00      1.00       100
        T1105_c76968acda4aa1673dadcd67f3ab7664       1.00      1.00      1.00       100
        T1105_e6715e61f5df646692c624b3499384c4       1.00      1.00      1.00       100
    T1105_eb814e03-811a-467a-bc6d-dcd453750fa2       1.00      1.00      1.00       100
        T1112_257313a3c93e3bb7dfb60d6753b09e34       1.00      1.00      1.00       100
        T1112_34041639e6e501856ecaf5969ee29c76       0.96      1.00      0.98       100
        T1112_35c0360d226cf38104f300d9d57ce60e       0.99      1.00      1.00       100
        T1112_4bfb5f265a5ce07af6bf10da113af7db       0.98      1.00      0.99       100
        T1112_7fe6a66d03f4dbfc022609ba311c2b11       0.95      0.99      0.97       100
        T1112_ba6f6214dbd17c54001e0a163b60f151       0.99      1.00      1.00       100
        T1112_cab7b85611a290c0769546bfa9d6f962       0.99      1.00      1.00       100
        T1112_cd8be0e6b873919da25530a2c7ea6750       0.97      1.00      0.99       100
        T1112_e74d2fb4ef5fa6c766a4151554033697       0.99      1.00      1.00       100
        T1112_e7a987cbef27263e666e5b096488dc55       1.00      1.00      1.00       100
        T1112_fa4ba6a06b4a5cd955ea5a60fae24281       1.00      1.00      1.00       100
        T1112_fd992e8ecfdac9b56dd6868904044827       0.99      1.00      1.00       100
    T1113_316251ed-6a28-4013-812b-ddf5b5b007f8       0.99      1.00      1.00       100
        T1115_70795de7cbb842edb029b3378c27c008       1.00      1.00      1.00       100
    T1115_b007fe0c-c6b0-4fda-915c-255bbc070de2       0.00      0.00      0.00       100
        T1119_344e7eaf650763e0d3e9f02e62c1cf4b       1.00      1.00      1.00       100
        T1119_7121cdf93b951311be9d7078c602efdc       1.00      1.00      1.00       100
        T1120_7b9c7afaefa59aab759b49af0d699ac1       0.98      1.00      0.99       100
        T1123_372e6f46fca18e4f1b43209c20ffafa2       1.00      1.00      1.00       100
    T1124_fa6e8607-e0b1-425d-8924-9b894da5a002       0.00      0.00      0.00       100
        T1125_da86001b5081fcf773d8e62f22cf2b00       1.00      1.00      1.00       100
    T1135_530e47c6-8592-42bf-91df-c59ffbd8541b       0.00      0.00      0.00       100
    T1135_deeac480-5c2a-42b5-90bb-41675ee53c7e       0.00      0.00      0.00       100
    T1137.002_e2af3c3ab1b0f659c874b8af58c49759       1.00      1.00      1.00       100
        T1137_12ad9edefc86af07700fbf49bfdac6ba       1.00      1.00      1.00       100
        T1201_38f6f0e50a6b196140ec40d3dc9cc9e6       0.00      0.00      0.00       100
        T1201_57296a2ddbeb7423c05feef2fe972111       0.00      0.00      0.00       100
    T1204.002_522f3f35cd013e63830fa555495a0081       0.99      1.00      1.00       100
        T1217_69bbe2183fa09c00ccaac62d48e214f8       1.00      1.00      1.00       100
        T1217_f7a0f7d704aa52a764d9d1bee81e65d6       0.00      0.00      0.00       100
        T1219_7dabcbecab0334b115feefab1630f84a       1.00      1.00      1.00       100
        T1219_af8cb2bf9b436aae5c106a0a9c207e14       1.00      1.00      1.00       100
        T1219_f1b3fca18d7465cd10e5a7477a3bf97d       1.00      1.00      1.00       100
    T1482_6131397e-7765-424e-a594-3d7fb2d93a6a       0.99      1.00      1.00       100
        T1482_cfb61005899996469ae3023796792ca5       0.00      0.00      0.00       100
        T1486_d82ceb9939d3d920ee550187ad8235c8       0.96      1.00      0.98       100
        T1490_2d53d6fabd39bf9c70b0dfcdfbbc926d       0.00      0.00      0.00       100
        T1490_8467c994685ccf178db166964bd80fab       0.00      0.00      0.00       100
        T1490_9e5e4c0655fd1b5be88bd40b8251175f       0.00      0.00      0.00       100
        T1490_c156ac5c9fa67080365268d95f29053d       0.01      0.03      0.02       100
        T1490_c8f329d2847ede593b6cb4a1ec6120fb       0.99      1.00      1.00       100
        T1490_e90756bb6dcd21462dc4cc452661df91       0.00      0.00      0.00       100
    T1491_47d08617-5ce1-424a-8cc5-c9c978ce6bf9       0.96      1.00      0.98       100
    T1491_68235976-2404-42a8-9105-68230cfef562       1.00      1.00      1.00       100
    T1496_46da2385-cf37-49cb-ba4b-a739c7a19de4       1.00      1.00      1.00       100
T1497.001_1258b063-27d6-489b-a677-4807faacf868       0.00      0.00      0.00       100
T1497.001_5dc841fd-28ad-40e2-b10e-fb007fe09e81       0.00      0.00      0.00       100
T1497.001_7a6ba833-de40-466a-8969-5c37b13603e0       0.02      0.81      0.04       100
    T1499_2fe2d5e6-7b06-4fc0-bf71-6966a1226731       0.00      0.00      0.00       100
T1518.001_2dece965-37a0-4f70-a391-0f30e3331aba       0.02      0.02      0.02       100
    T1518.001_33a24ff44719e6ac0614b58f8c9a7c72       0.10      0.29      0.15       100
    T1518.001_b8453a5fe06b24aea12b27592d5c3d3a       0.00      0.00      0.00       100
        T1518_8ddfaf982ab359cda13626b870ccb339       1.00      1.00      1.00       100
    T1518_c9be8043-a445-4cbf-b77b-ed7bb007fc7c       0.96      1.00      0.98       100
        T1531_aa6b15485a5f50ced34d87fda177b758       0.10      0.63      0.17       100
        T1531_b25ae80dad74142fafb510e9c1949ace       0.00      0.00      0.00       100
    T1546.013_f9a968af61d36983448c74cca5464e17       1.00      1.00      1.00       100
    T1547.001_0dbdf1a2a87e718a6ac8a8e3415a7fac       1.00      1.00      1.00       100
    T1547.001_163b023f43aba758d36f524d146cb8ea       0.99      1.00      1.00       100
    T1547.001_1f15ab22c39a9b6bb2bb0d77276dfcb3       0.99      1.00      1.00       100
    T1547.001_4b71ebb2f6f6a01235ba240fa40ce978       0.93      1.00      0.96       100
    T1547.001_777043894e42d2aae3881e63f6c76d33       0.93      1.00      0.96       100
    T1547.001_d3ef4145e4144fd694514b1c5cc17350       1.00      1.00      1.00       100
    T1547.004_0856714c9810ac55b53e9964d02958a0       0.97      1.00      0.99       100
    T1547.004_aa147165f6c116cb0b0f944abe1db8ce       0.96      1.00      0.98       100
    T1547.009_501af516bd8b24fee0c7c650ae5cc861       1.00      0.99      0.99       100
    T1547.009_b6e5c895c6709fe289352ee23f062229       0.98      1.00      0.99       100
    T1547.010_4593d72a5145e3f494421ac772d37464       1.00      1.00      1.00       100
        T1547_fe9eeee9a7b339089e5fa634b08522c1       1.00      1.00      1.00       100
T1548.002_665432a4-42e7-4ee1-af19-a9a8c9455d0c       1.00      1.00      1.00       100
    T1552.002_3e5b04b8ee0a1a4950da8f35d95e65fc       0.00      0.00      0.00       100
        T1560_a1ee301b0508747b468d578a14e5c1a5       1.00      1.00      1.00       100
    T1562.001_43e3334362b140924f001b256b229ee5       1.00      1.00      1.00       100
    T1562.002_6a8d25d65a7d481dc479f89c62af1e6a       1.00      1.00      1.00       100
    T1562.002_94f51bf01a7036fe02d07b4c18967669       0.00      0.00      0.00       100
    T1562.004_280003641a5cddf916c4f2bf605a71d3       0.00      0.00      0.00       100
    T1562.004_41627f71f968225b9f162cb76d16bd9d       0.96      1.00      0.98       100
    T1562.004_5b93df032e230056c21a3e57334f77d1       0.00      0.00      0.00       100
    T1562.004_8d0a4585e7c4646185a912b14cd9cb46       0.00      0.00      0.00       100
    T1562.004_8fe59e288f10a486dc8b44bc872019ff       0.97      0.98      0.98       100
    T1564.001_66a5fd5f244819181f074dd082a28905       0.45      0.17      0.25       100
    T1564.001_dce51e632abdfe5392c7c1f942ac9273       0.48      0.78      0.60       100
    T1564.003_9a2edad4053a2b59fb9167a9bc29e7dc       0.69      0.51      0.59       100
    T1564.004_28862487a99f5f89bc0d68c87396c7e9       0.89      1.00      0.94       100
    T1564.004_76b6066fe170d38215251102e42be973       1.00      1.00      1.00       100
        T1564_dedfa0a54c9c13ce5714a0dc2e1f5d1a       0.00      0.00      0.00       100
    T1566.001_1afaec09315ab71fdfb167175e8a019a       1.00      1.00      1.00       100
    T1574.001_63bbedafba2f541552ac3579e9e3737b       1.00      0.99      0.99       100
    T1574.011_72249c1e9ffe7d8f30243d838e0791ca       1.00      1.00      1.00       100
                                        benign       0.96      1.00      0.98       100

                                      accuracy                           0.61     16600
                                     macro avg       0.60      0.61      0.60     16600
                                  weighted avg       0.60      0.61      0.60     16600

