09/18/2023, 14:38:52# labels of 5000: tensor([ 94,  77,  81,  86, 161,  61,  45,  21,   7,  27,  60,  37,  74,  46,
        145,  33], device='cuda:0') torch.Size([16])
09/18/2023, 14:38:52# predicted of 5000: tensor([ 61, 161, 150,  86, 161,  61,  61,  21,   7,  61, 150, 160, 150,  43,
        145, 150], device='cuda:0') torch.Size([16])
09/18/2023, 14:41:39# total batches: 8300
09/18/2023, 14:41:39# Epoch 0 | Train Loss: 3.5405 | Train Accuracy: 0.2507
09/18/2023, 14:41:39# labels of Validation: tensor([  9,  52,  85,  34, 143,  54,  26,  18,  83, 155,  54,   3,  38,  97,
         15,  56], device='cuda:0') torch.Size([16])
09/18/2023, 14:41:39# predicted of Validation: tensor([ 30,  52,  85, 144, 144,  87,  26,  86, 144, 155, 144, 140, 144, 144,
         15,  78], device='cuda:0') torch.Size([16])
09/18/2023, 14:41:39# labels of 0: tensor([  9,  52,  85,  34, 143,  54,  26,  18,  83, 155,  54,   3,  38,  97,
         15,  56], device='cuda:0') torch.Size([16])
09/18/2023, 14:41:39# predicted of 0: tensor([ 30,  52,  85, 144, 144,  87,  26,  86, 144, 155, 144, 140, 144, 144,
         15,  78], device='cuda:0') torch.Size([16])
09/18/2023, 14:42:26# labels of Validation: tensor([ 78,  44, 106,  24,  49,  41,  84, 106,  33,  98,  78, 164,  86,  18,
          5,  25], device='cuda:0') torch.Size([16])
09/18/2023, 14:42:26# predicted of Validation: tensor([ 78, 144, 106, 144,  87,  41,  84, 106,  46,  98,  78,  30,  86, 153,
         15,  25], device='cuda:0') torch.Size([16])
09/18/2023, 14:42:28# Validation Loss: 2.4784 | Validation Accuracy: 0.4819

09/18/2023, 14:42:28# Find a better model!!
09/18/2023, 14:46:48# labels of 5000: tensor([ 48, 111, 153, 123,  68, 111, 104,   8,  18, 149,  23,  57,  71,  89,
          1,  42], device='cuda:0') torch.Size([16])
09/18/2023, 14:46:48# predicted of 5000: tensor([ 49,  49, 153, 123,  37, 112,   4,  37, 112, 149,  23,  49,  71,  89,
         49,  87], device='cuda:0') torch.Size([16])
09/18/2023, 14:49:35# total batches: 8300
09/18/2023, 14:49:35# Epoch 1 | Train Loss: 2.0407 | Train Accuracy: 0.5409
09/18/2023, 14:49:35# labels of Validation: tensor([ 94,  75,   8, 128,  18, 127, 157,  46,   5, 104, 129, 165,  41,  89,
         81,  88], device='cuda:0') torch.Size([16])
09/18/2023, 14:49:35# predicted of Validation: tensor([ 94, 158, 166, 128, 144, 127,  86,  46,   5,  76, 129, 165,  41,  89,
         76, 103], device='cuda:0') torch.Size([16])
09/18/2023, 14:49:35# labels of 0: tensor([ 94,  75,   8, 128,  18, 127, 157,  46,   5, 104, 129, 165,  41,  89,
         81,  88], device='cuda:0') torch.Size([16])
09/18/2023, 14:49:35# predicted of 0: tensor([ 94, 158, 166, 128, 144, 127,  86,  46,   5,  76, 129, 165,  41,  89,
         76, 103], device='cuda:0') torch.Size([16])
09/18/2023, 14:50:22# labels of Validation: tensor([122,  98, 160,  78,  69, 143, 113, 100, 111, 161, 150, 144,  52,  61,
          9,  15], device='cuda:0') torch.Size([16])
09/18/2023, 14:50:22# predicted of Validation: tensor([122,  98, 160,  67,  69, 158,  64, 100,  18, 161,  76,  76,  52,  61,
         38,  61], device='cuda:0') torch.Size([16])
09/18/2023, 14:50:24# Validation Loss: 1.7872 | Validation Accuracy: 0.5739

09/18/2023, 14:50:24# Find a better model!!
09/18/2023, 14:54:42# labels of 5000: tensor([120, 159,  97, 107, 145, 125,  27,   8,  86, 152,  44,  45,  85, 111,
         93,  91], device='cuda:0') torch.Size([16])
09/18/2023, 14:54:42# predicted of 5000: tensor([120, 159,  75, 107, 145,  83,  27,  64,  86,  75,  75,  45,  85,  75,
        113, 131], device='cuda:0') torch.Size([16])
09/18/2023, 14:57:35# total batches: 8300
09/18/2023, 14:57:35# Epoch 2 | Train Loss: 1.6963 | Train Accuracy: 0.5859
09/18/2023, 14:57:35# labels of Validation: tensor([ 33, 150,  68,  96, 155,  52,  71,  77,   9, 160, 129, 128, 109, 114,
        111,  47], device='cuda:0') torch.Size([16])
09/18/2023, 14:57:35# predicted of Validation: tensor([  4,  54, 103,  96, 155,  52,  71,  77, 116, 160, 129, 128,  38, 103,
         54, 116], device='cuda:0') torch.Size([16])
09/18/2023, 14:57:35# labels of 0: tensor([ 33, 150,  68,  96, 155,  52,  71,  77,   9, 160, 129, 128, 109, 114,
        111,  47], device='cuda:0') torch.Size([16])
09/18/2023, 14:57:35# predicted of 0: tensor([  4,  54, 103,  96, 155,  52,  71,  77, 116, 160, 129, 128,  38, 103,
         54, 116], device='cuda:0') torch.Size([16])
09/18/2023, 14:58:23# labels of Validation: tensor([ 29,  21,  36, 135,  24, 147,  11,  69, 124,  72, 159, 110,  27, 133,
        162,  58], device='cuda:0') torch.Size([16])
09/18/2023, 14:58:23# predicted of Validation: tensor([ 29,  21, 116, 135, 116, 147, 116,  69, 116,  72, 159, 103,  27, 133,
        116,  58], device='cuda:0') torch.Size([16])
09/18/2023, 14:58:25# Validation Loss: 1.6291 | Validation Accuracy: 0.5984

09/18/2023, 14:58:25# Find a better model!!
09/18/2023, 15:02:39# labels of 5000: tensor([ 86, 150, 117, 141,   9,  19,  20,  32,  50,  68,  73, 164,  36, 100,
          1, 129], device='cuda:0') torch.Size([16])
09/18/2023, 15:02:39# predicted of 5000: tensor([ 86, 111, 117, 141,  57,  19,  20,  32,  50,  68,  73, 164, 104, 100,
         57, 129], device='cuda:0') torch.Size([16])
09/18/2023, 15:05:31# total batches: 8300
09/18/2023, 15:05:31# Epoch 3 | Train Loss: 1.5921 | Train Accuracy: 0.6016
09/18/2023, 15:05:31# labels of Validation: tensor([151,  28, 151, 166, 157,  26,  73,  45, 162, 156,  50,  93,  88, 160,
        125, 153], device='cuda:0') torch.Size([16])
09/18/2023, 15:05:31# predicted of Validation: tensor([ 34,  28,  34, 166, 143,  26,  73,  45,  34, 156,  50, 110,  91, 160,
         34, 153], device='cuda:0') torch.Size([16])
09/18/2023, 15:05:31# labels of 0: tensor([151,  28, 151, 166, 157,  26,  73,  45, 162, 156,  50,  93,  88, 160,
        125, 153], device='cuda:0') torch.Size([16])
09/18/2023, 15:05:31# predicted of 0: tensor([ 34,  28,  34, 166, 143,  26,  73,  45,  34, 156,  50, 110,  91, 160,
         34, 153], device='cuda:0') torch.Size([16])
09/18/2023, 15:06:21# labels of Validation: tensor([ 56,  47,  17,   6, 113,   1,   6,  96, 106,  43,  29, 160, 103,  37,
        148, 148], device='cuda:0') torch.Size([16])
09/18/2023, 15:06:21# predicted of Validation: tensor([ 56,  34,  17,   6,  91,  34,   6,  96, 106,  43,  29, 160, 110,  37,
        148, 148], device='cuda:0') torch.Size([16])
09/18/2023, 15:06:23# Validation Loss: 1.5703 | Validation Accuracy: 0.6048

09/18/2023, 15:06:23# Find a better model!!
09/18/2023, 15:10:44# labels of 5000: tensor([ 87, 106,  88,  27,   3, 137,  12,  12,  54,  41, 102,  78, 115,  16,
          7, 102], device='cuda:0') torch.Size([16])
09/18/2023, 15:10:44# predicted of 5000: tensor([157, 106,  90,  27,   3, 137, 157, 157, 157,  41, 102,  78, 115,  16,
          7, 102], device='cuda:0') torch.Size([16])
09/18/2023, 15:13:43# total batches: 8300
09/18/2023, 15:13:43# Epoch 4 | Train Loss: 1.5438 | Train Accuracy: 0.6076
09/18/2023, 15:13:43# labels of Validation: tensor([ 62,  66, 118, 145, 122,  89,  76, 109,  51, 103, 151, 117,  64, 100,
        159, 108], device='cuda:0') torch.Size([16])
09/18/2023, 15:13:43# predicted of Validation: tensor([ 62,  66, 118, 145, 122,  89,  54,  54,  51,  64, 104, 117,  91, 100,
        159,  91], device='cuda:0') torch.Size([16])
09/18/2023, 15:13:43# labels of 0: tensor([ 62,  66, 118, 145, 122,  89,  76, 109,  51, 103, 151, 117,  64, 100,
        159, 108], device='cuda:0') torch.Size([16])
09/18/2023, 15:13:43# predicted of 0: tensor([ 62,  66, 118, 145, 122,  89,  54,  54,  51,  64, 104, 117,  91, 100,
        159,  91], device='cuda:0') torch.Size([16])
09/18/2023, 15:14:32# labels of Validation: tensor([165,  72,  52,  99,  52,  13,  60, 159, 153,  17,  10, 158, 156,  66,
         81,  14], device='cuda:0') torch.Size([16])
09/18/2023, 15:14:32# predicted of Validation: tensor([165,  72,  52,  99,  52,  13, 104, 159, 153,  17,  10,  54, 156,  66,
        157, 104], device='cuda:0') torch.Size([16])
09/18/2023, 15:14:33# Validation Loss: 1.5315 | Validation Accuracy: 0.6109

09/18/2023, 15:14:33# Find a better model!!
09/18/2023, 15:18:58# labels of 5000: tensor([153, 109,  69, 157,  52,  23, 139,  20,  43, 108,  57,  46, 152, 150,
        122,  74], device='cuda:0') torch.Size([16])
09/18/2023, 15:18:58# predicted of 5000: tensor([153,  31,  69,  31,  52,  23, 139,  20,  43, 131,  31,  46,  53,  31,
        122,  31], device='cuda:0') torch.Size([16])
09/18/2023, 15:21:59# total batches: 8300
09/18/2023, 15:21:59# Epoch 5 | Train Loss: 1.5176 | Train Accuracy: 0.6112
09/18/2023, 15:21:59# labels of Validation: tensor([ 50,  57,  32,  37, 162,  82,  58,  33, 151,  55,   3, 126,  54, 128,
        131,  25], device='cuda:0') torch.Size([16])
09/18/2023, 15:21:59# predicted of Validation: tensor([ 50,  81,  32,  37, 104,  82,  58, 157,   2,  74,   3, 126, 104, 128,
        131,  25], device='cuda:0') torch.Size([16])
09/18/2023, 15:21:59# labels of 0: tensor([ 50,  57,  32,  37, 162,  82,  58,  33, 151,  55,   3, 126,  54, 128,
        131,  25], device='cuda:0') torch.Size([16])
09/18/2023, 15:21:59# predicted of 0: tensor([ 50,  81,  32,  37, 104,  82,  58, 157,   2,  74,   3, 126, 104, 128,
        131,  25], device='cuda:0') torch.Size([16])
09/18/2023, 15:22:46# labels of Validation: tensor([129, 147,  26, 138, 159,  56,  32,  19,  51, 139,  38, 164,  86,   7,
         32,  83], device='cuda:0') torch.Size([16])
09/18/2023, 15:22:46# predicted of Validation: tensor([129, 147,  26, 138, 159,  56,  32,  19,  51, 139,  24, 104,  86,   7,
         32,  24], device='cuda:0') torch.Size([16])
09/18/2023, 15:22:48# Validation Loss: 1.5163 | Validation Accuracy: 0.6093

09/18/2023, 15:22:48# Find a better model!!
09/18/2023, 15:27:10# labels of 5000: tensor([ 65,  10, 133, 153,  52, 134,  19,  18,  97,  25,  53,  46, 145,  87,
        161,  36], device='cuda:0') torch.Size([16])
09/18/2023, 15:27:10# predicted of 5000: tensor([ 65,  10, 133, 153,  52, 134,  19, 104,   9,  25,  48,  46, 145, 163,
        161,   9], device='cuda:0') torch.Size([16])
09/18/2023, 15:30:04# total batches: 8300
09/18/2023, 15:30:04# Epoch 6 | Train Loss: 1.5015 | Train Accuracy: 0.6127
09/18/2023, 15:30:04# labels of Validation: tensor([132, 163,  72, 106, 146, 112,  26,  23,  16,  51,  83,  15, 143, 151,
         83, 114], device='cuda:0') torch.Size([16])
09/18/2023, 15:30:04# predicted of Validation: tensor([132,  55,  72, 106, 146,  55,  26,  23,  16,  51, 158,  15, 150, 158,
        142, 103], device='cuda:0') torch.Size([16])
09/18/2023, 15:30:04# labels of 0: tensor([132, 163,  72, 106, 146, 112,  26,  23,  16,  51,  83,  15, 143, 151,
         83, 114], device='cuda:0') torch.Size([16])
09/18/2023, 15:30:04# predicted of 0: tensor([132,  55,  72, 106, 146,  55,  26,  23,  16,  51, 158,  15, 150, 158,
        142, 103], device='cuda:0') torch.Size([16])
09/18/2023, 15:30:52# labels of Validation: tensor([123,  15,  90,  42,  90,   7, 153,   5,   2, 107, 104,  66,  23, 137,
        153,  85], device='cuda:0') torch.Size([16])
09/18/2023, 15:30:52# predicted of Validation: tensor([123,  15, 103,  55, 110,   7, 153,   5,  55, 107,  55,  66,  23, 137,
        153,  85], device='cuda:0') torch.Size([16])
09/18/2023, 15:30:53# Validation Loss: 1.4982 | Validation Accuracy: 0.6078

09/18/2023, 15:30:53# Find a better model!!
09/18/2023, 15:35:20# labels of 5000: tensor([ 86,  33,  58,  58, 138,  41, 153, 105,  37,  35, 160, 141,   9, 143,
         54,  54], device='cuda:0') torch.Size([16])
09/18/2023, 15:35:20# predicted of 5000: tensor([ 86,   4,  58,  58, 138,  41, 153, 105,  37,  35, 160, 141,  31, 116,
          4,   4], device='cuda:0') torch.Size([16])
09/18/2023, 15:38:14# total batches: 8300
09/18/2023, 15:38:14# Epoch 7 | Train Loss: 1.4917 | Train Accuracy: 0.6136
09/18/2023, 15:38:14# labels of Validation: tensor([ 41,  13,  60,  64, 146,  40,  19, 160, 144,  70, 140, 150,  87, 103,
          3,  83], device='cuda:0') torch.Size([16])
09/18/2023, 15:38:14# predicted of Validation: tensor([ 41,  13,  30,  90, 146,  40,  19, 160,  30,  70, 140,   2,  30,  88,
          3,  30], device='cuda:0') torch.Size([16])
09/18/2023, 15:38:14# labels of 0: tensor([ 41,  13,  60,  64, 146,  40,  19, 160, 144,  70, 140, 150,  87, 103,
          3,  83], device='cuda:0') torch.Size([16])
09/18/2023, 15:38:14# predicted of 0: tensor([ 41,  13,  30,  90, 146,  40,  19, 160,  30,  70, 140,   2,  30,  88,
          3,  30], device='cuda:0') torch.Size([16])
09/18/2023, 15:39:01# labels of Validation: tensor([ 23,   3, 132, 119,   3, 109, 101, 113,  95,  38, 105,  43, 159, 113,
         41,   2], device='cuda:0') torch.Size([16])
09/18/2023, 15:39:01# predicted of Validation: tensor([ 23,   3, 132,  30,   3,  49, 101,  88,  95,  54, 105,  43, 159,  90,
         41,  30], device='cuda:0') torch.Size([16])
09/18/2023, 15:39:03# Validation Loss: 1.4882 | Validation Accuracy: 0.6172

09/18/2023, 15:39:03# Find a better model!!
09/18/2023, 15:43:28# labels of 5000: tensor([ 20,  28, 165, 125,  33, 106,  81,  31, 142, 111,  17,  39, 165, 115,
         36,  58], device='cuda:0') torch.Size([16])
09/18/2023, 15:43:28# predicted of 5000: tensor([ 20,  28, 165, 163,  30, 106, 164, 163,  92, 163,  17,  39, 165, 115,
        163,  58], device='cuda:0') torch.Size([16])
09/18/2023, 15:46:24# total batches: 8300
09/18/2023, 15:46:24# Epoch 8 | Train Loss: 1.4848 | Train Accuracy: 0.6151
09/18/2023, 15:46:24# labels of Validation: tensor([141,  77, 100,  63,  60,  56,  87, 123, 118,  29, 104,  15, 156,  68,
         76, 117], device='cuda:0') torch.Size([16])
09/18/2023, 15:46:24# predicted of Validation: tensor([141,  77, 100,  63,  24,  56,  24, 123, 118,  29,  24,  15, 156, 103,
         24, 117], device='cuda:0') torch.Size([16])
09/18/2023, 15:46:24# labels of 0: tensor([141,  77, 100,  63,  60,  56,  87, 123, 118,  29, 104,  15, 156,  68,
         76, 117], device='cuda:0') torch.Size([16])
09/18/2023, 15:46:24# predicted of 0: tensor([141,  77, 100,  63,  24,  56,  24, 123, 118,  29,  24,  15, 156, 103,
         24, 117], device='cuda:0') torch.Size([16])
09/18/2023, 15:47:12# labels of Validation: tensor([ 51, 120,  13, 150,  33,  78,  17,  46,  74, 153,  26, 110,   7, 163,
         53,  24], device='cuda:0') torch.Size([16])
09/18/2023, 15:47:12# predicted of Validation: tensor([ 51, 120,  13,  24, 109,  78,  17,  46,  24, 153,  26, 103,   7, 109,
         11,  24], device='cuda:0') torch.Size([16])
09/18/2023, 15:47:14# Validation Loss: 1.4821 | Validation Accuracy: 0.6153

09/18/2023, 15:47:14# Find a better model!!
09/18/2023, 15:51:45# labels of 5000: tensor([ 19, 135, 146,  25, 154,  96, 114, 101,  13,  43, 126,  80,  39,  75,
        105,   9], device='cuda:0') torch.Size([16])
09/18/2023, 15:51:45# predicted of 5000: tensor([ 19, 135, 146,  25, 154,  96,  68, 101,  13,  43, 126,  80,  39,  49,
        105,  49], device='cuda:0') torch.Size([16])
09/18/2023, 15:54:44# total batches: 8300
09/18/2023, 15:54:44# Epoch 9 | Train Loss: 1.4791 | Train Accuracy: 0.6155
09/18/2023, 15:54:44# labels of Validation: tensor([  9,  23,  86, 145,   1, 101,  80,  82,  45, 161,  51,  27, 104,  32,
        140,  60], device='cuda:0') torch.Size([16])
09/18/2023, 15:54:44# predicted of Validation: tensor([ 55,  23,  86, 145,  30, 101,  80,  82,  45, 161,  51,  27,   2,  32,
        140,  44], device='cuda:0') torch.Size([16])
09/18/2023, 15:54:44# labels of 0: tensor([  9,  23,  86, 145,   1, 101,  80,  82,  45, 161,  51,  27, 104,  32,
        140,  60], device='cuda:0') torch.Size([16])
09/18/2023, 15:54:44# predicted of 0: tensor([ 55,  23,  86, 145,  30, 101,  80,  82,  45, 161,  51,  27,   2,  32,
        140,  44], device='cuda:0') torch.Size([16])
09/18/2023, 15:55:33# labels of Validation: tensor([ 45, 117,  45,  90, 151, 125,  27,  32,  29,  12,  54,  30, 152, 117,
         40,   0], device='cuda:0') torch.Size([16])
09/18/2023, 15:55:33# predicted of Validation: tensor([ 45, 117,  45,  93,  55,  30,  27,  32,  29,  44,  55,  44,  55, 117,
         40,   0], device='cuda:0') torch.Size([16])
09/18/2023, 15:55:34# Validation Loss: 1.4812 | Validation Accuracy: 0.6157

09/18/2023, 15:55:34# Find a better model!!
09/18/2023, 15:55:34# labels of Test: tensor([65, 65, 65, 65, 65, 65, 65, 65, 65, 65, 65, 65, 65, 65, 65, 65],
       device='cuda:0') torch.Size([16])
09/18/2023, 15:55:34# predicted of Test: tensor([65, 65, 65, 65, 65, 65, 65, 65, 65, 65, 65, 65, 65, 65, 65, 65],
       device='cuda:0') torch.Size([16])
09/18/2023, 15:55:34# labels of 0: tensor([65, 65, 65, 65, 65, 65, 65, 65, 65, 65, 65, 65, 65, 65, 65, 65],
       device='cuda:0') torch.Size([16])
09/18/2023, 15:55:34# predicted of 0: tensor([65, 65, 65, 65, 65, 65, 65, 65, 65, 65, 65, 65, 65, 65, 65, 65],
       device='cuda:0') torch.Size([16])
09/18/2023, 15:55:34# labels: tensor([65, 65, 65, 65, 65, 65, 65, 65, 65, 65, 65, 65, 65, 65, 65, 65],
       device='cuda:0') torch.Size([16])
09/18/2023, 15:55:34# predicted: tensor([65, 65, 65, 65, 65, 65, 65, 65, 65, 65, 65, 65, 65, 65, 65, 65],
       device='cuda:0') torch.Size([16])
09/18/2023, 15:56:23# labels of Test: tensor([162, 162, 162, 162, 162, 162, 162, 162, 162, 162, 162, 162, 162, 162,
        162, 162], device='cuda:0') torch.Size([16])
09/18/2023, 15:56:23# predicted of Test: tensor([ 64,  55,  55,  55,  55,   2,  30,  55,  55,   2,  55,  55,  30,  42,
         44, 109], device='cuda:0') torch.Size([16])
09/18/2023, 15:56:25# Test Accuracy: 61.602409638554214 %



09/18/2023, 15:56:27# report path: classification_report/classification_report-transH_100-graphSAGE-0.xlsx
09/18/2023, 15:56:27# label path: classification_report/mapped_true_predicted_labels-transH_100-graphSAGE-0.xlsx
09/18/2023, 15:56:28# mapped_report:
                                                precision    recall  f1-score   support

T1003.001_0ef4cc7b-611c-4237-b20b-db36b6906554       1.00      1.00      1.00       100
    T1003.001_35d92515122effdd73801c6ac3021da7       1.00      1.00      1.00       100
    T1003.002_5a484b65c247675e3b7ada4ba648d376       1.00      1.00      1.00       100
    T1003.002_7fa4ea18694f2552547b65e23952cabb       1.00      1.00      1.00       100
    T1003.003_9f73269695e54311dd61dc68940fb3e1       0.00      0.00      0.00       100
    T1003.003_f049b89533298c2d6cd37a940248b219       0.02      0.54      0.04       100
        T1003_18f31c311ac208802e88ab8d5af8603e       1.00      1.00      1.00       100
        T1007_9d03c91bdae5a80f17f89c987942b5a8       1.00      1.00      1.00       100
    T1007_c6607391-d02c-44b5-9b13-d3492ca58599       0.07      0.01      0.02       100
        T1007_d6bb2a19da7246731ed9c44831b135f8       0.46      0.06      0.11       100
    T1016_14a21534-350f-4d83-9dd7-3c56b93a0c17       0.00      0.00      0.00       100
        T1016_71b3d2945679566b9d94d8cb11df4b70       0.00      0.00      0.00       100
        T1016_7d8ee68f0e9731db82964f558f614608       0.99      0.84      0.91       100
    T1016_921055f4-5970-4707-909e-62f594234d91       0.00      0.00      0.00       100
    T1016_a0676fe1-cd52-482e-8dde-349b73f9aa69       0.00      0.00      0.00       100
    T1016_e8017c46-acb8-400c-a4b5-b3362b5b5baa       0.00      0.00      0.00       100
    T1018_26c8b8b5-7b5b-4de1-a128-7d37fb14f517       0.00      0.00      0.00       100
        T1018_a44bb43474728496276d5d73aa14588f       0.00      0.00      0.00       100
        T1018_ac20e592bc912bddff4d6b88289095f0       0.00      0.00      0.00       100
    T1021.001_dd67068b052fa553ad4a0ac7d6a5ea89       1.00      1.00      1.00       100
    T1033_bd527b63-9f9e-46e0-9816-b8434d2b8989       0.00      0.00      0.00       100
    T1033_c0da588f-79f0-4263-8998-7496b1a40596       0.00      0.00      0.00       100
    T1036.003_04e8d83e7badf098d50800d6aa1dd487       1.00      1.00      1.00       100
    T1036.003_f5ef8466e5ebcd2ae03f338d9416069c       1.00      1.00      1.00       100
    T1036.004_1f0614ea5c4af6faf1b44570f5f22f8a       0.00      0.00      0.00       100
    T1036.004_7de3d7b4922a7b996d8df36fb22bb118       0.00      0.00      0.00       100
    T1037.001_62cfa90fb03a6bc1a6ebcce8a3ea81b7       1.00      1.00      1.00       100
        T1040_6881a4589710d53f0c146e91db513f01       1.00      1.00      1.00       100
        T1047_09e0f9cf2eb803a1c35deeecf3665fad       0.00      0.00      0.00       100
        T1047_6935e41353aa781bb723462d26114c44       0.00      0.00      0.00       100
        T1047_ac122553ab4426ea3362bb4a97d31bfd       0.00      0.00      0.00       100
        T1047_ac2764f7a67a9ce92b54e8e59b361838       0.01      0.05      0.02       100
        T1047_b0255b5120cbabc062d8d4510a142c3b       0.00      0.00      0.00       100
        T1047_ed736a123da6fb2aab22cfd4f437e8b5       0.02      0.16      0.03       100
        T1047_f4b0b4129560ea66f9751275e82f6bab       0.00      0.00      0.00       100
    T1049_638fb6bb-ba39-4285-93d1-7e4775b033a8       0.00      0.00      0.00       100
        T1049_a14392d713dffba6a397682ff83259a0       0.52      0.44      0.48       100
    T1053.005_5db2884b6ca3ab932848f295a3896dc0       0.00      0.00      0.00       100
    T1053.005_ee454be9197890de62705ce6255933fd       0.00      0.00      0.00       100
T1055.001_a74bc239-a196-4f7e-8d5c-fe8c0266071c       0.00      0.00      0.00       100
T1055.002_e5bcefee-262d-4568-a261-e8a20855ec81       0.03      0.02      0.02       100
    T1057_5a39d7ed-45c9-4a79-b581-e5fb99e24f65       0.00      0.00      0.00       100
    T1057_8adf02e8-6e71-4244-886c-98c402857404       1.00      1.00      1.00       100
        T1057_b2a1e430ca6d36eb5af2fe666e769847       0.00      0.00      0.00       100
        T1057_f8de05d1741dcc468f772ab0ff4dac72       0.00      0.00      0.00       100
T1059.001_55678719-e76e-4df9-92aa-10655bbd1cf4       1.00      1.00      1.00       100
    T1059.001_6efbccc1869e8cd618c0d3ecda407d5f       1.00      1.00      1.00       100
T1059.001_702bfdd2-9947-4eda-b551-c3a1ea9a59a2       1.00      1.00      1.00       100
T1059.001_bfff9006-d1fb-46ce-b173-92cb04e9a031       1.00      1.00      1.00       100
T1059.001_ccdb8caf-c69e-424b-b930-551969450c57       0.99      1.00      1.00       100
T1059.001_e5f9de8f-3df1-4e78-ad92-a784e3f6770d       1.00      1.00      1.00       100
    T1059.003_6c318ef0339d74d909ad556681b6493e       1.00      1.00      1.00       100
    T1059.003_f38e58deb7ad20b5538ca40db7b7b4f8       1.00      1.00      1.00       100
T1069.001_5c4dd985-89e3-4590-9b57-71fed66ff4e2       1.00      1.00      1.00       100
    T1069.001_a1f48fa3ddee658b29b414523c9a295b       0.10      0.95      0.18       100
    T1069.002_6103e503cb444bc7b4187704f2035708       0.46      0.98      0.62       100
    T1070.005_1f91076e2be2014cc7b4f1296de02fd6       1.00      1.00      1.00       100
    T1071.001_24c3b7b004401d839a5c337201da3484       1.00      1.00      1.00       100
T1074.001_4e97e699-93d7-4040-b5a3-2e906a58199e       1.00      1.00      1.00       100
T1074.001_6469befa-748a-4b9c-a96d-f191fde47d89       1.00      1.00      1.00       100
    T1074.001_e6dfc7e89359ac6fa6de84b0e1d5762e       1.00      1.00      1.00       100
    T1078.001_d0ca00832890baa1d42322cf70fcab1a       0.00      0.00      0.00       100
    T1082_29451844-9b76-4e16-a9ee-d6feab4b24db       0.00      0.00      0.00       100
    T1083_52177cc1-b9ab-4411-ac21-2eadc4b5d3b8       1.00      1.00      1.00       100
    T1083_6e1a53c0-7352-4899-be35-fa7f364d5722       0.00      0.00      0.00       100
    T1087.001_6334877e8e3ba48f7835d4856d90a282       0.99      1.00      1.00       100
T1087.001_feaced8f-f43f-452a-9500-a5219488abb8       0.00      0.00      0.00       100
    T1090.001_ba343199a4f15ed6b57eb52412f62e4e       0.97      0.98      0.98       100
        T1105_0856c235a1d26113d4f2d92e39c9a9f8       1.00      1.00      1.00       100
        T1105_1095434782a00c8a4772a11e625bcf5d       1.00      1.00      1.00       100
        T1105_4f683658f161ccdc51337c470d32bab9       1.00      1.00      1.00       100
    T1105_60f63260-39bb-4136-87a0-b6c2dca799fc       1.00      1.00      1.00       100
        T1105_c521e0a70b243a0cf9217907ca3c6d27       1.00      1.00      1.00       100
        T1105_c76968acda4aa1673dadcd67f3ab7664       1.00      1.00      1.00       100
        T1105_e6715e61f5df646692c624b3499384c4       1.00      1.00      1.00       100
    T1105_eb814e03-811a-467a-bc6d-dcd453750fa2       1.00      1.00      1.00       100
        T1112_257313a3c93e3bb7dfb60d6753b09e34       1.00      1.00      1.00       100
        T1112_34041639e6e501856ecaf5969ee29c76       1.00      1.00      1.00       100
        T1112_35c0360d226cf38104f300d9d57ce60e       1.00      1.00      1.00       100
        T1112_4bfb5f265a5ce07af6bf10da113af7db       1.00      1.00      1.00       100
        T1112_7fe6a66d03f4dbfc022609ba311c2b11       1.00      1.00      1.00       100
        T1112_ba6f6214dbd17c54001e0a163b60f151       1.00      1.00      1.00       100
        T1112_cab7b85611a290c0769546bfa9d6f962       1.00      1.00      1.00       100
        T1112_cd8be0e6b873919da25530a2c7ea6750       1.00      1.00      1.00       100
        T1112_e74d2fb4ef5fa6c766a4151554033697       1.00      1.00      1.00       100
        T1112_e7a987cbef27263e666e5b096488dc55       1.00      1.00      1.00       100
        T1112_fa4ba6a06b4a5cd955ea5a60fae24281       1.00      1.00      1.00       100
        T1112_fd992e8ecfdac9b56dd6868904044827       1.00      1.00      1.00       100
    T1113_316251ed-6a28-4013-812b-ddf5b5b007f8       1.00      1.00      1.00       100
        T1115_70795de7cbb842edb029b3378c27c008       1.00      1.00      1.00       100
    T1115_b007fe0c-c6b0-4fda-915c-255bbc070de2       0.00      0.00      0.00       100
        T1119_344e7eaf650763e0d3e9f02e62c1cf4b       1.00      1.00      1.00       100
        T1119_7121cdf93b951311be9d7078c602efdc       1.00      1.00      1.00       100
        T1120_7b9c7afaefa59aab759b49af0d699ac1       1.00      1.00      1.00       100
        T1123_372e6f46fca18e4f1b43209c20ffafa2       1.00      1.00      1.00       100
    T1124_fa6e8607-e0b1-425d-8924-9b894da5a002       0.00      0.00      0.00       100
        T1125_da86001b5081fcf773d8e62f22cf2b00       1.00      1.00      1.00       100
    T1135_530e47c6-8592-42bf-91df-c59ffbd8541b       0.00      0.00      0.00       100
    T1135_deeac480-5c2a-42b5-90bb-41675ee53c7e       0.03      0.01      0.02       100
    T1137.002_e2af3c3ab1b0f659c874b8af58c49759       1.00      1.00      1.00       100
        T1137_12ad9edefc86af07700fbf49bfdac6ba       1.00      1.00      1.00       100
        T1201_38f6f0e50a6b196140ec40d3dc9cc9e6       0.00      0.00      0.00       100
        T1201_57296a2ddbeb7423c05feef2fe972111       0.00      0.00      0.00       100
    T1204.002_522f3f35cd013e63830fa555495a0081       1.00      1.00      1.00       100
        T1217_69bbe2183fa09c00ccaac62d48e214f8       1.00      1.00      1.00       100
        T1217_f7a0f7d704aa52a764d9d1bee81e65d6       0.04      0.09      0.05       100
        T1219_7dabcbecab0334b115feefab1630f84a       1.00      1.00      1.00       100
        T1219_af8cb2bf9b436aae5c106a0a9c207e14       1.00      1.00      1.00       100
        T1219_f1b3fca18d7465cd10e5a7477a3bf97d       1.00      1.00      1.00       100
    T1482_6131397e-7765-424e-a594-3d7fb2d93a6a       1.00      1.00      1.00       100
        T1482_cfb61005899996469ae3023796792ca5       0.04      0.01      0.02       100
        T1486_d82ceb9939d3d920ee550187ad8235c8       1.00      1.00      1.00       100
        T1490_2d53d6fabd39bf9c70b0dfcdfbbc926d       0.00      0.00      0.00       100
        T1490_8467c994685ccf178db166964bd80fab       0.00      0.00      0.00       100
        T1490_9e5e4c0655fd1b5be88bd40b8251175f       0.00      0.00      0.00       100
        T1490_c156ac5c9fa67080365268d95f29053d       0.00      0.00      0.00       100
        T1490_c8f329d2847ede593b6cb4a1ec6120fb       1.00      1.00      1.00       100
        T1490_e90756bb6dcd21462dc4cc452661df91       0.00      0.00      0.00       100
    T1491_47d08617-5ce1-424a-8cc5-c9c978ce6bf9       1.00      1.00      1.00       100
    T1491_68235976-2404-42a8-9105-68230cfef562       1.00      1.00      1.00       100
    T1496_46da2385-cf37-49cb-ba4b-a739c7a19de4       1.00      1.00      1.00       100
T1497.001_1258b063-27d6-489b-a677-4807faacf868       0.00      0.00      0.00       100
T1497.001_5dc841fd-28ad-40e2-b10e-fb007fe09e81       0.00      0.00      0.00       100
T1497.001_7a6ba833-de40-466a-8969-5c37b13603e0       0.00      0.00      0.00       100
    T1499_2fe2d5e6-7b06-4fc0-bf71-6966a1226731       0.00      0.00      0.00       100
T1518.001_2dece965-37a0-4f70-a391-0f30e3331aba       0.00      0.00      0.00       100
    T1518.001_33a24ff44719e6ac0614b58f8c9a7c72       0.00      0.00      0.00       100
    T1518.001_b8453a5fe06b24aea12b27592d5c3d3a       0.00      0.00      0.00       100
        T1518_8ddfaf982ab359cda13626b870ccb339       1.00      1.00      1.00       100
    T1518_c9be8043-a445-4cbf-b77b-ed7bb007fc7c       1.00      1.00      1.00       100
        T1531_aa6b15485a5f50ced34d87fda177b758       0.00      0.00      0.00       100
        T1531_b25ae80dad74142fafb510e9c1949ace       0.00      0.00      0.00       100
    T1546.013_f9a968af61d36983448c74cca5464e17       1.00      1.00      1.00       100
    T1547.001_0dbdf1a2a87e718a6ac8a8e3415a7fac       1.00      1.00      1.00       100
    T1547.001_163b023f43aba758d36f524d146cb8ea       1.00      1.00      1.00       100
    T1547.001_1f15ab22c39a9b6bb2bb0d77276dfcb3       1.00      1.00      1.00       100
    T1547.001_4b71ebb2f6f6a01235ba240fa40ce978       1.00      1.00      1.00       100
    T1547.001_777043894e42d2aae3881e63f6c76d33       1.00      1.00      1.00       100
    T1547.001_d3ef4145e4144fd694514b1c5cc17350       1.00      1.00      1.00       100
    T1547.004_0856714c9810ac55b53e9964d02958a0       1.00      1.00      1.00       100
    T1547.004_aa147165f6c116cb0b0f944abe1db8ce       1.00      1.00      1.00       100
    T1547.009_501af516bd8b24fee0c7c650ae5cc861       1.00      1.00      1.00       100
    T1547.009_b6e5c895c6709fe289352ee23f062229       1.00      1.00      1.00       100
    T1547.010_4593d72a5145e3f494421ac772d37464       1.00      1.00      1.00       100
        T1547_fe9eeee9a7b339089e5fa634b08522c1       1.00      1.00      1.00       100
T1548.002_665432a4-42e7-4ee1-af19-a9a8c9455d0c       1.00      1.00      1.00       100
    T1552.002_3e5b04b8ee0a1a4950da8f35d95e65fc       0.06      0.01      0.02       100
        T1560_a1ee301b0508747b468d578a14e5c1a5       1.00      1.00      1.00       100
    T1562.001_43e3334362b140924f001b256b229ee5       1.00      1.00      1.00       100
    T1562.002_6a8d25d65a7d481dc479f89c62af1e6a       1.00      1.00      1.00       100
    T1562.002_94f51bf01a7036fe02d07b4c18967669       0.00      0.00      0.00       100
    T1562.004_280003641a5cddf916c4f2bf605a71d3       0.00      0.00      0.00       100
    T1562.004_41627f71f968225b9f162cb76d16bd9d       1.00      1.00      1.00       100
    T1562.004_5b93df032e230056c21a3e57334f77d1       0.00      0.00      0.00       100
    T1562.004_8d0a4585e7c4646185a912b14cd9cb46       0.02      0.14      0.03       100
    T1562.004_8fe59e288f10a486dc8b44bc872019ff       1.00      1.00      1.00       100
    T1564.001_66a5fd5f244819181f074dd082a28905       0.50      1.00      0.67       100
    T1564.001_dce51e632abdfe5392c7c1f942ac9273       0.00      0.00      0.00       100
    T1564.003_9a2edad4053a2b59fb9167a9bc29e7dc       0.98      0.97      0.97       100
    T1564.004_28862487a99f5f89bc0d68c87396c7e9       1.00      1.00      1.00       100
    T1564.004_76b6066fe170d38215251102e42be973       1.00      1.00      1.00       100
        T1564_dedfa0a54c9c13ce5714a0dc2e1f5d1a       0.00      0.00      0.00       100
    T1566.001_1afaec09315ab71fdfb167175e8a019a       1.00      1.00      1.00       100
    T1574.001_63bbedafba2f541552ac3579e9e3737b       1.00      1.00      1.00       100
    T1574.011_72249c1e9ffe7d8f30243d838e0791ca       1.00      1.00      1.00       100
                                        benign       1.00      1.00      1.00       100

                                      accuracy                           0.62     16600
                                     macro avg       0.60      0.62      0.60     16600
                                  weighted avg       0.60      0.62      0.60     16600

