09/21/2023, 17:07:20# total batches: 1032
09/21/2023, 17:07:20# Epoch 0 | Train Loss: 3.3519 | Train Accuracy: 0.2816
09/21/2023, 17:07:20# labels of Validation: tensor([114, 114,  51,  51,  51,  51,  51,  72,  72,  67,  67,  67,  67,  67,
         24, 109,  39,  39,  39,  75,  20,  20, 143, 119,  97, 118, 118, 118,
        118, 118, 118, 118, 118, 118, 118, 118, 118, 118, 118, 118, 118, 118,
        118, 118, 118, 118,  37,  37,  37,  37,  37,  12,  20,  20],
       device='cuda:0') torch.Size([54])
09/21/2023, 17:07:20# predicted of Validation: tensor([161, 161, 161,  82, 161, 161, 161, 161, 128, 161,  25,  25,  25,  25,
        161, 161, 161, 127, 127, 161,  29,  29, 161, 161, 161, 161, 161, 161,
        161, 161, 161, 161, 161, 161, 161, 161, 161, 161, 161,   7,   7,   7,
         17,  17,  17,  17, 161, 161, 161, 161, 161, 161,  29,  29],
       device='cuda:0') torch.Size([54])
09/21/2023, 17:07:20# labels of 0: tensor([114, 114,  51,  51,  51,  51,  51,  72,  72,  67,  67,  67,  67,  67,
         24, 109,  39,  39,  39,  75,  20,  20, 143, 119,  97, 118, 118, 118,
        118, 118, 118, 118, 118, 118, 118, 118, 118, 118, 118, 118, 118, 118,
        118, 118, 118, 118,  37,  37,  37,  37,  37,  12,  20,  20],
       device='cuda:0') torch.Size([54])
09/21/2023, 17:07:20# predicted of 0: tensor([161, 161, 161,  82, 161, 161, 161, 161, 128, 161,  25,  25,  25,  25,
        161, 161, 161, 127, 127, 161,  29,  29, 161, 161, 161, 161, 161, 161,
        161, 161, 161, 161, 161, 161, 161, 161, 161, 161, 161,   7,   7,   7,
         17,  17,  17,  17, 161, 161, 161, 161, 161, 161,  29,  29],
       device='cuda:0') torch.Size([54])
09/21/2023, 17:07:30# labels of Validation: tensor([100, 100, 100,  ...,  66,  66,  66], device='cuda:0') torch.Size([1828])
09/21/2023, 17:07:30# predicted of Validation: tensor([156, 156, 156,  ..., 161, 161, 161], device='cuda:0') torch.Size([1828])
09/21/2023, 17:07:31# Validation Loss: 2.4109 | Validation Accuracy: 0.4948

09/21/2023, 17:07:31# Find a better model!!
09/21/2023, 17:07:44# total batches: 1032
09/21/2023, 17:07:44# Epoch 1 | Train Loss: 1.6448 | Train Accuracy: 0.6630
09/21/2023, 17:07:44# labels of Validation: tensor([  8,   8,  77,  77,  77,  77,  77,  77,  77,  77,  44, 153, 153, 153,
         56,  56,  56,  56,  56,  56, 104, 103, 103,   4,  65,  46,  46, 103,
        103, 153, 153, 153,  13,  13,  13,  13,  13, 131, 131, 131, 131, 131,
         36,  53,   5,   5,   5], device='cuda:0') torch.Size([47])
09/21/2023, 17:07:44# predicted of Validation: tensor([ 29,  29,  77,  77,  77,  77,  77,  77,  77,  17, 160, 153, 153, 153,
        148,  56,  56,  56,  56,  56, 160,  28,  28,  29,  65,  46,  46,  91,
         91, 153, 153, 153,  91,  13,  13,  13,  13,  17,  17,  17,  17,  17,
         29,  25, 105,   5,   5], device='cuda:0') torch.Size([47])
09/21/2023, 17:07:44# labels of 0: tensor([  8,   8,  77,  77,  77,  77,  77,  77,  77,  77,  44, 153, 153, 153,
         56,  56,  56,  56,  56,  56, 104, 103, 103,   4,  65,  46,  46, 103,
        103, 153, 153, 153,  13,  13,  13,  13,  13, 131, 131, 131, 131, 131,
         36,  53,   5,   5,   5], device='cuda:0') torch.Size([47])
09/21/2023, 17:07:44# predicted of 0: tensor([ 29,  29,  77,  77,  77,  77,  77,  77,  77,  17, 160, 153, 153, 153,
        148,  56,  56,  56,  56,  56, 160,  28,  28,  29,  65,  46,  46,  91,
         91, 153, 153, 153,  91,  13,  13,  13,  13,  17,  17,  17,  17,  17,
         29,  25, 105,   5,   5], device='cuda:0') torch.Size([47])
09/21/2023, 17:07:54# labels of Validation: tensor([147,  65,  65,  65,  65,  65,  65,  65,  65, 147, 147, 147, 147,  41,
         41,  41,  41,  41, 150,  62,  62,  62,  62,  62,  62,  57,  17,  17,
         17,  17,  17,  17,  17,  17,  17,  17,  17,  17,  17,  17,  17,  17,
         17,  17,  17,  17,  17,  17,  17,  17,  17,  17,  17,  17,  17,  17,
         17,  17,  17,  17,  17,  17,  17,  17,  17,  17,  17,  17,  17,  17,
         17,  17,  17,  17,  17,  17,  17,  17,  17,  17,  17,  17,  17,  17,
         17,  17,  17,  17,  17,  17,  17,  17,  17,  17,  17,  17,  17,  17,
         17,  17,  17,  17,  17,  17,  17,  17,  17,  17,  17,  17,  17,  17,
         17,  17,  17,  17,  17,  17,  17,  17,  17,  17,  17,  17,  17,  17,
         17,  17,  17,  17, 151,  71,  71,  71,  71,  71,  71, 162,  64,  64,
        124, 125,  83,  65,  65,  65,  65, 135, 135,  31, 166, 166, 166, 166,
        166, 166], device='cuda:0') torch.Size([156])
09/21/2023, 17:07:54# predicted of Validation: tensor([105,  65,  65,  65,  65,  65,  65,  65,  65, 147, 136, 136, 147,  41,
         41,  41,  41,  41,  29,  62,  62,  62,  62,  62,  62, 133,  17,  17,
         17,  17,  17,  17,  17,  17,  17,  17,  17,  17,  17,  17,  17,  17,
         17,  17,  17,  17,  17,  17,  17,  17,  17,  17,  17,  17,  17,  17,
         17,  17,  17,  17,  17,  17,  17,  17,  17,  17,  17,  17,  17,  17,
         17,  17,  17,  17,  17,  17,  17,  17,  17,  17,  17,  17,  17,  17,
         17,  17,  17,  29,  17,  17,  17,  17,  17,  17,  17,  17,  17,  17,
         17,  17,  17,  17,  17,  17,  17,  17,  17,  17,  17,  17,  17,  17,
         17,  17,  17,  17,  17,  17,  17,  17,  17,  17,  17,  17,  17,  17,
         17,  17,  17,  17, 160,  71,  71,  71,  71,  71,  71,  29, 133, 160,
         91,  29,  29,  65,  65,  65,  65, 135, 135, 105, 166, 166, 166, 166,
        166, 166], device='cuda:0') torch.Size([156])
09/21/2023, 17:07:54# Validation Loss: 0.9719 | Validation Accuracy: 0.8573

09/21/2023, 17:07:54# Find a better model!!
09/21/2023, 17:08:08# total batches: 1032
09/21/2023, 17:08:08# Epoch 2 | Train Loss: 0.7901 | Train Accuracy: 0.8601
09/21/2023, 17:08:09# labels of Validation: tensor([ 68,  68,  18, 130, 130, 130, 130, 130, 166, 166, 166, 166, 166, 166,
         27,  27,  27,  15,  15,  15, 125,  79,  79, 118, 118, 118, 118, 118,
        118, 118, 118, 118, 118, 118, 118, 118, 118, 118, 118, 118, 118, 118,
        118, 118,  15,  15,  15,  99,  99,  99,  99,  99,  99,  99,  99,  99,
         65,  99,  99,  99,  99,  99,  99,  99,  99,  99,  99,  99,  99,  99,
         65, 102, 102,  48,  35,  35,  65,  35,  35,  35,  35,  12, 156, 156,
        156, 156, 156, 156, 156, 156, 156, 156, 156, 156, 156, 156, 156, 156,
        156, 156, 156, 156, 156, 156, 156, 156, 156, 156, 156, 156, 156, 156,
        156, 156, 156, 156, 156, 156, 156, 156, 156, 156, 156, 156, 156, 156,
        156, 156, 156, 156, 156, 156, 156, 156, 156, 156, 156, 156,  65, 156,
        156, 156, 156, 156, 156, 156, 156], device='cuda:0') torch.Size([147])
09/21/2023, 17:08:09# predicted of Validation: tensor([131, 131, 127, 130, 130, 130, 130, 130, 166, 166, 166, 166, 166, 166,
        146,  27,  27, 131,  15,  15, 131,  37,  84, 118, 118, 118, 118, 118,
        118, 118, 118, 118, 118, 118, 118, 118, 118, 118, 118, 118, 118, 118,
        118, 118,  35,  15,  15, 131,  99,  99,  99,  99,  99,  99,  99,  99,
         65,  99,  99,  99,  99,  99,  99,  99,  99,  99,  99,  99,  99,  99,
         65, 102, 102, 131,  35,  35,  65,  35,  35,  35,  35, 129, 156, 156,
        156, 156, 156, 156, 156, 156, 156, 156, 156, 156, 156, 156, 156, 156,
        156, 156, 156, 156, 156, 156, 156, 156, 156, 156, 156, 156, 156, 156,
        156, 156, 156, 156, 156, 156, 156, 156, 156, 156, 156, 156, 156, 156,
        156, 156, 156, 156, 156, 156, 156, 156, 156, 156, 156, 156,  65, 156,
        156, 156, 156, 156, 156, 156, 156], device='cuda:0') torch.Size([147])
09/21/2023, 17:08:09# labels of 0: tensor([ 68,  68,  18, 130, 130, 130, 130, 130, 166, 166, 166, 166, 166, 166,
         27,  27,  27,  15,  15,  15, 125,  79,  79, 118, 118, 118, 118, 118,
        118, 118, 118, 118, 118, 118, 118, 118, 118, 118, 118, 118, 118, 118,
        118, 118,  15,  15,  15,  99,  99,  99,  99,  99,  99,  99,  99,  99,
         65,  99,  99,  99,  99,  99,  99,  99,  99,  99,  99,  99,  99,  99,
         65, 102, 102,  48,  35,  35,  65,  35,  35,  35,  35,  12, 156, 156,
        156, 156, 156, 156, 156, 156, 156, 156, 156, 156, 156, 156, 156, 156,
        156, 156, 156, 156, 156, 156, 156, 156, 156, 156, 156, 156, 156, 156,
        156, 156, 156, 156, 156, 156, 156, 156, 156, 156, 156, 156, 156, 156,
        156, 156, 156, 156, 156, 156, 156, 156, 156, 156, 156, 156,  65, 156,
        156, 156, 156, 156, 156, 156, 156], device='cuda:0') torch.Size([147])
09/21/2023, 17:08:09# predicted of 0: tensor([131, 131, 127, 130, 130, 130, 130, 130, 166, 166, 166, 166, 166, 166,
        146,  27,  27, 131,  15,  15, 131,  37,  84, 118, 118, 118, 118, 118,
        118, 118, 118, 118, 118, 118, 118, 118, 118, 118, 118, 118, 118, 118,
        118, 118,  35,  15,  15, 131,  99,  99,  99,  99,  99,  99,  99,  99,
         65,  99,  99,  99,  99,  99,  99,  99,  99,  99,  99,  99,  99,  99,
         65, 102, 102, 131,  35,  35,  65,  35,  35,  35,  35, 129, 156, 156,
        156, 156, 156, 156, 156, 156, 156, 156, 156, 156, 156, 156, 156, 156,
        156, 156, 156, 156, 156, 156, 156, 156, 156, 156, 156, 156, 156, 156,
        156, 156, 156, 156, 156, 156, 156, 156, 156, 156, 156, 156, 156, 156,
        156, 156, 156, 156, 156, 156, 156, 156, 156, 156, 156, 156,  65, 156,
        156, 156, 156, 156, 156, 156, 156], device='cuda:0') torch.Size([147])
09/21/2023, 17:08:18# labels of Validation: tensor([ 35,  35,  65,  35,  35,  35,  35, 113, 113,  47, 144, 116,  30,  54,
         60,  29,  29,  29,  29,  29,  29,  29,  29,  29,  29,  15,  15,  15,
        158,  15,  15,  15,  45,  45,  45, 138, 138, 138, 138, 138, 138, 138,
        138, 138, 138, 165, 165, 165, 165, 165, 165, 165, 165, 165, 165, 165,
        165, 165, 165, 165, 165, 165, 165, 165, 165, 165, 165, 165, 165, 165,
        165, 165, 165, 165, 165, 165, 165, 165, 165, 165, 165, 165, 165, 165,
        165, 165, 165, 165, 165, 165, 165, 165, 165, 165, 165, 165, 165, 165,
        165, 165, 165, 165, 165, 165, 165, 165, 165, 165, 165, 165, 165, 165,
        165, 165, 165, 165, 165, 165, 165, 165, 165, 165, 165, 165, 165, 165,
        165,   8,   8], device='cuda:0') torch.Size([129])
09/21/2023, 17:08:18# predicted of Validation: tensor([ 35,  35,  65,  35,  35,  35,  35, 131, 131, 131,  37, 131, 131, 131,
        160,  29,  29,  29,  29,  29,  29,  17,  29,  29,  17,  15,  15,  15,
        131,  15,  15,  15, 131,  45,  45, 138, 138, 138, 138, 138, 138, 138,
        138, 138, 138, 165, 165, 165, 165, 165, 165, 165, 165, 165, 165, 165,
        165, 165, 165, 165, 165, 165, 165, 165, 165, 165, 165, 165, 165, 165,
        165, 165, 165, 165, 165, 165, 165, 165, 165, 165, 165, 165, 165, 165,
        165, 165, 165, 165, 165, 165, 165, 165, 165, 165, 165, 165, 165, 165,
        165, 165, 165, 165, 165, 165, 165, 165, 165, 165, 165, 165, 165, 165,
        165, 165, 165, 165, 165, 165, 165, 165, 165, 165, 165, 165, 165, 165,
        165, 131, 131], device='cuda:0') torch.Size([129])
09/21/2023, 17:08:19# Validation Loss: 0.5234 | Validation Accuracy: 0.9120

09/21/2023, 17:08:19# Find a better model!!
09/21/2023, 17:08:32# total batches: 1032
09/21/2023, 17:08:32# Epoch 3 | Train Loss: 0.5159 | Train Accuracy: 0.9023
09/21/2023, 17:08:32# labels of Validation: tensor([130, 130, 130, 130, 130,  24,  65,  65,  65,  65,  65,  65,  65,  65,
         65,  65,  65,  65,  65,  65,  65,  65,  65, 149, 149, 149, 149, 149,
        149, 149, 149, 149, 149, 149, 149, 149, 149, 149, 149, 136, 136, 136,
        136, 136, 136, 136,  82,  82,  82,  82,  82,  82,  82,  82,  82,  82,
         82,  82,  82,  82,  82,  82,  82,  82,  82,  82,  82,  82,  82,  82,
         82,  82,  82,  51,  65,  51,  51,  51,  51, 107, 107, 107, 107, 107,
        107, 107, 107, 145, 145, 145, 145, 145, 145, 140, 140, 140, 140, 140,
        140, 140, 140, 140, 140, 140, 140, 140,  46,  46,  65, 102, 102,  92,
        122, 122, 122, 122, 122, 122, 122,  47,  44,  10,  10],
       device='cuda:0') torch.Size([123])
09/21/2023, 17:08:32# predicted of Validation: tensor([130, 130, 130, 130, 130, 159,  65,  65,  65,  65,  65,  65,  65,  65,
         65,  65,  65,  65,  65,  65,  65,  65,  65, 149, 149, 149, 149, 149,
        149, 149, 149, 149, 149, 149, 149, 149, 149, 149, 149, 136, 136, 136,
        136, 136, 136, 136,  82,  82,  82,  82,  82,  82,  82,  82,  82,  82,
         82,  82,  82,  82,  82,  82,  82,  82,  82,  82,  82,  82,  82,  82,
         82,  82,  82,  51,  65,  51,  51,  51,  51, 107, 107, 107, 107, 107,
        107, 107, 107, 145, 145, 145, 145, 145, 145, 140, 140, 140, 140, 140,
        140, 140, 140, 140, 140, 140, 140, 140,  46,  46,  65, 102, 102, 115,
        122, 122, 122, 122, 122, 122, 122, 159, 131,  10,  10],
       device='cuda:0') torch.Size([123])
09/21/2023, 17:08:32# labels of 0: tensor([130, 130, 130, 130, 130,  24,  65,  65,  65,  65,  65,  65,  65,  65,
         65,  65,  65,  65,  65,  65,  65,  65,  65, 149, 149, 149, 149, 149,
        149, 149, 149, 149, 149, 149, 149, 149, 149, 149, 149, 136, 136, 136,
        136, 136, 136, 136,  82,  82,  82,  82,  82,  82,  82,  82,  82,  82,
         82,  82,  82,  82,  82,  82,  82,  82,  82,  82,  82,  82,  82,  82,
         82,  82,  82,  51,  65,  51,  51,  51,  51, 107, 107, 107, 107, 107,
        107, 107, 107, 145, 145, 145, 145, 145, 145, 140, 140, 140, 140, 140,
        140, 140, 140, 140, 140, 140, 140, 140,  46,  46,  65, 102, 102,  92,
        122, 122, 122, 122, 122, 122, 122,  47,  44,  10,  10],
       device='cuda:0') torch.Size([123])
09/21/2023, 17:08:32# predicted of 0: tensor([130, 130, 130, 130, 130, 159,  65,  65,  65,  65,  65,  65,  65,  65,
         65,  65,  65,  65,  65,  65,  65,  65,  65, 149, 149, 149, 149, 149,
        149, 149, 149, 149, 149, 149, 149, 149, 149, 149, 149, 136, 136, 136,
        136, 136, 136, 136,  82,  82,  82,  82,  82,  82,  82,  82,  82,  82,
         82,  82,  82,  82,  82,  82,  82,  82,  82,  82,  82,  82,  82,  82,
         82,  82,  82,  51,  65,  51,  51,  51,  51, 107, 107, 107, 107, 107,
        107, 107, 107, 145, 145, 145, 145, 145, 145, 140, 140, 140, 140, 140,
        140, 140, 140, 140, 140, 140, 140, 140,  46,  46,  65, 102, 102, 115,
        122, 122, 122, 122, 122, 122, 122, 159, 131,  10,  10],
       device='cuda:0') torch.Size([123])
09/21/2023, 17:08:43# labels of Validation: tensor([ 34, 153, 153, 153, 161, 161, 161, 161, 161, 161, 161, 161, 161, 161,
        161, 161, 161, 161, 161, 161, 161, 161, 161, 161, 161, 161, 161, 161,
        161, 161, 161, 161, 161, 161, 161, 161, 161, 161, 161, 161, 161, 161,
        161, 161, 161, 161, 161, 161, 161, 161, 161, 161, 161, 161, 161, 161,
        161, 161, 161, 161, 161, 161, 161, 161, 161, 161, 161, 161, 161, 161,
        161, 161, 161, 161, 161, 161, 161, 161, 161, 161, 161, 161, 161, 161,
        161, 161, 161, 161, 161, 161, 161, 161, 161, 161, 161, 161, 161, 161,
        161, 161, 161, 161, 161, 161, 161, 161, 161, 161, 161, 161, 161, 161,
        161, 161, 161, 161, 161, 161, 161, 161, 161, 161, 161, 161, 161, 161,
        161, 161, 161, 161, 161, 161, 161, 161, 161, 161, 161, 161, 161, 161,
        161, 161, 161, 161, 161, 161, 161, 161, 161, 161, 161, 161, 161, 161,
         99,  99,  99,  99,  99,  99,  99,  99,  99,  99,  99,  99,  99,  99,
         99,  99,  99,  99,  99,  99,  99,  99, 151,  82,  82,  82,  82,  82,
         82,  82,  82,  82,  82,  82,  82,  82,  82,  82,  82,  82,  82,  82,
         82,  82,  82,  82,  82,  82,  82,  82,  76, 115, 115, 115, 115, 115,
        115, 115, 115, 115, 115,  36,  54, 154, 154, 154, 154, 154, 154, 154,
        154, 154, 154, 154, 154, 154, 154, 154, 154, 154, 154, 154, 154, 154,
        154, 154, 154, 154, 154, 154, 154, 154, 154, 154, 154, 154, 154, 154,
        154, 154, 154, 154, 154, 154, 154,  65,  65,  65,  65,  65,  65,  65,
         65,  65,  65,  65,  65,  65,  65,  65,  65,  65,  65,  65,  65,  65,
         65,  65,  65,  65,  65,  65,  65,  65,  65,  65,  65,  65,  65,  65,
         65,  65,  65,  65,  65,  65,  65,  65,  65,  65,  65,  65,  65,  65,
         65,  65,  65,  65,  65,  65,  65,  65,  65,  65,  65,  65,  65,  65,
         65,  65,  65,  65,  65,  65,  65,  65,  65,  65,  65,  65,  65,  65,
         65,  65,  65,  65,  65,  65,  65,  65,  65,  65,  65,  65,  65,  65,
         65,  65,  65,  65,  65,  65,  65,  65,  65,  65,  65,  65,  65,  65,
         65,  65,  65,  65,  65,  65,  65, 154, 154, 154, 154, 154, 154, 154,
        154, 154, 154, 154, 154, 154, 154, 154, 125,   5,   5,   5,   9,  24,
        143], device='cuda:0') torch.Size([393])
09/21/2023, 17:08:43# predicted of Validation: tensor([131, 153, 153, 153, 161, 161, 161, 161, 161, 161, 161, 161, 161, 161,
        161, 161, 161, 161, 161, 161, 161, 161, 161, 161, 161, 161, 161, 161,
        161, 161, 161, 161, 161, 161, 161, 161, 161, 161, 161, 161, 161, 161,
        161, 161, 161, 161, 161, 161, 161, 161, 161, 161, 161, 161, 161, 161,
        161, 161, 161, 161, 161, 161, 161, 161, 161, 161, 161, 161, 161, 161,
        161, 161, 161, 161, 161, 161, 161, 161, 161, 161, 161, 161, 161, 161,
        161, 161, 161, 161, 161, 161, 161, 161, 161, 161, 161, 161, 161, 161,
        161, 161, 161, 161, 161, 161, 161, 161, 161, 161, 161, 161, 161, 161,
        161, 161, 161, 161, 161, 161, 161, 161, 161, 161, 161, 161, 161, 161,
        161, 161, 161, 161, 161, 161, 161, 161, 161, 161, 161, 161, 161, 161,
        161, 161, 161, 161, 161, 161, 161, 161, 161, 161, 161, 161, 161, 161,
         99,  99,  99,  99,  99,  99,  99,  99,  99,  99,  99,  99,  99,  99,
         99,  99,  99,  99,  99,  99,  99,  99,  40,  82,  82,  82,  82,  82,
         82,  82,  82,  82,  82,  82,  82,  82,  82,  82,  82,  82,  82,  82,
         82,  82,  82,  82,  82,  82,  82,  82, 115, 115, 115, 115, 115, 115,
        115, 115, 115, 115, 115,  37, 131, 154, 154, 154, 154, 154, 154, 154,
        154, 154, 154, 154, 154, 154, 154, 154, 154, 154, 154, 154, 154, 154,
        154, 154, 154, 154, 154, 154, 154, 154, 154, 154, 154, 154, 154, 154,
        154, 154, 154, 154, 154, 154, 154,  65,  65,  65,  65,  65,  65,  65,
         65,  65,  65,  65,  65,  65,  65,  65,  65,  65,  65,  65,  65,  65,
         65,  65,  65,  65,  65,  65,  65,  65,  65,  65,  65,  65,  65,  65,
         65,  65,  65,  65,  65,  65,  65,  65,  65,  65,  65,  65,  65,  65,
         65,  65,  65,  65,  65,  65,  65,  65,  65,  65,  65,  65,  65,  65,
         65,  65,  65,  65,  65,  65,  65,  65,  65,  65,  65,  65,  65,  65,
         65,  65,  65,  65,  65,  65,  65,  65,  65,  65,  65,  65,  65,  65,
         65,  65,  65,  65,  65,  65,  65,  65,  65,  65,  65,  65,  65,  65,
         65,  65,  65,  65,  65,  65,  65, 154, 154, 154, 154, 154, 154, 154,
        154, 154, 154, 154, 154, 154, 154, 154,  91,   5,   5,   5, 131,  50,
         94], device='cuda:0') torch.Size([393])
09/21/2023, 17:08:43# Validation Loss: 0.4045 | Validation Accuracy: 0.9291

09/21/2023, 17:08:43# Find a better model!!
09/21/2023, 17:08:57# total batches: 1032
09/21/2023, 17:08:57# Epoch 4 | Train Loss: 0.4109 | Train Accuracy: 0.9191
09/21/2023, 17:08:57# labels of Validation: tensor([150,  41,  41,  ...,  10,  10,   9], device='cuda:0') torch.Size([1367])
09/21/2023, 17:08:57# predicted of Validation: tensor([ 81,  41,  41,  ...,  10,  10, 115], device='cuda:0') torch.Size([1367])
09/21/2023, 17:08:57# labels of 0: tensor([150,  41,  41,  ...,  10,  10,   9], device='cuda:0') torch.Size([1367])
09/21/2023, 17:08:57# predicted of 0: tensor([ 81,  41,  41,  ...,  10,  10, 115], device='cuda:0') torch.Size([1367])
09/21/2023, 17:09:07# labels of Validation: tensor([146, 146, 146, 146, 146, 146, 110, 110,  58,  58,  58,  58,  58,  58,
         58, 151, 125, 164, 129, 129, 129, 129, 129, 129, 129,  19,  19,  19,
         19,  19,  92,  16,  16,  16,  16,  16,  16,  16,  16,  16,  16,  16,
         16,  16,  16,  16,  16,  16,  16,  16,  16,  78,  78,  78,  78,  78,
         21,  21,  21,  21,  21,  21,  21,  21,  21,  21,  21,  42, 139, 139,
        139, 139, 139,  85,  85,  85,  85,  85,  85,  85,  85,  85,  85,  85,
         52,  52,  52,  52,  52,  52,  52,  52,  52,  52,  52,  65,  52,  52,
         52,  52,  52,  52,  52,  52,  52,  52,  52,  52,  52,  52,  52,  52,
         52,  52,  52,  52,  52,  52,  52,  52,  52,  52,  52,  52,  52,  52,
         52,  52,  52,  52,  52,  52,  52,  52,  52,  52,  52,  52,  52,  52,
         52,  52,  52,  52,  52,  52,  52,  52,  52,  52,  52,  52,  52,  52,
         52,  52,  52,  52,  52,  52,  52,  52,  52,  52,  52,  52,  52,  52,
         52,  52,  52,  52,  52,  52,  52,  52,  52,  52,  52,  52,  52,  52,
         52,  52,  52,  52,  52,  52,  52,  52,  52,  52,  52,  52,  52,  52,
         52,  52,  52,  52,  52,  52,  52,  52,  52,  52,  52,  52,  52,  52,
         52,  52,  52,  52,  52,  52,  52,  52,  52,  52,  52,  52],
       device='cuda:0') torch.Size([222])
09/21/2023, 17:09:07# predicted of Validation: tensor([146, 146, 146, 146, 146, 146, 108, 108,  58,  58,  58,  58,  58,  58,
         58, 131, 131,  51, 129, 129, 129, 129, 129, 129, 129,  19,  19,  19,
         19,  19, 108,  16,  16,  16,  16,  16,  16,  16,  16,  16,  16,  16,
         16,  16,  16,  16,  16,  16,  16,  16,  16,  67,  67,  67,  67,  67,
         21,  21,  21,  21,  21,  21,  21,  21,  21,  21,  21,  56, 139, 139,
        139, 139, 139,  85,  85,  85,  85,  85,  85,  85,  85,  85,  85,  85,
         52,  52,  52,  52,  52,  52,  52,  52,  52,  52,  52,  65,  52,  52,
         52,  52,  52,  52,  52,  52,  52,  52,  52,  52,  52,  52,  52,  52,
         52,  52,  52,  52,  52,  52,  52,  52,  52,  52,  52,  52,  52,  52,
         52,  52,  52,  52,  52,  52,  52,  52,  52,  52,  52,  52,  52,  52,
         52,  52,  52,  52,  52,  52,  52,  52,  52,  52,  52,  52,  52,  52,
         52,  52,  52,  52,  52,  52,  52,  52,  52,  52,  52,  52,  52,  52,
         52,  52,  52,  52,  52,  52,  52,  52,  52,  52,  52,  52,  52,  52,
         52,  52,  52,  52,  52,  52,  52,  52,  52,  52,  52,  52,  52,  52,
         52,  52,  52,  52,  52,  52,  52,  52,  52,  52,  52,  52,  52,  52,
         52,  52,  52,  52,  52,  52,  52,  52,  52,  52,  52,  52],
       device='cuda:0') torch.Size([222])
09/21/2023, 17:09:07# Validation Loss: 0.3554 | Validation Accuracy: 0.9300

09/21/2023, 17:09:07# Find a better model!!
09/21/2023, 17:09:20# total batches: 1032
09/21/2023, 17:09:20# Epoch 5 | Train Loss: 0.3609 | Train Accuracy: 0.9256
09/21/2023, 17:09:20# labels of Validation: tensor([ 30,  87, 156, 156, 156, 156, 156, 156, 156, 156, 156, 156, 156, 156,
        156, 156, 156, 156, 156, 156, 156, 156, 156, 156, 156, 156, 156, 156,
        156, 156, 156, 156, 156, 156, 156, 156, 156, 156, 156, 156, 156, 156,
        156, 156, 156, 156, 156, 156, 156, 156, 156, 156, 156, 156, 156, 156,
        156, 156, 156, 156, 156, 156, 156, 156, 156, 156,  69,  69,  69,  69,
         69,  69,  90,  90, 117, 117, 117, 160, 160, 160, 160, 160, 160, 160,
        160,  18,  88,  88, 140, 140, 140, 140, 140, 140, 140, 140, 140, 140,
        140, 140, 140, 134, 134, 134, 134, 134, 134, 134, 134, 134, 134, 134,
        134, 134, 134, 134, 134, 134, 134, 134, 134, 134, 134, 134, 134, 134,
        134, 134, 134, 134, 134, 134, 134, 134, 134, 134, 134, 134, 134, 134,
        134, 134, 134, 134, 134,  65, 134, 134, 134, 134, 134, 134, 134, 134,
        134, 134, 134, 134, 134, 134, 134, 134, 134, 134,  65,  65,  65,  65,
        102, 102, 156, 156, 156, 156, 156, 156, 156, 156, 156, 156, 156, 156,
        156, 156, 156, 156, 156, 156, 156, 156, 156, 156, 156, 156, 156, 156,
        156, 156, 156, 156, 156, 156, 156, 156, 156, 156, 156, 156, 156, 156,
        156, 156, 156, 156, 156, 156, 156, 156, 156, 156, 156, 156, 156, 156,
        156, 156,  65,  65,  65,  65,  65, 156, 156, 156, 156, 156, 156, 156,
        156,  66,  66,  66,  66,  66,  66,  66,  66,  66,  66,  16,  16,  16,
         16,  16,  16,  16,  16,  16,  16,  16,  16,  16,  16,  16,  16,  16,
         16,  16,  16, 127, 127, 127, 127, 127, 127, 127, 127, 127, 127, 127,
        127, 127, 127, 127, 127, 127, 127, 127, 127], device='cuda:0') torch.Size([289])
09/21/2023, 17:09:20# predicted of Validation: tensor([131, 131, 156, 156, 156, 156, 156, 156, 156, 156, 156, 156, 156, 156,
        156, 156, 156, 156, 156, 156, 156, 156, 156, 156, 156, 156, 156, 156,
        156, 156, 156, 156, 156, 156, 156, 156, 156, 156, 156, 156, 156, 156,
        156, 156, 156, 156, 156, 156, 156, 156, 156, 156, 156, 156, 156, 156,
        156, 156, 156, 156, 156, 156, 156, 156, 156, 156,  69,  69,  69,  69,
         69,  69,  91,  91, 117, 117, 117, 160, 160, 160, 160, 160, 160, 160,
        160,  91, 131, 131, 140, 140, 140, 140, 140, 140, 140, 140, 140, 140,
        140, 140, 140, 134, 134, 134, 134, 134, 134, 134, 134, 134, 134, 134,
        134, 134, 134, 134, 134, 134, 134, 134, 134, 134, 134, 134, 134, 134,
        134, 134, 134, 134, 134, 134, 134, 134, 134, 134, 134, 134, 134, 134,
        134, 134, 134, 134, 134,  65, 134, 134, 134, 134, 134, 134, 134, 134,
        134, 134, 134, 134, 134, 134, 134, 134, 134, 134,  65,  65,  65,  65,
        102, 102, 156, 156, 156, 156, 156, 156, 156, 156, 156, 156, 156, 156,
        156, 156, 156, 156, 156, 156, 156, 156, 156, 156, 156, 156, 156, 156,
        156, 156, 156, 156, 156, 156, 156, 156, 156, 156, 156, 156, 156, 156,
        156, 156, 156, 156, 156, 156, 156, 156, 156, 156, 156, 156, 156, 156,
        156, 156,  65,  65,  65,  65,  65, 156, 156, 156, 156, 156, 156, 156,
        156,  66,  66,  66,  66,  66,  66,  66,  66,  66,  66,  16,  16,  16,
         16,  16,  16,  16,  16,  16,  16,  16,  16,  16,  16,  16,  16,  16,
         16,  16,  16, 127, 127, 127, 127, 127, 127, 127, 127, 127, 127, 127,
        127, 127, 127, 127, 127, 127, 127, 127, 127], device='cuda:0') torch.Size([289])
09/21/2023, 17:09:20# labels of 0: tensor([ 30,  87, 156, 156, 156, 156, 156, 156, 156, 156, 156, 156, 156, 156,
        156, 156, 156, 156, 156, 156, 156, 156, 156, 156, 156, 156, 156, 156,
        156, 156, 156, 156, 156, 156, 156, 156, 156, 156, 156, 156, 156, 156,
        156, 156, 156, 156, 156, 156, 156, 156, 156, 156, 156, 156, 156, 156,
        156, 156, 156, 156, 156, 156, 156, 156, 156, 156,  69,  69,  69,  69,
         69,  69,  90,  90, 117, 117, 117, 160, 160, 160, 160, 160, 160, 160,
        160,  18,  88,  88, 140, 140, 140, 140, 140, 140, 140, 140, 140, 140,
        140, 140, 140, 134, 134, 134, 134, 134, 134, 134, 134, 134, 134, 134,
        134, 134, 134, 134, 134, 134, 134, 134, 134, 134, 134, 134, 134, 134,
        134, 134, 134, 134, 134, 134, 134, 134, 134, 134, 134, 134, 134, 134,
        134, 134, 134, 134, 134,  65, 134, 134, 134, 134, 134, 134, 134, 134,
        134, 134, 134, 134, 134, 134, 134, 134, 134, 134,  65,  65,  65,  65,
        102, 102, 156, 156, 156, 156, 156, 156, 156, 156, 156, 156, 156, 156,
        156, 156, 156, 156, 156, 156, 156, 156, 156, 156, 156, 156, 156, 156,
        156, 156, 156, 156, 156, 156, 156, 156, 156, 156, 156, 156, 156, 156,
        156, 156, 156, 156, 156, 156, 156, 156, 156, 156, 156, 156, 156, 156,
        156, 156,  65,  65,  65,  65,  65, 156, 156, 156, 156, 156, 156, 156,
        156,  66,  66,  66,  66,  66,  66,  66,  66,  66,  66,  16,  16,  16,
         16,  16,  16,  16,  16,  16,  16,  16,  16,  16,  16,  16,  16,  16,
         16,  16,  16, 127, 127, 127, 127, 127, 127, 127, 127, 127, 127, 127,
        127, 127, 127, 127, 127, 127, 127, 127, 127], device='cuda:0') torch.Size([289])
09/21/2023, 17:09:20# predicted of 0: tensor([131, 131, 156, 156, 156, 156, 156, 156, 156, 156, 156, 156, 156, 156,
        156, 156, 156, 156, 156, 156, 156, 156, 156, 156, 156, 156, 156, 156,
        156, 156, 156, 156, 156, 156, 156, 156, 156, 156, 156, 156, 156, 156,
        156, 156, 156, 156, 156, 156, 156, 156, 156, 156, 156, 156, 156, 156,
        156, 156, 156, 156, 156, 156, 156, 156, 156, 156,  69,  69,  69,  69,
         69,  69,  91,  91, 117, 117, 117, 160, 160, 160, 160, 160, 160, 160,
        160,  91, 131, 131, 140, 140, 140, 140, 140, 140, 140, 140, 140, 140,
        140, 140, 140, 134, 134, 134, 134, 134, 134, 134, 134, 134, 134, 134,
        134, 134, 134, 134, 134, 134, 134, 134, 134, 134, 134, 134, 134, 134,
        134, 134, 134, 134, 134, 134, 134, 134, 134, 134, 134, 134, 134, 134,
        134, 134, 134, 134, 134,  65, 134, 134, 134, 134, 134, 134, 134, 134,
        134, 134, 134, 134, 134, 134, 134, 134, 134, 134,  65,  65,  65,  65,
        102, 102, 156, 156, 156, 156, 156, 156, 156, 156, 156, 156, 156, 156,
        156, 156, 156, 156, 156, 156, 156, 156, 156, 156, 156, 156, 156, 156,
        156, 156, 156, 156, 156, 156, 156, 156, 156, 156, 156, 156, 156, 156,
        156, 156, 156, 156, 156, 156, 156, 156, 156, 156, 156, 156, 156, 156,
        156, 156,  65,  65,  65,  65,  65, 156, 156, 156, 156, 156, 156, 156,
        156,  66,  66,  66,  66,  66,  66,  66,  66,  66,  66,  16,  16,  16,
         16,  16,  16,  16,  16,  16,  16,  16,  16,  16,  16,  16,  16,  16,
         16,  16,  16, 127, 127, 127, 127, 127, 127, 127, 127, 127, 127, 127,
        127, 127, 127, 127, 127, 127, 127, 127, 127], device='cuda:0') torch.Size([289])
09/21/2023, 17:09:30# labels of Validation: tensor([  2,  35,  35,  65,  35,  35,  35,  35,  35,  35,  35,  35,  35,  35,
         23,  23,  23,  23,  23,  44,  65,  65,  65,  65,  65,  65,  65,  65,
         65,  65,  65, 149, 149, 149, 149, 149, 149, 149, 149, 149, 149, 149,
        149, 149, 149, 149, 149, 110, 110,  62,  62,  62,  62,  62,  62,  11,
        108, 108, 108, 108, 166, 166, 166, 166, 166, 166, 164,  47, 144,  81,
        115, 115, 115, 115, 115, 115, 115, 115, 115, 115], device='cuda:0') torch.Size([80])
09/21/2023, 17:09:30# predicted of Validation: tensor([ 29,  35,  35,  65,  35,  35,  35,  35,  35,  35,  35,  35,  35,  35,
         23,  23,  23,  23,  23,  91,  65,  65,  65,  65,  65,  65,  65,  65,
         65,  65,  65, 149, 149, 149, 149, 149, 149, 149, 149, 149, 149, 149,
        149, 149, 149, 149, 149, 131, 131,  62,  62,  62,  62,  62,  62,  30,
        127,  91,  91,  91, 166, 166, 166, 166, 166, 166,  91, 131, 131,  91,
        115, 115, 115, 115, 115, 115, 115, 115, 115, 115], device='cuda:0') torch.Size([80])
09/21/2023, 17:09:30# Validation Loss: 0.3164 | Validation Accuracy: 0.9337

09/21/2023, 17:09:30# Find a better model!!
09/21/2023, 17:09:44# total batches: 1032
09/21/2023, 17:09:44# Epoch 6 | Train Loss: 0.3413 | Train Accuracy: 0.9264
09/21/2023, 17:09:44# labels of Validation: tensor([110, 110, 150, 119, 125,  13,  13,  13,  13,  13,  59,  59,  59, 131,
        131, 131, 131, 131, 122, 122, 122, 122, 122, 122, 122,  32,  32,  32,
         32,  32,  32,  32,  32,  32,  32,  32,  32,  32,  32,  32,  65,  65,
         65, 102, 102, 114, 114, 114, 114,  65,  65,  65,  65,  65,  65,  65,
         65,  65,  65,  65,  65,  65,  65,  65,  65,  65,  65,  65,  65,  65,
         65,  65,  65,  65,  65,  65,  65,  65,  65,  70,  70,  70,  70,  70,
         70,  70,  70,  70,  70,  70,  70,  70,  70,  70,  70,  70,  70,  70,
         70,  70,  70,  70,  12,  68,  68, 140, 140, 140, 140, 140, 140, 140,
        140, 140, 140, 140, 140, 140], device='cuda:0') torch.Size([118])
09/21/2023, 17:09:44# predicted of Validation: tensor([131, 131,  61, 131, 131,  13,  13,  13,  13,  13, 131, 131, 131, 131,
        131,  13, 131, 131, 122, 122, 122, 122, 122, 122, 122,  32,  32,  32,
         32,  32,  32,  32,  32,  32,  32,  32,  32,  32,  32,  32,  65,  65,
         65, 102, 102, 117, 117, 131, 131,  65,  65,  65,  65,  65,  65,  65,
         65,  65,  65,  65,  65,  65,  65,  65,  65,  65,  65,  65,  65,  65,
         65,  65,  65,  65,  65,  65,  65,  65,  65,  70,  70,  70,  70,  70,
         70,  70,  70,  70,  70,  70,  70,  70,  70,  70,  70,  70,  70,  70,
         70,  70,  70,  70, 131, 131, 131, 140, 140, 140, 140, 140, 140, 140,
        140, 140, 140, 140, 140, 140], device='cuda:0') torch.Size([118])
09/21/2023, 17:09:44# labels of 0: tensor([110, 110, 150, 119, 125,  13,  13,  13,  13,  13,  59,  59,  59, 131,
        131, 131, 131, 131, 122, 122, 122, 122, 122, 122, 122,  32,  32,  32,
         32,  32,  32,  32,  32,  32,  32,  32,  32,  32,  32,  32,  65,  65,
         65, 102, 102, 114, 114, 114, 114,  65,  65,  65,  65,  65,  65,  65,
         65,  65,  65,  65,  65,  65,  65,  65,  65,  65,  65,  65,  65,  65,
         65,  65,  65,  65,  65,  65,  65,  65,  65,  70,  70,  70,  70,  70,
         70,  70,  70,  70,  70,  70,  70,  70,  70,  70,  70,  70,  70,  70,
         70,  70,  70,  70,  12,  68,  68, 140, 140, 140, 140, 140, 140, 140,
        140, 140, 140, 140, 140, 140], device='cuda:0') torch.Size([118])
09/21/2023, 17:09:44# predicted of 0: tensor([131, 131,  61, 131, 131,  13,  13,  13,  13,  13, 131, 131, 131, 131,
        131,  13, 131, 131, 122, 122, 122, 122, 122, 122, 122,  32,  32,  32,
         32,  32,  32,  32,  32,  32,  32,  32,  32,  32,  32,  32,  65,  65,
         65, 102, 102, 117, 117, 131, 131,  65,  65,  65,  65,  65,  65,  65,
         65,  65,  65,  65,  65,  65,  65,  65,  65,  65,  65,  65,  65,  65,
         65,  65,  65,  65,  65,  65,  65,  65,  65,  70,  70,  70,  70,  70,
         70,  70,  70,  70,  70,  70,  70,  70,  70,  70,  70,  70,  70,  70,
         70,  70,  70,  70, 131, 131, 131, 140, 140, 140, 140, 140, 140, 140,
        140, 140, 140, 140, 140, 140], device='cuda:0') torch.Size([118])
09/21/2023, 17:09:53# labels of Validation: tensor([ 21,  21,  21,  21,  21,  21,  21,  21,  21,  21,  21, 107, 107, 107,
        107, 107, 107, 107, 107,  91,  91,  91,  96,  96,  96,  96,  96,  96,
        101, 101, 101, 101, 101, 101, 101, 101, 101, 101, 101, 101, 101, 101,
        101, 101, 119,   2, 118, 118, 118, 118, 118, 118, 118, 118, 118, 118,
        118, 118, 118, 118, 118, 118, 118, 118, 118, 118, 118,  47, 120, 120,
        120, 120, 120, 120,   9, 145, 145, 145, 145, 145, 145, 126, 126, 126,
        121, 160, 160, 160, 160, 160, 160, 160, 160,  66,  66,  66,  66,  66,
         66,  66,  66,  66,  66], device='cuda:0') torch.Size([103])
09/21/2023, 17:09:53# predicted of Validation: tensor([ 21,  21,  21,  21,  21,  21,  21,  21,  21,  21,  21, 107, 107, 107,
        107, 107, 107, 107, 107, 131, 131, 131,  96,  96,  96,  96,  96,  96,
        101, 101, 101, 101, 101, 101, 101, 101, 101, 101, 101, 101, 101, 101,
        101, 101, 131, 112, 118, 118, 118, 118, 118, 118, 118, 118, 118, 118,
        118, 118, 118, 118, 118, 118, 118, 118, 118, 118, 118, 131, 120, 120,
        120, 120, 120, 120, 131, 145, 145, 145, 145, 145, 145, 126, 126, 126,
        124, 160, 160, 160, 160, 160, 160, 160, 160,  66,  66,  66,  66,  66,
         66,  66,  66,  66,  66], device='cuda:0') torch.Size([103])
09/21/2023, 17:09:54# Validation Loss: 0.3083 | Validation Accuracy: 0.9315

09/21/2023, 17:09:54# Find a better model!!
09/21/2023, 17:10:06# total batches: 1032
09/21/2023, 17:10:06# Epoch 7 | Train Loss: 0.3224 | Train Accuracy: 0.9288
09/21/2023, 17:10:06# labels of Validation: tensor([115, 115, 115, 115, 115, 115, 115, 115, 115, 115, 120, 120, 120, 120,
        120, 120,  59,  59,  59,  34, 118, 118, 118, 118, 118, 118, 118, 118,
        118, 118, 118, 118, 118, 118, 118, 118, 118, 118, 118, 118, 118,  58,
         58,  58,  58,  58,  58,  58, 117, 117, 117, 118, 118, 118, 118, 118,
        118, 118, 118, 118, 118, 118, 118, 118, 118, 118, 118, 118, 118, 118,
        118, 118,  96,  96,  96,  96,  96,  96, 109, 118, 118, 118, 118, 118,
        118, 118, 118, 118, 118, 118, 118, 118, 118, 118, 118, 118, 118, 118,
        118, 118, 129, 129, 129, 129, 129, 129, 129,  24, 118, 118, 118, 118,
        118, 118, 118, 118, 118, 118, 118, 118, 118, 118, 118, 118, 118, 118,
        118, 118, 118,  43,  43, 155,  65,  65,  65,  65,  65,  65,  65, 155,
        155, 155], device='cuda:0') torch.Size([142])
09/21/2023, 17:10:06# predicted of Validation: tensor([115, 115, 115, 115, 115, 115, 115, 115, 115, 115, 120, 120, 120, 120,
        120, 120, 120, 108, 108, 131, 118, 118, 118, 118, 118, 118, 118, 118,
        118, 118, 118, 118, 118, 118, 118, 118, 118, 118, 118, 118, 118,  58,
         58,  58,  58,  58,  58,  58, 117, 117, 117, 118, 118, 118, 118, 118,
        118, 118, 118, 118, 118, 118, 118, 118, 118, 118, 118, 118, 118, 118,
        118, 118,  96,  96,  96,  96,  96,  96, 131, 118, 118, 118, 118, 118,
        118, 118, 118, 118, 118, 118, 118, 118, 118, 118, 118, 118, 118, 118,
        118, 118, 129, 129, 129, 129, 129, 129, 129, 131, 118, 118, 118, 118,
        118, 118, 118, 118, 118, 118, 118, 118, 118, 118, 118, 118, 118, 118,
        118, 118, 118,  43,  43, 155,  65,  65,  65,  65,  65,  65,  65, 155,
        155, 155], device='cuda:0') torch.Size([142])
09/21/2023, 17:10:06# labels of 0: tensor([115, 115, 115, 115, 115, 115, 115, 115, 115, 115, 120, 120, 120, 120,
        120, 120,  59,  59,  59,  34, 118, 118, 118, 118, 118, 118, 118, 118,
        118, 118, 118, 118, 118, 118, 118, 118, 118, 118, 118, 118, 118,  58,
         58,  58,  58,  58,  58,  58, 117, 117, 117, 118, 118, 118, 118, 118,
        118, 118, 118, 118, 118, 118, 118, 118, 118, 118, 118, 118, 118, 118,
        118, 118,  96,  96,  96,  96,  96,  96, 109, 118, 118, 118, 118, 118,
        118, 118, 118, 118, 118, 118, 118, 118, 118, 118, 118, 118, 118, 118,
        118, 118, 129, 129, 129, 129, 129, 129, 129,  24, 118, 118, 118, 118,
        118, 118, 118, 118, 118, 118, 118, 118, 118, 118, 118, 118, 118, 118,
        118, 118, 118,  43,  43, 155,  65,  65,  65,  65,  65,  65,  65, 155,
        155, 155], device='cuda:0') torch.Size([142])
09/21/2023, 17:10:06# predicted of 0: tensor([115, 115, 115, 115, 115, 115, 115, 115, 115, 115, 120, 120, 120, 120,
        120, 120, 120, 108, 108, 131, 118, 118, 118, 118, 118, 118, 118, 118,
        118, 118, 118, 118, 118, 118, 118, 118, 118, 118, 118, 118, 118,  58,
         58,  58,  58,  58,  58,  58, 117, 117, 117, 118, 118, 118, 118, 118,
        118, 118, 118, 118, 118, 118, 118, 118, 118, 118, 118, 118, 118, 118,
        118, 118,  96,  96,  96,  96,  96,  96, 131, 118, 118, 118, 118, 118,
        118, 118, 118, 118, 118, 118, 118, 118, 118, 118, 118, 118, 118, 118,
        118, 118, 129, 129, 129, 129, 129, 129, 129, 131, 118, 118, 118, 118,
        118, 118, 118, 118, 118, 118, 118, 118, 118, 118, 118, 118, 118, 118,
        118, 118, 118,  43,  43, 155,  65,  65,  65,  65,  65,  65,  65, 155,
        155, 155], device='cuda:0') torch.Size([142])
