10/09/2023, 18:45:55# labels of 5000: tensor([161, 161, 161, 161, 161, 161, 161, 161, 161, 161, 161, 161, 161, 161,
        161, 161, 161, 161, 161, 161, 161, 161, 161, 161, 161, 161, 161, 161,
        161, 161, 161, 161, 161, 161, 161, 161, 161, 161, 161, 161, 161, 161,
        161, 161, 161, 161, 161, 161, 161, 161, 161, 161, 161, 161, 161, 161,
        161, 161, 161, 161, 161, 161, 161, 161, 161, 161, 161, 161, 161, 161,
        161, 161, 161, 161, 161, 161, 161, 161, 161, 161, 161, 161, 161, 161,
        161, 161, 161, 161, 161, 161, 161, 161, 161, 161, 161, 161, 161, 161,
        161, 161, 161, 161, 161, 161, 161, 161, 161, 161, 161, 161, 161, 161,
        161, 161, 161, 161, 161, 161, 161, 161, 161, 161, 161, 161, 161, 161,
        161, 161, 161, 161, 161, 161, 161, 161, 161, 161, 161, 161, 161, 161,
        161, 161, 161, 161, 161, 161, 161, 161, 161, 161, 142,  71,  71,  71,
         71,  71,  71,  35,  35,  65,  35,  35,  35,  35,  24,  17,  17,  17,
         17,  17,  17,  17,  17,  17,  17,  17,  17,  17,  17,  17,  17,  17,
         17,  17,  17,  17,  17,  17,  17,  17,  17,  17,  17,  17,  17,  17,
         17,  17,  17,  17,  17,  17,  17,  17,  17,  17,  17,  17,  17,  17,
         17,  17,  17,  17,  17,  17,  17,  17,  17,  17,  17,  17,  17,  17,
         17,  17,  17,  17,  17,  17,  17,  17,  17,  17,  17,  17,  17,  17,
         17,  17,  17,  17,  17,  17,  17,  17,  17,  17,  17,  17,  17,  17,
         17,  17,  17,  17,  17,  17,  17,  17,  17,  17,  17,  17,  17,  17,
         17,  17,  17, 146, 146, 146, 146, 146, 146,  68,  68, 160, 160, 160,
        160, 160, 160, 160, 160,  91,  91,  91,  53, 147, 147, 147, 147, 147,
         59,  59,  59,  53,  49,  63,  63,  63,  63], device='cuda:1') torch.Size([303])
10/09/2023, 18:45:55# predicted of 5000: tensor([161, 161, 161, 161, 161, 161, 161, 161, 161, 161, 161, 161, 161, 161,
        161, 161, 161, 161, 161, 161, 161, 161, 161, 161, 161, 161, 161, 161,
        161, 161, 161, 161, 161, 161, 161, 161, 161, 161, 161, 161, 161, 161,
        161, 161, 161, 161, 161, 161, 161, 161, 161, 161, 161, 161, 161, 161,
        161, 161, 161, 161, 161, 161, 161, 161, 161, 161, 161, 161, 161, 161,
        161, 161, 161, 161, 161, 161, 161, 161, 161, 161, 161, 161, 161, 161,
        161, 161, 161, 161, 161, 161, 161, 161, 161, 161, 161, 161, 161, 161,
        161, 161, 161, 161, 161, 161, 161, 161, 161, 161, 161, 161, 161, 161,
        161, 161, 161, 161, 161, 161, 161, 161, 161, 161, 161, 161, 161, 161,
        161, 161, 161, 161, 161, 161, 161, 161, 161, 161, 161, 161, 161, 161,
        161, 161, 161, 161, 161, 161, 161, 161, 161, 161, 127,  71,  71,  71,
         71,  71,  71,  35,  35,  65,  35,  35,  35,  35, 131,  17,  17,  17,
         17,  17,  17,  17,  17,  17,  17,  17,  17,  17,  17,  17,  17,  17,
         17,  17,  17,  17,  17,  17,  17,  17,  17,  17,  17,  17,  17,  17,
         17,  17,  17,  17,  17,  17,  17,  17,  17,  17,  17,  17,  17,  17,
         17,  17,  17,  17,  17,  17,  17,  17,  17,  17,  17,  17,  17,  17,
         17,  17, 127,  17,  17,  17,  17,  17,  17,  29,  17,  17,  17,  17,
         17,  17,  17,  17,  17,  17,  17,  17,  17,  17,  17,  17,  17,  17,
         17,  17,  17,  17,  17,  17,  17,  17,  17,  17,  17,  17,  17,  17,
         17,  17,  17, 146, 127, 146, 146, 146, 146, 108, 108, 160, 160, 160,
        160, 160, 160, 160, 160, 108, 108, 108, 127, 127, 147, 147, 147, 147,
        127, 127, 127, 108, 108,  63,  63,  63,  63], device='cuda:1') torch.Size([303])
10/09/2023, 18:48:49# total batches: 8250
10/09/2023, 18:48:49# Epoch 0 | Train Loss: 0.9647 | Train Accuracy: 0.7963
10/09/2023, 18:48:49# labels of Validation: tensor([  4,  49,  99,  99,  99,  99,  99,  99,  99,  99,  99,  65,  99,  99,
         99,  99,  99,  99,  99,  99,  99,  99,  99,  99,  99,  41,  41,  41,
         41,  41, 153, 153, 153,  36,  40,  40,  40,  40,  40,  40, 122, 122,
        122, 122, 122, 122, 122,  29,  29,  29,  29,  29,  29,  29,  29,  29,
         29,  35,  35,  65,  35,  35,  35,  35, 109,  28,  28,  28,  28,  28,
         28,  28,  28,  28,  28,  28,  28,  34, 140, 140, 140, 140, 140, 140,
        140, 140, 140, 140, 140, 140, 140, 116, 123, 123, 123, 123, 123, 123,
        123, 123, 123, 123, 123, 123, 123, 123, 123], device='cuda:1') torch.Size([107])
10/09/2023, 18:48:49# predicted of Validation: tensor([ 13, 112,  99,  99,  99,  99,  99,  99,  99,  99,  99,  65,  99,  99,
         99,  99,  99,  99,  99,  99,  99,  99,  99,  99,  99,  41,  41,  41,
         41,  41, 153, 153, 153, 108,  40,  40,  40,  40,  40,  40, 122, 122,
        122, 122, 122, 122, 122,  29,  29,  29,  29,  29,  29,  29,  29,  29,
         29,  35,  35,  65,  35,  35,  35,  35, 112,  28,  28,  28,  28,  28,
         28,  28,  28,  28,  28,  28,  28, 108, 140, 140, 140, 140, 140, 140,
        140, 140, 140, 140, 140, 140, 140, 108, 123, 123, 123, 123, 123, 123,
        123, 123, 123, 123, 123, 123, 123, 123, 123], device='cuda:1') torch.Size([107])
10/09/2023, 18:48:49# labels of 0: tensor([  4,  49,  99,  99,  99,  99,  99,  99,  99,  99,  99,  65,  99,  99,
         99,  99,  99,  99,  99,  99,  99,  99,  99,  99,  99,  41,  41,  41,
         41,  41, 153, 153, 153,  36,  40,  40,  40,  40,  40,  40, 122, 122,
        122, 122, 122, 122, 122,  29,  29,  29,  29,  29,  29,  29,  29,  29,
         29,  35,  35,  65,  35,  35,  35,  35, 109,  28,  28,  28,  28,  28,
         28,  28,  28,  28,  28,  28,  28,  34, 140, 140, 140, 140, 140, 140,
        140, 140, 140, 140, 140, 140, 140, 116, 123, 123, 123, 123, 123, 123,
        123, 123, 123, 123, 123, 123, 123, 123, 123], device='cuda:1') torch.Size([107])
10/09/2023, 18:48:49# predicted of 0: tensor([ 13, 112,  99,  99,  99,  99,  99,  99,  99,  99,  99,  65,  99,  99,
         99,  99,  99,  99,  99,  99,  99,  99,  99,  99,  99,  41,  41,  41,
         41,  41, 153, 153, 153, 108,  40,  40,  40,  40,  40,  40, 122, 122,
        122, 122, 122, 122, 122,  29,  29,  29,  29,  29,  29,  29,  29,  29,
         29,  35,  35,  65,  35,  35,  35,  35, 112,  28,  28,  28,  28,  28,
         28,  28,  28,  28,  28,  28,  28, 108, 140, 140, 140, 140, 140, 140,
        140, 140, 140, 140, 140, 140, 140, 108, 123, 123, 123, 123, 123, 123,
        123, 123, 123, 123, 123, 123, 123, 123, 123], device='cuda:1') torch.Size([107])
10/09/2023, 18:49:26# labels of Validation: tensor([107, 107, 107, 107, 107, 107, 107, 107,  61,  61,  61, 115, 115, 115,
        115, 115, 115, 115, 115, 115, 115,  89,  89,  60, 162,  45,  65,  45,
         45,  20,  20,  62,  62,  62,  62,  62,  62, 162,  45,  45,  45, 105,
        105, 105, 105, 105, 105, 105, 105, 105, 105, 105, 105, 105,  53, 150,
         88,  88,  29,  29,  29,  29,  29,  29,  29,  29,  29,  29],
       device='cuda:1') torch.Size([68])
10/09/2023, 18:49:26# predicted of Validation: tensor([107, 107, 107, 107, 107, 107, 107, 107,  61,  61,  61, 115, 115, 115,
        115, 115, 115, 115, 115, 115, 115,  89,  89,  59, 103,  45,  65,  45,
         45,  20,  20,  62,  62,  62,  62,  62,  62,  59,  45,  45,  45, 105,
        105, 105, 105, 105, 105, 105, 105, 105, 105, 105, 105, 105,  50,  89,
         59,  59,  29,  29,  29,  29,  29,  29,  29,  29,  29,  29],
       device='cuda:1') torch.Size([68])
10/09/2023, 18:49:27# Validation Loss: 0.3207 | Validation Accuracy: 0.9339

10/09/2023, 18:49:27# Find a better model!!
10/09/2023, 18:53:31# labels of 5000: tensor([160, 160, 160,  ...,  25,  25,  25], device='cuda:1') torch.Size([2098])
10/09/2023, 18:53:31# predicted of 5000: tensor([160, 160, 160,  ...,  25,  25,  25], device='cuda:1') torch.Size([2098])
10/09/2023, 18:56:13# total batches: 8250
10/09/2023, 18:56:13# Epoch 1 | Train Loss: 0.2813 | Train Accuracy: 0.9340
10/09/2023, 18:56:13# labels of Validation: tensor([ 12,  43,  43, 126, 126, 126,  65, 123, 123, 123, 123, 123, 123, 123,
        123, 123, 123, 123, 123, 123, 123, 123, 138, 138, 138, 138, 138, 138,
        138, 138, 138, 138, 123, 123, 123, 123, 123, 123, 123, 123, 123, 123,
        123, 123, 123, 123, 123, 157,  80,  80,  80,  80,  80,  80,  59,  59,
         59,  62,  62,  62,  62,  62,  62,  27,  27,  27,  99,  99,  99,  99,
         99,  99,  99,  99,  99,  99,  99,  99,  99,  99,  99,  99,  99,  99,
         99,  99,  99,  99,  73,  73,  73,  52,  52,  52,  52,  52,  52,  52,
         52,  52,  52,  52,  65,  52,  52,  52,  52,  52,  52,  52,  52,  52,
         52,  52,  52,  52,  52,  52,  52,  52,  52,  52,  52,  52,  52,  52,
         52,  52,  52,  52,  52,  52,  52,  52,  52,  52,  52,  52,  52,  52,
         52,  52,  52,  52,  52,  52,  52,  52,  52,  52,  52,  52,  52,  52,
         52,  52,  52,  52,  52,  52,  52,  52,  52,  52,  52,  52,  52,  52,
         52,  52,  52,  52,  52,  52,  52,  52,  52,  52,  52,  52,  52,  52,
         52,  52,  52,  52,  52,  52,  52,  52,  52,  52,  52,  52,  52,  52,
         52,  52,  52,  52,  52,  52,  52,  52,  52,  52,  52,  52,  52,  52,
         52,  52,  52,  52,  52,  52,  52,  52,  52,  52,  52,  52,  52,  52,
         52,  52,  52,  52,  52, 124,  51,  51,  51,  51,  51],
       device='cuda:1') torch.Size([235])
10/09/2023, 18:56:13# predicted of Validation: tensor([ 47,  43,  43, 126, 126, 126,  65, 123, 123, 123, 123, 123, 123, 123,
        123, 123, 123, 123, 123, 123, 123, 123, 138, 138, 138, 138, 138, 138,
        138, 138, 138, 138, 123, 123, 123, 123, 123, 123, 123, 123, 123, 123,
        123, 123, 123, 123, 123,  47,  80,  80,  80,  80,  80,  80, 131, 131,
        131,  62,  62,  62,  62,  62,  62,  27,  27,  27,  99,  99,  99,  99,
         99,  99,  99,  99,  99,  99,  99,  99,  99,  99,  99,  99,  99,  99,
         99,  99,  99,  99,  73,  73,  73,  52,  52,  52,  52,  52,  52,  52,
         52,  52,  52,  52,  65,  52,  52,  52,  52,  52,  52,  52,  52,  52,
         52,  52,  52,  52,  52,  52,  52,  52,  52,  52,  52,  52,  52,  52,
         52,  52,  52,  52,  52,  52,  52,  52,  52,  52,  52,  52,  52,  52,
         52,  52,  52,  52,  52,  52,  52,  52,  52,  52,  52,  52,  52,  52,
         52,  52,  52,  52,  52,  52,  52,  52,  52,  52,  52,  52,  52,  52,
         52,  52,  52,  52,  52,  52,  52,  52,  52,  52,  52,  52,  52,  52,
         52,  52,  52,  52,  52,  52,  52,  52,  52,  52,  52,  52,  52,  52,
         52,  52,  52,  52,  52,  52,  52,  52,  52,  52,  52,  52,  52,  52,
         52,  52,  52,  52,  52,  52,  52,  52,  52,  52,  52,  52,  52,  52,
         52,  52,  52,  52,  52, 108,  51,  51,  51,  51,  51],
       device='cuda:1') torch.Size([235])
10/09/2023, 18:56:13# labels of 0: tensor([ 12,  43,  43, 126, 126, 126,  65, 123, 123, 123, 123, 123, 123, 123,
        123, 123, 123, 123, 123, 123, 123, 123, 138, 138, 138, 138, 138, 138,
        138, 138, 138, 138, 123, 123, 123, 123, 123, 123, 123, 123, 123, 123,
        123, 123, 123, 123, 123, 157,  80,  80,  80,  80,  80,  80,  59,  59,
         59,  62,  62,  62,  62,  62,  62,  27,  27,  27,  99,  99,  99,  99,
         99,  99,  99,  99,  99,  99,  99,  99,  99,  99,  99,  99,  99,  99,
         99,  99,  99,  99,  73,  73,  73,  52,  52,  52,  52,  52,  52,  52,
         52,  52,  52,  52,  65,  52,  52,  52,  52,  52,  52,  52,  52,  52,
         52,  52,  52,  52,  52,  52,  52,  52,  52,  52,  52,  52,  52,  52,
         52,  52,  52,  52,  52,  52,  52,  52,  52,  52,  52,  52,  52,  52,
         52,  52,  52,  52,  52,  52,  52,  52,  52,  52,  52,  52,  52,  52,
         52,  52,  52,  52,  52,  52,  52,  52,  52,  52,  52,  52,  52,  52,
         52,  52,  52,  52,  52,  52,  52,  52,  52,  52,  52,  52,  52,  52,
         52,  52,  52,  52,  52,  52,  52,  52,  52,  52,  52,  52,  52,  52,
         52,  52,  52,  52,  52,  52,  52,  52,  52,  52,  52,  52,  52,  52,
         52,  52,  52,  52,  52,  52,  52,  52,  52,  52,  52,  52,  52,  52,
         52,  52,  52,  52,  52, 124,  51,  51,  51,  51,  51],
       device='cuda:1') torch.Size([235])
10/09/2023, 18:56:13# predicted of 0: tensor([ 47,  43,  43, 126, 126, 126,  65, 123, 123, 123, 123, 123, 123, 123,
        123, 123, 123, 123, 123, 123, 123, 123, 138, 138, 138, 138, 138, 138,
        138, 138, 138, 138, 123, 123, 123, 123, 123, 123, 123, 123, 123, 123,
        123, 123, 123, 123, 123,  47,  80,  80,  80,  80,  80,  80, 131, 131,
        131,  62,  62,  62,  62,  62,  62,  27,  27,  27,  99,  99,  99,  99,
         99,  99,  99,  99,  99,  99,  99,  99,  99,  99,  99,  99,  99,  99,
         99,  99,  99,  99,  73,  73,  73,  52,  52,  52,  52,  52,  52,  52,
         52,  52,  52,  52,  65,  52,  52,  52,  52,  52,  52,  52,  52,  52,
         52,  52,  52,  52,  52,  52,  52,  52,  52,  52,  52,  52,  52,  52,
         52,  52,  52,  52,  52,  52,  52,  52,  52,  52,  52,  52,  52,  52,
         52,  52,  52,  52,  52,  52,  52,  52,  52,  52,  52,  52,  52,  52,
         52,  52,  52,  52,  52,  52,  52,  52,  52,  52,  52,  52,  52,  52,
         52,  52,  52,  52,  52,  52,  52,  52,  52,  52,  52,  52,  52,  52,
         52,  52,  52,  52,  52,  52,  52,  52,  52,  52,  52,  52,  52,  52,
         52,  52,  52,  52,  52,  52,  52,  52,  52,  52,  52,  52,  52,  52,
         52,  52,  52,  52,  52,  52,  52,  52,  52,  52,  52,  52,  52,  52,
         52,  52,  52,  52,  52, 108,  51,  51,  51,  51,  51],
       device='cuda:1') torch.Size([235])
10/09/2023, 18:56:42# labels of Validation: tensor([133, 133, 133, 133, 133, 133, 133, 133, 153, 153, 153,  82,  82,  82,
         82,  82,  82,  82,  82,  82,  82,  82,  82,  82,  82,  82,  82,  82,
         82,  82,  82,  82,  82,  82,  82,  82,  82,  82, 151, 111,  36,  11,
        146, 146, 146, 146, 146, 146, 159, 159, 159, 159, 159, 159, 159, 159,
        159, 159,  52,  52,  52,  52,  52,  52,  52,  52,  52,  52,  52,  65,
         52,  52,  52,  52,  52,  52,  52,  52,  52,  52,  52,  52,  52,  52,
         52,  52,  52,  52,  52,  52,  52,  52,  52,  52,  52,  52,  52,  52,
         52,  52,  52,  52,  52,  52,  52,  52,  52,  52,  52,  52,  52,  52,
         52,  52,  52,  52,  52,  52,  52,  52,  52,  52,  52,  52,  52,  52,
         52,  52,  52,  52,  52,  52,  52,  52,  52,  52,  52,  52,  52,  52,
         52,  52,  52,  52,  52,  52,  52,  52,  52,  52,  52,  52,  52,  52,
         52,  52,  52,  52,  52,  52,  52,  52,  52,  52,  52,  52,  52,  52,
         52,  52,  52,  52,  52,  52,  52,  52,  52,  52,  52,  52,  52,  52,
         52,  52,  52,  52,  52,  52,  52,  52,  52,  52,  52,  52,  52,  52,
        133, 133, 133, 133, 133, 133, 133, 133,   5,   5,   5,  34, 134, 134,
        134, 134, 134, 134, 134, 134, 134, 134, 134, 134, 134, 134, 134, 134,
        134, 134, 134, 134, 134, 134, 134, 134, 134, 134, 134, 134, 134, 134,
        134, 134, 134, 134, 134, 134, 134, 134, 134, 134, 134, 134, 134, 134,
        134, 134, 134, 134, 134, 134, 134, 134, 134, 134, 134, 134, 134, 134,
        134, 134, 134, 134,   0,   0,   0,   0,   0,   0,  89,  89],
       device='cuda:1') torch.Size([278])
10/09/2023, 18:56:42# predicted of Validation: tensor([133, 133, 133, 133, 133, 133, 133, 133, 153, 153, 153,  82,  82,  82,
         82,  82,  82,  82,  82,  82,  82,  82,  82,  82,  82,  82,  82,  82,
         82,  82,  82,  82,  82,  82,  82,  82,  82,  82, 151,  68,  68,  94,
        146, 146, 146, 146, 146, 146, 159, 159, 159, 159, 159, 159, 159, 159,
        159, 159,  52,  52,  52,  52,  52,  52,  52,  52,  52,  52,  52,  65,
         52,  52,  52,  52,  52,  52,  52,  52,  52,  52,  52,  52,  52,  52,
         52,  52,  52,  52,  52,  52,  52,  52,  52,  52,  52,  52,  52,  52,
         52,  52,  52,  52,  52,  52,  52,  52,  52,  52,  52,  52,  52,  52,
         52,  52,  52,  52,  52,  52,  52,  52,  52,  52,  52,  52,  52,  52,
         52,  52,  52,  52,  52,  52,  52,  52,  52,  52,  52,  52,  52,  52,
         52,  52,  52,  52,  52,  52,  52,  52,  52,  52,  52,  52,  52,  52,
         52,  52,  52,  52,  52,  52,  52,  52,  52,  52,  52,  52,  52,  52,
         52,  52,  52,  52,  52,  52,  52,  52,  52,  52,  52,  52,  52,  52,
         52,  52,  52,  52,  52,  52,  52,  52,  52,  52,  52,  52,  52,  52,
        133, 133, 133, 133, 133, 133, 133, 133,   5,   5,   5,  68, 134, 134,
        134, 134, 134, 134, 134, 134, 134, 134, 134, 134, 134, 134, 134, 134,
        134, 134, 134, 134, 134, 134, 134, 134, 134, 134, 134, 134, 134, 134,
        134, 134, 134, 134, 134, 134, 134, 134, 134, 134, 134, 134, 134, 134,
        134, 134, 134, 134, 134, 134, 134, 134, 134, 134, 134, 134, 134, 134,
        134, 134, 134, 134,   0,   0,   0,   0,   0,   0,  89,  89],
       device='cuda:1') torch.Size([278])
10/09/2023, 18:56:43# Validation Loss: 0.2527 | Validation Accuracy: 0.9379

10/09/2023, 18:56:43# Find a better model!!
10/09/2023, 19:01:06# labels of 5000: tensor([ 19,  19,  19,  19,  19, 122, 122, 122, 122, 122, 122, 122,  65,  65,
         65,  65, 102, 102,  48,  55,  33,  13,  13,  13,  13,  13,  87, 109,
         33,  64,  64,  56,  56,  56,  56,  56,  56,  55, 151,  65,  65,  65,
         65,  65,  65,  65,  65,  65,  65,  65,  65,  65,  65,  65,  65,  65,
         65,  65,  65,  65,  65,  65,  65,  65,  65,  70,  70,  70,  70,  70,
         70,  70,  70,  70,  70,  70,  70,  70,  70,  70,  70,  70,  70,  70,
         70,  70,  70,  70,  14], device='cuda:1') torch.Size([89])
10/09/2023, 19:01:06# predicted of 5000: tensor([ 19,  19,  19,  19,  19, 122, 122, 122, 122, 122, 122, 122,  65,  65,
         65,  65, 102, 102,  33, 109,  75,  13,  13,  13,  13,  13,  31, 151,
         94,  94,  59,  56,  56,  56,  56,  56,  56, 158,  94,  65,  65,  65,
         65,  65,  65,  65,  65,  65,  65,  65,  65,  65,  65,  65,  65,  65,
         65,  65,  65,  65,  65,  65,  65,  65,  65,  70,  70,  70,  70,  70,
         70,  70,  70,  70,  70,  70,  70,  70,  70,  70,  70,  70,  70,  70,
         70,  70,  70,  70, 109], device='cuda:1') torch.Size([89])
10/09/2023, 19:03:59# total batches: 8250
10/09/2023, 19:03:59# Epoch 2 | Train Loss: 0.2516 | Train Accuracy: 0.9367
10/09/2023, 19:03:59# labels of Validation: tensor([  5,   5,   5,  81,  67,  67,  67,  67,  67, 121, 102, 102, 144, 157,
          1, 137, 137, 137, 137, 137,  40,  40,  40,  40,  40,  40,  65, 102,
        102, 137, 137, 137, 137, 137,  59,  59,  59, 164,  73,  73,  73,  95,
         95,  95], device='cuda:1') torch.Size([44])
10/09/2023, 19:03:59# predicted of Validation: tensor([  5,   5,   5,  79,  78,  78,  78,  78,  78,  59, 102, 102,  24, 111,
        151, 137, 137, 137, 137, 137,  40,  40,  40,  40,  40,  40,  65, 102,
        102, 137, 137, 137, 137, 137, 113, 113, 113,  24,  73,  73,  73,  95,
         95,  95], device='cuda:1') torch.Size([44])
10/09/2023, 19:03:59# labels of 0: tensor([  5,   5,   5,  81,  67,  67,  67,  67,  67, 121, 102, 102, 144, 157,
          1, 137, 137, 137, 137, 137,  40,  40,  40,  40,  40,  40,  65, 102,
        102, 137, 137, 137, 137, 137,  59,  59,  59, 164,  73,  73,  73,  95,
         95,  95], device='cuda:1') torch.Size([44])
10/09/2023, 19:03:59# predicted of 0: tensor([  5,   5,   5,  79,  78,  78,  78,  78,  78,  59, 102, 102,  24, 111,
        151, 137, 137, 137, 137, 137,  40,  40,  40,  40,  40,  40,  65, 102,
        102, 137, 137, 137, 137, 137, 113, 113, 113,  24,  73,  73,  73,  95,
         95,  95], device='cuda:1') torch.Size([44])
10/09/2023, 19:04:28# labels of Validation: tensor([ 79,  79,  68,  68,  80,  80,  80,  80,  80,  80,  77,  77,  77,  77,
         77,  77,  77,  77, 138, 138, 138, 138, 138, 138, 138, 138, 138, 138,
         76,  68,  68,  26,  26,  26,  26,  26,  26,  17,  17,  17,  17,  17,
         17,  17,  17,  17,  17,  17,  17,  17,  17,  17,  17,  17,  17,  17,
         17,  17,  17,  17,  17,  17,  17,  17,  17,  17,  17,  17,  17,  17,
         17,  17,  17,  17,  17,  17,  17,  17,  17,  17,  17,  17,  17,  17,
         17,  17,  17,  17,  17,  17,  17,  17,  17,  17,  17,  17,  17,  17,
         17,  17,  17,  17,  17,  17,  17,  17,  17,  17,  17,  17,  17,  17,
         17,  17,  17,  17,  17,  17,  17,  17,  17,  17,  17,  17,  17,  17,
         17,  17,  17,  17,  17,  17,  17,  17,  17,  17,  17,  17,  17,  17,
         17, 107, 107, 107, 107, 107, 107, 107, 107,  34,  89,  89, 130, 130,
        130, 130, 130,  14,  74,  48], device='cuda:1') torch.Size([160])
10/09/2023, 19:04:28# predicted of Validation: tensor([ 79,  79,  94,  94,  80,  80,  80,  80,  80,  80,  77,  77,  77,  77,
         77,  77,  77,  77, 138, 138, 138, 138, 138, 138, 138, 138, 138, 138,
        103, 111, 103,  26,  26,  26,  26,  26,  26,  17,  17,  17,  17,  17,
         17,  17,  17,  17,  17,  17,  17,  17,  17,  17,  17,  17,  17,  17,
         17,  17,  17,  17,  17,  17,  17,  17,  17,  17,  17,  17,  17,  17,
         17,  17,  17,  17,  17,  17,  17,  17,  17,  17,  17,  17,  17,  17,
         17,  17,  17,  17,  17,  17,  17,  17,  17,  17,  17,  17,  17,  17,
         17,  17,  17,  17,  17,  17,  17,  17,  17,  17,  17,  17,  17,  17,
         17,  17,  17,  17,  17,  17,  17,  17,  17,  17,  17,  17,  17,  17,
         17,  17,  17,  17,  17,  17,  17,  17,  17,  17,  17,  17,  17,  17,
         17, 107, 107, 107, 107, 107, 107, 107, 107,  92,  89,  89, 130, 130,
        130, 130, 130, 103, 103, 164], device='cuda:1') torch.Size([160])
10/09/2023, 19:04:29# Validation Loss: 0.2497 | Validation Accuracy: 0.9368

10/09/2023, 19:04:29# Find a better model!!
10/09/2023, 19:08:51# labels of 5000: tensor([ 33,  20,  20,  84,  84,  84,  84,  84,  84,  84,  84,  84,  37,  37,
         37,  37,  37, 137, 137, 137, 137, 137,  80,  80,  80,  80,  80,  80,
         65,  65,  65,  65,  65,  65,  65,  65,  65,  65,  65,  65,  65,  65,
         65,  65,  65,  65,  70,  70,  70,  70,  70,  70,  70,  70,  70,  70,
         70,  70,  70,  70,  70,  70,  70,  70,  70,  70,  70,  70,  70, 153,
        153, 153,  90,  90,  14,  15,  15,  15,  41,  41,  41,  41,  41,  81,
         93,  93, 144, 152], device='cuda:1') torch.Size([88])
10/09/2023, 19:08:51# predicted of 5000: tensor([112,  20,  20,  84,  84,  84,  84,  84,  84,  84,  84,  84,  37,  37,
         37,  37,  37, 137, 137, 137, 137, 137,  80,  80,  80,  80,  80,  80,
         65,  65,  65,  65,  65,  65,  65,  65,  65,  65,  65,  65,  65,  65,
         65,  65,  65,  65,  70,  70,  70,  70,  70,  70,  70,  70,  70,  70,
         70,  70,  70,  70,  70,  70,  70,  70,  70,  70,  70,  70,  70, 153,
        153, 153, 131,  91,  88,  15,  15,  15,  41,  41,  41,  41,  41, 112,
        110,  59,  31,  88], device='cuda:1') torch.Size([88])
10/09/2023, 19:11:29# total batches: 8250
10/09/2023, 19:11:29# Epoch 3 | Train Loss: 0.2457 | Train Accuracy: 0.9377
10/09/2023, 19:11:29# labels of Validation: tensor([  3,   3,   3,   3,   3,   3,   3,   3,   3,   3,   3,   3,   3,   3,
          3, 155, 155, 155, 155, 110, 110, 129, 129, 129, 129, 129, 129, 129,
         57,  29,  29,  29,  29,  29,  29,  29,  29,  29,  29, 100, 100, 100,
        100, 100, 100, 161, 161, 161, 161, 161, 161, 161, 161, 161, 161, 161,
        161, 161, 161, 161, 161, 161, 161, 161, 161, 161, 161, 161, 161, 161,
        161, 161, 161, 161, 161, 161, 161, 161, 161, 161, 161, 161, 161, 161,
        161, 161, 161, 161, 161, 161, 161, 161, 161, 161, 161, 161, 161, 161,
        161, 161, 161, 161, 161, 161, 161, 161, 161, 161, 161, 161, 161, 161,
        161, 161, 161, 161, 161, 161, 161, 161, 161, 161, 161, 161, 161, 161,
        161, 161, 161, 161, 161, 161, 161, 161, 161, 161, 161, 161, 161, 161,
        161, 161, 161, 161, 161, 161, 161, 161, 161, 161, 161, 161, 161, 161,
        161, 161, 161, 161, 161, 161, 161, 161, 161, 161, 161, 161, 161, 161,
        161, 161, 161, 161, 161, 161, 161, 161, 161, 161, 161, 161, 161, 161,
        161, 161, 161, 161, 161, 161, 161, 161, 161, 161, 161, 161, 161,  93,
         93, 154, 154, 154, 154, 154, 154, 154, 154, 154, 154, 154, 154, 154,
        154, 154, 154, 154, 154, 154, 154, 154, 154, 154, 154, 154, 154, 154,
        154, 154, 154, 154, 154, 154, 154, 154, 154, 154, 154, 154, 154, 154,
        154,  65,  65,  65,  65,  65,  65,  65,  65,  65,  65,  65,  65,  65,
         65,  65,  65,  65,  65,  65,  65,  65,  65,  65,  65,  65,  65,  65,
         65,  65,  65,  65,  65,  65,  65, 154, 154, 154, 154, 154, 154, 154,
        154, 154, 154, 154, 154, 154, 154, 154,  71,  71,  71,  71,  71,  71,
        163, 129, 129, 129, 129, 129, 129, 129,  33,  34, 128, 128, 128, 128,
        128, 128, 128, 128, 128, 128, 128, 128, 128, 128, 128, 128, 128, 128,
        128, 128], device='cuda:1') torch.Size([324])
10/09/2023, 19:11:29# predicted of Validation: tensor([  3,   3,   3,   3,   3,   3,   3,   3,   3,   3,   3,   3,   3,   3,
          3, 155, 155, 155, 155,  91,  59, 129, 129, 129, 129, 129, 129, 129,
         94,  29,  29,  29,  29,  29,  29,  29,  29,  29,  29, 100, 100, 100,
        100, 100, 100, 161, 161, 161, 161, 161, 161, 161, 161, 161, 161, 161,
        161, 161, 161, 161, 161, 161, 161, 161, 161, 161, 161, 161, 161, 161,
        161, 161, 161, 161, 161, 161, 161, 161, 161, 161, 161, 161, 161, 161,
        161, 161, 161, 161, 161, 161, 161, 161, 161, 161, 161, 161, 161, 161,
        161, 161, 161, 161, 161, 161, 161, 161, 161, 161, 161, 161, 161, 161,
        161, 161, 161, 161, 161, 161, 161, 161, 161, 161, 161, 161, 161, 161,
        161, 161, 161, 161, 161, 161, 161, 161, 161, 161, 161, 161, 161, 161,
        161, 161, 161, 161, 161, 161, 161, 161, 161, 161, 161, 161, 161, 161,
        161, 161, 161, 161, 161, 161, 161, 161, 161, 161, 161, 161, 161, 161,
        161, 161, 161, 161, 161, 161, 161, 161, 161, 161, 161, 161, 161, 161,
        161, 161, 161, 161, 161, 161, 161, 161, 161, 161, 161, 161, 161,  93,
         91, 154, 154, 154, 154, 154, 154, 154, 154, 154, 154, 154, 154, 154,
        154, 154, 154, 154, 154, 154, 154, 154, 154, 154, 154, 154, 154, 154,
        154, 154, 154, 154, 154, 154, 154, 154, 154, 154, 154, 154, 154, 154,
        154,  65,  65,  65,  65,  65,  65,  65,  65,  65,  65,  65,  65,  65,
         65,  65,  65,  65,  65,  65,  65,  65,  65,  65,  65,  65,  65,  65,
         65,  65,  65,  65,  65,  65,  65, 154, 154, 154, 154, 154, 154, 154,
        154, 154, 154, 154, 154, 154, 154, 154,  71,  71,  71,  71,  71,  71,
         93, 129, 129, 129, 129, 129, 129, 129, 163, 163, 128, 128, 128, 128,
        128, 128, 128, 128, 128, 128, 128, 128, 128, 128, 128, 128, 128, 128,
        128, 128], device='cuda:1') torch.Size([324])
10/09/2023, 19:11:29# labels of 0: tensor([  3,   3,   3,   3,   3,   3,   3,   3,   3,   3,   3,   3,   3,   3,
          3, 155, 155, 155, 155, 110, 110, 129, 129, 129, 129, 129, 129, 129,
         57,  29,  29,  29,  29,  29,  29,  29,  29,  29,  29, 100, 100, 100,
        100, 100, 100, 161, 161, 161, 161, 161, 161, 161, 161, 161, 161, 161,
        161, 161, 161, 161, 161, 161, 161, 161, 161, 161, 161, 161, 161, 161,
        161, 161, 161, 161, 161, 161, 161, 161, 161, 161, 161, 161, 161, 161,
        161, 161, 161, 161, 161, 161, 161, 161, 161, 161, 161, 161, 161, 161,
        161, 161, 161, 161, 161, 161, 161, 161, 161, 161, 161, 161, 161, 161,
        161, 161, 161, 161, 161, 161, 161, 161, 161, 161, 161, 161, 161, 161,
        161, 161, 161, 161, 161, 161, 161, 161, 161, 161, 161, 161, 161, 161,
        161, 161, 161, 161, 161, 161, 161, 161, 161, 161, 161, 161, 161, 161,
        161, 161, 161, 161, 161, 161, 161, 161, 161, 161, 161, 161, 161, 161,
        161, 161, 161, 161, 161, 161, 161, 161, 161, 161, 161, 161, 161, 161,
        161, 161, 161, 161, 161, 161, 161, 161, 161, 161, 161, 161, 161,  93,
         93, 154, 154, 154, 154, 154, 154, 154, 154, 154, 154, 154, 154, 154,
        154, 154, 154, 154, 154, 154, 154, 154, 154, 154, 154, 154, 154, 154,
        154, 154, 154, 154, 154, 154, 154, 154, 154, 154, 154, 154, 154, 154,
        154,  65,  65,  65,  65,  65,  65,  65,  65,  65,  65,  65,  65,  65,
         65,  65,  65,  65,  65,  65,  65,  65,  65,  65,  65,  65,  65,  65,
         65,  65,  65,  65,  65,  65,  65, 154, 154, 154, 154, 154, 154, 154,
        154, 154, 154, 154, 154, 154, 154, 154,  71,  71,  71,  71,  71,  71,
        163, 129, 129, 129, 129, 129, 129, 129,  33,  34, 128, 128, 128, 128,
        128, 128, 128, 128, 128, 128, 128, 128, 128, 128, 128, 128, 128, 128,
        128, 128], device='cuda:1') torch.Size([324])
10/09/2023, 19:11:29# predicted of 0: tensor([  3,   3,   3,   3,   3,   3,   3,   3,   3,   3,   3,   3,   3,   3,
          3, 155, 155, 155, 155,  91,  59, 129, 129, 129, 129, 129, 129, 129,
         94,  29,  29,  29,  29,  29,  29,  29,  29,  29,  29, 100, 100, 100,
        100, 100, 100, 161, 161, 161, 161, 161, 161, 161, 161, 161, 161, 161,
        161, 161, 161, 161, 161, 161, 161, 161, 161, 161, 161, 161, 161, 161,
        161, 161, 161, 161, 161, 161, 161, 161, 161, 161, 161, 161, 161, 161,
        161, 161, 161, 161, 161, 161, 161, 161, 161, 161, 161, 161, 161, 161,
        161, 161, 161, 161, 161, 161, 161, 161, 161, 161, 161, 161, 161, 161,
        161, 161, 161, 161, 161, 161, 161, 161, 161, 161, 161, 161, 161, 161,
        161, 161, 161, 161, 161, 161, 161, 161, 161, 161, 161, 161, 161, 161,
        161, 161, 161, 161, 161, 161, 161, 161, 161, 161, 161, 161, 161, 161,
        161, 161, 161, 161, 161, 161, 161, 161, 161, 161, 161, 161, 161, 161,
        161, 161, 161, 161, 161, 161, 161, 161, 161, 161, 161, 161, 161, 161,
        161, 161, 161, 161, 161, 161, 161, 161, 161, 161, 161, 161, 161,  93,
         91, 154, 154, 154, 154, 154, 154, 154, 154, 154, 154, 154, 154, 154,
        154, 154, 154, 154, 154, 154, 154, 154, 154, 154, 154, 154, 154, 154,
        154, 154, 154, 154, 154, 154, 154, 154, 154, 154, 154, 154, 154, 154,
        154,  65,  65,  65,  65,  65,  65,  65,  65,  65,  65,  65,  65,  65,
         65,  65,  65,  65,  65,  65,  65,  65,  65,  65,  65,  65,  65,  65,
         65,  65,  65,  65,  65,  65,  65, 154, 154, 154, 154, 154, 154, 154,
        154, 154, 154, 154, 154, 154, 154, 154,  71,  71,  71,  71,  71,  71,
         93, 129, 129, 129, 129, 129, 129, 129, 163, 163, 128, 128, 128, 128,
        128, 128, 128, 128, 128, 128, 128, 128, 128, 128, 128, 128, 128, 128,
        128, 128], device='cuda:1') torch.Size([324])
10/09/2023, 19:11:59# labels of Validation: tensor([ 65,  65,  65,  65,  65,  65, 141, 141, 141, 141, 141, 141, 141, 141,
        141, 141,  19,  19,  19,  19,  19, 165, 165, 165, 165, 165, 165, 165,
        165, 165, 165, 165, 165, 165, 165, 165, 165, 165, 165, 165, 165, 165,
        165, 165, 165, 165, 165, 165, 165, 165, 165, 165, 165, 165, 165, 165,
        165, 165, 165, 165, 165, 165, 165, 165, 165, 165, 165, 165, 165, 165,
        165, 165, 165, 165, 165, 165, 165, 165, 165, 165, 165, 165, 165, 165,
        165, 165, 165, 165, 165, 165, 165, 165, 165, 165, 165, 165, 165, 165,
        165, 165, 165, 165, 165,  26,  26,  26,  26,  26,  26, 161, 161, 161,
        161, 161, 161, 161, 161, 161, 161, 161, 161, 161, 161, 161, 161, 161,
        161, 161, 161, 161, 161, 161, 161, 161, 161, 161, 161, 161, 161, 161,
        161, 161, 161, 161, 161, 161, 161, 161, 161, 161, 161, 161, 161, 161,
        161, 161, 161, 161, 161, 161, 161, 161, 161, 161, 161, 161, 161, 161,
        161, 161, 161, 161, 161, 161, 161, 161, 161, 161, 161, 161, 161, 161,
        161, 161, 161, 161, 161, 161, 161, 161, 161, 161, 161, 161, 161, 161,
        161, 161, 161, 161, 161, 161, 161, 161, 161, 161, 161, 161, 161, 161,
        161, 161, 161, 161, 161, 161, 161, 161, 161, 161, 161, 161, 161, 161,
        161, 161, 161, 161, 161, 161, 161, 161, 161, 161, 161, 161, 161, 161,
        161, 161, 161, 161, 161, 161, 161, 161, 161, 161, 161, 161, 161, 161,
        161, 161, 161, 161, 161, 161, 161,  65,  65,  65,  65,  65,  65,  65,
         65,  65,  65, 135, 135, 117, 117, 117,  23,  23,  23,  23,  23,  59,
         59,  59,  64,  64,  34,  75,  89,  89, 145, 145, 145, 145, 145, 145,
        164,  37,  37,  37,  37,  37], device='cuda:1') torch.Size([300])
10/09/2023, 19:11:59# predicted of Validation: tensor([ 65,  65,  65,  65,  65,  65, 141, 141, 141, 141, 141, 141, 141, 141,
        141, 141,  19,  19,  19,  19,  19, 165, 165, 165, 165, 165, 165, 165,
        165, 165, 165, 165, 165, 165, 165, 165, 165, 165, 165, 165, 165, 165,
        165, 165, 165, 165, 165, 165, 165, 165, 165, 165, 165, 165, 165, 165,
        165, 165, 165, 165, 165, 165, 165, 165, 165, 165, 165, 165, 165, 165,
        165, 165, 165, 165, 165, 165, 165, 165, 165, 165, 165, 165, 165, 165,
        165, 165, 165, 165, 165, 165, 165, 165, 165, 165, 165, 165, 165, 165,
        165, 165, 165, 165, 165,  26,  26,  26,  26,  26,  26, 161, 161, 161,
        161, 161, 161, 161, 161, 161, 161, 161, 161, 161, 161, 161, 161, 161,
        161, 161, 161, 161, 161, 161, 161, 161, 161, 161, 161, 161, 161, 161,
        161, 161, 161, 161, 161, 161, 161, 161, 161, 161, 161, 161, 161, 161,
        161, 161, 161, 161, 161, 161, 161, 161, 161, 161, 161, 161, 161, 161,
        161, 161, 161, 161, 161, 161, 161, 161, 161, 161, 161, 161, 161, 161,
        161, 161, 161, 161, 161, 161, 161, 161, 161, 161, 161, 161, 161, 161,
        161, 161, 161, 161, 161, 161, 161, 161, 161, 161, 161, 161, 161, 161,
        161, 161, 161, 161, 161, 161, 161, 161, 161, 161, 161, 161, 161, 161,
        161, 161, 161, 161, 161, 161, 161, 161, 161, 161, 161, 161, 161, 161,
        161, 161, 161, 161, 161, 161, 161, 161, 161, 161, 161, 161, 161, 161,
        161, 161, 161, 161, 161, 161, 161,  65,  65,  65,  65,  65,  65,  65,
         65,  65,  65, 135, 135, 117, 117, 117,  23,  23,  23,  23,  23, 108,
        108, 108,  93,  93,  93, 142,  89,  89, 145, 145, 145, 145, 145, 145,
        152,  37,  37,  37,  37,  37], device='cuda:1') torch.Size([300])
10/09/2023, 19:12:00# Validation Loss: 0.2367 | Validation Accuracy: 0.9392

10/09/2023, 19:12:00# Find a better model!!
10/09/2023, 19:14:28# labels of Test: tensor([65, 65, 65, 65, 70, 70, 70, 70, 70, 70, 70, 70, 70, 70, 70, 70, 70, 70,
        70, 70, 70, 70, 70, 70, 70, 70, 70, 65, 65, 65, 65, 65, 65, 65, 65, 65,
        65, 65, 65, 65, 65, 65, 65, 65, 65, 65, 65, 65, 65, 65, 65, 65, 65, 65,
        65, 65, 65, 70, 70, 70, 70, 70, 70, 70, 70, 70, 70, 70, 70, 70, 70, 70,
        70, 70, 70, 70, 70, 70, 70, 70, 65, 65, 65, 65, 65, 65, 65, 65, 70, 70,
        70, 70, 70, 70, 70, 70, 70, 70, 70, 70, 70, 70, 70, 70, 70, 70, 70, 70,
        70, 70, 70, 65, 65, 65, 65, 65, 65, 65, 65, 70, 70, 70, 70, 70, 70, 70,
        70, 70, 70, 70, 70, 70, 70, 70, 70, 70, 70, 70, 70, 70, 70, 70, 65, 65,
        65, 65, 65, 65, 65, 65, 65, 70, 70, 70, 70, 70, 70, 70, 70, 70, 70, 70,
        70, 70, 70, 70, 70, 70, 70, 70, 70, 70, 70, 70, 65, 65, 65, 65, 65, 65,
        65, 65, 65, 65, 65, 65, 70, 70, 70, 70, 70, 70, 70, 70, 70, 70, 70, 70,
        70, 70, 70, 70, 70, 70, 70, 70, 70, 70, 70, 65, 65, 65, 65, 65, 65, 65,
        65, 65, 65, 65, 65, 65, 65, 65, 65, 65, 70, 70, 70, 70, 70, 70, 70, 70,
        70, 70, 70, 70, 70, 70, 70, 70, 70, 70, 70, 70, 70, 70, 70, 65, 65, 65,
        65, 65, 65, 65, 65, 65, 65, 65, 65, 65, 65, 65, 65, 65, 65, 65, 65, 65,
        65, 65, 65, 65, 65, 65, 65, 65, 65, 65, 65, 65, 65, 65, 65, 65, 70, 70,
        70, 70, 70, 70, 70, 70, 70, 70, 70, 70, 70, 70, 70, 70, 70, 70, 70, 70,
        70, 70, 70, 65, 65, 65, 65, 65, 65, 65, 65, 65, 65, 65, 65, 65, 65, 65,
        65, 65, 65, 65, 65, 65, 65, 65, 65, 65, 70, 70, 70, 70, 70, 70, 70, 70,
        70, 70, 70, 70, 70, 70, 70, 70, 70, 70, 70, 70, 70, 70, 70, 65, 65, 65,
        65, 65, 65, 65, 65, 65, 65, 65, 65, 65, 65, 65, 65, 65, 65, 65, 70, 70,
        70, 70, 70, 70, 70, 70, 70, 70, 70, 70, 70, 70, 70, 70, 70, 70, 70, 70,
        70, 70, 70, 65, 65, 65, 65, 65, 65, 65, 65, 65, 65, 65, 65, 65, 65, 70,
        70, 70, 70, 70, 70, 70, 70, 70, 70, 70, 70, 70, 70, 70, 70, 70, 70, 70,
        70, 70, 70, 70, 65, 65, 65, 65, 65, 65, 65, 65, 65, 65, 65, 65, 65, 65,
        65, 65, 70, 70, 70, 70, 70, 70, 70, 70, 70, 70, 70, 70, 70, 70, 70, 70,
        70, 70, 70, 70, 70, 70, 70, 65, 65, 65, 65, 65, 65, 65, 65, 65, 65, 65,
        65, 65, 65, 65, 65, 65, 65, 65, 65, 65, 65, 70, 70, 70, 70, 70, 70, 70,
        70, 70, 70, 70, 70, 70, 70, 70, 70, 70, 70, 70, 70, 70, 70, 70, 65, 65,
        65, 65, 65, 65, 65, 65, 65, 65, 65, 65, 65, 65, 65, 65, 65, 65, 65, 65,
        65, 65, 65, 65, 65, 70, 70, 70, 70, 70, 70, 70, 70, 70, 70, 70, 70, 70,
        70, 70, 70, 70, 70, 70, 70, 70, 70, 70, 65, 65, 65, 65, 65, 65, 65, 65,
        70, 70, 70, 70, 70, 70, 70, 70, 70, 70, 70, 70, 70, 70, 70, 70, 70, 70,
        70, 70, 70, 70, 70, 65, 65, 65, 65, 65, 65, 65, 65, 65, 65, 65, 65, 70,
        70, 70, 70, 70, 70, 70, 70, 70, 70, 70, 70, 70, 70, 70, 70, 70, 70, 70,
        70, 70, 70, 70], device='cuda:1') torch.Size([634])
10/09/2023, 19:14:28# predicted of Test: tensor([65, 65, 65, 65, 70, 70, 70, 70, 70, 70, 70, 70, 70, 70, 70, 70, 70, 70,
        70, 70, 70, 70, 70, 70, 70, 70, 70, 65, 65, 65, 65, 65, 65, 65, 65, 65,
        65, 65, 65, 65, 65, 65, 65, 65, 65, 65, 65, 65, 65, 65, 65, 65, 65, 65,
        65, 65, 65, 70, 70, 70, 70, 70, 70, 70, 70, 70, 70, 70, 70, 70, 70, 70,
        70, 70, 70, 70, 70, 70, 70, 70, 65, 65, 65, 65, 65, 65, 65, 65, 70, 70,
        70, 70, 70, 70, 70, 70, 70, 70, 70, 70, 70, 70, 70, 70, 70, 70, 70, 70,
        70, 70, 70, 65, 65, 65, 65, 65, 65, 65, 65, 70, 70, 70, 70, 70, 70, 70,
        70, 70, 70, 70, 70, 70, 70, 70, 70, 70, 70, 70, 70, 70, 70, 70, 65, 65,
        65, 65, 65, 65, 65, 65, 65, 70, 70, 70, 70, 70, 70, 70, 70, 70, 70, 70,
        70, 70, 70, 70, 70, 70, 70, 70, 70, 70, 70, 70, 65, 65, 65, 65, 65, 65,
        65, 65, 65, 65, 65, 65, 70, 70, 70, 70, 70, 70, 70, 70, 70, 70, 70, 70,
        70, 70, 70, 70, 70, 70, 70, 70, 70, 70, 70, 65, 65, 65, 65, 65, 65, 65,
        65, 65, 65, 65, 65, 65, 65, 65, 65, 65, 70, 70, 70, 70, 70, 70, 70, 70,
        70, 70, 70, 70, 70, 70, 70, 70, 70, 70, 70, 70, 70, 70, 70, 65, 65, 65,
        65, 65, 65, 65, 65, 65, 65, 65, 65, 65, 65, 65, 65, 65, 65, 65, 65, 65,
        65, 65, 65, 65, 65, 65, 65, 65, 65, 65, 65, 65, 65, 65, 65, 65, 70, 70,
        70, 70, 70, 70, 70, 70, 70, 70, 70, 70, 70, 70, 70, 70, 70, 70, 70, 70,
        70, 70, 70, 65, 65, 65, 65, 65, 65, 65, 65, 65, 65, 65, 65, 65, 65, 65,
        65, 65, 65, 65, 65, 65, 65, 65, 65, 65, 70, 70, 70, 70, 70, 70, 70, 70,
        70, 70, 70, 70, 70, 70, 70, 70, 70, 70, 70, 70, 70, 70, 70, 65, 65, 65,
        65, 65, 65, 65, 65, 65, 65, 65, 65, 65, 65, 65, 65, 65, 65, 65, 70, 70,
        70, 70, 70, 70, 70, 70, 70, 70, 70, 70, 70, 70, 70, 70, 70, 70, 70, 70,
        70, 70, 70, 65, 65, 65, 65, 65, 65, 65, 65, 65, 65, 65, 65, 65, 65, 70,
        70, 70, 70, 70, 70, 70, 70, 70, 70, 70, 70, 70, 70, 70, 70, 70, 70, 70,
        70, 70, 70, 70, 65, 65, 65, 65, 65, 65, 65, 65, 65, 65, 65, 65, 65, 65,
        65, 65, 70, 70, 70, 70, 70, 70, 70, 70, 70, 70, 70, 70, 70, 70, 70, 70,
        70, 70, 70, 70, 70, 70, 70, 65, 65, 65, 65, 65, 65, 65, 65, 65, 65, 65,
        65, 65, 65, 65, 65, 65, 65, 65, 65, 65, 65, 70, 70, 70, 70, 70, 70, 70,
        70, 70, 70, 70, 70, 70, 70, 70, 70, 70, 70, 70, 70, 70, 70, 70, 65, 65,
        65, 65, 65, 65, 65, 65, 65, 65, 65, 65, 65, 65, 65, 65, 65, 65, 65, 65,
        65, 65, 65, 65, 65, 70, 70, 70, 70, 70, 70, 70, 70, 70, 70, 70, 70, 70,
        70, 70, 70, 70, 70, 70, 70, 70, 70, 70, 65, 65, 65, 65, 65, 65, 65, 65,
        70, 70, 70, 70, 70, 70, 70, 70, 70, 70, 70, 70, 70, 70, 70, 70, 70, 70,
        70, 70, 70, 70, 70, 65, 65, 65, 65, 65, 65, 65, 65, 65, 65, 65, 65, 70,
        70, 70, 70, 70, 70, 70, 70, 70, 70, 70, 70, 70, 70, 70, 70, 70, 70, 70,
        70, 70, 70, 70], device='cuda:1') torch.Size([634])
10/09/2023, 19:14:28# labels of 0: tensor([65, 65, 65, 65, 70, 70, 70, 70, 70, 70, 70, 70, 70, 70, 70, 70, 70, 70,
        70, 70, 70, 70, 70, 70, 70, 70, 70, 65, 65, 65, 65, 65, 65, 65, 65, 65,
        65, 65, 65, 65, 65, 65, 65, 65, 65, 65, 65, 65, 65, 65, 65, 65, 65, 65,
        65, 65, 65, 70, 70, 70, 70, 70, 70, 70, 70, 70, 70, 70, 70, 70, 70, 70,
        70, 70, 70, 70, 70, 70, 70, 70, 65, 65, 65, 65, 65, 65, 65, 65, 70, 70,
        70, 70, 70, 70, 70, 70, 70, 70, 70, 70, 70, 70, 70, 70, 70, 70, 70, 70,
        70, 70, 70, 65, 65, 65, 65, 65, 65, 65, 65, 70, 70, 70, 70, 70, 70, 70,
        70, 70, 70, 70, 70, 70, 70, 70, 70, 70, 70, 70, 70, 70, 70, 70, 65, 65,
        65, 65, 65, 65, 65, 65, 65, 70, 70, 70, 70, 70, 70, 70, 70, 70, 70, 70,
        70, 70, 70, 70, 70, 70, 70, 70, 70, 70, 70, 70, 65, 65, 65, 65, 65, 65,
        65, 65, 65, 65, 65, 65, 70, 70, 70, 70, 70, 70, 70, 70, 70, 70, 70, 70,
        70, 70, 70, 70, 70, 70, 70, 70, 70, 70, 70, 65, 65, 65, 65, 65, 65, 65,
        65, 65, 65, 65, 65, 65, 65, 65, 65, 65, 70, 70, 70, 70, 70, 70, 70, 70,
        70, 70, 70, 70, 70, 70, 70, 70, 70, 70, 70, 70, 70, 70, 70, 65, 65, 65,
        65, 65, 65, 65, 65, 65, 65, 65, 65, 65, 65, 65, 65, 65, 65, 65, 65, 65,
        65, 65, 65, 65, 65, 65, 65, 65, 65, 65, 65, 65, 65, 65, 65, 65, 70, 70,
        70, 70, 70, 70, 70, 70, 70, 70, 70, 70, 70, 70, 70, 70, 70, 70, 70, 70,
        70, 70, 70, 65, 65, 65, 65, 65, 65, 65, 65, 65, 65, 65, 65, 65, 65, 65,
        65, 65, 65, 65, 65, 65, 65, 65, 65, 65, 70, 70, 70, 70, 70, 70, 70, 70,
        70, 70, 70, 70, 70, 70, 70, 70, 70, 70, 70, 70, 70, 70, 70, 65, 65, 65,
        65, 65, 65, 65, 65, 65, 65, 65, 65, 65, 65, 65, 65, 65, 65, 65, 70, 70,
        70, 70, 70, 70, 70, 70, 70, 70, 70, 70, 70, 70, 70, 70, 70, 70, 70, 70,
        70, 70, 70, 65, 65, 65, 65, 65, 65, 65, 65, 65, 65, 65, 65, 65, 65, 70,
        70, 70, 70, 70, 70, 70, 70, 70, 70, 70, 70, 70, 70, 70, 70, 70, 70, 70,
        70, 70, 70, 70, 65, 65, 65, 65, 65, 65, 65, 65, 65, 65, 65, 65, 65, 65,
        65, 65, 70, 70, 70, 70, 70, 70, 70, 70, 70, 70, 70, 70, 70, 70, 70, 70,
        70, 70, 70, 70, 70, 70, 70, 65, 65, 65, 65, 65, 65, 65, 65, 65, 65, 65,
        65, 65, 65, 65, 65, 65, 65, 65, 65, 65, 65, 70, 70, 70, 70, 70, 70, 70,
        70, 70, 70, 70, 70, 70, 70, 70, 70, 70, 70, 70, 70, 70, 70, 70, 65, 65,
        65, 65, 65, 65, 65, 65, 65, 65, 65, 65, 65, 65, 65, 65, 65, 65, 65, 65,
        65, 65, 65, 65, 65, 70, 70, 70, 70, 70, 70, 70, 70, 70, 70, 70, 70, 70,
        70, 70, 70, 70, 70, 70, 70, 70, 70, 70, 65, 65, 65, 65, 65, 65, 65, 65,
        70, 70, 70, 70, 70, 70, 70, 70, 70, 70, 70, 70, 70, 70, 70, 70, 70, 70,
        70, 70, 70, 70, 70, 65, 65, 65, 65, 65, 65, 65, 65, 65, 65, 65, 65, 70,
        70, 70, 70, 70, 70, 70, 70, 70, 70, 70, 70, 70, 70, 70, 70, 70, 70, 70,
        70, 70, 70, 70], device='cuda:1') torch.Size([634])
10/09/2023, 19:14:28# predicted of 0: tensor([65, 65, 65, 65, 70, 70, 70, 70, 70, 70, 70, 70, 70, 70, 70, 70, 70, 70,
        70, 70, 70, 70, 70, 70, 70, 70, 70, 65, 65, 65, 65, 65, 65, 65, 65, 65,
        65, 65, 65, 65, 65, 65, 65, 65, 65, 65, 65, 65, 65, 65, 65, 65, 65, 65,
        65, 65, 65, 70, 70, 70, 70, 70, 70, 70, 70, 70, 70, 70, 70, 70, 70, 70,
        70, 70, 70, 70, 70, 70, 70, 70, 65, 65, 65, 65, 65, 65, 65, 65, 70, 70,
        70, 70, 70, 70, 70, 70, 70, 70, 70, 70, 70, 70, 70, 70, 70, 70, 70, 70,
        70, 70, 70, 65, 65, 65, 65, 65, 65, 65, 65, 70, 70, 70, 70, 70, 70, 70,
        70, 70, 70, 70, 70, 70, 70, 70, 70, 70, 70, 70, 70, 70, 70, 70, 65, 65,
        65, 65, 65, 65, 65, 65, 65, 70, 70, 70, 70, 70, 70, 70, 70, 70, 70, 70,
        70, 70, 70, 70, 70, 70, 70, 70, 70, 70, 70, 70, 65, 65, 65, 65, 65, 65,
        65, 65, 65, 65, 65, 65, 70, 70, 70, 70, 70, 70, 70, 70, 70, 70, 70, 70,
        70, 70, 70, 70, 70, 70, 70, 70, 70, 70, 70, 65, 65, 65, 65, 65, 65, 65,
        65, 65, 65, 65, 65, 65, 65, 65, 65, 65, 70, 70, 70, 70, 70, 70, 70, 70,
        70, 70, 70, 70, 70, 70, 70, 70, 70, 70, 70, 70, 70, 70, 70, 65, 65, 65,
        65, 65, 65, 65, 65, 65, 65, 65, 65, 65, 65, 65, 65, 65, 65, 65, 65, 65,
        65, 65, 65, 65, 65, 65, 65, 65, 65, 65, 65, 65, 65, 65, 65, 65, 70, 70,
        70, 70, 70, 70, 70, 70, 70, 70, 70, 70, 70, 70, 70, 70, 70, 70, 70, 70,
        70, 70, 70, 65, 65, 65, 65, 65, 65, 65, 65, 65, 65, 65, 65, 65, 65, 65,
        65, 65, 65, 65, 65, 65, 65, 65, 65, 65, 70, 70, 70, 70, 70, 70, 70, 70,
        70, 70, 70, 70, 70, 70, 70, 70, 70, 70, 70, 70, 70, 70, 70, 65, 65, 65,
        65, 65, 65, 65, 65, 65, 65, 65, 65, 65, 65, 65, 65, 65, 65, 65, 70, 70,
        70, 70, 70, 70, 70, 70, 70, 70, 70, 70, 70, 70, 70, 70, 70, 70, 70, 70,
        70, 70, 70, 65, 65, 65, 65, 65, 65, 65, 65, 65, 65, 65, 65, 65, 65, 70,
        70, 70, 70, 70, 70, 70, 70, 70, 70, 70, 70, 70, 70, 70, 70, 70, 70, 70,
        70, 70, 70, 70, 65, 65, 65, 65, 65, 65, 65, 65, 65, 65, 65, 65, 65, 65,
        65, 65, 70, 70, 70, 70, 70, 70, 70, 70, 70, 70, 70, 70, 70, 70, 70, 70,
        70, 70, 70, 70, 70, 70, 70, 65, 65, 65, 65, 65, 65, 65, 65, 65, 65, 65,
        65, 65, 65, 65, 65, 65, 65, 65, 65, 65, 65, 70, 70, 70, 70, 70, 70, 70,
        70, 70, 70, 70, 70, 70, 70, 70, 70, 70, 70, 70, 70, 70, 70, 70, 65, 65,
        65, 65, 65, 65, 65, 65, 65, 65, 65, 65, 65, 65, 65, 65, 65, 65, 65, 65,
        65, 65, 65, 65, 65, 70, 70, 70, 70, 70, 70, 70, 70, 70, 70, 70, 70, 70,
        70, 70, 70, 70, 70, 70, 70, 70, 70, 70, 65, 65, 65, 65, 65, 65, 65, 65,
        70, 70, 70, 70, 70, 70, 70, 70, 70, 70, 70, 70, 70, 70, 70, 70, 70, 70,
        70, 70, 70, 70, 70, 65, 65, 65, 65, 65, 65, 65, 65, 65, 65, 65, 65, 70,
        70, 70, 70, 70, 70, 70, 70, 70, 70, 70, 70, 70, 70, 70, 70, 70, 70, 70,
        70, 70, 70, 70], device='cuda:1') torch.Size([634])
10/09/2023, 19:14:28# labels: tensor([65, 65, 65, 65, 70, 70, 70, 70, 70, 70, 70, 70, 70, 70, 70, 70, 70, 70,
        70, 70, 70, 70, 70, 70, 70, 70, 70, 65, 65, 65, 65, 65, 65, 65, 65, 65,
        65, 65, 65, 65, 65, 65, 65, 65, 65, 65, 65, 65, 65, 65, 65, 65, 65, 65,
        65, 65, 65, 70, 70, 70, 70, 70, 70, 70, 70, 70, 70, 70, 70, 70, 70, 70,
        70, 70, 70, 70, 70, 70, 70, 70, 65, 65, 65, 65, 65, 65, 65, 65, 70, 70,
        70, 70, 70, 70, 70, 70, 70, 70, 70, 70, 70, 70, 70, 70, 70, 70, 70, 70,
        70, 70, 70, 65, 65, 65, 65, 65, 65, 65, 65, 70, 70, 70, 70, 70, 70, 70,
        70, 70, 70, 70, 70, 70, 70, 70, 70, 70, 70, 70, 70, 70, 70, 70, 65, 65,
        65, 65, 65, 65, 65, 65, 65, 70, 70, 70, 70, 70, 70, 70, 70, 70, 70, 70,
        70, 70, 70, 70, 70, 70, 70, 70, 70, 70, 70, 70, 65, 65, 65, 65, 65, 65,
        65, 65, 65, 65, 65, 65, 70, 70, 70, 70, 70, 70, 70, 70, 70, 70, 70, 70,
        70, 70, 70, 70, 70, 70, 70, 70, 70, 70, 70, 65, 65, 65, 65, 65, 65, 65,
        65, 65, 65, 65, 65, 65, 65, 65, 65, 65, 70, 70, 70, 70, 70, 70, 70, 70,
        70, 70, 70, 70, 70, 70, 70, 70, 70, 70, 70, 70, 70, 70, 70, 65, 65, 65,
        65, 65, 65, 65, 65, 65, 65, 65, 65, 65, 65, 65, 65, 65, 65, 65, 65, 65,
        65, 65, 65, 65, 65, 65, 65, 65, 65, 65, 65, 65, 65, 65, 65, 65, 70, 70,
        70, 70, 70, 70, 70, 70, 70, 70, 70, 70, 70, 70, 70, 70, 70, 70, 70, 70,
        70, 70, 70, 65, 65, 65, 65, 65, 65, 65, 65, 65, 65, 65, 65, 65, 65, 65,
        65, 65, 65, 65, 65, 65, 65, 65, 65, 65, 70, 70, 70, 70, 70, 70, 70, 70,
        70, 70, 70, 70, 70, 70, 70, 70, 70, 70, 70, 70, 70, 70, 70, 65, 65, 65,
        65, 65, 65, 65, 65, 65, 65, 65, 65, 65, 65, 65, 65, 65, 65, 65, 70, 70,
        70, 70, 70, 70, 70, 70, 70, 70, 70, 70, 70, 70, 70, 70, 70, 70, 70, 70,
        70, 70, 70, 65, 65, 65, 65, 65, 65, 65, 65, 65, 65, 65, 65, 65, 65, 70,
        70, 70, 70, 70, 70, 70, 70, 70, 70, 70, 70, 70, 70, 70, 70, 70, 70, 70,
        70, 70, 70, 70, 65, 65, 65, 65, 65, 65, 65, 65, 65, 65, 65, 65, 65, 65,
        65, 65, 70, 70, 70, 70, 70, 70, 70, 70, 70, 70, 70, 70, 70, 70, 70, 70,
        70, 70, 70, 70, 70, 70, 70, 65, 65, 65, 65, 65, 65, 65, 65, 65, 65, 65,
        65, 65, 65, 65, 65, 65, 65, 65, 65, 65, 65, 70, 70, 70, 70, 70, 70, 70,
        70, 70, 70, 70, 70, 70, 70, 70, 70, 70, 70, 70, 70, 70, 70, 70, 65, 65,
        65, 65, 65, 65, 65, 65, 65, 65, 65, 65, 65, 65, 65, 65, 65, 65, 65, 65,
        65, 65, 65, 65, 65, 70, 70, 70, 70, 70, 70, 70, 70, 70, 70, 70, 70, 70,
        70, 70, 70, 70, 70, 70, 70, 70, 70, 70, 65, 65, 65, 65, 65, 65, 65, 65,
        70, 70, 70, 70, 70, 70, 70, 70, 70, 70, 70, 70, 70, 70, 70, 70, 70, 70,
        70, 70, 70, 70, 70, 65, 65, 65, 65, 65, 65, 65, 65, 65, 65, 65, 65, 70,
        70, 70, 70, 70, 70, 70, 70, 70, 70, 70, 70, 70, 70, 70, 70, 70, 70, 70,
        70, 70, 70, 70], device='cuda:1') torch.Size([634])
10/09/2023, 19:14:28# predicted: tensor([65, 65, 65, 65, 70, 70, 70, 70, 70, 70, 70, 70, 70, 70, 70, 70, 70, 70,
        70, 70, 70, 70, 70, 70, 70, 70, 70, 65, 65, 65, 65, 65, 65, 65, 65, 65,
        65, 65, 65, 65, 65, 65, 65, 65, 65, 65, 65, 65, 65, 65, 65, 65, 65, 65,
        65, 65, 65, 70, 70, 70, 70, 70, 70, 70, 70, 70, 70, 70, 70, 70, 70, 70,
        70, 70, 70, 70, 70, 70, 70, 70, 65, 65, 65, 65, 65, 65, 65, 65, 70, 70,
        70, 70, 70, 70, 70, 70, 70, 70, 70, 70, 70, 70, 70, 70, 70, 70, 70, 70,
        70, 70, 70, 65, 65, 65, 65, 65, 65, 65, 65, 70, 70, 70, 70, 70, 70, 70,
        70, 70, 70, 70, 70, 70, 70, 70, 70, 70, 70, 70, 70, 70, 70, 70, 65, 65,
        65, 65, 65, 65, 65, 65, 65, 70, 70, 70, 70, 70, 70, 70, 70, 70, 70, 70,
        70, 70, 70, 70, 70, 70, 70, 70, 70, 70, 70, 70, 65, 65, 65, 65, 65, 65,
        65, 65, 65, 65, 65, 65, 70, 70, 70, 70, 70, 70, 70, 70, 70, 70, 70, 70,
        70, 70, 70, 70, 70, 70, 70, 70, 70, 70, 70, 65, 65, 65, 65, 65, 65, 65,
        65, 65, 65, 65, 65, 65, 65, 65, 65, 65, 70, 70, 70, 70, 70, 70, 70, 70,
        70, 70, 70, 70, 70, 70, 70, 70, 70, 70, 70, 70, 70, 70, 70, 65, 65, 65,
        65, 65, 65, 65, 65, 65, 65, 65, 65, 65, 65, 65, 65, 65, 65, 65, 65, 65,
        65, 65, 65, 65, 65, 65, 65, 65, 65, 65, 65, 65, 65, 65, 65, 65, 70, 70,
        70, 70, 70, 70, 70, 70, 70, 70, 70, 70, 70, 70, 70, 70, 70, 70, 70, 70,
        70, 70, 70, 65, 65, 65, 65, 65, 65, 65, 65, 65, 65, 65, 65, 65, 65, 65,
        65, 65, 65, 65, 65, 65, 65, 65, 65, 65, 70, 70, 70, 70, 70, 70, 70, 70,
        70, 70, 70, 70, 70, 70, 70, 70, 70, 70, 70, 70, 70, 70, 70, 65, 65, 65,
        65, 65, 65, 65, 65, 65, 65, 65, 65, 65, 65, 65, 65, 65, 65, 65, 70, 70,
        70, 70, 70, 70, 70, 70, 70, 70, 70, 70, 70, 70, 70, 70, 70, 70, 70, 70,
        70, 70, 70, 65, 65, 65, 65, 65, 65, 65, 65, 65, 65, 65, 65, 65, 65, 70,
        70, 70, 70, 70, 70, 70, 70, 70, 70, 70, 70, 70, 70, 70, 70, 70, 70, 70,
        70, 70, 70, 70, 65, 65, 65, 65, 65, 65, 65, 65, 65, 65, 65, 65, 65, 65,
        65, 65, 70, 70, 70, 70, 70, 70, 70, 70, 70, 70, 70, 70, 70, 70, 70, 70,
        70, 70, 70, 70, 70, 70, 70, 65, 65, 65, 65, 65, 65, 65, 65, 65, 65, 65,
        65, 65, 65, 65, 65, 65, 65, 65, 65, 65, 65, 70, 70, 70, 70, 70, 70, 70,
        70, 70, 70, 70, 70, 70, 70, 70, 70, 70, 70, 70, 70, 70, 70, 70, 65, 65,
        65, 65, 65, 65, 65, 65, 65, 65, 65, 65, 65, 65, 65, 65, 65, 65, 65, 65,
        65, 65, 65, 65, 65, 70, 70, 70, 70, 70, 70, 70, 70, 70, 70, 70, 70, 70,
        70, 70, 70, 70, 70, 70, 70, 70, 70, 70, 65, 65, 65, 65, 65, 65, 65, 65,
        70, 70, 70, 70, 70, 70, 70, 70, 70, 70, 70, 70, 70, 70, 70, 70, 70, 70,
        70, 70, 70, 70, 70, 65, 65, 65, 65, 65, 65, 65, 65, 65, 65, 65, 65, 70,
        70, 70, 70, 70, 70, 70, 70, 70, 70, 70, 70, 70, 70, 70, 70, 70, 70, 70,
        70, 70, 70, 70], device='cuda:1') torch.Size([634])
10/09/2023, 19:14:49# labels of Test: tensor([120, 120, 120, 120, 120, 120, 120, 120, 120, 120, 120, 120, 120, 120,
        120, 120, 120, 120, 120, 120, 120, 120, 120, 120, 120, 120, 120, 120,
        120, 120, 120, 120, 120, 120, 120, 120, 120, 120, 120, 120, 120, 120,
        120, 120, 120, 120, 120, 120, 120, 120, 120, 120, 120, 120, 120, 120,
        120, 120, 120, 120, 120, 120, 120, 120, 120, 120, 120, 120, 120, 120,
        120, 120, 120, 120, 120, 120, 120, 120, 120, 120, 120, 120, 120, 120,
        120, 120, 120, 120, 120, 120, 120, 120, 120, 120, 120, 120],
       device='cuda:1') torch.Size([96])
10/09/2023, 19:14:49# predicted of Test: tensor([120, 120, 120, 120, 120, 120, 120, 120, 120, 120, 120, 120, 120, 120,
        120, 120, 120, 120, 120, 120, 120, 120, 120, 120, 120, 120, 120, 120,
        120, 120, 120, 120, 120, 120, 120, 120, 120, 120, 120, 120, 120, 120,
        120, 120, 120, 120, 120, 120, 120, 120, 120, 120, 120, 120, 120, 120,
        120, 120, 120, 120, 120, 120, 120, 120, 120, 120, 120, 120, 120, 120,
        120, 120, 120, 120, 120, 120, 120, 120, 120, 120, 120, 120, 120, 120,
        120, 120, 120, 120, 120, 120, 120, 120, 120, 120, 120, 120],
       device='cuda:1') torch.Size([96])
10/09/2023, 19:14:50# Test Accuracy: 97.25136416524046 %



10/09/2023, 19:15:32# report path: classification_report/classification_report-transE_50-graphSAGE-0.xlsx
10/09/2023, 19:15:32# label path: classification_report/mapped_true_predicted_labels-transE_50-graphSAGE-0.xlsx
10/09/2023, 19:15:44# mapped_report:
                                                precision    recall  f1-score   support

T1003.001_0ef4cc7b-611c-4237-b20b-db36b6906554       1.00      1.00      1.00      6400
    T1003.001_35d92515122effdd73801c6ac3021da7       1.00      1.00      1.00       600
    T1003.002_5a484b65c247675e3b7ada4ba648d376       1.00      1.00      1.00       500
    T1003.002_7fa4ea18694f2552547b65e23952cabb       1.00      1.00      1.00      1500
    T1003.003_9f73269695e54311dd61dc68940fb3e1       0.00      0.00      0.00       100
    T1003.003_f049b89533298c2d6cd37a940248b219       0.00      0.00      0.00       100
        T1003_18f31c311ac208802e88ab8d5af8603e       1.00      1.00      1.00       600
        T1007_9d03c91bdae5a80f17f89c987942b5a8       1.00      1.00      1.00       600
    T1007_c6607391-d02c-44b5-9b13-d3492ca58599       0.00      0.00      0.00       100
        T1007_d6bb2a19da7246731ed9c44831b135f8       0.15      0.23      0.18       300
    T1016_14a21534-350f-4d83-9dd7-3c56b93a0c17       0.00      0.00      0.00       100
        T1016_71b3d2945679566b9d94d8cb11df4b70       0.00      0.00      0.00       100
        T1016_7d8ee68f0e9731db82964f558f614608       0.44      0.94      0.60       500
    T1016_921055f4-5970-4707-909e-62f594234d91       0.00      0.00      0.00       100
    T1016_a0676fe1-cd52-482e-8dde-349b73f9aa69       0.00      0.00      0.00       100
    T1016_e8017c46-acb8-400c-a4b5-b3362b5b5baa       0.00      0.00      0.00       100
    T1018_26c8b8b5-7b5b-4de1-a128-7d37fb14f517       0.00      0.00      0.00       100
        T1018_a44bb43474728496276d5d73aa14588f       0.00      0.00      0.00       100
        T1018_ac20e592bc912bddff4d6b88289095f0       0.00      0.00      0.00       100
    T1021.001_dd67068b052fa553ad4a0ac7d6a5ea89       0.99      1.00      1.00       600
    T1033_bd527b63-9f9e-46e0-9816-b8434d2b8989       0.00      0.00      0.00       100
    T1033_c0da588f-79f0-4263-8998-7496b1a40596       0.00      0.00      0.00       100
    T1036.003_04e8d83e7badf098d50800d6aa1dd487       1.00      1.00      1.00      2300
    T1036.003_f5ef8466e5ebcd2ae03f338d9416069c       1.00      1.00      1.00      2700
    T1036.004_1f0614ea5c4af6faf1b44570f5f22f8a       0.06      0.03      0.04       200
    T1036.004_7de3d7b4922a7b996d8df36fb22bb118       0.00      0.00      0.00       200
    T1037.001_62cfa90fb03a6bc1a6ebcce8a3ea81b7       1.00      1.00      1.00       700
        T1040_6881a4589710d53f0c146e91db513f01       1.00      1.00      1.00       500
        T1047_09e0f9cf2eb803a1c35deeecf3665fad       0.00      0.00      0.00       100
        T1047_6935e41353aa781bb723462d26114c44       0.00      0.00      0.00       100
        T1047_ac122553ab4426ea3362bb4a97d31bfd       0.00      0.00      0.00       100
        T1047_ac2764f7a67a9ce92b54e8e59b361838       0.00      0.00      0.00       100
        T1047_b0255b5120cbabc062d8d4510a142c3b       0.00      0.00      0.00       100
        T1047_ed736a123da6fb2aab22cfd4f437e8b5       0.00      0.00      0.00       100
        T1047_f4b0b4129560ea66f9751275e82f6bab       0.00      0.00      0.00       100
    T1049_638fb6bb-ba39-4285-93d1-7e4775b033a8       0.00      0.00      0.00       100
        T1049_a14392d713dffba6a397682ff83259a0       0.13      0.33      0.19       300
    T1053.005_5db2884b6ca3ab932848f295a3896dc0       0.00      0.00      0.00       200
    T1053.005_ee454be9197890de62705ce6255933fd       0.00      0.00      0.00       100
T1055.001_a74bc239-a196-4f7e-8d5c-fe8c0266071c       0.00      0.00      0.00       100
T1055.002_e5bcefee-262d-4568-a261-e8a20855ec81       0.00      0.00      0.00       100
    T1057_5a39d7ed-45c9-4a79-b581-e5fb99e24f65       0.00      0.00      0.00       100
    T1057_8adf02e8-6e71-4244-886c-98c402857404       1.00      1.00      1.00       700
        T1057_b2a1e430ca6d36eb5af2fe666e769847       0.02      0.35      0.04       100
        T1057_f8de05d1741dcc468f772ab0ff4dac72       0.11      0.01      0.02       100
T1059.001_55678719-e76e-4df9-92aa-10655bbd1cf4       1.00      1.00      1.00      1000
    T1059.001_6efbccc1869e8cd618c0d3ecda407d5f       1.00      1.00      1.00      1500
T1059.001_702bfdd2-9947-4eda-b551-c3a1ea9a59a2       0.99      1.00      1.00       500
T1059.001_bfff9006-d1fb-46ce-b173-92cb04e9a031       1.00      1.00      1.00      1000
T1059.001_ccdb8caf-c69e-424b-b930-551969450c57       0.99      1.00      1.00       500
T1059.001_e5f9de8f-3df1-4e78-ad92-a784e3f6770d       1.00      1.00      1.00     13700
    T1059.003_6c318ef0339d74d909ad556681b6493e       1.00      1.00      1.00       700
    T1059.003_f38e58deb7ad20b5538ca40db7b7b4f8       1.00      1.00      1.00       600
T1069.001_5c4dd985-89e3-4590-9b57-71fed66ff4e2       0.99      1.00      1.00       900
    T1069.001_a1f48fa3ddee658b29b414523c9a295b       0.04      0.27      0.07       200
    T1069.002_6103e503cb444bc7b4187704f2035708       0.37      0.05      0.09       400
    T1070.005_1f91076e2be2014cc7b4f1296de02fd6       1.00      1.00      1.00       600
    T1071.001_24c3b7b004401d839a5c337201da3484       1.00      1.00      1.00      2000
T1074.001_4e97e699-93d7-4040-b5a3-2e906a58199e       1.00      1.00      1.00      1000
T1074.001_6469befa-748a-4b9c-a96d-f191fde47d89       1.00      1.00      1.00       300
    T1074.001_e6dfc7e89359ac6fa6de84b0e1d5762e       1.00      1.00      1.00       800
    T1078.001_d0ca00832890baa1d42322cf70fcab1a       0.07      0.03      0.04       100
    T1082_29451844-9b76-4e16-a9ee-d6feab4b24db       0.00      0.00      0.00       100
    T1083_52177cc1-b9ab-4411-ac21-2eadc4b5d3b8       1.00      1.00      1.00      1200
    T1083_6e1a53c0-7352-4899-be35-fa7f364d5722       0.00      0.00      0.00       100
    T1087.001_6334877e8e3ba48f7835d4856d90a282       1.00      1.00      1.00       500
T1087.001_feaced8f-f43f-452a-9500-a5219488abb8       0.00      0.00      0.00       100
    T1090.001_ba343199a4f15ed6b57eb52412f62e4e       0.68      0.93      0.78       200
        T1105_0856c235a1d26113d4f2d92e39c9a9f8       1.00      1.00      1.00      1100
        T1105_1095434782a00c8a4772a11e625bcf5d       0.80      1.00      0.89       200
        T1105_4f683658f161ccdc51337c470d32bab9       1.00      1.00      1.00       800
    T1105_60f63260-39bb-4136-87a0-b6c2dca799fc       1.00      1.00      1.00      2100
        T1105_c521e0a70b243a0cf9217907ca3c6d27       1.00      1.00      1.00      2000
        T1105_c76968acda4aa1673dadcd67f3ab7664       1.00      1.00      1.00      1300
        T1105_e6715e61f5df646692c624b3499384c4       1.00      1.00      1.00      5700
    T1105_eb814e03-811a-467a-bc6d-dcd453750fa2       1.00      1.00      1.00     15000
        T1112_257313a3c93e3bb7dfb60d6753b09e34       1.00      1.00      1.00       300
        T1112_34041639e6e501856ecaf5969ee29c76       1.00      1.00      1.00       300
        T1112_35c0360d226cf38104f300d9d57ce60e       1.00      1.00      1.00       300
        T1112_4bfb5f265a5ce07af6bf10da113af7db       0.99      1.00      1.00       300
        T1112_7fe6a66d03f4dbfc022609ba311c2b11       1.00      1.00      1.00       300
        T1112_ba6f6214dbd17c54001e0a163b60f151       1.00      1.00      1.00       300
        T1112_cab7b85611a290c0769546bfa9d6f962       1.00      1.00      1.00       300
        T1112_cd8be0e6b873919da25530a2c7ea6750       1.00      1.00      1.00       200
        T1112_e74d2fb4ef5fa6c766a4151554033697       1.00      1.00      1.00       300
        T1112_e7a987cbef27263e666e5b096488dc55       1.00      1.00      1.00      1800
        T1112_fa4ba6a06b4a5cd955ea5a60fae24281       1.00      1.00      1.00       300
        T1112_fd992e8ecfdac9b56dd6868904044827       0.99      1.00      1.00       300
    T1113_316251ed-6a28-4013-812b-ddf5b5b007f8       1.00      1.00      1.00       500
        T1115_70795de7cbb842edb029b3378c27c008       1.00      1.00      1.00      1600
    T1115_b007fe0c-c6b0-4fda-915c-255bbc070de2       0.00      0.00      0.00       100
        T1119_344e7eaf650763e0d3e9f02e62c1cf4b       1.00      1.00      1.00      1900
        T1119_7121cdf93b951311be9d7078c602efdc       1.00      1.00      1.00      2000
        T1120_7b9c7afaefa59aab759b49af0d699ac1       1.00      1.00      1.00       600
        T1123_372e6f46fca18e4f1b43209c20ffafa2       1.00      1.00      1.00       600
    T1124_fa6e8607-e0b1-425d-8924-9b894da5a002       0.00      0.00      0.00       100
        T1125_da86001b5081fcf773d8e62f22cf2b00       1.00      1.00      1.00       600
    T1135_530e47c6-8592-42bf-91df-c59ffbd8541b       0.00      0.00      0.00       100
    T1135_deeac480-5c2a-42b5-90bb-41675ee53c7e       0.00      0.00      0.00       100
    T1137.002_e2af3c3ab1b0f659c874b8af58c49759       1.00      1.00      1.00       600
        T1137_12ad9edefc86af07700fbf49bfdac6ba       1.00      1.00      1.00      1300
        T1201_38f6f0e50a6b196140ec40d3dc9cc9e6       0.00      0.00      0.00       100
        T1201_57296a2ddbeb7423c05feef2fe972111       0.00      0.00      0.00       100
    T1204.002_522f3f35cd013e63830fa555495a0081       1.00      1.00      1.00      1000
        T1217_69bbe2183fa09c00ccaac62d48e214f8       1.00      1.00      1.00       400
        T1217_f7a0f7d704aa52a764d9d1bee81e65d6       0.02      0.18      0.04       100
        T1219_7dabcbecab0334b115feefab1630f84a       1.00      1.00      1.00      6700
        T1219_af8cb2bf9b436aae5c106a0a9c207e14       1.00      1.00      1.00     10400
        T1219_f1b3fca18d7465cd10e5a7477a3bf97d       1.00      1.00      1.00      5000
    T1482_6131397e-7765-424e-a594-3d7fb2d93a6a       1.00      1.00      1.00       500
        T1482_cfb61005899996469ae3023796792ca5       0.00      0.00      0.00       100
        T1486_d82ceb9939d3d920ee550187ad8235c8       1.00      1.00      1.00       400
        T1490_2d53d6fabd39bf9c70b0dfcdfbbc926d       0.00      0.00      0.00       100
        T1490_8467c994685ccf178db166964bd80fab       0.00      0.00      0.00       200
        T1490_9e5e4c0655fd1b5be88bd40b8251175f       0.00      0.00      0.00       100
        T1490_c156ac5c9fa67080365268d95f29053d       0.05      0.01      0.02       100
        T1490_c8f329d2847ede593b6cb4a1ec6120fb       0.99      1.00      0.99      1000
        T1490_e90756bb6dcd21462dc4cc452661df91       0.00      0.00      0.00       100
    T1491_47d08617-5ce1-424a-8cc5-c9c978ce6bf9       1.00      1.00      1.00       500
    T1491_68235976-2404-42a8-9105-68230cfef562       1.00      1.00      1.00       700
    T1496_46da2385-cf37-49cb-ba4b-a739c7a19de4       1.00      1.00      1.00      8200
T1497.001_1258b063-27d6-489b-a677-4807faacf868       0.00      0.00      0.00       100
T1497.001_5dc841fd-28ad-40e2-b10e-fb007fe09e81       0.00      0.00      0.00       100
T1497.001_7a6ba833-de40-466a-8969-5c37b13603e0       0.00      0.00      0.00       100
    T1499_2fe2d5e6-7b06-4fc0-bf71-6966a1226731       0.00      0.00      0.00       100
T1518.001_2dece965-37a0-4f70-a391-0f30e3331aba       0.00      0.00      0.00       100
    T1518.001_33a24ff44719e6ac0614b58f8c9a7c72       0.07      0.01      0.01       200
    T1518.001_b8453a5fe06b24aea12b27592d5c3d3a       0.00      0.00      0.00       100
        T1518_8ddfaf982ab359cda13626b870ccb339       0.99      1.00      0.99       200
    T1518_c9be8043-a445-4cbf-b77b-ed7bb007fc7c       1.00      1.00      1.00       100
        T1531_aa6b15485a5f50ced34d87fda177b758       0.00      0.00      0.00       200
        T1531_b25ae80dad74142fafb510e9c1949ace       0.00      0.00      0.00       200
    T1546.013_f9a968af61d36983448c74cca5464e17       1.00      1.00      1.00      1500
    T1547.001_0dbdf1a2a87e718a6ac8a8e3415a7fac       0.99      1.00      1.00       700
    T1547.001_163b023f43aba758d36f524d146cb8ea       1.00      1.00      1.00       500
    T1547.001_1f15ab22c39a9b6bb2bb0d77276dfcb3       1.00      1.00      1.00       600
    T1547.001_4b71ebb2f6f6a01235ba240fa40ce978       1.00      1.00      1.00       200
    T1547.001_777043894e42d2aae3881e63f6c76d33       1.00      1.00      1.00       200
    T1547.001_d3ef4145e4144fd694514b1c5cc17350       0.99      1.00      1.00       500
    T1547.004_0856714c9810ac55b53e9964d02958a0       1.00      1.00      1.00       200
    T1547.004_aa147165f6c116cb0b0f944abe1db8ce       1.00      1.00      1.00       200
    T1547.009_501af516bd8b24fee0c7c650ae5cc861       1.00      1.00      1.00      1000
    T1547.009_b6e5c895c6709fe289352ee23f062229       1.00      1.00      1.00       800
    T1547.010_4593d72a5145e3f494421ac772d37464       1.00      1.00      1.00       600
        T1547_fe9eeee9a7b339089e5fa634b08522c1       1.00      1.00      1.00      2200
T1548.002_665432a4-42e7-4ee1-af19-a9a8c9455d0c       1.00      1.00      1.00       200
    T1552.002_3e5b04b8ee0a1a4950da8f35d95e65fc       0.06      0.27      0.10       200
        T1560_a1ee301b0508747b468d578a14e5c1a5       1.00      1.00      1.00     21600
    T1562.001_43e3334362b140924f001b256b229ee5       1.00      1.00      1.00       200
    T1562.002_6a8d25d65a7d481dc479f89c62af1e6a       1.00      1.00      1.00       600
    T1562.002_94f51bf01a7036fe02d07b4c18967669       0.00      0.00      0.00       100
    T1562.004_280003641a5cddf916c4f2bf605a71d3       0.00      0.00      0.00       200
    T1562.004_41627f71f968225b9f162cb76d16bd9d       1.00      1.00      1.00      1100
    T1562.004_5b93df032e230056c21a3e57334f77d1       0.00      0.00      0.00       100
    T1562.004_8d0a4585e7c4646185a912b14cd9cb46       0.00      0.00      0.00       100
    T1562.004_8fe59e288f10a486dc8b44bc872019ff       1.00      1.00      1.00       300
    T1564.001_66a5fd5f244819181f074dd082a28905       0.46      0.15      0.22       500
    T1564.001_dce51e632abdfe5392c7c1f942ac9273       0.49      0.83      0.62       500
    T1564.003_9a2edad4053a2b59fb9167a9bc29e7dc       0.13      0.90      0.23       200
    T1564.004_28862487a99f5f89bc0d68c87396c7e9       1.00      1.00      1.00       600
    T1564.004_76b6066fe170d38215251102e42be973       1.00      1.00      1.00      1600
        T1564_dedfa0a54c9c13ce5714a0dc2e1f5d1a       0.00      0.00      0.00       100
    T1566.001_1afaec09315ab71fdfb167175e8a019a       1.00      1.00      1.00       800
    T1574.001_63bbedafba2f541552ac3579e9e3737b       1.00      1.00      1.00      6200
    T1574.011_72249c1e9ffe7d8f30243d838e0791ca       1.00      1.00      1.00       600
                                        benign       1.00      1.00      1.00    134563

                                      accuracy                           0.97    310263
                                     macro avg       0.59      0.61      0.59    310263
                                  weighted avg       0.97      0.97      0.97    310263

