10/18/2023, 23:52:15# labels of 50000: tensor([ 76, 157,  75,  55, 116, 119,  81, 142,  24,  54, 124,  11, 157, 150,
        111, 158,  48, 152,  54, 157, 104,   9,  47,  18,   1,  11,  75,  44,
        121,  24,  48, 162, 152, 144,  92, 142,  48,  97, 121,  11, 151, 151,
        112,  76, 144,  54,  76,  38,  12, 124,  74, 142, 112,  42, 151,  83,
        116,   1,  57, 157,  83,  24, 109, 111], device='cuda:0') torch.Size([64])
10/18/2023, 23:52:15# predicted of 50000: tensor([ 34, 119,  18,   9, 116, 119,   1,   9,  24,  54, 157, 109, 143, 121,
          9,  75,  48, 152, 163, 157, 104,  42, 157,  38, 150, 109, 112, 119,
         74,  24,   1,  74,  76, 109, 144, 116,   4,  54, 111,  81, 151, 151,
        112,  76, 144,  97,  42, 142, 124,  42, 104, 121, 112, 109, 151,   4,
         36,   1,   9, 144,  83,  14, 109, 111], device='cuda:0') torch.Size([64])
10/19/2023, 00:18:23# labels of 100000: tensor([144, 144,  36,  34,  31, 163, 164, 143,   1, 163, 164, 125, 144,  49,
        162,  33,  48,  47, 111, 125, 157,  47,  53, 121,  92, 124,  42,  57,
          9,   1,  18, 158,   2,   1, 150,  24, 152,  18,  49, 158,  14, 125,
        150,  11,  24,   2, 164,  30,  24, 158,  83,  14,  18, 143, 164,  30,
         12, 111, 158, 150, 144, 164,   1, 142], device='cuda:0') torch.Size([64])
10/19/2023, 00:18:23# predicted of 100000: tensor([144,  97,   2,  34,  31, 163, 164, 143, 150,  24,  11, 125, 144,  49,
        162,  33,  48,  47, 111,  30, 157,  83,  53, 121,  92,  24,  42,  57,
          9,  33,  18, 158,   2, 164, 150,  57,  30,  18,  49, 158,  14, 125,
        150,  11,  24,   2, 164,  30,  57, 158,  83, 124,  49, 143, 164,  30,
         12, 111,  53, 150, 144,  44,   1, 142], device='cuda:0') torch.Size([64])
10/19/2023, 00:44:27# labels of 150000: tensor([ 92, 164, 151,   4, 163, 143,  30,  49,   9,  74,  48,  12, 112, 119,
         55,   4, 116,  42,  48,  48,  14,  76, 158, 143,  11,  83, 116, 119,
         83,  74,  36, 119, 144,  49,  24,  44, 143,  76,  11, 158,  87, 143,
          1, 125, 158,  18,  97, 111,  31, 152,  48,  33, 116,  42,  31,  57,
         87,  36, 109,  60, 151, 121,  31,  75], device='cuda:0') torch.Size([64])
10/19/2023, 00:44:27# predicted of 150000: tensor([ 92, 164, 151,   4, 163, 143,  30,  49,   9,  74,  48,  12, 112, 119,
        104,   4, 116,  42,  48,  48,  14,  18, 158, 143,  11,  44, 116, 119,
         83,  74,  36, 119, 144,  49,  24,  44, 143,  76, 143, 158, 109, 143,
          1, 116,  11,  18,  97, 111,  31, 152,  48,  33, 116,  42,  31,  57,
         87,  36, 109,  60, 151,  55,  31,  75], device='cuda:0') torch.Size([64])
10/19/2023, 01:13:27# labels of 200000: tensor([ 36,  31,  75,  92, 112, 142,   2,  74,  18,  60,  44,  74, 151,  48,
        143, 158, 143, 151,  97,   1, 151,  57,  76, 151, 142, 112, 109,  55,
          9, 144,   2,  54,  18, 163,  12,   4, 125, 162, 152, 116,  14,  48,
          4, 104,  38,  30, 151,  87,   7,   7,   7,   7,   7,   7,   7,   7,
          7,   7,   7,   7,   7,   7,   7,   7,   7,   7,   7,   7,   7,   7,
          7,   7,   7,   7,   7,   7,   7,   7,   7,   7,   7,   7,   7,   7,
          7,   7,   7,   7,   7,   7,   7,   7,   7,   7,   7,   7,   7,   7,
          7,   7,   7,   7,   7,   7,   7,   7,   7,   7,   7,   7,   7,   7,
          7,   7,   7, 111,  33,  75, 157,  42, 124,  74, 158, 125, 158,  87,
        144,  60,  53, 112], device='cuda:0') torch.Size([130])
10/19/2023, 01:13:27# predicted of 200000: tensor([ 36,  31,  75,  92, 112, 142,   2,  74,  18,  60,  44,  74, 151,  48,
        143, 158, 143, 151, 111,   1, 151,  57,  76, 151, 142, 112, 109,  55,
          9, 144,   2,  54,  18, 163,  12,   4, 125, 162, 152, 116,  14,  48,
          4, 104,  38,  30, 151,  87,   7,   7,   7,   7,   7,   7,   7,   7,
          7,   7,   7,   7,   7,   7,   7,   7,   7,   7,   7,   7,   7,   7,
          7,   7,   7,   7,   7,   7,   7,   7,   7,   7,   7,   7,   7,   7,
          7,   7,   7,   7,   7,   7,   7,   7,   7,   7,   7,   7,   7,   7,
          7,   7,   7,   7,   7,   7,   7,   7,   7,   7,   7,   7,   7,   7,
          7,   7,   7, 111,  33,  75, 157,  42, 124,  74, 158, 125, 158,  87,
        144,  60,  53, 112], device='cuda:0') torch.Size([130])
10/19/2023, 01:21:06# total batches: 213400
10/19/2023, 01:21:06# Epoch 0 | Train Loss: 1.3401 | Train Accuracy: 0.6566
10/19/2023, 01:21:06# labels of Validation: tensor([129, 129, 129, 129, 129, 129, 129,  92,  38,  75,  16,  16,  16,  16,
         16,  16,  16,  16,  16,  16,  16,  16,  16,  16,  16,  16,  16,  16,
         16,  16, 111,  58,  58,  58,  58,  58,  58,  58,  73,  73,  73, 127,
        127, 127, 127, 127, 127, 127, 127, 127, 127, 127, 127, 127, 127, 127,
        127, 127, 127, 127, 127,  46,  46, 152, 158,   0,   0,   0,   0,   0,
          0,  12, 110, 110,  85,  85,  85,  85,  85,  85,  85,  85,  85,  85,
         85, 129, 129, 129, 129, 129, 129, 129,  42,  32,  32,  32,  32,  32,
         32,  32,  32,  32,  32,  32,  32,  32,  32,  32,  10,  10,  21,  21,
         21,  21,  21,  21,  21,  21,  21,  21,  21, 128, 128, 128, 128, 128,
        128, 128, 128, 128, 128, 128, 128, 128, 128, 128, 128, 128, 128, 128,
        128,  39,  39,  39, 126, 126, 126, 161, 161, 161, 161, 161, 161, 161,
        161, 161, 161, 161, 161, 161, 161, 161, 161, 161, 161, 161, 161, 161,
        161, 161, 161, 161, 161, 161, 161, 161, 161, 161, 161, 161, 161, 161,
        161, 161, 161, 161, 161, 161, 161, 161, 161, 161, 161, 161, 161, 161,
        161, 161, 161, 161, 161, 161, 161, 161, 161, 161, 161, 161, 161, 161,
        161, 161, 161, 161, 161, 161, 161, 161, 161, 161, 161, 161, 161, 161,
        161, 161, 161, 161, 161, 161, 161, 161, 161, 161, 161, 161, 161, 161,
        161, 161, 161, 161, 161, 161, 161, 161, 161, 161, 161, 161, 161, 161,
        161, 161, 161, 161, 161, 161, 161, 161, 161, 161, 161, 161, 161, 161,
        161, 161, 161, 161, 161, 161, 161, 161, 161, 161, 161, 161, 161, 161,
        161, 161, 161, 161, 161, 161, 161, 161, 161, 161, 161, 161, 161, 161,
        161, 161, 161,  14,  80,  80,  80,  80,  80,  80,  98, 143,  14, 164,
         97,  96,  96,  96,  96,  96,  96, 120, 120, 120, 120, 120, 120, 111,
        128, 128, 128, 128, 128, 128, 128, 128, 128, 128, 128, 128, 128, 128,
        128, 128, 128, 128, 128, 128, 111, 110, 110,  56,  56,  56,  56,  56,
         56,  61,  61,  61,   0,   0,   0,   0,   0,   0, 140, 140, 140, 140,
        140, 140, 140, 140, 140, 140, 140, 140, 140,  23,  23,  23,  23,  23,
         10,  10,  68,  68, 131, 131, 131, 131, 131,  80,  80,  80,  80,  80,
         80,  88,  88, 109, 115, 115, 115, 115, 115, 115, 115, 115, 115, 115,
         10,  10, 158,  91,  91,  91, 161, 161, 161, 161, 161, 161, 161, 161,
        161, 161, 161, 161, 161, 161, 161, 161, 161, 161, 161, 161, 161, 161,
        161, 161, 161, 161, 161, 161, 161, 161, 161, 161, 161, 161, 161, 161,
        161, 161, 161, 161, 161, 161, 161, 161, 161, 161, 161, 161, 161, 161,
        161, 161, 161, 161, 161, 161, 161, 161, 161, 161, 161, 161, 161, 161,
        161, 161, 161, 161, 161, 161, 161, 161, 161, 161, 161, 161, 161, 161,
        161, 161, 161, 161, 161, 161, 161, 161, 161, 161, 161, 161, 161, 161,
        161, 161, 161, 161, 161, 161, 161, 161, 161, 161, 161, 161, 161, 161,
        161, 161, 161, 161, 161, 161, 161, 161, 161, 161, 161, 161, 161, 161,
        161, 161, 161, 161, 161, 161, 161, 161, 161, 161, 161, 161, 161, 161,
        161, 161, 161, 161, 161, 161, 161, 161, 161, 161, 161, 161, 161, 161,
        161, 161,  35,  35,  35,  35,  35,  35,  65,  65,  65,  65,  65,  65,
         65,  65,  65,  65,  65,  65,  65,  65,  65,  65, 149, 149, 149, 149,
        149, 149, 149, 149, 149, 149, 149, 149, 149, 149, 149, 149, 110, 110,
         12,  36, 103, 103,   8,   8, 166, 166, 166, 166, 166, 166,  66,  66,
         66,  66,  66,  66,  66,  66,  66,  66,  89,  89], device='cuda:0') torch.Size([626])
10/19/2023, 01:21:06# predicted of Validation: tensor([129, 129, 129, 129, 129, 129, 129,  11,  18, 112,  16,  16,  16,  16,
         16,  16,  16,  16,  16,  16,  16,  16,  16,  16,  16,  16,  16,  16,
         16,  16,   2,  58,  58,  58,  58,  58,  58,  58,  73,  73,  73, 127,
        127, 127, 127, 127, 127, 127, 127, 127, 127, 127, 127, 127, 127, 127,
        127, 127, 127, 127, 127,  46,  46,   4, 162,   0,   0,   0,   0,   0,
          0,  33,  81,  14,  85,  85,  85,  85,  85,  85,  85,  85,  85,  85,
         85, 129, 129, 129, 129, 129, 129, 129,  92,  32,  32,  32,  32,  32,
         32,  32,  32,  32,  32,  32,  32,  32,  32,  32,  10,  10,  21,  21,
         21,  21,  21,  21,  21,  21,  21,  21,  21, 128, 128, 128, 128, 128,
        128, 128, 128, 128, 128, 128, 128, 128, 128, 128, 128, 128, 128, 128,
        128,  39,  39,  39, 126, 126, 126, 161, 161, 161, 161, 161, 161, 161,
        161, 161, 161, 161, 161, 161, 161, 161, 161, 161, 161, 161, 161, 161,
        161, 161, 161, 161, 161, 161, 161, 161, 161, 161, 161, 161, 161, 161,
        161, 161, 161, 161, 161, 161, 161, 161, 161, 161, 161, 161, 161, 161,
        161, 161, 161, 161, 161, 161, 161, 161, 161, 161, 161, 161, 161, 161,
        161, 161, 161, 161, 161, 161, 161, 161, 161, 161, 161, 161, 161, 161,
        161, 161, 161, 161, 161, 161, 161, 161, 161, 161, 161, 161, 161, 161,
        161, 161, 161, 161, 161, 161, 161, 161, 161, 161, 161, 161, 161, 161,
        161, 161, 161, 161, 161, 161, 161, 161, 161, 161, 161, 161, 161, 161,
        161, 161, 161, 161, 161, 161, 161, 161, 161, 161, 161, 161, 161, 161,
        161, 161, 161, 161, 161, 161, 161, 161, 161, 161, 161, 161, 161, 161,
        161, 161, 161, 164,  80,  80,  80,  80,  80,  80,  98, 150,  60,  48,
         53,  96,  96,  96,  96,  96,  96, 120, 120, 120, 120, 120, 120, 150,
        128, 128, 128, 128, 128, 128, 128, 128, 128, 128, 128, 128, 128, 128,
        128, 128, 128, 128, 128, 128, 158,  53,  53,  56,  56,  56,  56,  56,
         56,  61,  61,  61,   0,   0,   0,   0,   0,   0, 140, 140, 140, 140,
        140, 140, 140, 140, 140, 140, 140, 140, 140,  23,  23,  23,  23,  23,
         10,  10, 112, 112, 131, 131, 131, 131, 131,  80,  80,  80,  80,  80,
         80,  97,  97,  18, 115, 115, 115, 115, 115, 115, 115, 115, 115, 115,
         10,  10,  44, 111, 111, 111, 161, 161, 161, 161, 161, 161, 161, 161,
        161, 161, 161, 161, 161, 161, 161, 161, 161, 161, 161, 161, 161, 161,
        161, 161, 161, 161, 161, 161, 161, 161, 161, 161, 161, 161, 161, 161,
        161, 161, 161, 161, 161, 161, 161, 161, 161, 161, 161, 161, 161, 161,
        161, 161, 161, 161, 161, 161, 161, 161, 161, 161, 161, 161, 161, 161,
        161, 161, 161, 161, 161, 161, 161, 161, 161, 161, 161, 161, 161, 161,
        161, 161, 161, 161, 161, 161, 161, 161, 161, 161, 161, 161, 161, 161,
        161, 161, 161, 161, 161, 161, 161, 161, 161, 161, 161, 161, 161, 161,
        161, 161, 161, 161, 161, 161, 161, 161, 161, 161, 161, 161, 161, 161,
        161, 161, 161, 161, 161, 161, 161, 161, 161, 161, 161, 161, 161, 161,
        161, 161, 161, 161, 161, 161, 161, 161, 161, 161, 161, 161, 161, 161,
        161, 161,  35,  35,  35,  35,  35,  35,  65,  65,  65,  65,  65,  65,
         65,  65,  65,  65,  65,  65,  65,  65,  65,  65,  70, 149, 149, 149,
        149, 149, 149, 149, 149, 149, 149, 149, 149, 149, 149, 149,  54,  54,
         60,  74,  53,  53,   2,   2, 166, 166, 166, 166, 166, 166,  66,  66,
         66,  66,  66,  66,  66,  66,  66,  66,  89,  89], device='cuda:0') torch.Size([626])
10/19/2023, 01:21:06# labels of 0: tensor([129, 129, 129, 129, 129, 129, 129,  92,  38,  75,  16,  16,  16,  16,
         16,  16,  16,  16,  16,  16,  16,  16,  16,  16,  16,  16,  16,  16,
         16,  16, 111,  58,  58,  58,  58,  58,  58,  58,  73,  73,  73, 127,
        127, 127, 127, 127, 127, 127, 127, 127, 127, 127, 127, 127, 127, 127,
        127, 127, 127, 127, 127,  46,  46, 152, 158,   0,   0,   0,   0,   0,
          0,  12, 110, 110,  85,  85,  85,  85,  85,  85,  85,  85,  85,  85,
         85, 129, 129, 129, 129, 129, 129, 129,  42,  32,  32,  32,  32,  32,
         32,  32,  32,  32,  32,  32,  32,  32,  32,  32,  10,  10,  21,  21,
         21,  21,  21,  21,  21,  21,  21,  21,  21, 128, 128, 128, 128, 128,
        128, 128, 128, 128, 128, 128, 128, 128, 128, 128, 128, 128, 128, 128,
        128,  39,  39,  39, 126, 126, 126, 161, 161, 161, 161, 161, 161, 161,
        161, 161, 161, 161, 161, 161, 161, 161, 161, 161, 161, 161, 161, 161,
        161, 161, 161, 161, 161, 161, 161, 161, 161, 161, 161, 161, 161, 161,
        161, 161, 161, 161, 161, 161, 161, 161, 161, 161, 161, 161, 161, 161,
        161, 161, 161, 161, 161, 161, 161, 161, 161, 161, 161, 161, 161, 161,
        161, 161, 161, 161, 161, 161, 161, 161, 161, 161, 161, 161, 161, 161,
        161, 161, 161, 161, 161, 161, 161, 161, 161, 161, 161, 161, 161, 161,
        161, 161, 161, 161, 161, 161, 161, 161, 161, 161, 161, 161, 161, 161,
        161, 161, 161, 161, 161, 161, 161, 161, 161, 161, 161, 161, 161, 161,
        161, 161, 161, 161, 161, 161, 161, 161, 161, 161, 161, 161, 161, 161,
        161, 161, 161, 161, 161, 161, 161, 161, 161, 161, 161, 161, 161, 161,
        161, 161, 161,  14,  80,  80,  80,  80,  80,  80,  98, 143,  14, 164,
         97,  96,  96,  96,  96,  96,  96, 120, 120, 120, 120, 120, 120, 111,
        128, 128, 128, 128, 128, 128, 128, 128, 128, 128, 128, 128, 128, 128,
        128, 128, 128, 128, 128, 128, 111, 110, 110,  56,  56,  56,  56,  56,
         56,  61,  61,  61,   0,   0,   0,   0,   0,   0, 140, 140, 140, 140,
        140, 140, 140, 140, 140, 140, 140, 140, 140,  23,  23,  23,  23,  23,
         10,  10,  68,  68, 131, 131, 131, 131, 131,  80,  80,  80,  80,  80,
         80,  88,  88, 109, 115, 115, 115, 115, 115, 115, 115, 115, 115, 115,
         10,  10, 158,  91,  91,  91, 161, 161, 161, 161, 161, 161, 161, 161,
        161, 161, 161, 161, 161, 161, 161, 161, 161, 161, 161, 161, 161, 161,
        161, 161, 161, 161, 161, 161, 161, 161, 161, 161, 161, 161, 161, 161,
        161, 161, 161, 161, 161, 161, 161, 161, 161, 161, 161, 161, 161, 161,
        161, 161, 161, 161, 161, 161, 161, 161, 161, 161, 161, 161, 161, 161,
        161, 161, 161, 161, 161, 161, 161, 161, 161, 161, 161, 161, 161, 161,
        161, 161, 161, 161, 161, 161, 161, 161, 161, 161, 161, 161, 161, 161,
        161, 161, 161, 161, 161, 161, 161, 161, 161, 161, 161, 161, 161, 161,
        161, 161, 161, 161, 161, 161, 161, 161, 161, 161, 161, 161, 161, 161,
        161, 161, 161, 161, 161, 161, 161, 161, 161, 161, 161, 161, 161, 161,
        161, 161, 161, 161, 161, 161, 161, 161, 161, 161, 161, 161, 161, 161,
        161, 161,  35,  35,  35,  35,  35,  35,  65,  65,  65,  65,  65,  65,
         65,  65,  65,  65,  65,  65,  65,  65,  65,  65, 149, 149, 149, 149,
        149, 149, 149, 149, 149, 149, 149, 149, 149, 149, 149, 149, 110, 110,
         12,  36, 103, 103,   8,   8, 166, 166, 166, 166, 166, 166,  66,  66,
         66,  66,  66,  66,  66,  66,  66,  66,  89,  89], device='cuda:0') torch.Size([626])
10/19/2023, 01:21:06# predicted of 0: tensor([129, 129, 129, 129, 129, 129, 129,  11,  18, 112,  16,  16,  16,  16,
         16,  16,  16,  16,  16,  16,  16,  16,  16,  16,  16,  16,  16,  16,
         16,  16,   2,  58,  58,  58,  58,  58,  58,  58,  73,  73,  73, 127,
        127, 127, 127, 127, 127, 127, 127, 127, 127, 127, 127, 127, 127, 127,
        127, 127, 127, 127, 127,  46,  46,   4, 162,   0,   0,   0,   0,   0,
          0,  33,  81,  14,  85,  85,  85,  85,  85,  85,  85,  85,  85,  85,
         85, 129, 129, 129, 129, 129, 129, 129,  92,  32,  32,  32,  32,  32,
         32,  32,  32,  32,  32,  32,  32,  32,  32,  32,  10,  10,  21,  21,
         21,  21,  21,  21,  21,  21,  21,  21,  21, 128, 128, 128, 128, 128,
        128, 128, 128, 128, 128, 128, 128, 128, 128, 128, 128, 128, 128, 128,
        128,  39,  39,  39, 126, 126, 126, 161, 161, 161, 161, 161, 161, 161,
        161, 161, 161, 161, 161, 161, 161, 161, 161, 161, 161, 161, 161, 161,
        161, 161, 161, 161, 161, 161, 161, 161, 161, 161, 161, 161, 161, 161,
        161, 161, 161, 161, 161, 161, 161, 161, 161, 161, 161, 161, 161, 161,
        161, 161, 161, 161, 161, 161, 161, 161, 161, 161, 161, 161, 161, 161,
        161, 161, 161, 161, 161, 161, 161, 161, 161, 161, 161, 161, 161, 161,
        161, 161, 161, 161, 161, 161, 161, 161, 161, 161, 161, 161, 161, 161,
        161, 161, 161, 161, 161, 161, 161, 161, 161, 161, 161, 161, 161, 161,
        161, 161, 161, 161, 161, 161, 161, 161, 161, 161, 161, 161, 161, 161,
        161, 161, 161, 161, 161, 161, 161, 161, 161, 161, 161, 161, 161, 161,
        161, 161, 161, 161, 161, 161, 161, 161, 161, 161, 161, 161, 161, 161,
        161, 161, 161, 164,  80,  80,  80,  80,  80,  80,  98, 150,  60,  48,
         53,  96,  96,  96,  96,  96,  96, 120, 120, 120, 120, 120, 120, 150,
        128, 128, 128, 128, 128, 128, 128, 128, 128, 128, 128, 128, 128, 128,
        128, 128, 128, 128, 128, 128, 158,  53,  53,  56,  56,  56,  56,  56,
         56,  61,  61,  61,   0,   0,   0,   0,   0,   0, 140, 140, 140, 140,
        140, 140, 140, 140, 140, 140, 140, 140, 140,  23,  23,  23,  23,  23,
         10,  10, 112, 112, 131, 131, 131, 131, 131,  80,  80,  80,  80,  80,
         80,  97,  97,  18, 115, 115, 115, 115, 115, 115, 115, 115, 115, 115,
         10,  10,  44, 111, 111, 111, 161, 161, 161, 161, 161, 161, 161, 161,
        161, 161, 161, 161, 161, 161, 161, 161, 161, 161, 161, 161, 161, 161,
        161, 161, 161, 161, 161, 161, 161, 161, 161, 161, 161, 161, 161, 161,
        161, 161, 161, 161, 161, 161, 161, 161, 161, 161, 161, 161, 161, 161,
        161, 161, 161, 161, 161, 161, 161, 161, 161, 161, 161, 161, 161, 161,
        161, 161, 161, 161, 161, 161, 161, 161, 161, 161, 161, 161, 161, 161,
        161, 161, 161, 161, 161, 161, 161, 161, 161, 161, 161, 161, 161, 161,
        161, 161, 161, 161, 161, 161, 161, 161, 161, 161, 161, 161, 161, 161,
        161, 161, 161, 161, 161, 161, 161, 161, 161, 161, 161, 161, 161, 161,
        161, 161, 161, 161, 161, 161, 161, 161, 161, 161, 161, 161, 161, 161,
        161, 161, 161, 161, 161, 161, 161, 161, 161, 161, 161, 161, 161, 161,
        161, 161,  35,  35,  35,  35,  35,  35,  65,  65,  65,  65,  65,  65,
         65,  65,  65,  65,  65,  65,  65,  65,  65,  65,  70, 149, 149, 149,
        149, 149, 149, 149, 149, 149, 149, 149, 149, 149, 149, 149,  54,  54,
         60,  74,  53,  53,   2,   2, 166, 166, 166, 166, 166, 166,  66,  66,
         66,  66,  66,  66,  66,  66,  66,  66,  89,  89], device='cuda:0') torch.Size([626])
10/19/2023, 01:21:15# Validation Loss: 0.4875 | Validation Accuracy: 0.9583

10/19/2023, 01:49:43# labels of 50000: tensor([121, 121,  47,  36,  38, 151,   9, 144, 162, 111,  74,  81, 150,  87,
          9,  14, 162,  83, 125,  12, 111,   9,  87,  75,  30, 142,  24,   4,
         31,   1,  76, 109,  60, 109,  60,  48,   1, 109, 162,  83,   1, 143,
         83, 142,  14, 142,  47,  97,  42,  53,  18,  34,  18,  34, 125,  87,
         36, 164,   9,  54,  31,  38,  49,  34], device='cuda:0') torch.Size([64])
10/19/2023, 01:49:43# predicted of 50000: tensor([121, 121,  47,  36,  38, 151,   9, 144, 162, 111,  74,  81, 150,  87,
          9,  14,  33,  83, 125,  14, 111,   9,  87,  75,  30, 142,  24,   4,
         31,   1,  76, 109,  14, 109,  60, 151,   1, 109, 162,  83,   1, 143,
         83, 142,  14, 142,  47,  97,  42,  53,  18,  34, 121,  34, 125,  87,
         36, 164,   9,  54,  31,  38,  49,  34], device='cuda:0') torch.Size([64])
