10/26/2023, 14:26:54# labels of 50000: tensor([ 76, 157,  75,  55, 116, 119,  81, 142,  24,  54, 124,  11, 157, 150,
        111, 158,  48, 152,  54, 157, 104,   9,  47,  18,   1,  11,  75,  44,
        121,  24,  48, 162, 152, 144,  92, 142,  48,  97, 121,  11, 151, 151,
        112,  76, 144,  54,  76,  38,  12, 124,  74, 142, 112,  42, 151,  83,
        116,   1,  57, 157,  83,  24, 109, 111], device='cuda:0') torch.Size([64])
10/26/2023, 14:26:54# predicted of 50000: tensor([ 87, 162,  54,  14, 116, 119,  57,   9, 104,  54,   2, 158,  57, 104,
         38, 158,  18,  83,  49, 116,  47,  55, 124,  24, 142, 142,  87,  49,
        116,  57,  75,  74, 121, 112,  74, 144,  97, 116,  57, 116, 116, 151,
        144,  57, 144, 152, 164, 121,  47, 144,  47, 143, 112,  87,  54, 104,
        144,   1, 121, 144,  33, 112,  74,  75], device='cuda:0') torch.Size([64])
10/26/2023, 14:52:06# labels of 100000: tensor([144, 144,  36,  34,  31, 163, 164, 143,   1, 163, 164, 125, 144,  49,
        162,  33,  48,  47, 111, 125, 157,  47,  53, 121,  92, 124,  42,  57,
          9,   1,  18, 158,   2,   1, 150,  24, 152,  18,  49, 158,  14, 125,
        150,  11,  24,   2, 164,  30,  24, 158,  83,  14,  18, 143, 164,  30,
         12, 111, 158, 150, 144, 164,   1, 142], device='cuda:0') torch.Size([64])
10/26/2023, 14:52:06# predicted of 100000: tensor([ 36, 144,  60, 142,  31, 163,  53, 143,   1,  11, 158, 111, 144,  87,
        163,  33,  47,  47, 111, 112, 124,  12,  38, 121,  92,  47,  42,  49,
          1,  76,  18, 158, 152,   2, 150,  24, 125,   1,  49, 152,  14, 125,
          4,  11,  24, 112, 125,  30,  24, 158,  83, 164,  49, 143,   4,  30,
         12, 119, 111,  74, 144,  75, 163,  47], device='cuda:0') torch.Size([64])
10/26/2023, 15:17:14# labels of 150000: tensor([ 92, 164, 151,   4, 163, 143,  30,  49,   9,  74,  48,  12, 112, 119,
         55,   4, 116,  42,  48,  48,  14,  76, 158, 143,  11,  83, 116, 119,
         83,  74,  36, 119, 144,  49,  24,  44, 143,  76,  11, 158,  87, 143,
          1, 125, 158,  18,  97, 111,  31, 152,  48,  33, 116,  42,  31,  57,
         87,  36, 109,  60, 151, 121,  31,  75], device='cuda:0') torch.Size([64])
10/26/2023, 15:17:14# predicted of 150000: tensor([ 14,  97, 151,   4,  30, 143,  30,  49,   9,  74,  11,  83, 112, 119,
         42,  47, 116,  42, 150,  48,  14,  92, 158, 143,  11,   9, 116, 119,
         81,  74,  36, 119,  38,  49, 162,  44, 143,  76,  54, 158, 109, 143,
          1,  14, 158,  30, 104,  36,  49, 152, 151,  33, 116,  42, 150,  57,
         87, 119, 109, 104,  60, 157,  31,  34], device='cuda:0') torch.Size([64])
