10/31/2023, 01:47:37# labels of Test: tensor([65, 65, 65,  ..., 70, 70, 70], device='cuda:1') torch.Size([2718])
10/31/2023, 01:47:37# predicted of Test: tensor([65, 65, 65,  ..., 70, 70, 70], device='cuda:1') torch.Size([2718])
10/31/2023, 01:47:37# labels of 0: tensor([65, 65, 65,  ..., 70, 70, 70], device='cuda:1') torch.Size([2718])
10/31/2023, 01:47:37# predicted of 0: tensor([65, 65, 65,  ..., 70, 70, 70], device='cuda:1') torch.Size([2718])
10/31/2023, 01:47:37# labels: tensor([65, 65, 65,  ..., 70, 70, 70], device='cuda:1') torch.Size([2718])
10/31/2023, 01:47:37# predicted: tensor([65, 65, 65,  ..., 70, 70, 70], device='cuda:1') torch.Size([2718])
10/31/2023, 01:47:46# Test Accuracy: 97.0018983894309 %



10/31/2023, 01:48:20# report path: classification_report/classification_report-transE_50-graphSAGE-6.xlsx
10/31/2023, 01:48:20# label path: classification_report/mapped_true_predicted_labels-transE_50-graphSAGE-6.xlsx
10/31/2023, 01:48:32# mapped_report:
                                                precision    recall  f1-score   support

T1003.001_0ef4cc7b-611c-4237-b20b-db36b6906554       1.00      1.00      1.00      6400
    T1003.001_35d92515122effdd73801c6ac3021da7       1.00      1.00      1.00       600
    T1003.002_5a484b65c247675e3b7ada4ba648d376       1.00      1.00      1.00       500
    T1003.002_7fa4ea18694f2552547b65e23952cabb       1.00      1.00      1.00      1500
    T1003.003_9f73269695e54311dd61dc68940fb3e1       0.03      0.04      0.03       100
    T1003.003_f049b89533298c2d6cd37a940248b219       0.03      0.03      0.03       100
        T1003_18f31c311ac208802e88ab8d5af8603e       1.00      1.00      1.00       600
        T1007_9d03c91bdae5a80f17f89c987942b5a8       1.00      1.00      1.00       600
    T1007_c6607391-d02c-44b5-9b13-d3492ca58599       0.01      0.01      0.01       100
        T1007_d6bb2a19da7246731ed9c44831b135f8       0.00      0.00      0.00       300
    T1016_14a21534-350f-4d83-9dd7-3c56b93a0c17       0.03      0.04      0.03       100
        T1016_71b3d2945679566b9d94d8cb11df4b70       0.02      0.03      0.03       100
        T1016_7d8ee68f0e9731db82964f558f614608       0.44      0.18      0.26       500
    T1016_921055f4-5970-4707-909e-62f594234d91       0.02      0.03      0.02       100
    T1016_a0676fe1-cd52-482e-8dde-349b73f9aa69       0.02      0.04      0.03       100
    T1016_e8017c46-acb8-400c-a4b5-b3362b5b5baa       0.02      0.05      0.03       100
    T1018_26c8b8b5-7b5b-4de1-a128-7d37fb14f517       0.02      0.02      0.02       100
        T1018_a44bb43474728496276d5d73aa14588f       0.03      0.04      0.03       100
        T1018_ac20e592bc912bddff4d6b88289095f0       0.04      0.05      0.04       100
    T1021.001_dd67068b052fa553ad4a0ac7d6a5ea89       1.00      1.00      1.00       600
    T1033_bd527b63-9f9e-46e0-9816-b8434d2b8989       0.02      0.03      0.02       100
    T1033_c0da588f-79f0-4263-8998-7496b1a40596       0.01      0.02      0.02       100
    T1036.003_04e8d83e7badf098d50800d6aa1dd487       1.00      1.00      1.00      2300
    T1036.003_f5ef8466e5ebcd2ae03f338d9416069c       1.00      1.00      1.00      2700
    T1036.004_1f0614ea5c4af6faf1b44570f5f22f8a       0.00      0.00      0.00       200
    T1036.004_7de3d7b4922a7b996d8df36fb22bb118       0.00      0.00      0.00       200
    T1037.001_62cfa90fb03a6bc1a6ebcce8a3ea81b7       1.00      1.00      1.00       700
        T1040_6881a4589710d53f0c146e91db513f01       1.00      1.00      1.00       500
        T1047_09e0f9cf2eb803a1c35deeecf3665fad       0.03      0.04      0.04       100
        T1047_6935e41353aa781bb723462d26114c44       0.02      0.03      0.02       100
        T1047_ac122553ab4426ea3362bb4a97d31bfd       0.00      0.00      0.00       100
        T1047_ac2764f7a67a9ce92b54e8e59b361838       0.01      0.02      0.02       100
        T1047_b0255b5120cbabc062d8d4510a142c3b       0.04      0.06      0.05       100
        T1047_ed736a123da6fb2aab22cfd4f437e8b5       0.03      0.03      0.03       100
        T1047_f4b0b4129560ea66f9751275e82f6bab       0.01      0.03      0.02       100
    T1049_638fb6bb-ba39-4285-93d1-7e4775b033a8       0.02      0.03      0.02       100
        T1049_a14392d713dffba6a397682ff83259a0       0.00      0.00      0.00       300
    T1053.005_5db2884b6ca3ab932848f295a3896dc0       0.00      0.00      0.00       200
    T1053.005_ee454be9197890de62705ce6255933fd       0.03      0.02      0.02       100
T1055.001_a74bc239-a196-4f7e-8d5c-fe8c0266071c       0.00      0.00      0.00       100
T1055.002_e5bcefee-262d-4568-a261-e8a20855ec81       0.02      0.03      0.03       100
    T1057_5a39d7ed-45c9-4a79-b581-e5fb99e24f65       0.01      0.03      0.02       100
    T1057_8adf02e8-6e71-4244-886c-98c402857404       1.00      1.00      1.00       700
        T1057_b2a1e430ca6d36eb5af2fe666e769847       0.03      0.03      0.03       100
        T1057_f8de05d1741dcc468f772ab0ff4dac72       0.05      0.06      0.06       100
T1059.001_55678719-e76e-4df9-92aa-10655bbd1cf4       1.00      1.00      1.00      1000
    T1059.001_6efbccc1869e8cd618c0d3ecda407d5f       1.00      1.00      1.00      1500
T1059.001_702bfdd2-9947-4eda-b551-c3a1ea9a59a2       1.00      1.00      1.00       500
T1059.001_bfff9006-d1fb-46ce-b173-92cb04e9a031       1.00      1.00      1.00      1000
T1059.001_ccdb8caf-c69e-424b-b930-551969450c57       1.00      1.00      1.00       500
T1059.001_e5f9de8f-3df1-4e78-ad92-a784e3f6770d       1.00      1.00      1.00     13700
    T1059.003_6c318ef0339d74d909ad556681b6493e       1.00      1.00      1.00       700
    T1059.003_f38e58deb7ad20b5538ca40db7b7b4f8       1.00      1.00      1.00       600
T1069.001_5c4dd985-89e3-4590-9b57-71fed66ff4e2       1.00      1.00      1.00       900
    T1069.001_a1f48fa3ddee658b29b414523c9a295b       0.00      0.00      0.00       200
    T1069.002_6103e503cb444bc7b4187704f2035708       0.11      0.04      0.06       400
    T1070.005_1f91076e2be2014cc7b4f1296de02fd6       1.00      1.00      1.00       600
    T1071.001_24c3b7b004401d839a5c337201da3484       1.00      1.00      1.00      2000
T1074.001_4e97e699-93d7-4040-b5a3-2e906a58199e       1.00      1.00      1.00      1000
T1074.001_6469befa-748a-4b9c-a96d-f191fde47d89       1.00      1.00      1.00       300
    T1074.001_e6dfc7e89359ac6fa6de84b0e1d5762e       1.00      1.00      1.00       800
    T1078.001_d0ca00832890baa1d42322cf70fcab1a       0.04      0.05      0.04       100
    T1082_29451844-9b76-4e16-a9ee-d6feab4b24db       0.03      0.05      0.04       100
    T1083_52177cc1-b9ab-4411-ac21-2eadc4b5d3b8       1.00      1.00      1.00      1200
    T1083_6e1a53c0-7352-4899-be35-fa7f364d5722       0.02      0.04      0.02       100
    T1087.001_6334877e8e3ba48f7835d4856d90a282       1.00      1.00      1.00       500
T1087.001_feaced8f-f43f-452a-9500-a5219488abb8       0.02      0.04      0.02       100
    T1090.001_ba343199a4f15ed6b57eb52412f62e4e       0.95      0.62      0.75       200
        T1105_0856c235a1d26113d4f2d92e39c9a9f8       1.00      1.00      1.00      1100
        T1105_1095434782a00c8a4772a11e625bcf5d       1.00      0.98      0.99       200
        T1105_4f683658f161ccdc51337c470d32bab9       1.00      1.00      1.00       800
    T1105_60f63260-39bb-4136-87a0-b6c2dca799fc       1.00      1.00      1.00      2100
        T1105_c521e0a70b243a0cf9217907ca3c6d27       1.00      1.00      1.00      2000
        T1105_c76968acda4aa1673dadcd67f3ab7664       1.00      1.00      1.00      1300
        T1105_e6715e61f5df646692c624b3499384c4       1.00      1.00      1.00      5700
    T1105_eb814e03-811a-467a-bc6d-dcd453750fa2       1.00      1.00      1.00     15000
        T1112_257313a3c93e3bb7dfb60d6753b09e34       1.00      1.00      1.00       300
        T1112_34041639e6e501856ecaf5969ee29c76       1.00      1.00      1.00       300
        T1112_35c0360d226cf38104f300d9d57ce60e       1.00      1.00      1.00       300
        T1112_4bfb5f265a5ce07af6bf10da113af7db       1.00      1.00      1.00       300
        T1112_7fe6a66d03f4dbfc022609ba311c2b11       1.00      1.00      1.00       300
        T1112_ba6f6214dbd17c54001e0a163b60f151       1.00      1.00      1.00       300
        T1112_cab7b85611a290c0769546bfa9d6f962       1.00      1.00      1.00       300
        T1112_cd8be0e6b873919da25530a2c7ea6750       1.00      1.00      1.00       200
        T1112_e74d2fb4ef5fa6c766a4151554033697       1.00      1.00      1.00       300
        T1112_e7a987cbef27263e666e5b096488dc55       1.00      1.00      1.00      1800
        T1112_fa4ba6a06b4a5cd955ea5a60fae24281       1.00      1.00      1.00       300
        T1112_fd992e8ecfdac9b56dd6868904044827       1.00      1.00      1.00       300
    T1113_316251ed-6a28-4013-812b-ddf5b5b007f8       1.00      1.00      1.00       500
        T1115_70795de7cbb842edb029b3378c27c008       1.00      1.00      1.00      1600
    T1115_b007fe0c-c6b0-4fda-915c-255bbc070de2       0.01      0.03      0.01       100
        T1119_344e7eaf650763e0d3e9f02e62c1cf4b       1.00      1.00      1.00      1900
        T1119_7121cdf93b951311be9d7078c602efdc       1.00      1.00      1.00      2000
        T1120_7b9c7afaefa59aab759b49af0d699ac1       1.00      1.00      1.00       600
        T1123_372e6f46fca18e4f1b43209c20ffafa2       1.00      1.00      1.00       600
    T1124_fa6e8607-e0b1-425d-8924-9b894da5a002       0.03      0.06      0.04       100
        T1125_da86001b5081fcf773d8e62f22cf2b00       1.00      1.00      1.00       600
    T1135_530e47c6-8592-42bf-91df-c59ffbd8541b       0.00      0.00      0.00       100
    T1135_deeac480-5c2a-42b5-90bb-41675ee53c7e       0.01      0.02      0.02       100
    T1137.002_e2af3c3ab1b0f659c874b8af58c49759       1.00      1.00      1.00       600
        T1137_12ad9edefc86af07700fbf49bfdac6ba       1.00      1.00      1.00      1300
        T1201_38f6f0e50a6b196140ec40d3dc9cc9e6       0.02      0.02      0.02       100
        T1201_57296a2ddbeb7423c05feef2fe972111       0.03      0.04      0.03       100
    T1204.002_522f3f35cd013e63830fa555495a0081       1.00      1.00      1.00      1000
        T1217_69bbe2183fa09c00ccaac62d48e214f8       1.00      1.00      1.00       400
        T1217_f7a0f7d704aa52a764d9d1bee81e65d6       0.01      0.01      0.01       100
        T1219_7dabcbecab0334b115feefab1630f84a       1.00      1.00      1.00      6700
        T1219_af8cb2bf9b436aae5c106a0a9c207e14       1.00      1.00      1.00     10400
        T1219_f1b3fca18d7465cd10e5a7477a3bf97d       1.00      1.00      1.00      5000
    T1482_6131397e-7765-424e-a594-3d7fb2d93a6a       1.00      1.00      1.00       500
        T1482_cfb61005899996469ae3023796792ca5       0.02      0.02      0.02       100
        T1486_d82ceb9939d3d920ee550187ad8235c8       1.00      1.00      1.00       400
        T1490_2d53d6fabd39bf9c70b0dfcdfbbc926d       0.03      0.05      0.04       100
        T1490_8467c994685ccf178db166964bd80fab       0.00      0.00      0.00       200
        T1490_9e5e4c0655fd1b5be88bd40b8251175f       0.04      0.05      0.04       100
        T1490_c156ac5c9fa67080365268d95f29053d       0.02      0.02      0.02       100
        T1490_c8f329d2847ede593b6cb4a1ec6120fb       1.00      1.00      1.00      1000
        T1490_e90756bb6dcd21462dc4cc452661df91       0.02      0.03      0.02       100
    T1491_47d08617-5ce1-424a-8cc5-c9c978ce6bf9       1.00      1.00      1.00       500
    T1491_68235976-2404-42a8-9105-68230cfef562       1.00      1.00      1.00       700
    T1496_46da2385-cf37-49cb-ba4b-a739c7a19de4       1.00      1.00      1.00      8200
T1497.001_1258b063-27d6-489b-a677-4807faacf868       0.01      0.03      0.02       100
T1497.001_5dc841fd-28ad-40e2-b10e-fb007fe09e81       0.01      0.03      0.02       100
T1497.001_7a6ba833-de40-466a-8969-5c37b13603e0       0.02      0.06      0.03       100
    T1499_2fe2d5e6-7b06-4fc0-bf71-6966a1226731       0.02      0.02      0.02       100
T1518.001_2dece965-37a0-4f70-a391-0f30e3331aba       0.01      0.01      0.01       100
    T1518.001_33a24ff44719e6ac0614b58f8c9a7c72       0.00      0.00      0.00       200
    T1518.001_b8453a5fe06b24aea12b27592d5c3d3a       0.01      0.03      0.02       100
        T1518_8ddfaf982ab359cda13626b870ccb339       1.00      1.00      1.00       200
    T1518_c9be8043-a445-4cbf-b77b-ed7bb007fc7c       1.00      1.00      1.00       100
        T1531_aa6b15485a5f50ced34d87fda177b758       0.00      0.00      0.00       200
        T1531_b25ae80dad74142fafb510e9c1949ace       0.00      0.00      0.00       200
    T1546.013_f9a968af61d36983448c74cca5464e17       1.00      1.00      1.00      1500
    T1547.001_0dbdf1a2a87e718a6ac8a8e3415a7fac       1.00      1.00      1.00       700
    T1547.001_163b023f43aba758d36f524d146cb8ea       1.00      1.00      1.00       500
    T1547.001_1f15ab22c39a9b6bb2bb0d77276dfcb3       1.00      1.00      1.00       600
    T1547.001_4b71ebb2f6f6a01235ba240fa40ce978       1.00      1.00      1.00       200
    T1547.001_777043894e42d2aae3881e63f6c76d33       1.00      1.00      1.00       200
    T1547.001_d3ef4145e4144fd694514b1c5cc17350       1.00      1.00      1.00       500
    T1547.004_0856714c9810ac55b53e9964d02958a0       1.00      1.00      1.00       200
    T1547.004_aa147165f6c116cb0b0f944abe1db8ce       1.00      1.00      1.00       200
    T1547.009_501af516bd8b24fee0c7c650ae5cc861       1.00      1.00      1.00      1000
    T1547.009_b6e5c895c6709fe289352ee23f062229       1.00      1.00      1.00       800
    T1547.010_4593d72a5145e3f494421ac772d37464       1.00      1.00      1.00       600
        T1547_fe9eeee9a7b339089e5fa634b08522c1       1.00      1.00      1.00      2200
T1548.002_665432a4-42e7-4ee1-af19-a9a8c9455d0c       1.00      1.00      1.00       200
    T1552.002_3e5b04b8ee0a1a4950da8f35d95e65fc       0.00      0.00      0.00       200
        T1560_a1ee301b0508747b468d578a14e5c1a5       1.00      1.00      1.00     21600
    T1562.001_43e3334362b140924f001b256b229ee5       1.00      1.00      1.00       200
    T1562.002_6a8d25d65a7d481dc479f89c62af1e6a       1.00      1.00      1.00       600
    T1562.002_94f51bf01a7036fe02d07b4c18967669       0.02      0.04      0.03       100
    T1562.004_280003641a5cddf916c4f2bf605a71d3       0.00      0.00      0.00       200
    T1562.004_41627f71f968225b9f162cb76d16bd9d       1.00      1.00      1.00      1100
    T1562.004_5b93df032e230056c21a3e57334f77d1       0.03      0.05      0.04       100
    T1562.004_8d0a4585e7c4646185a912b14cd9cb46       0.01      0.01      0.01       100
    T1562.004_8fe59e288f10a486dc8b44bc872019ff       1.00      1.00      1.00       300
    T1564.001_66a5fd5f244819181f074dd082a28905       0.00      0.00      0.00       500
    T1564.001_dce51e632abdfe5392c7c1f942ac9273       0.50      1.00      0.67       500
    T1564.003_9a2edad4053a2b59fb9167a9bc29e7dc       0.95      0.10      0.18       200
    T1564.004_28862487a99f5f89bc0d68c87396c7e9       1.00      1.00      1.00       600
    T1564.004_76b6066fe170d38215251102e42be973       1.00      1.00      1.00      1600
        T1564_dedfa0a54c9c13ce5714a0dc2e1f5d1a       0.00      0.00      0.00       100
    T1566.001_1afaec09315ab71fdfb167175e8a019a       1.00      1.00      1.00       800
    T1574.001_63bbedafba2f541552ac3579e9e3737b       1.00      1.00      1.00      6200
    T1574.011_72249c1e9ffe7d8f30243d838e0791ca       1.00      1.00      1.00       600
                                        benign       1.00      1.00      1.00    134563

                                      accuracy                           0.97    310263
                                     macro avg       0.60      0.59      0.59    310263
                                  weighted avg       0.97      0.97      0.97    310263

10/31/2023, 01:52:48# Confusion Matrix:
[[ 600    0    0 ...    0    0    0]
 [   0    2    1 ...    1    0    0]
 [   0    1    2 ...    2    0    0]
 ...
 [   0    2    1 ...    4    0    0]
 [   0    0    0 ...    0 8200    0]
 [   0    0    0 ...    0    0  600]]
