09/04/2023, 13:47:16# labels of 5000: tensor([ 60,  47,  68,  29,  48,  29,  16,  59, 138,  18,  85,  90,  87,  63,
        135, 149], device='cuda:2') torch.Size([16])
09/04/2023, 13:47:16# predicted of 5000: tensor([132, 132, 132, 149, 132,  29, 138, 132,  16, 132,  85, 132, 132, 132,
        132, 149], device='cuda:2') torch.Size([16])
09/04/2023, 13:49:03# total batches: 8250
09/04/2023, 13:49:03# Epoch 0 | Train Loss: 4.3606 | Train Accuracy: 0.0403
09/04/2023, 13:49:03# labels of Validation: tensor([ 25,  46,  95,  62,  86,  20,  42, 120,  12,  14,  27,  30, 139,  78,
        108,  55], device='cuda:2') torch.Size([16])
09/04/2023, 13:49:03# predicted of Validation: tensor([136,   6,  15, 105,   6,   6,   6, 130,   6,   6, 105,   6,   6, 105,
        132,   6], device='cuda:2') torch.Size([16])
09/04/2023, 13:49:03# labels of 0: tensor([ 25,  46,  95,  62,  86,  20,  42, 120,  12,  14,  27,  30, 139,  78,
        108,  55], device='cuda:2') torch.Size([16])
09/04/2023, 13:49:03# predicted of 0: tensor([136,   6,  15, 105,   6,   6,   6, 130,   6,   6, 105,   6,   6, 105,
        132,   6], device='cuda:2') torch.Size([16])
09/04/2023, 13:49:27# labels of Validation: tensor([125,   9,  91, 129,   1,  67, 117, 101,  32, 118, 146,  92,  20,  90,
         97,  76], device='cuda:2') torch.Size([16])
09/04/2023, 13:49:27# predicted of Validation: tensor([  6,   6,   6,   6,   6, 146, 130,   6,  15, 149, 136,   6,   6,   6,
          6,   6], device='cuda:2') torch.Size([16])
09/04/2023, 13:49:28# Validation Loss: 4.0988 | Validation Accuracy: 0.0684

09/04/2023, 13:49:28# Find a better model!!
09/04/2023, 13:52:15# labels of 5000: tensor([137,  93, 130, 128, 152,  62, 154,  67,  43, 135,  16,  97,  41, 126,
         11,  83], device='cuda:2') torch.Size([16])
09/04/2023, 13:52:15# predicted of 5000: tensor([ 28,  28,  67, 120, 101,  40, 106,  23,  28,  28,  16,  28,  28, 115,
         98,  28], device='cuda:2') torch.Size([16])
09/04/2023, 13:54:00# total batches: 8250
09/04/2023, 13:54:00# Epoch 1 | Train Loss: 4.0402 | Train Accuracy: 0.0773
09/04/2023, 13:54:01# labels of Validation: tensor([ 63, 137,  47,   3,  49,  67,  32,  18, 129, 133, 139,  68, 105,  32,
         35,  75], device='cuda:2') torch.Size([16])
09/04/2023, 13:54:01# predicted of Validation: tensor([ 68,  68,  68,  25,  68, 120, 128,  68, 132, 132,  68, 132, 128, 120,
         32,  68], device='cuda:2') torch.Size([16])
09/04/2023, 13:54:01# labels of 0: tensor([ 63, 137,  47,   3,  49,  67,  32,  18, 129, 133, 139,  68, 105,  32,
         35,  75], device='cuda:2') torch.Size([16])
09/04/2023, 13:54:01# predicted of 0: tensor([ 68,  68,  68,  25,  68, 120, 128,  68, 132, 132,  68, 132, 128, 120,
         32,  68], device='cuda:2') torch.Size([16])
09/04/2023, 13:54:23# labels of Validation: tensor([ 59,  76,  57,  21, 151, 122, 150,  85, 117,  79, 142,  17,  70,  29,
         48, 115], device='cuda:2') torch.Size([16])
09/04/2023, 13:54:23# predicted of Validation: tensor([132,  68,  68, 132,  68,  29,  68,  70, 128,  61,  68,  25,  70,  29,
         68, 128], device='cuda:2') torch.Size([16])
09/04/2023, 13:54:23# Validation Loss: 3.9425 | Validation Accuracy: 0.0913

09/04/2023, 13:54:23# Find a better model!!
09/04/2023, 13:57:19# labels of 5000: tensor([ 75,  64,  46,  90,  77, 142, 126,  20,  45,  62,  36,  40,  32, 155,
         81, 125], device='cuda:2') torch.Size([16])
09/04/2023, 13:57:19# predicted of 5000: tensor([ 77, 161,  66,  68, 132,  66, 159, 161, 105,  40, 161, 128,  35, 161,
        161,  76], device='cuda:2') torch.Size([16])
09/04/2023, 13:59:06# total batches: 8250
09/04/2023, 13:59:06# Epoch 2 | Train Loss: 3.9422 | Train Accuracy: 0.0924
09/04/2023, 13:59:06# labels of Validation: tensor([103,  25,  99,  91, 159, 156,  16,  48, 158, 144,   9,   8,  90,  81,
        143, 166], device='cuda:2') torch.Size([16])
09/04/2023, 13:59:06# predicted of Validation: tensor([132,  80,  99, 132, 115,  32,  85,  64,  64,  64,  64, 132, 132,  64,
         64, 132], device='cuda:2') torch.Size([16])
09/04/2023, 13:59:06# labels of 0: tensor([103,  25,  99,  91, 159, 156,  16,  48, 158, 144,   9,   8,  90,  81,
        143, 166], device='cuda:2') torch.Size([16])
09/04/2023, 13:59:06# predicted of 0: tensor([132,  80,  99, 132, 115,  32,  85,  64,  64,  64,  64, 132, 132,  64,
         64, 132], device='cuda:2') torch.Size([16])
09/04/2023, 13:59:29# labels of Validation: tensor([155, 100,  17, 142,  76,  95, 103, 135,  21,  72,  84,  29, 158, 100,
         85, 121], device='cuda:2') torch.Size([16])
09/04/2023, 13:59:29# predicted of Validation: tensor([132, 132,  80,  64,  64,   0, 132,  64, 132, 115, 146, 122,  64, 132,
         85,  64], device='cuda:2') torch.Size([16])
09/04/2023, 13:59:30# Validation Loss: 3.8939 | Validation Accuracy: 0.0872

09/04/2023, 13:59:30# Find a better model!!
09/04/2023, 14:02:16# labels of 5000: tensor([111,  36,  45, 125,  89, 164, 149,  86, 135, 137,  29, 106,   9, 122,
        164, 105], device='cuda:2') torch.Size([16])
09/04/2023, 14:02:16# predicted of 5000: tensor([ 41,  41, 128,  41,  79,  41, 118, 132,  41,  41, 126, 106,  41, 115,
         58, 147], device='cuda:2') torch.Size([16])
09/04/2023, 14:04:04# total batches: 8250
09/04/2023, 14:04:04# Epoch 3 | Train Loss: 3.8884 | Train Accuracy: 0.1011
09/04/2023, 14:04:04# labels of Validation: tensor([ 20, 119, 119, 123,  90, 139,  82, 145,  49,  27,  49,  95,  23,  45,
        144,  75], device='cuda:2') torch.Size([16])
09/04/2023, 14:04:04# predicted of Validation: tensor([ 48,  48,  48, 123, 132,  48, 154, 140,  48,  45,  48,  45, 136,  73,
         48,  48], device='cuda:2') torch.Size([16])
09/04/2023, 14:04:04# labels of 0: tensor([ 20, 119, 119, 123,  90, 139,  82, 145,  49,  27,  49,  95,  23,  45,
        144,  75], device='cuda:2') torch.Size([16])
09/04/2023, 14:04:04# predicted of 0: tensor([ 48,  48,  48, 123, 132,  48, 154, 140,  48,  45,  48,  45, 136,  73,
         48,  48], device='cuda:2') torch.Size([16])
09/04/2023, 14:04:27# labels of Validation: tensor([ 61,  50, 103, 115,  91, 129, 131, 161, 147,  88,  78, 133,  82, 156,
         20,  66], device='cuda:2') torch.Size([16])
09/04/2023, 14:04:27# predicted of Validation: tensor([ 45,  45, 132, 127, 132, 132, 132, 132, 146, 132, 127, 132,  82, 154,
         48, 132], device='cuda:2') torch.Size([16])
09/04/2023, 14:04:28# Validation Loss: 3.8246 | Validation Accuracy: 0.1096

09/04/2023, 14:04:28# Find a better model!!
09/04/2023, 14:07:15# labels of 5000: tensor([164,  39, 152,  79, 105,  32, 108, 157,  30, 112,  63,  17,  14,  21,
        126,  95], device='cuda:2') torch.Size([16])
09/04/2023, 14:07:15# predicted of 5000: tensor([ 33,  39, 110,  78, 105, 115, 142, 162, 108, 108, 110,  80, 108,   6,
        146, 117], device='cuda:2') torch.Size([16])
09/04/2023, 14:09:00# total batches: 8250
09/04/2023, 14:09:00# Epoch 4 | Train Loss: 3.8530 | Train Accuracy: 0.1066
09/04/2023, 14:09:00# labels of Validation: tensor([ 20,  97, 136, 121, 155, 125, 116,  55,  88, 159,  50,  21,  57,  82,
          0, 159], device='cuda:2') torch.Size([16])
09/04/2023, 14:09:00# predicted of Validation: tensor([100, 100,  96, 100, 132, 100, 100, 100, 100, 159,  62, 132, 100,  82,
         62, 159], device='cuda:2') torch.Size([16])
09/04/2023, 14:09:00# labels of 0: tensor([ 20,  97, 136, 121, 155, 125, 116,  55,  88, 159,  50,  21,  57,  82,
          0, 159], device='cuda:2') torch.Size([16])
09/04/2023, 14:09:00# predicted of 0: tensor([100, 100,  96, 100, 132, 100, 100, 100, 100, 159,  62, 132, 100,  82,
         62, 159], device='cuda:2') torch.Size([16])
09/04/2023, 14:09:22# labels of Validation: tensor([ 31,  92,  53,  28,  59, 135,  47, 119, 106,  45,  82, 162, 159,  58,
         88, 107], device='cuda:2') torch.Size([16])
09/04/2023, 14:09:22# predicted of Validation: tensor([100, 100, 100, 132, 132, 100, 100, 100, 106,  27,  82, 100, 159, 100,
        100, 100], device='cuda:2') torch.Size([16])
09/04/2023, 14:09:23# Validation Loss: 3.7945 | Validation Accuracy: 0.1167

09/04/2023, 14:09:23# Find a better model!!
09/04/2023, 14:12:12# labels of 5000: tensor([155,  69,  29, 117,  40, 112,   9,  72,  92, 122, 142, 102, 114,  77,
         13, 158], device='cuda:2') torch.Size([16])
09/04/2023, 14:12:12# predicted of 5000: tensor([161, 134,  29, 147,   0,  44,  44, 147,  44,  29,  59,  63, 161, 161,
          0,  59], device='cuda:2') torch.Size([16])
09/04/2023, 14:14:03# total batches: 8250
09/04/2023, 14:14:03# Epoch 5 | Train Loss: 3.8287 | Train Accuracy: 0.1104
09/04/2023, 14:14:03# labels of Validation: tensor([152,  71, 110, 129,  51,  20, 155,  14,  19, 160,  77,  35,  98,  13,
        119, 130], device='cuda:2') torch.Size([16])
09/04/2023, 14:14:03# predicted of Validation: tensor([158, 158, 161, 161, 161, 158, 161, 158, 158, 161, 161, 120, 158,  56,
        158,  61], device='cuda:2') torch.Size([16])
09/04/2023, 14:14:03# labels of 0: tensor([152,  71, 110, 129,  51,  20, 155,  14,  19, 160,  77,  35,  98,  13,
        119, 130], device='cuda:2') torch.Size([16])
09/04/2023, 14:14:03# predicted of 0: tensor([158, 158, 161, 161, 161, 158, 161, 158, 158, 161, 161, 120, 158,  56,
        158,  61], device='cuda:2') torch.Size([16])
09/04/2023, 14:14:24# labels of Validation: tensor([105,  61, 152,  31,  50,   7, 100, 124,  32, 123,  70, 118,  87,  99,
        155,  40], device='cuda:2') torch.Size([16])
09/04/2023, 14:14:24# predicted of Validation: tensor([120,  95, 158, 158, 120,   7, 161, 158,  67, 123,  16, 149, 158,  99,
        161, 120], device='cuda:2') torch.Size([16])
09/04/2023, 14:14:25# Validation Loss: 3.7670 | Validation Accuracy: 0.1161

09/04/2023, 14:14:25# Find a better model!!
09/04/2023, 14:17:17# labels of 5000: tensor([115, 128,  46,  57,  15,  11,  90, 110, 148, 161,  19,  67, 100,  18,
        145,  93], device='cuda:2') torch.Size([16])
09/04/2023, 14:17:17# predicted of 5000: tensor([159,   0,  88,  14,  94,  28,  28, 161,  28, 161,  28, 120, 161, 142,
        145, 100], device='cuda:2') torch.Size([16])
09/04/2023, 14:19:05# total batches: 8250
09/04/2023, 14:19:05# Epoch 6 | Train Loss: 3.8070 | Train Accuracy: 0.1151
09/04/2023, 14:19:05# labels of Validation: tensor([128,  58,  96,  55,  97,  74,  12,   9,  53,  14,  66, 121,  53,  43,
        132,  25], device='cuda:2') torch.Size([16])
09/04/2023, 14:19:05# predicted of Validation: tensor([128, 150, 136, 150, 150, 150, 150, 150, 150, 150, 132, 150, 150, 150,
        132, 136], device='cuda:2') torch.Size([16])
09/04/2023, 14:19:05# labels of 0: tensor([128,  58,  96,  55,  97,  74,  12,   9,  53,  14,  66, 121,  53,  43,
        132,  25], device='cuda:2') torch.Size([16])
09/04/2023, 14:19:05# predicted of 0: tensor([128, 150, 136, 150, 150, 150, 150, 150, 150, 150, 132, 150, 150, 150,
        132, 136], device='cuda:2') torch.Size([16])
09/04/2023, 14:19:27# labels of Validation: tensor([118, 123,  96,  78, 105,  60,  25, 144, 160, 116,  49,  31, 150, 148,
        108,  54], device='cuda:2') torch.Size([16])
09/04/2023, 14:19:27# predicted of Validation: tensor([149, 123,  80, 130, 105, 150,  17, 150, 103, 150, 150, 150, 150, 103,
        132, 150], device='cuda:2') torch.Size([16])
09/04/2023, 14:19:27# Validation Loss: 3.7593 | Validation Accuracy: 0.1258

09/04/2023, 14:19:27# Find a better model!!
09/04/2023, 14:22:17# labels of 5000: tensor([141,  45, 106,  75, 158, 121,  75,  74,  43,  18,  36,  80,  43,  36,
         64, 161], device='cuda:2') torch.Size([16])
09/04/2023, 14:22:17# predicted of 5000: tensor([ 93,  95,   7,  43,  49,  49,  93, 132,  49,  93,  43,  80,  43,  93,
        132, 132], device='cuda:2') torch.Size([16])
09/04/2023, 14:24:05# total batches: 8250
09/04/2023, 14:24:05# Epoch 7 | Train Loss: 3.7949 | Train Accuracy: 0.1167
09/04/2023, 14:24:05# labels of Validation: tensor([ 16, 141,  94, 111,  58, 116, 156,  43,   0,  79,  73,  47,  17,  89,
         25,  25], device='cuda:2') torch.Size([16])
09/04/2023, 14:24:05# predicted of Validation: tensor([ 85,  59, 117,  30,  30,  30,  82,  30, 120, 117, 126,  30,  17, 126,
         17,  17], device='cuda:2') torch.Size([16])
09/04/2023, 14:24:05# labels of 0: tensor([ 16, 141,  94, 111,  58, 116, 156,  43,   0,  79,  73,  47,  17,  89,
         25,  25], device='cuda:2') torch.Size([16])
09/04/2023, 14:24:05# predicted of 0: tensor([ 85,  59, 117,  30,  30,  30,  82,  30, 120, 117, 126,  30,  17, 126,
         17,  17], device='cuda:2') torch.Size([16])
09/04/2023, 14:24:28# labels of Validation: tensor([110,  63,  80, 104, 111, 112,  76, 116,  34,  69, 133,  14,  41, 148,
        146,   4], device='cuda:2') torch.Size([16])
09/04/2023, 14:24:28# predicted of Validation: tensor([59, 30,  3, 30, 30, 30, 30, 30, 30, 69, 59, 30, 30, 59, 23, 30],
       device='cuda:2') torch.Size([16])
09/04/2023, 14:24:29# Validation Loss: 3.7380 | Validation Accuracy: 0.1187

09/04/2023, 14:24:29# Find a better model!!
09/04/2023, 14:27:21# labels of 5000: tensor([ 79, 134, 105,  27, 128,  40,  95, 165,   6, 166, 121,  84,   2,  11,
         15,  37], device='cuda:2') torch.Size([16])
09/04/2023, 14:27:21# predicted of 5000: tensor([ 79, 134,  95,  79,  29,   5, 126, 165,  28, 132, 160,  84, 112,  93,
         13, 112], device='cuda:2') torch.Size([16])
09/04/2023, 14:29:09# total batches: 8250
09/04/2023, 14:29:09# Epoch 8 | Train Loss: 3.7792 | Train Accuracy: 0.1193
09/04/2023, 14:29:09# labels of Validation: tensor([ 60,  56, 163,  40, 135, 122,  26, 113, 126,  77,  24,   8,  87, 109,
          0,  29], device='cuda:2') torch.Size([16])
09/04/2023, 14:29:09# predicted of Validation: tensor([  9,  45,   9,  40,   9, 159,   9, 131,  45, 131,   9, 131,   9,   9,
         45,  29], device='cuda:2') torch.Size([16])
09/04/2023, 14:29:09# labels of 0: tensor([ 60,  56, 163,  40, 135, 122,  26, 113, 126,  77,  24,   8,  87, 109,
          0,  29], device='cuda:2') torch.Size([16])
09/04/2023, 14:29:09# predicted of 0: tensor([  9,  45,   9,  40,   9, 159,   9, 131,  45, 131,   9, 131,   9,   9,
         45,  29], device='cuda:2') torch.Size([16])
09/04/2023, 14:29:32# labels of Validation: tensor([126, 100, 130,  13,  87,  78, 127, 122, 120, 116,  64,  71, 122, 119,
        151,  63], device='cuda:2') torch.Size([16])
09/04/2023, 14:29:32# predicted of Validation: tensor([ 61, 131, 126,  89,   9,  45, 159,  29,  62,   9, 131,   9, 159,   9,
          9,   9], device='cuda:2') torch.Size([16])
09/04/2023, 14:29:33# Validation Loss: 3.7377 | Validation Accuracy: 0.1102

09/04/2023, 14:29:33# Find a better model!!
09/04/2023, 14:32:20# labels of 5000: tensor([ 96,  76, 113, 141, 118,  66,  70,   7,   2, 141,  30,  95,   9,   3,
        130,  47], device='cuda:2') torch.Size([16])
09/04/2023, 14:32:20# predicted of 5000: tensor([ 23, 148, 162, 108, 149,  51,  70, 106, 148,  51, 148, 115, 148,  80,
         78, 148], device='cuda:2') torch.Size([16])
09/04/2023, 14:34:07# total batches: 8250
09/04/2023, 14:34:07# Epoch 9 | Train Loss: 3.7661 | Train Accuracy: 0.1223
09/04/2023, 14:34:07# labels of Validation: tensor([ 36, 137, 126, 131,  17,  89, 106,  82, 108, 160, 135,  10,   2,  80,
          0, 109], device='cuda:2') torch.Size([16])
09/04/2023, 14:34:07# predicted of Validation: tensor([143, 143, 126,  28,  17,  67,   7, 156,  28,   8, 143, 143, 143, 140,
        117, 143], device='cuda:2') torch.Size([16])
09/04/2023, 14:34:07# labels of 0: tensor([ 36, 137, 126, 131,  17,  89, 106,  82, 108, 160, 135,  10,   2,  80,
          0, 109], device='cuda:2') torch.Size([16])
09/04/2023, 14:34:07# predicted of 0: tensor([143, 143, 126,  28,  17,  67,   7, 156,  28,   8, 143, 143, 143, 140,
        117, 143], device='cuda:2') torch.Size([16])
09/04/2023, 14:34:29# labels of Validation: tensor([ 71,  16,  83,  37, 112, 122, 140,  86, 131,  44, 116, 137,  84, 112,
         51, 128], device='cuda:2') torch.Size([16])
09/04/2023, 14:34:29# predicted of Validation: tensor([143,  16, 143,   8, 143, 122,  80, 143,  28, 143, 143, 143,  23, 143,
         28,  32], device='cuda:2') torch.Size([16])
09/04/2023, 14:34:30# Validation Loss: 3.7209 | Validation Accuracy: 0.1263

09/04/2023, 14:34:30# Find a better model!!
09/04/2023, 14:37:14# labels of 5000: tensor([154,  14,  25, 138, 166, 130, 151,  49,  96,  55,  99, 148,   5,  61,
        156,  99], device='cuda:2') torch.Size([16])
09/04/2023, 14:37:14# predicted of 5000: tensor([156, 103,  17, 138,   6,  13, 103,  53,  96,  49,  99,   6,  45,  35,
        154,  99], device='cuda:2') torch.Size([16])
09/04/2023, 14:38:59# total batches: 8250
09/04/2023, 14:38:59# Epoch 10 | Train Loss: 3.7576 | Train Accuracy: 0.1251
09/04/2023, 14:38:59# labels of Validation: tensor([117,  64, 105, 152, 131,  79,  12,  33,  64,   3,  48,   4,  11, 108,
         67, 129], device='cuda:2') torch.Size([16])
09/04/2023, 14:38:59# predicted of Validation: tensor([39, 51, 40, 92, 28, 95, 92, 92, 51,  3, 92, 92, 92, 28, 67, 51],
       device='cuda:2') torch.Size([16])
09/04/2023, 14:38:59# labels of 0: tensor([117,  64, 105, 152, 131,  79,  12,  33,  64,   3,  48,   4,  11, 108,
         67, 129], device='cuda:2') torch.Size([16])
09/04/2023, 14:38:59# predicted of 0: tensor([39, 51, 40, 92, 28, 95, 92, 92, 51,  3, 92, 92, 92, 28, 67, 51],
       device='cuda:2') torch.Size([16])
09/04/2023, 14:39:22# labels of Validation: tensor([ 56, 106,  55,  30,  75,  61, 111,  69,   2, 152,  87,  50,  59,  59,
        157, 119], device='cuda:2') torch.Size([16])
09/04/2023, 14:39:22# predicted of Validation: tensor([ 39, 154,  92,  92,  92,  61,  92,  69,  92,  92,  92,  27,  51,  51,
         92,  92], device='cuda:2') torch.Size([16])
09/04/2023, 14:39:22# Validation Loss: 3.7086 | Validation Accuracy: 0.1342

09/04/2023, 14:39:22# Find a better model!!
09/04/2023, 14:42:10# labels of 5000: tensor([ 15, 145, 164,  68,  10,   3, 160,  16, 141, 130,  75,  33, 142,  92,
        140,   0], device='cuda:2') torch.Size([16])
09/04/2023, 14:42:10# predicted of 5000: tensor([ 32,   3, 104,  28, 104, 136,  28,  16, 161,  56, 104,  58,  19, 101,
          3,  32], device='cuda:2') torch.Size([16])
09/04/2023, 14:43:55# total batches: 8250
09/04/2023, 14:43:55# Epoch 11 | Train Loss: 3.7502 | Train Accuracy: 0.1258
09/04/2023, 14:43:55# labels of Validation: tensor([ 96,  45,   0,  85,  35, 156,  35,  82, 117, 129,   3,   4,  94, 131,
        150, 112], device='cuda:2') torch.Size([16])
09/04/2023, 14:43:55# predicted of Validation: tensor([136, 126,  79,  70,  27, 154,  32,  82,  94, 101, 136, 104,  79, 132,
        104, 104], device='cuda:2') torch.Size([16])
09/04/2023, 14:43:55# labels of 0: tensor([ 96,  45,   0,  85,  35, 156,  35,  82, 117, 129,   3,   4,  94, 131,
        150, 112], device='cuda:2') torch.Size([16])
09/04/2023, 14:43:55# predicted of 0: tensor([136, 126,  79,  70,  27, 154,  32,  82,  94, 101, 136, 104,  79, 132,
        104, 104], device='cuda:2') torch.Size([16])
09/04/2023, 14:44:17# labels of Validation: tensor([ 23,  59, 148,  74,  81,  44, 126,   5, 118,  41,  14,  67,  86,   0,
         26,  64], device='cuda:2') torch.Size([16])
09/04/2023, 14:44:17# predicted of Validation: tensor([146, 108, 101, 104, 104, 104, 126,  27, 118, 104, 104,  79, 104,  61,
        104, 101], device='cuda:2') torch.Size([16])
09/04/2023, 14:44:18# Validation Loss: 3.6977 | Validation Accuracy: 0.1270

09/04/2023, 14:44:18# Find a better model!!
09/04/2023, 14:47:05# labels of 5000: tensor([112, 119,  80, 133,  73, 123, 148,  55, 107,  46,  49, 165,  58,  89,
         76,  67], device='cuda:2') torch.Size([16])
09/04/2023, 14:47:05# predicted of 5000: tensor([ 18,  18, 140, 152,  79, 123,   6,  66,   6, 152,  58, 149,  58,  40,
        152,  89], device='cuda:2') torch.Size([16])
09/04/2023, 14:48:56# total batches: 8250
09/04/2023, 14:48:56# Epoch 12 | Train Loss: 3.7403 | Train Accuracy: 0.1277
09/04/2023, 14:48:56# labels of Validation: tensor([ 82, 126, 160, 147,  83, 154,  48, 137,  74, 102,  13, 149,  11,  96,
         27, 111], device='cuda:2') torch.Size([16])
09/04/2023, 14:48:56# predicted of Validation: tensor([156,  78,  77,  96, 157, 156, 157, 157, 157, 157, 117, 149, 157, 140,
         78, 157], device='cuda:2') torch.Size([16])
09/04/2023, 14:48:56# labels of 0: tensor([ 82, 126, 160, 147,  83, 154,  48, 137,  74, 102,  13, 149,  11,  96,
         27, 111], device='cuda:2') torch.Size([16])
09/04/2023, 14:48:56# predicted of 0: tensor([156,  78,  77,  96, 157, 156, 157, 157, 157, 157, 117, 149, 157, 140,
         78, 157], device='cuda:2') torch.Size([16])
09/04/2023, 14:49:17# labels of Validation: tensor([122,  27,   9, 131,  79,  62, 151, 110,  60,  59, 159,  85,  16, 100,
         47, 165], device='cuda:2') torch.Size([16])
09/04/2023, 14:49:17# predicted of Validation: tensor([127,  78, 157, 132, 128, 128, 157,  77, 157,  77, 128,  16,  16,  77,
        157, 165], device='cuda:2') torch.Size([16])
09/04/2023, 14:49:18# Validation Loss: 3.6992 | Validation Accuracy: 0.1266

09/04/2023, 14:52:07# labels of 5000: tensor([119,  70, 109, 125,  53,  73,  58,  85,   7, 166, 105,  56, 162,  44,
         71, 124], device='cuda:2') torch.Size([16])
09/04/2023, 14:52:07# predicted of 5000: tensor([  1, 138,  77,  53,  77,  67,   1,  85,   7, 132, 128,  67,  44,  30,
         33,  44], device='cuda:2') torch.Size([16])
09/04/2023, 14:53:58# total batches: 8250
09/04/2023, 14:53:58# Epoch 13 | Train Loss: 3.7297 | Train Accuracy: 0.1300
09/04/2023, 14:53:58# labels of Validation: tensor([ 24,  28,  76,  95,  31, 135,  89,  49,   3,  66,   2, 152,  72,   7,
         79, 150], device='cuda:2') torch.Size([16])
09/04/2023, 14:53:58# predicted of Validation: tensor([ 11, 161,  11,  72,  11,  11,  94,  11, 140, 161,  11,  11,  94,   7,
         50,  11], device='cuda:2') torch.Size([16])
09/04/2023, 14:53:58# labels of 0: tensor([ 24,  28,  76,  95,  31, 135,  89,  49,   3,  66,   2, 152,  72,   7,
         79, 150], device='cuda:2') torch.Size([16])
09/04/2023, 14:53:58# predicted of 0: tensor([ 11, 161,  11,  72,  11,  11,  94,  11, 140, 161,  11,  11,  94,   7,
         50,  11], device='cuda:2') torch.Size([16])
09/04/2023, 14:54:21# labels of Validation: tensor([126, 137, 139,   9, 112, 118,  11, 133, 133, 111,  94,  80, 125,  27,
        104,  83], device='cuda:2') torch.Size([16])
09/04/2023, 14:54:21# predicted of Validation: tensor([ 94,  11,  11,  11,  11, 118,  11, 131, 131,  11,  61,  80,  11,  89,
         11,  11], device='cuda:2') torch.Size([16])
09/04/2023, 14:54:22# Validation Loss: 3.6951 | Validation Accuracy: 0.1318

09/04/2023, 14:54:22# Find a better model!!
09/04/2023, 14:57:09# labels of 5000: tensor([ 32,  62, 122,  56,  97,  89,  54, 117, 149,  41,  68,  74,  91,  60,
         23, 161], device='cuda:2') torch.Size([16])
09/04/2023, 14:57:09# predicted of 5000: tensor([128, 120, 122, 147, 104, 115, 104,  72, 118, 104,   6,  12, 119,  97,
        147, 132], device='cuda:2') torch.Size([16])
09/04/2023, 14:59:00# total batches: 8250
09/04/2023, 14:59:00# Epoch 14 | Train Loss: 3.7195 | Train Accuracy: 0.1320
09/04/2023, 14:59:00# labels of Validation: tensor([ 24,  84, 131, 125,  25, 109, 161, 101,  18,  35,  15, 158, 111,  51,
        140,  18], device='cuda:2') torch.Size([16])
09/04/2023, 14:59:00# predicted of Validation: tensor([ 42,  23, 108,  42,  25,  42,  28, 108,  42, 115, 120,  42,  42, 108,
        140,  42], device='cuda:2') torch.Size([16])
09/04/2023, 14:59:00# labels of 0: tensor([ 24,  84, 131, 125,  25, 109, 161, 101,  18,  35,  15, 158, 111,  51,
        140,  18], device='cuda:2') torch.Size([16])
09/04/2023, 14:59:00# predicted of 0: tensor([ 42,  23, 108,  42,  25,  42,  28, 108,  42, 115, 120,  42,  42, 108,
        140,  42], device='cuda:2') torch.Size([16])
09/04/2023, 14:59:22# labels of Validation: tensor([ 17, 103,  50, 143,  81,   5, 128,  10, 121,   6,  51,  69,  19,  10,
        120,  63], device='cuda:2') torch.Size([16])
09/04/2023, 14:59:22# predicted of Validation: tensor([ 17, 108,  50,  42,  42,  40,  40,  42,  42, 108, 108,  69,  42,  42,
         40,  42], device='cuda:2') torch.Size([16])
09/04/2023, 14:59:23# Validation Loss: 3.6842 | Validation Accuracy: 0.1200

09/04/2023, 14:59:23# Find a better model!!
09/04/2023, 15:02:15# labels of 5000: tensor([ 96, 137, 108,  84,  28,  13, 112,  28, 166,   2,  46,  84, 137,  39,
        150,   7], device='cuda:2') torch.Size([16])
09/04/2023, 15:02:15# predicted of 5000: tensor([ 96,   1,  90,  84, 161,   5,  77, 161, 166,  77,  83, 145,  83,  84,
         83,   7], device='cuda:2') torch.Size([16])
09/04/2023, 15:04:04# total batches: 8250
09/04/2023, 15:04:04# Epoch 15 | Train Loss: 3.7137 | Train Accuracy: 0.1335
09/04/2023, 15:04:04# labels of Validation: tensor([ 23,  37,   9, 120, 109,  90, 103,  48,  70,   2, 132, 150,  21, 161,
          6, 138], device='cuda:2') torch.Size([16])
09/04/2023, 15:04:04# predicted of Validation: tensor([ 84, 166, 144, 120, 144, 166, 166, 144,  70, 144, 132, 144, 166, 132,
        132, 138], device='cuda:2') torch.Size([16])
09/04/2023, 15:04:04# labels of 0: tensor([ 23,  37,   9, 120, 109,  90, 103,  48,  70,   2, 132, 150,  21, 161,
          6, 138], device='cuda:2') torch.Size([16])
09/04/2023, 15:04:04# predicted of 0: tensor([ 84, 166, 144, 120, 144, 166, 166, 144,  70, 144, 132, 144, 166, 132,
        132, 138], device='cuda:2') torch.Size([16])
09/04/2023, 15:04:27# labels of Validation: tensor([  8, 158,  30, 148, 106,  40, 111, 108,  52, 156, 110, 144, 147, 136,
         54,  78], device='cuda:2') torch.Size([16])
09/04/2023, 15:04:27# predicted of Validation: tensor([166, 144, 144, 166, 154, 120, 144, 132,  82, 154, 166, 144, 147,  96,
        144, 120], device='cuda:2') torch.Size([16])
09/04/2023, 15:04:28# Validation Loss: 3.6837 | Validation Accuracy: 0.1292

09/04/2023, 15:04:28# Find a better model!!
09/04/2023, 15:07:21# labels of 5000: tensor([161, 166, 162,  43,   5,  18,  30,  72, 104,   9, 130,  80,  37,  82,
         86,   0], device='cuda:2') torch.Size([16])
09/04/2023, 15:07:21# predicted of 5000: tensor([132, 155, 151,  37,  15, 137,  76,   5,  58,  76,  96,  80,   6, 154,
         87,  89], device='cuda:2') torch.Size([16])
09/04/2023, 15:09:10# total batches: 8250
09/04/2023, 15:09:10# Epoch 16 | Train Loss: 3.7073 | Train Accuracy: 0.1343
09/04/2023, 15:09:10# labels of Validation: tensor([134,  44, 138, 111, 140,  50, 119, 146, 114, 165, 144, 151, 105,  48,
         27,  73], device='cuda:2') torch.Size([16])
09/04/2023, 15:09:10# predicted of Validation: tensor([134, 125, 138, 125, 145,  50, 125,  84,   6, 165, 125, 125, 115, 125,
         62,  79], device='cuda:2') torch.Size([16])
09/04/2023, 15:09:10# labels of 0: tensor([134,  44, 138, 111, 140,  50, 119, 146, 114, 165, 144, 151, 105,  48,
         27,  73], device='cuda:2') torch.Size([16])
09/04/2023, 15:09:10# predicted of 0: tensor([134, 125, 138, 125, 145,  50, 125,  84,   6, 165, 125, 125, 115, 125,
         62,  79], device='cuda:2') torch.Size([16])
09/04/2023, 15:09:31# labels of Validation: tensor([114,  82,  79, 164,  86, 114, 109, 111,  28,  36, 117, 112,  61,  99,
         86, 102], device='cuda:2') torch.Size([16])
09/04/2023, 15:09:31# predicted of Validation: tensor([  6,  82,  78, 125, 125,   6, 125, 125,   6, 125,  67, 125,  50,  99,
        125, 125], device='cuda:2') torch.Size([16])
09/04/2023, 15:09:32# Validation Loss: 3.6767 | Validation Accuracy: 0.1283

09/04/2023, 15:09:32# Find a better model!!
09/04/2023, 15:12:15# labels of 5000: tensor([  9, 102,  20,  30, 151, 125,  32,  87,  24,  69, 154, 154, 131,  87,
         13,  85], device='cuda:2') torch.Size([16])
09/04/2023, 15:12:15# predicted of 5000: tensor([ 48,   8,   8,   8, 111,   8, 105,  48,   8,  69, 154, 154, 155,   8,
         79,  85], device='cuda:2') torch.Size([16])
09/04/2023, 15:14:02# total batches: 8250
09/04/2023, 15:14:02# Epoch 17 | Train Loss: 3.7037 | Train Accuracy: 0.1356
09/04/2023, 15:14:02# labels of Validation: tensor([ 99,  99, 160, 153,  81, 125, 126, 114, 121,  62,  19, 121, 155, 148,
          7, 153], device='cuda:2') torch.Size([16])
09/04/2023, 15:14:02# predicted of Validation: tensor([ 99,  99,  91,  86,  86,  86,  94,  91,  86,  94,  86,  86, 131,  91,
          7,  86], device='cuda:2') torch.Size([16])
09/04/2023, 15:14:02# labels of 0: tensor([ 99,  99, 160, 153,  81, 125, 126, 114, 121,  62,  19, 121, 155, 148,
          7, 153], device='cuda:2') torch.Size([16])
09/04/2023, 15:14:02# predicted of 0: tensor([ 99,  99,  91,  86,  86,  86,  94,  91,  86,  94,  86,  86, 131,  91,
          7,  86], device='cuda:2') torch.Size([16])
09/04/2023, 15:14:23# labels of Validation: tensor([ 52, 131,  72,  67, 145, 157, 124,  32, 100, 160,  52, 143, 112, 158,
        145,  78], device='cuda:2') torch.Size([16])
09/04/2023, 15:14:23# predicted of Validation: tensor([ 82, 131,  94,  94,  96,  86,  86,  94,  91,  91,  82,  86,  86,  86,
         96,  50], device='cuda:2') torch.Size([16])
09/04/2023, 15:14:24# Validation Loss: 3.6862 | Validation Accuracy: 0.1343

09/04/2023, 15:17:08# labels of 5000: tensor([145,   5,   0,  84,  76,  66, 110,  96, 146,   3, 103,  73, 108, 137,
        133,  19], device='cuda:2') torch.Size([16])
09/04/2023, 15:17:08# predicted of 5000: tensor([145, 130,  35, 136, 151,  51, 151, 146,  84, 146,  51, 136, 162, 162,
        151, 151], device='cuda:2') torch.Size([16])
09/04/2023, 15:18:59# total batches: 8250
09/04/2023, 15:18:59# Epoch 18 | Train Loss: 3.7013 | Train Accuracy: 0.1358
09/04/2023, 15:18:59# labels of Validation: tensor([129,   7,   1, 113, 109,  67, 132,  38,  20,  94, 119, 120,  60,  37,
          4,  72], device='cuda:2') torch.Size([16])
09/04/2023, 15:18:59# predicted of Validation: tensor([100,   7,   2, 100,   2, 130, 161,   2,   2,  32,   2,  40,   2, 100,
          2,  94], device='cuda:2') torch.Size([16])
09/04/2023, 15:18:59# labels of 0: tensor([129,   7,   1, 113, 109,  67, 132,  38,  20,  94, 119, 120,  60,  37,
          4,  72], device='cuda:2') torch.Size([16])
09/04/2023, 15:18:59# predicted of 0: tensor([100,   7,   2, 100,   2, 130, 161,   2,   2,  32,   2,  40,   2, 100,
          2,  94], device='cuda:2') torch.Size([16])
09/04/2023, 15:19:21# labels of Validation: tensor([ 50,  71, 166,  61,  12,  19, 143,  95,  23,  89, 109,  92, 158, 138,
        165,  47], device='cuda:2') torch.Size([16])
09/04/2023, 15:19:21# predicted of Validation: tensor([  5,   2,  59,  32,   2,   2,   2, 130,  23,   0,   2,   2,   2, 138,
        165,   2], device='cuda:2') torch.Size([16])
09/04/2023, 15:19:21# Validation Loss: 3.6753 | Validation Accuracy: 0.1363

09/04/2023, 15:19:21# Find a better model!!
09/04/2023, 15:22:11# labels of 5000: tensor([ 91,   3,   7,   1, 122,  74,   3, 116, 109,  79, 143,  78, 115, 125,
          9, 100], device='cuda:2') torch.Size([16])
09/04/2023, 15:22:11# predicted of 5000: tensor([ 28,   3,   7,  86, 122,  86,   3,  49,  86,  94,  49, 147, 159,  33,
         49,  28], device='cuda:2') torch.Size([16])
09/04/2023, 15:24:00# total batches: 8250
09/04/2023, 15:24:00# Epoch 19 | Train Loss: 3.6922 | Train Accuracy: 0.1379
09/04/2023, 15:24:00# labels of Validation: tensor([ 51,  45,  42,  11,  58, 122, 101,  69,  15,  15,  15,  24, 106, 156,
         82, 124], device='cuda:2') torch.Size([16])
09/04/2023, 15:24:00# predicted of Validation: tensor([132,  15,  83,  83,  83,  29,  77,  69, 117, 117,  32,  83, 154, 154,
        154,  83], device='cuda:2') torch.Size([16])
09/04/2023, 15:24:00# labels of 0: tensor([ 51,  45,  42,  11,  58, 122, 101,  69,  15,  15,  15,  24, 106, 156,
         82, 124], device='cuda:2') torch.Size([16])
09/04/2023, 15:24:00# predicted of 0: tensor([132,  15,  83,  83,  83,  29,  77,  69, 117, 117,  32,  83, 154, 154,
        154,  83], device='cuda:2') torch.Size([16])
09/04/2023, 15:24:23# labels of Validation: tensor([120, 100,  64,  19,  29,  44, 154,  80,  53,  43,  59,  79, 131, 130,
         82,  50], device='cuda:2') torch.Size([16])
09/04/2023, 15:24:23# predicted of Validation: tensor([117,  77,  77,  83,  29,  83, 154, 145,  83,  83,  77,  32, 132,  62,
        154, 117], device='cuda:2') torch.Size([16])
09/04/2023, 15:24:23# Validation Loss: 3.6667 | Validation Accuracy: 0.1224

09/04/2023, 15:24:23# Find a better model!!
09/04/2023, 15:26:32# labels of 5000: tensor([129, 114, 123,  26, 143,  40, 162,  28,  84, 147,  88,  83,  30, 151,
        111,   0], device='cuda:2') torch.Size([16])
09/04/2023, 15:26:32# predicted of 5000: tensor([161, 141, 123,  66,  76,  35,  66, 161,  96,  23, 161, 144, 152,  66,
         66,  95], device='cuda:2') torch.Size([16])
09/04/2023, 15:27:43# total batches: 8250
09/04/2023, 15:27:43# Epoch 20 | Train Loss: 3.6904 | Train Accuracy: 0.1378
09/04/2023, 15:27:43# labels of Validation: tensor([111,  91, 151,  61, 152, 113,  51,  87,  40, 135, 131, 155,  15,  92,
         62, 117], device='cuda:2') torch.Size([16])
09/04/2023, 15:27:43# predicted of Validation: tensor([142, 161, 142,  78, 142,  59, 161, 142, 130, 142, 161, 161,  39, 142,
         40,  27], device='cuda:2') torch.Size([16])
09/04/2023, 15:27:43# labels of 0: tensor([111,  91, 151,  61, 152, 113,  51,  87,  40, 135, 131, 155,  15,  92,
         62, 117], device='cuda:2') torch.Size([16])
09/04/2023, 15:27:43# predicted of 0: tensor([142, 161, 142,  78, 142,  59, 161, 142, 130, 142, 161, 161,  39, 142,
         40,  27], device='cuda:2') torch.Size([16])
09/04/2023, 15:27:58# labels of Validation: tensor([116,  77, 128, 133, 130, 156,  59, 165,  36,  84,  93, 157,   9, 145,
         73, 152], device='cuda:2') torch.Size([16])
09/04/2023, 15:27:58# predicted of Validation: tensor([142, 161, 130,  59,  78,  82, 161, 165, 142, 147,  59, 142, 142,  25,
        105, 142], device='cuda:2') torch.Size([16])
09/04/2023, 15:27:59# Validation Loss: 3.6786 | Validation Accuracy: 0.1271

09/04/2023, 15:29:46# labels of 5000: tensor([ 69,  54,  33, 108,  33,  29,  14,  73,  18, 114, 160, 159, 104,  99,
        128,  13], device='cuda:2') torch.Size([16])
09/04/2023, 15:29:46# predicted of 5000: tensor([ 69, 142,  19,  66, 160,  29, 142,  40, 164, 161,  19, 159, 142,  99,
        128,  40], device='cuda:2') torch.Size([16])
09/04/2023, 15:30:57# total batches: 8250
09/04/2023, 15:30:57# Epoch 21 | Train Loss: 3.6856 | Train Accuracy: 0.1398
09/04/2023, 15:30:57# labels of Validation: tensor([151,  31,  53,  39,  83, 127, 101,  27, 114,  40,   5, 114,  97,  23,
         43,  54], device='cuda:2') torch.Size([16])
09/04/2023, 15:30:57# predicted of Validation: tensor([ 36,  36,  36,  39,  36, 159, 155,  79, 103, 128,  39, 103,  36, 136,
         36,  36], device='cuda:2') torch.Size([16])
09/04/2023, 15:30:57# labels of 0: tensor([151,  31,  53,  39,  83, 127, 101,  27, 114,  40,   5, 114,  97,  23,
         43,  54], device='cuda:2') torch.Size([16])
09/04/2023, 15:30:57# predicted of 0: tensor([ 36,  36,  36,  39,  36, 159, 155,  79, 103, 128,  39, 103,  36, 136,
         36,  36], device='cuda:2') torch.Size([16])
09/04/2023, 15:31:12# labels of Validation: tensor([ 97, 145, 151, 136,  54,   7, 117,  58,  91,  93, 125, 103,  99, 127,
        143,  35], device='cuda:2') torch.Size([16])
09/04/2023, 15:31:12# predicted of Validation: tensor([ 36, 136,  36, 136,  36,   7,  39,  36, 155, 103,  36, 103,  99,  39,
         36,  67], device='cuda:2') torch.Size([16])
09/04/2023, 15:31:13# Validation Loss: 3.6659 | Validation Accuracy: 0.1340

09/04/2023, 15:31:13# Find a better model!!
09/04/2023, 15:33:00# labels of 5000: tensor([ 40, 104, 113,   8,  78,   9, 106, 134,  75, 154, 140,  53, 145, 131,
         95,  10], device='cuda:2') torch.Size([16])
09/04/2023, 15:33:00# predicted of 5000: tensor([ 72, 135,  91,  53, 145, 124, 106, 134, 135, 154, 147, 166, 145,  54,
         62,  58], device='cuda:2') torch.Size([16])
09/04/2023, 15:34:10# total batches: 8250
09/04/2023, 15:34:10# Epoch 22 | Train Loss: 3.6830 | Train Accuracy: 0.1385
09/04/2023, 15:34:10# labels of Validation: tensor([118,  49,  97,  72,  89,  28,   6, 153, 140, 156,  79, 136,   4, 117,
        130, 120], device='cuda:2') torch.Size([16])
09/04/2023, 15:34:10# predicted of Validation: tensor([149,  18,  18,  40,  40, 132, 132,  18,  80, 154,  50,  80,  18,  40,
         40,  40], device='cuda:2') torch.Size([16])
09/04/2023, 15:34:10# labels of 0: tensor([118,  49,  97,  72,  89,  28,   6, 153, 140, 156,  79, 136,   4, 117,
        130, 120], device='cuda:2') torch.Size([16])
09/04/2023, 15:34:10# predicted of 0: tensor([149,  18,  18,  40,  40, 132, 132,  18,  80, 154,  50,  80,  18,  40,
         40,  40], device='cuda:2') torch.Size([16])
09/04/2023, 15:34:26# labels of Validation: tensor([ 34, 104,   2, 108,  90,  71,  35, 113, 107, 126, 151, 149, 148,  50,
         61,  95], device='cuda:2') torch.Size([16])
09/04/2023, 15:34:26# predicted of Validation: tensor([ 18,  18,  18,   6,  59,  18,  40,  59,  59,  40,  18, 149,  59,  40,
         50, 117], device='cuda:2') torch.Size([16])
09/04/2023, 15:34:26# Validation Loss: 3.6643 | Validation Accuracy: 0.1265

09/04/2023, 15:34:26# Find a better model!!
09/04/2023, 15:36:14# labels of 5000: tensor([ 62,   9,  20,  18, 117, 126,  62,  41,  31,  23,  46,  99,  33,  29,
        164, 146], device='cuda:2') torch.Size([16])
09/04/2023, 15:36:14# predicted of 5000: tensor([120, 157,  51,  58,  50,  39,  15,  92,  92,  23, 157,  99, 162,  29,
         51, 146], device='cuda:2') torch.Size([16])
09/04/2023, 15:37:23# total batches: 8250
09/04/2023, 15:37:23# Epoch 23 | Train Loss: 3.6783 | Train Accuracy: 0.1409
09/04/2023, 15:37:23# labels of Validation: tensor([110,  40,  37, 111, 107,  89,   1,  94,  57, 108, 128,  41, 129,  79,
         28, 124], device='cuda:2') torch.Size([16])
09/04/2023, 15:37:23# predicted of Validation: tensor([ 66,  67,  66,  20,  66,  78,  20,  67,  20, 161,  35,  20,  66, 126,
        161,  20], device='cuda:2') torch.Size([16])
09/04/2023, 15:37:23# labels of 0: tensor([110,  40,  37, 111, 107,  89,   1,  94,  57, 108, 128,  41, 129,  79,
         28, 124], device='cuda:2') torch.Size([16])
09/04/2023, 15:37:23# predicted of 0: tensor([ 66,  67,  66,  20,  66,  78,  20,  67,  20, 161,  35,  20,  66, 126,
        161,  20], device='cuda:2') torch.Size([16])
09/04/2023, 15:37:38# labels of Validation: tensor([ 37, 152, 142,  43,   6,  96, 108,  88, 148, 108, 146, 130,  53,  11,
        125,  45], device='cuda:2') torch.Size([16])
09/04/2023, 15:37:38# predicted of Validation: tensor([ 66,  20,  20,  20, 161,   3, 161,  66,  66, 161, 146,   5,  20,  20,
         20,  67], device='cuda:2') torch.Size([16])
09/04/2023, 15:37:38# Validation Loss: 3.6600 | Validation Accuracy: 0.1262

09/04/2023, 15:37:38# Find a better model!!
09/04/2023, 15:39:18# labels of 5000: tensor([ 71,  79,  59,  60,  33,   4,  89, 157,  95, 144,  10,  68, 128,  70,
         63, 159], device='cuda:2') torch.Size([16])
09/04/2023, 15:39:18# predicted of 5000: tensor([144,  32, 132,  90, 144,  55,  45,  90,  95,  90,  76, 101, 128,  16,
         34, 128], device='cuda:2') torch.Size([16])
09/04/2023, 15:40:23# total batches: 8250
09/04/2023, 15:40:23# Epoch 24 | Train Loss: 3.6733 | Train Accuracy: 0.1413
09/04/2023, 15:40:23# labels of Validation: tensor([126,  50,  15,  91,  96,  23,  33, 123,  54,   9,  85, 102,  43,  47,
        115, 130], device='cuda:2') torch.Size([16])
09/04/2023, 15:40:23# predicted of Validation: tensor([ 61,   5, 130,   6,  80, 147,  49, 123,  49,  49,  16,  49,  49,  49,
         32,   0], device='cuda:2') torch.Size([16])
09/04/2023, 15:40:23# labels of 0: tensor([126,  50,  15,  91,  96,  23,  33, 123,  54,   9,  85, 102,  43,  47,
        115, 130], device='cuda:2') torch.Size([16])
09/04/2023, 15:40:23# predicted of 0: tensor([ 61,   5, 130,   6,  80, 147,  49, 123,  49,  49,  16,  49,  49,  49,
         32,   0], device='cuda:2') torch.Size([16])
09/04/2023, 15:40:37# labels of Validation: tensor([146,  94, 165,  85, 128,  95,  57,  70, 103,   2, 123, 118,  41, 166,
         70,  55], device='cuda:2') torch.Size([16])
09/04/2023, 15:40:37# predicted of Validation: tensor([147,   0, 165,  16,  35, 130,  49,  16,  91,  49, 123, 118,  49,   6,
         16,  49], device='cuda:2') torch.Size([16])
09/04/2023, 15:40:38# Validation Loss: 3.6602 | Validation Accuracy: 0.1262

09/04/2023, 15:40:38# labels of Test: tensor([1, 1, 1, 1, 1, 1, 1, 1, 1, 1, 1, 1, 1, 1, 1, 1], device='cuda:2') torch.Size([16])
09/04/2023, 15:40:38# predicted of Test: tensor([20, 20, 20, 20, 20, 20, 20, 20, 20, 20, 20, 20, 20, 20, 20, 20],
       device='cuda:2') torch.Size([16])
09/04/2023, 15:40:38# labels of 0: tensor([1, 1, 1, 1, 1, 1, 1, 1, 1, 1, 1, 1, 1, 1, 1, 1], device='cuda:2') torch.Size([16])
09/04/2023, 15:40:38# predicted of 0: tensor([20, 20, 20, 20, 20, 20, 20, 20, 20, 20, 20, 20, 20, 20, 20, 20],
       device='cuda:2') torch.Size([16])
09/04/2023, 15:40:38# labels: tensor([1, 1, 1, 1, 1, 1, 1, 1, 1, 1, 1, 1, 1, 1, 1, 1], device='cuda:2') torch.Size([16])
09/04/2023, 15:40:38# predicted: tensor([20, 20, 20, 20, 20, 20, 20, 20, 20, 20, 20, 20, 20, 20, 20, 20],
       device='cuda:2') torch.Size([16])
09/04/2023, 15:40:52# labels of Test: tensor([163, 163, 163, 163, 163, 163, 163, 163, 163, 163, 163, 163, 163, 163,
        163, 163], device='cuda:2') torch.Size([16])
09/04/2023, 15:40:52# predicted of Test: tensor([20, 20, 20, 20, 20, 20, 20, 20, 20, 20, 20, 20, 20, 20, 20, 20],
       device='cuda:2') torch.Size([16])
09/04/2023, 15:40:52# Test Accuracy: 12.672727272727272 %



09/04/2023, 15:40:58# report path: classification_report/classification_report-secureBERT_100-0.xlsx
09/04/2023, 15:40:58# label path: classification_report/mapped_true_predicted_labels-secureBERT_100-0.xlsx
09/04/2023, 15:40:58# mapped_report:
                                                precision    recall  f1-score   support

T1003.001_0ef4cc7b-611c-4237-b20b-db36b6906554       0.31      0.95      0.47       100
    T1003.001_35d92515122effdd73801c6ac3021da7       0.00      0.00      0.00       100
    T1003.002_5a484b65c247675e3b7ada4ba648d376       0.00      0.00      0.00       100
    T1003.002_7fa4ea18694f2552547b65e23952cabb       0.11      0.63      0.18       100
    T1003.003_9f73269695e54311dd61dc68940fb3e1       0.00      0.00      0.00       100
    T1003.003_f049b89533298c2d6cd37a940248b219       0.00      0.00      0.00       100
        T1003_18f31c311ac208802e88ab8d5af8603e       0.04      0.01      0.02       100
        T1007_9d03c91bdae5a80f17f89c987942b5a8       1.00      0.95      0.97       100
    T1007_c6607391-d02c-44b5-9b13-d3492ca58599       0.00      0.00      0.00       100
        T1007_d6bb2a19da7246731ed9c44831b135f8       0.00      0.00      0.00       100
    T1016_14a21534-350f-4d83-9dd7-3c56b93a0c17       0.00      0.00      0.00       100
        T1016_71b3d2945679566b9d94d8cb11df4b70       0.00      0.00      0.00       100
        T1016_7d8ee68f0e9731db82964f558f614608       0.00      0.00      0.00       100
    T1016_921055f4-5970-4707-909e-62f594234d91       0.00      0.00      0.00       100
    T1016_a0676fe1-cd52-482e-8dde-349b73f9aa69       0.00      0.00      0.00       100
    T1016_e8017c46-acb8-400c-a4b5-b3362b5b5baa       0.00      0.00      0.00       100
    T1018_26c8b8b5-7b5b-4de1-a128-7d37fb14f517       0.00      0.00      0.00       100
        T1018_a44bb43474728496276d5d73aa14588f       0.00      0.00      0.00       100
        T1018_ac20e592bc912bddff4d6b88289095f0       0.00      0.00      0.00       100
    T1021.001_dd67068b052fa553ad4a0ac7d6a5ea89       0.04      0.05      0.04       100
    T1033_bd527b63-9f9e-46e0-9816-b8434d2b8989       0.00      0.00      0.00       100
    T1033_c0da588f-79f0-4263-8998-7496b1a40596       0.00      0.00      0.00       100
    T1036.003_04e8d83e7badf098d50800d6aa1dd487       0.86      0.06      0.11       100
    T1036.003_f5ef8466e5ebcd2ae03f338d9416069c       0.15      0.03      0.05       100
    T1036.004_1f0614ea5c4af6faf1b44570f5f22f8a       0.00      0.00      0.00       100
    T1036.004_7de3d7b4922a7b996d8df36fb22bb118       0.00      0.00      0.00       100
    T1037.001_62cfa90fb03a6bc1a6ebcce8a3ea81b7       1.00      0.12      0.21       100
        T1040_6881a4589710d53f0c146e91db513f01       0.00      0.00      0.00       100
        T1047_09e0f9cf2eb803a1c35deeecf3665fad       0.00      0.00      0.00       100
        T1047_6935e41353aa781bb723462d26114c44       0.00      0.00      0.00       100
        T1047_ac122553ab4426ea3362bb4a97d31bfd       0.00      0.00      0.00       100
        T1047_ac2764f7a67a9ce92b54e8e59b361838       0.00      0.00      0.00       100
        T1047_b0255b5120cbabc062d8d4510a142c3b       0.00      0.00      0.00       100
        T1047_ed736a123da6fb2aab22cfd4f437e8b5       0.00      0.00      0.00       100
        T1047_f4b0b4129560ea66f9751275e82f6bab       0.00      0.00      0.00       100
    T1049_638fb6bb-ba39-4285-93d1-7e4775b033a8       0.00      0.00      0.00       100
        T1049_a14392d713dffba6a397682ff83259a0       0.00      0.00      0.00       100
    T1053.005_5db2884b6ca3ab932848f295a3896dc0       0.00      0.00      0.00       100
    T1053.005_ee454be9197890de62705ce6255933fd       0.00      0.00      0.00       100
T1055.001_a74bc239-a196-4f7e-8d5c-fe8c0266071c       0.00      0.00      0.00       100
T1055.002_e5bcefee-262d-4568-a261-e8a20855ec81       0.00      0.00      0.00       100
    T1057_5a39d7ed-45c9-4a79-b581-e5fb99e24f65       0.00      0.00      0.00       100
    T1057_8adf02e8-6e71-4244-886c-98c402857404       0.00      0.00      0.00       100
        T1057_b2a1e430ca6d36eb5af2fe666e769847       0.00      0.00      0.00       100
        T1057_f8de05d1741dcc468f772ab0ff4dac72       0.00      0.00      0.00       100
T1059.001_55678719-e76e-4df9-92aa-10655bbd1cf4       0.26      0.34      0.29       100
    T1059.001_6efbccc1869e8cd618c0d3ecda407d5f       0.18      0.81      0.29       100
T1059.001_702bfdd2-9947-4eda-b551-c3a1ea9a59a2       0.00      0.00      0.00       100
T1059.001_bfff9006-d1fb-46ce-b173-92cb04e9a031       0.57      1.00      0.73       100
T1059.001_ccdb8caf-c69e-424b-b930-551969450c57       0.00      0.00      0.00       100
T1059.001_e5f9de8f-3df1-4e78-ad92-a784e3f6770d       0.00      0.00      0.00       100
    T1059.003_6c318ef0339d74d909ad556681b6493e       0.00      0.00      0.00       100
    T1059.003_f38e58deb7ad20b5538ca40db7b7b4f8       0.00      0.00      0.00       100
T1069.001_5c4dd985-89e3-4590-9b57-71fed66ff4e2       0.29      0.04      0.07       100
    T1069.001_a1f48fa3ddee658b29b414523c9a295b       0.00      0.00      0.00       100
    T1069.002_6103e503cb444bc7b4187704f2035708       0.00      0.00      0.00       100
    T1070.005_1f91076e2be2014cc7b4f1296de02fd6       0.12      0.01      0.02       100
    T1071.001_24c3b7b004401d839a5c337201da3484       0.21      0.15      0.18       100
T1074.001_4e97e699-93d7-4040-b5a3-2e906a58199e       0.00      0.00      0.00       100
T1074.001_6469befa-748a-4b9c-a96d-f191fde47d89       0.00      0.00      0.00       100
    T1074.001_e6dfc7e89359ac6fa6de84b0e1d5762e       0.00      0.00      0.00       100
    T1078.001_d0ca00832890baa1d42322cf70fcab1a       0.00      0.00      0.00       100
    T1082_29451844-9b76-4e16-a9ee-d6feab4b24db       0.00      0.00      0.00       100
    T1083_52177cc1-b9ab-4411-ac21-2eadc4b5d3b8       0.00      0.00      0.00       100
    T1083_6e1a53c0-7352-4899-be35-fa7f364d5722       0.00      0.00      0.00       100
    T1087.001_6334877e8e3ba48f7835d4856d90a282       0.00      0.00      0.00       100
T1087.001_feaced8f-f43f-452a-9500-a5219488abb8       0.00      0.00      0.00       100
    T1090.001_ba343199a4f15ed6b57eb52412f62e4e       0.05      0.25      0.09       100
        T1105_0856c235a1d26113d4f2d92e39c9a9f8       0.70      0.81      0.75       100
        T1105_1095434782a00c8a4772a11e625bcf5d       0.00      0.00      0.00       100
        T1105_4f683658f161ccdc51337c470d32bab9       0.00      0.00      0.00       100
    T1105_60f63260-39bb-4136-87a0-b6c2dca799fc       0.67      0.08      0.14       100
        T1105_c521e0a70b243a0cf9217907ca3c6d27       0.00      0.00      0.00       100
        T1105_c76968acda4aa1673dadcd67f3ab7664       0.60      0.03      0.06       100
        T1105_e6715e61f5df646692c624b3499384c4       0.39      0.15      0.22       100
    T1105_eb814e03-811a-467a-bc6d-dcd453750fa2       0.11      1.00      0.20       100
        T1112_257313a3c93e3bb7dfb60d6753b09e34       0.04      0.17      0.07       100
        T1112_34041639e6e501856ecaf5969ee29c76       0.00      0.00      0.00       100
        T1112_35c0360d226cf38104f300d9d57ce60e       0.04      0.01      0.02       100
        T1112_4bfb5f265a5ce07af6bf10da113af7db       0.00      0.00      0.00       100
        T1112_7fe6a66d03f4dbfc022609ba311c2b11       0.00      0.00      0.00       100
        T1112_ba6f6214dbd17c54001e0a163b60f151       0.00      0.00      0.00       100
        T1112_cab7b85611a290c0769546bfa9d6f962       0.07      0.05      0.06       100
        T1112_cd8be0e6b873919da25530a2c7ea6750       0.00      0.00      0.00       100
        T1112_e74d2fb4ef5fa6c766a4151554033697       0.25      0.01      0.02       100
        T1112_e7a987cbef27263e666e5b096488dc55       0.98      0.83      0.90       100
        T1112_fa4ba6a06b4a5cd955ea5a60fae24281       0.00      0.00      0.00       100
        T1112_fd992e8ecfdac9b56dd6868904044827       0.03      0.07      0.04       100
    T1113_316251ed-6a28-4013-812b-ddf5b5b007f8       0.00      0.00      0.00       100
        T1115_70795de7cbb842edb029b3378c27c008       0.36      0.98      0.53       100
    T1115_b007fe0c-c6b0-4fda-915c-255bbc070de2       0.00      0.00      0.00       100
        T1119_344e7eaf650763e0d3e9f02e62c1cf4b       0.00      0.00      0.00       100
        T1119_7121cdf93b951311be9d7078c602efdc       0.55      0.97      0.70       100
        T1120_7b9c7afaefa59aab759b49af0d699ac1       0.00      0.00      0.00       100
        T1123_372e6f46fca18e4f1b43209c20ffafa2       0.25      0.07      0.11       100
    T1124_fa6e8607-e0b1-425d-8924-9b894da5a002       0.00      0.00      0.00       100
        T1125_da86001b5081fcf773d8e62f22cf2b00       0.25      0.01      0.02       100
    T1135_530e47c6-8592-42bf-91df-c59ffbd8541b       0.00      0.00      0.00       100
    T1135_deeac480-5c2a-42b5-90bb-41675ee53c7e       0.00      0.00      0.00       100
    T1137.002_e2af3c3ab1b0f659c874b8af58c49759       0.14      0.01      0.02       100
        T1137_12ad9edefc86af07700fbf49bfdac6ba       0.33      0.02      0.04       100
        T1201_38f6f0e50a6b196140ec40d3dc9cc9e6       0.00      0.00      0.00       100
        T1201_57296a2ddbeb7423c05feef2fe972111       0.00      0.00      0.00       100
    T1204.002_522f3f35cd013e63830fa555495a0081       0.99      1.00      1.00       100
        T1217_69bbe2183fa09c00ccaac62d48e214f8       0.00      0.00      0.00       100
        T1217_f7a0f7d704aa52a764d9d1bee81e65d6       0.00      0.00      0.00       100
        T1219_7dabcbecab0334b115feefab1630f84a       0.94      0.96      0.95       100
        T1219_af8cb2bf9b436aae5c106a0a9c207e14       0.70      0.87      0.78       100
        T1219_f1b3fca18d7465cd10e5a7477a3bf97d       0.84      0.58      0.69       100
    T1482_6131397e-7765-424e-a594-3d7fb2d93a6a       0.00      0.00      0.00       100
        T1482_cfb61005899996469ae3023796792ca5       0.00      0.00      0.00       100
        T1486_d82ceb9939d3d920ee550187ad8235c8       0.00      0.00      0.00       100
        T1490_2d53d6fabd39bf9c70b0dfcdfbbc926d       0.00      0.00      0.00       100
        T1490_8467c994685ccf178db166964bd80fab       0.00      0.00      0.00       100
        T1490_9e5e4c0655fd1b5be88bd40b8251175f       0.00      0.00      0.00       100
        T1490_c156ac5c9fa67080365268d95f29053d       0.00      0.00      0.00       100
        T1490_c8f329d2847ede593b6cb4a1ec6120fb       0.55      0.12      0.20       100
        T1490_e90756bb6dcd21462dc4cc452661df91       0.00      0.00      0.00       100
    T1491_47d08617-5ce1-424a-8cc5-c9c978ce6bf9       0.00      0.00      0.00       100
    T1491_68235976-2404-42a8-9105-68230cfef562       0.00      0.00      0.00       100
    T1496_46da2385-cf37-49cb-ba4b-a739c7a19de4       1.00      0.79      0.88       100
T1497.001_1258b063-27d6-489b-a677-4807faacf868       0.00      0.00      0.00       100
T1497.001_5dc841fd-28ad-40e2-b10e-fb007fe09e81       0.00      0.00      0.00       100
T1497.001_7a6ba833-de40-466a-8969-5c37b13603e0       0.00      0.00      0.00       100
    T1499_2fe2d5e6-7b06-4fc0-bf71-6966a1226731       0.00      0.00      0.00       100
T1518.001_2dece965-37a0-4f70-a391-0f30e3331aba       0.00      0.00      0.00       100
    T1518.001_33a24ff44719e6ac0614b58f8c9a7c72       0.00      0.00      0.00       100
    T1518.001_b8453a5fe06b24aea12b27592d5c3d3a       0.00      0.00      0.00       100
        T1518_8ddfaf982ab359cda13626b870ccb339       0.07      0.02      0.03       100
    T1518_c9be8043-a445-4cbf-b77b-ed7bb007fc7c       0.00      0.00      0.00       100
        T1531_aa6b15485a5f50ced34d87fda177b758       0.00      0.00      0.00       100
        T1531_b25ae80dad74142fafb510e9c1949ace       0.00      0.00      0.00       100
    T1546.013_f9a968af61d36983448c74cca5464e17       0.97      0.99      0.98       100
    T1547.001_0dbdf1a2a87e718a6ac8a8e3415a7fac       0.37      0.22      0.27       100
    T1547.001_163b023f43aba758d36f524d146cb8ea       0.28      0.49      0.35       100
    T1547.001_1f15ab22c39a9b6bb2bb0d77276dfcb3       0.00      0.00      0.00       100
    T1547.001_4b71ebb2f6f6a01235ba240fa40ce978       0.00      0.00      0.00       100
    T1547.001_777043894e42d2aae3881e63f6c76d33       0.01      1.00      0.03       100
    T1547.001_d3ef4145e4144fd694514b1c5cc17350       0.56      0.05      0.09       100
    T1547.004_0856714c9810ac55b53e9964d02958a0       0.00      0.00      0.00       100
    T1547.004_aa147165f6c116cb0b0f944abe1db8ce       0.00      0.00      0.00       100
    T1547.009_501af516bd8b24fee0c7c650ae5cc861       0.00      0.00      0.00       100
    T1547.009_b6e5c895c6709fe289352ee23f062229       0.00      0.00      0.00       100
    T1547.010_4593d72a5145e3f494421ac772d37464       0.25      0.14      0.18       100
        T1547_fe9eeee9a7b339089e5fa634b08522c1       1.00      0.97      0.98       100
T1548.002_665432a4-42e7-4ee1-af19-a9a8c9455d0c       0.00      0.00      0.00       100
    T1552.002_3e5b04b8ee0a1a4950da8f35d95e65fc       0.00      0.00      0.00       100
        T1560_a1ee301b0508747b468d578a14e5c1a5       0.00      0.00      0.00       100
    T1562.001_43e3334362b140924f001b256b229ee5       0.00      0.00      0.00       100
    T1562.002_6a8d25d65a7d481dc479f89c62af1e6a       0.31      0.58      0.40       100
    T1562.002_94f51bf01a7036fe02d07b4c18967669       0.00      0.00      0.00       100
    T1562.004_280003641a5cddf916c4f2bf605a71d3       0.00      0.00      0.00       100
    T1562.004_41627f71f968225b9f162cb76d16bd9d       0.00      0.00      0.00       100
    T1562.004_5b93df032e230056c21a3e57334f77d1       0.00      0.00      0.00       100
    T1562.004_8d0a4585e7c4646185a912b14cd9cb46       0.00      0.00      0.00       100
    T1562.004_8fe59e288f10a486dc8b44bc872019ff       0.00      0.00      0.00       100
    T1564.001_66a5fd5f244819181f074dd082a28905       0.05      0.18      0.08       100
    T1564.001_dce51e632abdfe5392c7c1f942ac9273       0.04      0.17      0.06       100
    T1564.003_9a2edad4053a2b59fb9167a9bc29e7dc       0.18      0.02      0.04       100
    T1564.004_28862487a99f5f89bc0d68c87396c7e9       0.00      0.00      0.00       100
    T1564.004_76b6066fe170d38215251102e42be973       0.00      0.00      0.00       100
        T1564_dedfa0a54c9c13ce5714a0dc2e1f5d1a       0.00      0.00      0.00       100
    T1566.001_1afaec09315ab71fdfb167175e8a019a       0.00      0.00      0.00       100
    T1574.001_63bbedafba2f541552ac3579e9e3737b       0.98      0.99      0.99       100
    T1574.011_72249c1e9ffe7d8f30243d838e0791ca       0.26      0.10      0.14       100

                                      accuracy                           0.13     16500
                                     macro avg       0.13      0.13      0.10     16500
                                  weighted avg       0.13      0.13      0.10     16500

