08/29/2023, 10:28:02# labels of 5000: tensor([ 45, 142, 133, 139,  37, 134, 113,  50,  81,  57,  70,  87, 140,  85,
        150, 156], device='cuda:3') torch.Size([16])
08/29/2023, 10:28:02# predicted of 5000: tensor([106, 132, 132, 132, 132, 134, 132,   7, 132, 132, 154, 132,  99, 154,
        132, 156], device='cuda:3') torch.Size([16])
08/29/2023, 10:31:07# total batches: 8250
08/29/2023, 10:31:07# Epoch 0 | Train Loss: 4.6257 | Train Accuracy: 0.0486
08/29/2023, 10:31:07# labels of Validation: tensor([ 95,  44,  55,  99,  97,  79, 143, 145, 113,  28, 153,  96, 137,  92,
         64, 142], device='cuda:3') torch.Size([16])
08/29/2023, 10:31:07# predicted of Validation: tensor([127, 131, 131, 128, 131, 128, 131, 127, 132, 132, 131, 128, 131, 131,
        132, 131], device='cuda:3') torch.Size([16])
08/29/2023, 10:31:07# labels of 0: tensor([ 95,  44,  55,  99,  97,  79, 143, 145, 113,  28, 153,  96, 137,  92,
         64, 142], device='cuda:3') torch.Size([16])
08/29/2023, 10:31:07# predicted of 0: tensor([127, 131, 131, 128, 131, 128, 131, 127, 132, 132, 131, 128, 131, 131,
        132, 131], device='cuda:3') torch.Size([16])
08/29/2023, 10:31:56# labels of Validation: tensor([ 73, 142, 151,  87,   2, 103,  69, 152, 158, 108,  18, 133, 135, 109,
         68,  72], device='cuda:3') torch.Size([16])
08/29/2023, 10:31:56# predicted of Validation: tensor([127, 131, 131, 131, 131, 132, 127, 131, 131, 132, 131, 132, 131, 131,
        132,  16], device='cuda:3') torch.Size([16])
08/29/2023, 10:31:58# Validation Loss: 4.1605 | Validation Accuracy: 0.1303

08/29/2023, 10:36:56# labels of 5000: tensor([ 44, 104, 141, 117, 137,  57, 161,  47,  84,  34,  55, 100,  45,  42,
        116,   6], device='cuda:3') torch.Size([16])
08/29/2023, 10:36:56# predicted of 5000: tensor([ 38, 132, 132, 122,  81,  49, 161, 132, 128,  66, 161,  51,  29, 109,
         66,   6], device='cuda:3') torch.Size([16])
08/29/2023, 10:40:17# total batches: 8250
08/29/2023, 10:40:17# Epoch 1 | Train Loss: 3.9259 | Train Accuracy: 0.1570
08/29/2023, 10:40:17# labels of Validation: tensor([107,  72, 164, 128,   2, 133,  96, 139,  63, 132,  71, 123, 127,  19,
         13, 145], device='cuda:3') torch.Size([16])
08/29/2023, 10:40:17# predicted of Validation: tensor([ 21,  67,  21,  84,  21,  21,  96,  21,  21, 132,  21, 123,  16,  21,
        138,  96], device='cuda:3') torch.Size([16])
08/29/2023, 10:40:17# labels of 0: tensor([107,  72, 164, 128,   2, 133,  96, 139,  63, 132,  71, 123, 127,  19,
         13, 145], device='cuda:3') torch.Size([16])
08/29/2023, 10:40:17# predicted of 0: tensor([ 21,  67,  21,  84,  21,  21,  96,  21,  21, 132,  21, 123,  16,  21,
        138,  96], device='cuda:3') torch.Size([16])
08/29/2023, 10:41:11# labels of Validation: tensor([ 94,  97,  80, 135,  30, 156, 126,   0, 163, 145,  73, 153, 141,  40,
          7,  98], device='cuda:3') torch.Size([16])
08/29/2023, 10:41:11# predicted of Validation: tensor([ 95,  21, 146,  21,  21, 156,  62,  67,  21,  95,  23,  21,  21,  96,
          7,  21], device='cuda:3') torch.Size([16])
08/29/2023, 10:41:13# Validation Loss: 3.7178 | Validation Accuracy: 0.2182

08/29/2023, 10:41:13# Find a better model!!
08/29/2023, 10:46:24# labels of 5000: tensor([ 20, 136,   3,  86,  17, 156,  42, 123, 141, 155,  31, 160,  90,  97,
         80,  13], device='cuda:3') torch.Size([16])
08/29/2023, 10:46:24# predicted of 5000: tensor([132, 145, 128,  59,  17, 156, 132, 123, 132, 132, 144,   8, 132,  49,
         80,  56], device='cuda:3') torch.Size([16])
08/29/2023, 10:49:52# total batches: 8250
08/29/2023, 10:49:52# Epoch 2 | Train Loss: 3.6228 | Train Accuracy: 0.2093
08/29/2023, 10:49:52# labels of Validation: tensor([ 54, 146,  53,  57,   3,  90,  34,  82,  64,  45,  27, 114,  55, 145,
          9, 157], device='cuda:3') torch.Size([16])
08/29/2023, 10:49:52# predicted of Validation: tensor([103, 146, 103, 103,   3, 132, 103,  82, 132,  84, 126, 132, 103, 145,
        103, 103], device='cuda:3') torch.Size([16])
08/29/2023, 10:49:52# labels of 0: tensor([ 54, 146,  53,  57,   3,  90,  34,  82,  64,  45,  27, 114,  55, 145,
          9, 157], device='cuda:3') torch.Size([16])
08/29/2023, 10:49:52# predicted of 0: tensor([103, 146, 103, 103,   3, 132, 103,  82, 132,  84, 126, 132, 103, 145,
        103, 103], device='cuda:3') torch.Size([16])
08/29/2023, 10:50:46# labels of Validation: tensor([103,   7,  37,  19,  46,  85, 106,   8,  56, 136, 156,  61, 107, 109,
         52, 162], device='cuda:3') torch.Size([16])
08/29/2023, 10:50:46# predicted of Validation: tensor([132,   7, 132, 103, 103,  85, 106, 132,  56, 136, 156, 146, 132, 103,
         52, 103], device='cuda:3') torch.Size([16])
08/29/2023, 10:50:47# Validation Loss: 3.5011 | Validation Accuracy: 0.2392

08/29/2023, 10:50:47# Find a better model!!
08/29/2023, 10:56:22# labels of 5000: tensor([154, 141,  15, 112, 141,   8,  11,  32,  89, 107,  70,   6, 160, 153,
        149,  48], device='cuda:3') torch.Size([16])
08/29/2023, 10:56:22# predicted of 5000: tensor([154, 108,  15,  97, 132, 158,   9,  32,   0, 132,  70, 132, 132, 150,
        149,  71], device='cuda:3') torch.Size([16])
08/29/2023, 11:00:02# total batches: 8250
08/29/2023, 11:00:02# Epoch 3 | Train Loss: 3.4573 | Train Accuracy: 0.2409
08/29/2023, 11:00:02# labels of Validation: tensor([ 35, 117, 131, 113,  79,  58,  93, 136, 128,  63,  21, 143, 151,  26,
        156, 160], device='cuda:3') torch.Size([16])
08/29/2023, 11:00:02# predicted of Validation: tensor([127, 117, 161, 161,  35,  46, 161, 136, 128,  46, 161,  46,  46,  46,
        156, 161], device='cuda:3') torch.Size([16])
08/29/2023, 11:00:02# labels of 0: tensor([ 35, 117, 131, 113,  79,  58,  93, 136, 128,  63,  21, 143, 151,  26,
        156, 160], device='cuda:3') torch.Size([16])
08/29/2023, 11:00:02# predicted of 0: tensor([127, 117, 161, 161,  35,  46, 161, 136, 128,  46, 161,  46,  46,  46,
        156, 161], device='cuda:3') torch.Size([16])
08/29/2023, 11:00:53# labels of Validation: tensor([162, 128,  78, 156,  38,  10,  45, 135,  43,  63, 152, 147, 126,  60,
        162,  95], device='cuda:3') torch.Size([16])
08/29/2023, 11:00:53# predicted of Validation: tensor([ 46, 128,  67, 156,  46,  46,  45,  46,  46,  46,  46, 147, 126,  46,
         46,  95], device='cuda:3') torch.Size([16])
08/29/2023, 11:00:55# Validation Loss: 3.3634 | Validation Accuracy: 0.2822

08/29/2023, 11:00:55# Find a better model!!
08/29/2023, 11:06:26# labels of 5000: tensor([ 55,  93,  18, 127, 139, 119, 156, 123, 130,  72, 111, 115, 166,  57,
        121, 126], device='cuda:3') torch.Size([16])
08/29/2023, 11:06:26# predicted of 5000: tensor([114, 114, 164, 127, 132,  81, 156, 123, 122,  78,  53, 146, 132,  31,
         30,  95], device='cuda:3') torch.Size([16])
08/29/2023, 11:11:00# total batches: 8250
08/29/2023, 11:11:00# Epoch 4 | Train Loss: 3.3409 | Train Accuracy: 0.2643
08/29/2023, 11:11:00# labels of Validation: tensor([ 80,  89,  55, 147,  40,  57,  17,  18,  71, 131,  49, 105, 133,  15,
        149,  85], device='cuda:3') torch.Size([16])
08/29/2023, 11:11:00# predicted of Validation: tensor([ 80,  67, 158, 147, 145, 158,  17, 158, 158,  28, 158, 105,   6,  15,
        149,  85], device='cuda:3') torch.Size([16])
08/29/2023, 11:11:00# labels of 0: tensor([ 80,  89,  55, 147,  40,  57,  17,  18,  71, 131,  49, 105, 133,  15,
        149,  85], device='cuda:3') torch.Size([16])
08/29/2023, 11:11:00# predicted of 0: tensor([ 80,  67, 158, 147, 145, 158,  17, 158, 158,  28, 158, 105,   6,  15,
        149,  85], device='cuda:3') torch.Size([16])
08/29/2023, 11:12:17# labels of Validation: tensor([ 92,  25,  34,  10, 115,  66,  27,  88,  41,  29,  36, 114, 115,  97,
         64,  58], device='cuda:3') torch.Size([16])
08/29/2023, 11:12:17# predicted of Validation: tensor([158,  25, 158, 158, 115,  28, 130,   6, 158,  29, 158,   6, 115, 158,
          6, 158], device='cuda:3') torch.Size([16])
08/29/2023, 11:12:19# Validation Loss: 3.2633 | Validation Accuracy: 0.2900

08/29/2023, 11:12:19# Find a better model!!
08/29/2023, 11:19:30# labels of 5000: tensor([159,  74, 137,  37,  98,  17,  37,  14,  86, 136,  19,   5,  56, 112,
         31,  67], device='cuda:3') torch.Size([16])
08/29/2023, 11:19:30# predicted of 5000: tensor([159,  55,  55,   6,  55,  17,  64,  55,  55, 136,  11,   5,  56,  55,
        116,  78], device='cuda:3') torch.Size([16])
08/29/2023, 11:24:11# total batches: 8250
08/29/2023, 11:24:11# Epoch 5 | Train Loss: 3.2570 | Train Accuracy: 0.2793
08/29/2023, 11:24:11# labels of Validation: tensor([ 90, 122,  47, 132,  42,  40,  27, 155,   5,  67,  60,  85, 152,   9,
        154, 132], device='cuda:3') torch.Size([16])
08/29/2023, 11:24:11# predicted of Validation: tensor([ 51, 122,  26, 161,  26,  40,  27, 161,  15,  78,  26,  85,  26,  26,
        154, 161], device='cuda:3') torch.Size([16])
08/29/2023, 11:24:11# labels of 0: tensor([ 90, 122,  47, 132,  42,  40,  27, 155,   5,  67,  60,  85, 152,   9,
        154, 132], device='cuda:3') torch.Size([16])
08/29/2023, 11:24:11# predicted of 0: tensor([ 51, 122,  26, 161,  26,  40,  27, 161,  15,  78,  26,  85,  26,  26,
        154, 161], device='cuda:3') torch.Size([16])
08/29/2023, 11:25:30# labels of Validation: tensor([127,  73,  84,  74,  64,  40, 124, 127,  66, 121,  47, 147,  91, 149,
        118, 120], device='cuda:3') torch.Size([16])
08/29/2023, 11:25:30# predicted of Validation: tensor([127,  50,  84,  26,  51,  40,  26, 127, 161,  26,  26, 147, 161, 149,
        118, 120], device='cuda:3') torch.Size([16])
08/29/2023, 11:25:32# Validation Loss: 3.1876 | Validation Accuracy: 0.3045

08/29/2023, 11:25:32# Find a better model!!
08/29/2023, 11:32:41# labels of 5000: tensor([149,  97, 131,  62, 160,  27, 101,  87,  28,  97,  61, 109,  94,  19,
         14, 124], device='cuda:3') torch.Size([16])
08/29/2023, 11:32:41# predicted of 5000: tensor([149,  10,  91,  62, 132,  27, 132,  68, 132,  68,  15,  68,  13,  20,
        135,  68], device='cuda:3') torch.Size([16])
08/29/2023, 11:37:21# total batches: 8250
08/29/2023, 11:37:21# Epoch 6 | Train Loss: 3.1929 | Train Accuracy: 0.2912
08/29/2023, 11:37:22# labels of Validation: tensor([ 90,   5,  67,  93, 132, 106,  64,  37,  86,  49,  91, 150,  62,  32,
         90, 137], device='cuda:3') torch.Size([16])
08/29/2023, 11:37:22# predicted of Validation: tensor([ 66,   5,  67,  66, 132, 106,  66,  66,  20,  20,  66,  20,  62,  32,
         66,  20], device='cuda:3') torch.Size([16])
08/29/2023, 11:37:22# labels of 0: tensor([ 90,   5,  67,  93, 132, 106,  64,  37,  86,  49,  91, 150,  62,  32,
         90, 137], device='cuda:3') torch.Size([16])
08/29/2023, 11:37:22# predicted of 0: tensor([ 66,   5,  67,  66, 132, 106,  66,  66,  20,  20,  66,  20,  62,  32,
         66,  20], device='cuda:3') torch.Size([16])
08/29/2023, 11:38:38# labels of Validation: tensor([111, 145,  37, 146,  60,  77, 166, 116,  39, 126,  39,  37,  93,  69,
        107,  55], device='cuda:3') torch.Size([16])
08/29/2023, 11:38:38# predicted of Validation: tensor([ 20, 145,  66, 146,  20,  66,  66,  20,  79,  67,  79,  66,  66,  69,
         66,  20], device='cuda:3') torch.Size([16])
08/29/2023, 11:38:40# Validation Loss: 3.1305 | Validation Accuracy: 0.3155

08/29/2023, 11:38:40# Find a better model!!
08/29/2023, 11:46:00# labels of 5000: tensor([  9,  74, 129,  40,  14, 102, 111, 129, 158, 137, 134, 160, 129,  98,
        102,  96], device='cuda:3') torch.Size([16])
08/29/2023, 11:46:00# predicted of 5000: tensor([  4,   4,  21, 115,   4,   4,   4,  21,   4,   4, 134,  21,  21,   4,
          4,  96], device='cuda:3') torch.Size([16])
08/29/2023, 11:50:40# total batches: 8250
08/29/2023, 11:50:40# Epoch 7 | Train Loss: 3.1423 | Train Accuracy: 0.3011
08/29/2023, 11:50:40# labels of Validation: tensor([ 40, 111,  23,  77,  37,   6,  15, 163, 126, 124, 102, 149,  53,  68,
        135, 128], device='cuda:3') torch.Size([16])
08/29/2023, 11:50:40# predicted of Validation: tensor([145, 163,  23, 132,  66, 132,  15, 163, 126, 163, 163, 149, 163,  66,
        163, 128], device='cuda:3') torch.Size([16])
08/29/2023, 11:50:40# labels of 0: tensor([ 40, 111,  23,  77,  37,   6,  15, 163, 126, 124, 102, 149,  53,  68,
        135, 128], device='cuda:3') torch.Size([16])
08/29/2023, 11:50:40# predicted of 0: tensor([145, 163,  23, 132,  66, 132,  15, 163, 126, 163, 163, 149, 163,  66,
        163, 128], device='cuda:3') torch.Size([16])
08/29/2023, 11:52:18# labels of Validation: tensor([ 82, 154,  82,  75,  81, 139, 142, 124, 103,  48,  49,  31,  94,  69,
         67, 162], device='cuda:3') torch.Size([16])
08/29/2023, 11:52:18# predicted of Validation: tensor([ 82, 154,  82, 163, 163, 163, 163, 163,  66, 163, 163, 163,  72,  69,
         78, 163], device='cuda:3') torch.Size([16])
08/29/2023, 11:52:21# Validation Loss: 3.0858 | Validation Accuracy: 0.3199

08/29/2023, 11:52:21# Find a better model!!
08/29/2023, 12:00:53# labels of 5000: tensor([145, 155,  58,  28,  31,  81, 114,  19, 147, 119, 110, 106,  29,   1,
         69,  80], device='cuda:3') torch.Size([16])
08/29/2023, 12:00:53# predicted of 5000: tensor([145, 132,  58, 161, 104, 153,  28, 104, 147, 104,  91, 106,  29,  91,
         69,  80], device='cuda:3') torch.Size([16])
08/29/2023, 12:05:32# total batches: 8250
08/29/2023, 12:05:32# Epoch 8 | Train Loss: 3.1007 | Train Accuracy: 0.3102
08/29/2023, 12:05:32# labels of Validation: tensor([  3,  88, 156,  62,  94,  94,  94, 142, 118,  16,  37, 119,  79,  94,
         96, 100], device='cuda:3') torch.Size([16])
08/29/2023, 12:05:32# predicted of Validation: tensor([  3, 161, 156,  62, 126,  89,  94, 152, 118,  16, 161, 152,  79,  94,
         96, 161], device='cuda:3') torch.Size([16])
08/29/2023, 12:05:32# labels of 0: tensor([  3,  88, 156,  62,  94,  94,  94, 142, 118,  16,  37, 119,  79,  94,
         96, 100], device='cuda:3') torch.Size([16])
08/29/2023, 12:05:32# predicted of 0: tensor([  3, 161, 156,  62, 126,  89,  94, 152, 118,  16, 161, 152,  79,  94,
         96, 161], device='cuda:3') torch.Size([16])
08/29/2023, 12:06:51# labels of Validation: tensor([158,  61, 119,  11, 140,  81, 100, 161, 164, 143, 103, 109,  60,  90,
         95,  16], device='cuda:3') torch.Size([16])
08/29/2023, 12:06:51# predicted of Validation: tensor([152,  61, 152, 152, 140, 152, 161, 161, 152, 152, 161, 152, 152, 161,
         95,  16], device='cuda:3') torch.Size([16])
08/29/2023, 12:06:53# Validation Loss: 3.0461 | Validation Accuracy: 0.3278

08/29/2023, 12:06:53# Find a better model!!
08/29/2023, 12:13:56# labels of 5000: tensor([126,  31, 118,  69,  17,  74,  83,  26,  50,  49, 143, 104, 102,   6,
         74,  18], device='cuda:3') torch.Size([16])
08/29/2023, 12:13:56# predicted of 5000: tensor([ 95,  60, 118,  69,  17,  60, 158, 141,  50,  60, 141,  60, 158, 132,
        141,  60], device='cuda:3') torch.Size([16])
08/29/2023, 12:18:28# total batches: 8250
08/29/2023, 12:18:28# Epoch 9 | Train Loss: 3.0662 | Train Accuracy: 0.3170
08/29/2023, 12:18:28# labels of Validation: tensor([  3,   1,  30,  79,  66, 151,   4,  71,  50, 127,  11, 129, 102,  38,
          7,  89], device='cuda:3') torch.Size([16])
08/29/2023, 12:18:28# predicted of Validation: tensor([  3,  36,  36,  45, 132,  36,  36,  36,  72, 127,  36, 108,  36,  36,
          7,  72], device='cuda:3') torch.Size([16])
08/29/2023, 12:18:28# labels of 0: tensor([  3,   1,  30,  79,  66, 151,   4,  71,  50, 127,  11, 129, 102,  38,
          7,  89], device='cuda:3') torch.Size([16])
08/29/2023, 12:18:28# predicted of 0: tensor([  3,  36,  36,  45, 132,  36,  36,  36,  72, 127,  36, 108,  36,  36,
          7,  72], device='cuda:3') torch.Size([16])
08/29/2023, 12:19:45# labels of Validation: tensor([126,  71,  74, 133, 115,  27,  93, 144,  35,  28, 100, 151,  94, 106,
         99, 166], device='cuda:3') torch.Size([16])
08/29/2023, 12:19:45# predicted of Validation: tensor([126,  36,  36, 108, 115,  27, 108,  36,  35, 132, 108,  36,  89, 106,
         99, 132], device='cuda:3') torch.Size([16])
08/29/2023, 12:19:47# Validation Loss: 3.0127 | Validation Accuracy: 0.3345

08/29/2023, 12:19:47# Find a better model!!
08/29/2023, 12:26:47# labels of 5000: tensor([161,  98,  23, 148,  28,  73,  18, 131,  63, 140,  72, 116,  49, 101,
        112,   1], device='cuda:3') torch.Size([16])
08/29/2023, 12:26:47# predicted of 5000: tensor([132, 114,  23,  21, 132,  73,  63, 132,  74, 140,   0,  64,  77, 132,
        143,  63], device='cuda:3') torch.Size([16])
08/29/2023, 12:31:22# total batches: 8250
08/29/2023, 12:31:22# Epoch 10 | Train Loss: 3.0369 | Train Accuracy: 0.3233
08/29/2023, 12:31:22# labels of Validation: tensor([145,   7,  19,  54, 152, 114, 117,  31, 106, 135, 151,  69, 103,  28,
        138, 152], device='cuda:3') torch.Size([16])
08/29/2023, 12:31:22# predicted of Validation: tensor([145,   7,  92,  92,  92,   6,  95,  92, 106,  92,  92,  69,   6, 132,
        138,  92], device='cuda:3') torch.Size([16])
08/29/2023, 12:31:22# labels of 0: tensor([145,   7,  19,  54, 152, 114, 117,  31, 106, 135, 151,  69, 103,  28,
        138, 152], device='cuda:3') torch.Size([16])
08/29/2023, 12:31:22# predicted of 0: tensor([145,   7,  92,  92,  92,   6,  95,  92, 106,  92,  92,  69,   6, 132,
        138,  92], device='cuda:3') torch.Size([16])
08/29/2023, 12:32:39# labels of Validation: tensor([158, 156, 114,   0, 166,  92, 153,  89, 162, 115,  38,  35,  95, 150,
         12, 139], device='cuda:3') torch.Size([16])
08/29/2023, 12:32:39# predicted of Validation: tensor([ 92, 156,   6,   0, 132,  92,  92,  40,  92, 115,  92,  35,   5,  92,
         92,  92], device='cuda:3') torch.Size([16])
08/29/2023, 12:32:42# Validation Loss: 2.9870 | Validation Accuracy: 0.3382

08/29/2023, 12:32:42# Find a better model!!
08/29/2023, 12:39:51# labels of 5000: tensor([111,  17, 133, 160, 140,  29,  84, 103,  60, 156,  29, 153, 121,  84,
         20, 142], device='cuda:3') torch.Size([16])
08/29/2023, 12:39:51# predicted of 5000: tensor([ 97,  17, 131,  77,  84,  29,  84,  97,  97, 156,  29,  18,  97,  84,
         31,  18], device='cuda:3') torch.Size([16])
08/29/2023, 12:44:37# total batches: 8250
08/29/2023, 12:44:37# Epoch 11 | Train Loss: 3.0113 | Train Accuracy: 0.3281
08/29/2023, 12:44:38# labels of Validation: tensor([ 54, 147,  96,  73, 139, 112, 109, 100,   8, 137,  29, 137,  49,  94,
         74, 133], device='cuda:3') torch.Size([16])
08/29/2023, 12:44:38# predicted of Validation: tensor([ 18, 147,  96,  27,  18,  18,  18,   6,   6,  18,  29,  18,  18,  94,
         18,   6], device='cuda:3') torch.Size([16])
08/29/2023, 12:44:38# labels of 0: tensor([ 54, 147,  96,  73, 139, 112, 109, 100,   8, 137,  29, 137,  49,  94,
         74, 133], device='cuda:3') torch.Size([16])
08/29/2023, 12:44:38# predicted of 0: tensor([ 18, 147,  96,  27,  18,  18,  18,   6,   6,  18,  29,  18,  18,  94,
         18,   6], device='cuda:3') torch.Size([16])
08/29/2023, 12:45:57# labels of Validation: tensor([165, 101, 149,  68,  52,  32, 138, 118,  19,  80,   2,  93, 102,  84,
         19,  59], device='cuda:3') torch.Size([16])
08/29/2023, 12:45:57# predicted of Validation: tensor([165,   6, 149,   6,  52,  32, 138, 118,  18,  80,  18,   6,  18, 128,
         18,   6], device='cuda:3') torch.Size([16])
08/29/2023, 12:45:59# Validation Loss: 2.9611 | Validation Accuracy: 0.3401

08/29/2023, 12:45:59# Find a better model!!
08/29/2023, 12:53:17# labels of 5000: tensor([110, 143, 130, 138,  26,  17,  17,  97, 148,  87,  95,  54,  77, 164,
         90,  81], device='cuda:3') torch.Size([16])
08/29/2023, 12:53:17# predicted of 5000: tensor([155,  38, 130, 138,  38,  17,  17, 121,  59, 121,  95,  47, 155,  47,
          6,  47], device='cuda:3') torch.Size([16])
08/29/2023, 12:58:10# total batches: 8250
08/29/2023, 12:58:10# Epoch 12 | Train Loss: 2.9893 | Train Accuracy: 0.3328
08/29/2023, 12:58:10# labels of Validation: tensor([ 80,  11,  75,  31,  99,  83, 116,  16,  76,  38,  72, 108,  61,  92,
        132, 107], device='cuda:3') torch.Size([16])
08/29/2023, 12:58:10# predicted of Validation: tensor([ 80, 109, 109, 109,  99, 109, 109,  16, 109, 109,  13, 161,  61, 109,
        161, 131], device='cuda:3') torch.Size([16])
08/29/2023, 12:58:10# labels of 0: tensor([ 80,  11,  75,  31,  99,  83, 116,  16,  76,  38,  72, 108,  61,  92,
        132, 107], device='cuda:3') torch.Size([16])
08/29/2023, 12:58:10# predicted of 0: tensor([ 80, 109, 109, 109,  99, 109, 109,  16, 109, 109,  13, 161,  61, 109,
        161, 131], device='cuda:3') torch.Size([16])
08/29/2023, 12:59:27# labels of Validation: tensor([107,   1,  47,  83, 127, 129, 101,  82, 118,  86, 110,  97,  12, 121,
        142, 139], device='cuda:3') torch.Size([16])
08/29/2023, 12:59:27# predicted of Validation: tensor([131, 109, 109, 109, 127, 131, 131,  82, 118, 109, 131, 109, 109, 109,
        109, 109], device='cuda:3') torch.Size([16])
08/29/2023, 12:59:30# Validation Loss: 2.9415 | Validation Accuracy: 0.3437

08/29/2023, 12:59:30# Find a better model!!
08/29/2023, 13:06:43# labels of 5000: tensor([129,  94, 162,   4, 142,  34,  75,  25,  15, 127,   5, 125,  15,  38,
        155,  20], device='cuda:3') torch.Size([16])
08/29/2023, 13:06:43# predicted of 5000: tensor([108,  35, 164, 164, 102,  43, 107,  25,  15, 127,   5, 135,  15, 135,
        161,  31], device='cuda:3') torch.Size([16])
08/29/2023, 13:11:34# total batches: 8250
08/29/2023, 13:11:34# Epoch 13 | Train Loss: 2.9696 | Train Accuracy: 0.3360
08/29/2023, 13:11:34# labels of Validation: tensor([159,   8,  73,  36,  18,  28,  26,  82,  24, 136, 126, 146, 104, 142,
        112,  82], device='cuda:3') torch.Size([16])
08/29/2023, 13:11:34# predicted of Validation: tensor([159, 131,  73,  87,  87, 132,  87,  82,  87, 136,  79, 146,  87,  87,
         87,  82], device='cuda:3') torch.Size([16])
08/29/2023, 13:11:34# labels of 0: tensor([159,   8,  73,  36,  18,  28,  26,  82,  24, 136, 126, 146, 104, 142,
        112,  82], device='cuda:3') torch.Size([16])
08/29/2023, 13:11:34# predicted of 0: tensor([159, 131,  73,  87,  87, 132,  87,  82,  87, 136,  79, 146,  87,  87,
         87,  82], device='cuda:3') torch.Size([16])
08/29/2023, 13:12:55# labels of Validation: tensor([ 49,  53, 164, 114,  66,  98,  97,  52,  73, 149, 163,  61,  46, 107,
         92,  29], device='cuda:3') torch.Size([16])
08/29/2023, 13:12:55# predicted of Validation: tensor([ 87,  87,  87, 131, 131,  87,  87,  52,  73, 149,  87,  61,  87, 131,
         87,  29], device='cuda:3') torch.Size([16])
08/29/2023, 13:12:57# Validation Loss: 2.9238 | Validation Accuracy: 0.3519

08/29/2023, 13:12:57# Find a better model!!
08/29/2023, 13:20:12# labels of 5000: tensor([ 16,  63,  57, 154,  85,  71,  54,  45,  60,  99, 153,   7,  68,  13,
        146, 159], device='cuda:3') torch.Size([16])
08/29/2023, 13:20:12# predicted of 5000: tensor([ 16, 116, 116, 154,  85, 151,  19,  45, 116,  99, 162,   7,   6,  13,
        146, 159], device='cuda:3') torch.Size([16])
08/29/2023, 13:24:55# total batches: 8250
08/29/2023, 13:24:55# Epoch 14 | Train Loss: 2.9530 | Train Accuracy: 0.3383
08/29/2023, 13:24:55# labels of Validation: tensor([158, 138, 150, 130,  76, 166, 134, 160, 143,  41,  41, 111, 120, 164,
         83,  95], device='cuda:3') torch.Size([16])
08/29/2023, 13:24:55# predicted of Validation: tensor([ 86, 138,  86, 130,  86,   6, 134,   6,  86,  86,  86,  86, 120,  86,
         86,  95], device='cuda:3') torch.Size([16])
08/29/2023, 13:24:55# labels of 0: tensor([158, 138, 150, 130,  76, 166, 134, 160, 143,  41,  41, 111, 120, 164,
         83,  95], device='cuda:3') torch.Size([16])
08/29/2023, 13:24:55# predicted of 0: tensor([ 86, 138,  86, 130,  86,   6, 134,   6,  86,  86,  86,  86, 120,  86,
         86,  95], device='cuda:3') torch.Size([16])
08/29/2023, 13:26:12# labels of Validation: tensor([ 37, 145,   9, 109, 143, 161, 102,  11, 147,  15, 114,  15, 127,  50,
        116, 103], device='cuda:3') torch.Size([16])
08/29/2023, 13:26:12# predicted of Validation: tensor([  6, 145,  86,  86,  86,   6,  86,  86, 147,  15,   6,  15, 127,  50,
         86,   6], device='cuda:3') torch.Size([16])
08/29/2023, 13:26:14# Validation Loss: 2.9096 | Validation Accuracy: 0.3460

08/29/2023, 13:26:14# Find a better model!!
08/29/2023, 13:32:12# labels of 5000: tensor([ 18, 136, 150, 156, 114, 158,  67, 158,  17, 163,  63, 132, 127,  81,
        128,  84], device='cuda:3') torch.Size([16])
08/29/2023, 13:32:12# predicted of 5000: tensor([125, 136,   1, 156, 131, 164,  67, 114,  17,   1,  58, 161, 127,  43,
        128,  84], device='cuda:3') torch.Size([16])
08/29/2023, 13:35:47# total batches: 8250
08/29/2023, 13:35:47# Epoch 15 | Train Loss: 2.9402 | Train Accuracy: 0.3414
08/29/2023, 13:35:47# labels of Validation: tensor([154, 122, 142,   4, 109, 149,  50,  37,  42, 101, 159, 106, 165, 105,
        138,  34], device='cuda:3') torch.Size([16])
08/29/2023, 13:35:47# predicted of Validation: tensor([154, 122,  48,  48,  48, 149,  27, 166,  48, 161, 159, 106, 165, 105,
        138,  48], device='cuda:3') torch.Size([16])
08/29/2023, 13:35:47# labels of 0: tensor([154, 122, 142,   4, 109, 149,  50,  37,  42, 101, 159, 106, 165, 105,
        138,  34], device='cuda:3') torch.Size([16])
08/29/2023, 13:35:47# predicted of 0: tensor([154, 122,  48,  48,  48, 149,  27, 166,  48, 161, 159, 106, 165, 105,
        138,  48], device='cuda:3') torch.Size([16])
08/29/2023, 13:36:55# labels of Validation: tensor([ 81, 125, 119,  87, 104, 119,  27,  38, 138, 161,  15,  32, 111,  43,
        157, 136], device='cuda:3') torch.Size([16])
08/29/2023, 13:36:55# predicted of Validation: tensor([ 48,  48,  48,  48,  48,  48,  27,  48, 138, 132,  15,  32,  48,  48,
         48, 136], device='cuda:3') torch.Size([16])
08/29/2023, 13:36:57# Validation Loss: 2.8948 | Validation Accuracy: 0.3477

08/29/2023, 13:36:57# Find a better model!!
08/29/2023, 13:43:45# labels of 5000: tensor([106,   8,  93,  17, 149, 115,  28,  44, 128,  35,  21, 116,  66,  64,
         70, 115], device='cuda:3') torch.Size([16])
08/29/2023, 13:43:45# predicted of 5000: tensor([106, 110, 166,  17, 149, 115, 161,  68, 128,  35, 131,  19, 108, 155,
         70, 115], device='cuda:3') torch.Size([16])
08/29/2023, 13:48:07# total batches: 8250
08/29/2023, 13:48:07# Epoch 16 | Train Loss: 2.9268 | Train Accuracy: 0.3443
08/29/2023, 13:48:07# labels of Validation: tensor([ 19,  72,  97,  61, 142, 136,  56,  69, 140,  39,  74,  98, 128,  92,
         68,   3], device='cuda:3') torch.Size([16])
08/29/2023, 13:48:07# predicted of Validation: tensor([  9,  72,   9,  61,   9, 136,  56,  69, 140,  39,   9,   9, 128,   9,
        108,   3], device='cuda:3') torch.Size([16])
08/29/2023, 13:48:07# labels of 0: tensor([ 19,  72,  97,  61, 142, 136,  56,  69, 140,  39,  74,  98, 128,  92,
         68,   3], device='cuda:3') torch.Size([16])
08/29/2023, 13:48:07# predicted of 0: tensor([  9,  72,   9,  61,   9, 136,  56,  69, 140,  39,   9,   9, 128,   9,
        108,   3], device='cuda:3') torch.Size([16])
08/29/2023, 13:49:23# labels of Validation: tensor([ 17, 160, 125,  10,  79, 124, 161, 103,  23, 135, 117, 141,  12, 148,
        152,   2], device='cuda:3') torch.Size([16])
08/29/2023, 13:49:23# predicted of Validation: tensor([ 17, 108,   9,   9,  79,   9, 132, 108,  23,   9, 117, 108,   9, 108,
          9,   9], device='cuda:3') torch.Size([16])
08/29/2023, 13:49:25# Validation Loss: 2.8835 | Validation Accuracy: 0.3487

08/29/2023, 13:49:25# Find a better model!!
08/29/2023, 13:56:10# labels of 5000: tensor([114,  26,  69,  48,  61,  92,  26,  73, 152,   3, 128, 109, 156,  21,
         14,  98], device='cuda:3') torch.Size([16])
08/29/2023, 13:56:10# predicted of 5000: tensor([161,  26,  69,  75,  61, 116,  26,  73,  90,   3, 128,  24, 156, 161,
        142,  71], device='cuda:3') torch.Size([16])
08/29/2023, 14:00:36# total batches: 8250
08/29/2023, 14:00:36# Epoch 17 | Train Loss: 2.9168 | Train Accuracy: 0.3445
08/29/2023, 14:00:36# labels of Validation: tensor([  8, 144, 119,  42, 156, 118,  93, 143, 160,  11,  20, 148,   0, 165,
         82, 160], device='cuda:3') torch.Size([16])
08/29/2023, 14:00:36# predicted of Validation: tensor([ 77,  86,  86,  86, 156, 118,  77,  86,  77,  86,  86,  77,   0, 165,
         82,  77], device='cuda:3') torch.Size([16])
08/29/2023, 14:00:36# labels of 0: tensor([  8, 144, 119,  42, 156, 118,  93, 143, 160,  11,  20, 148,   0, 165,
         82, 160], device='cuda:3') torch.Size([16])
08/29/2023, 14:00:36# predicted of 0: tensor([ 77,  86,  86,  86, 156, 118,  77,  86,  77,  86,  86,  77,   0, 165,
         82,  77], device='cuda:3') torch.Size([16])
08/29/2023, 14:01:46# labels of Validation: tensor([ 59,  38, 143,  42, 161, 103,  16,  99,  14,  30,   2, 127,  18, 146,
         24,  56], device='cuda:3') torch.Size([16])
08/29/2023, 14:01:46# predicted of Validation: tensor([  6,  86,  86,  86, 132,  77,  16,  99,  86,  86,  86, 127,  86, 146,
         86,  56], device='cuda:3') torch.Size([16])
08/29/2023, 14:01:48# Validation Loss: 2.8737 | Validation Accuracy: 0.3503

08/29/2023, 14:01:48# Find a better model!!
08/29/2023, 14:08:34# labels of 5000: tensor([ 61, 105,  89,   3, 116, 157,  42,  86, 103, 163,  59, 156,  48,   8,
         71,  81], device='cuda:3') torch.Size([16])
08/29/2023, 14:08:34# predicted of 5000: tensor([ 61, 105,  89,   3,  55,  38, 102, 102, 110,  33,  51, 156, 102, 110,
        102, 102], device='cuda:3') torch.Size([16])
08/29/2023, 14:12:49# total batches: 8250
08/29/2023, 14:12:49# Epoch 18 | Train Loss: 2.9075 | Train Accuracy: 0.3468
08/29/2023, 14:12:49# labels of Validation: tensor([ 36,  93, 108,  34,   2, 163, 148,  58, 101,  63, 153, 123,  90,  60,
         57,  96], device='cuda:3') torch.Size([16])
08/29/2023, 14:12:49# predicted of Validation: tensor([139,   6,   6, 139, 139, 139,   6, 139,   6, 139, 139, 123,   6, 139,
        139,  96], device='cuda:3') torch.Size([16])
08/29/2023, 14:12:49# labels of 0: tensor([ 36,  93, 108,  34,   2, 163, 148,  58, 101,  63, 153, 123,  90,  60,
         57,  96], device='cuda:3') torch.Size([16])
08/29/2023, 14:12:49# predicted of 0: tensor([139,   6,   6, 139, 139, 139,   6, 139,   6, 139, 139, 123,   6, 139,
        139,  96], device='cuda:3') torch.Size([16])
08/29/2023, 14:14:03# labels of Validation: tensor([ 27, 132,  63,  87,   9, 153, 126,  17,  73,  58, 146,  40,  18, 140,
        122,   4], device='cuda:3') torch.Size([16])
08/29/2023, 14:14:03# predicted of Validation: tensor([ 50, 161, 139, 139, 139, 139, 126,  17,  73, 139, 146,  40, 139, 140,
        122, 139], device='cuda:3') torch.Size([16])
08/29/2023, 14:14:06# Validation Loss: 2.8675 | Validation Accuracy: 0.3509

08/29/2023, 14:14:06# Find a better model!!
08/29/2023, 14:20:50# labels of 5000: tensor([ 37,  54, 122,  40,  12,  55,  86,  66,  37,  41, 139, 160,  21,  82,
         20,   1], device='cuda:3') torch.Size([16])
08/29/2023, 14:20:50# predicted of 5000: tensor([131, 153, 122,  40, 153, 153, 153, 161, 131, 153,  63, 131, 161,  82,
        114, 114], device='cuda:3') torch.Size([16])
08/29/2023, 14:25:08# total batches: 8250
08/29/2023, 14:25:08# Epoch 19 | Train Loss: 2.8993 | Train Accuracy: 0.3477
08/29/2023, 14:25:08# labels of Validation: tensor([124, 109,  43,  19,  37,  76,  78,  76, 116,  82,  49,  26, 150,   1,
          0,  31], device='cuda:3') torch.Size([16])
08/29/2023, 14:25:08# predicted of Validation: tensor([ 10,  10,  10,  10, 101,  10,  78,  10,  10,  82,  10,  10,  10,  10,
          0,  10], device='cuda:3') torch.Size([16])
08/29/2023, 14:25:08# labels of 0: tensor([124, 109,  43,  19,  37,  76,  78,  76, 116,  82,  49,  26, 150,   1,
          0,  31], device='cuda:3') torch.Size([16])
08/29/2023, 14:25:08# predicted of 0: tensor([ 10,  10,  10,  10, 101,  10,  78,  10,  10,  82,  10,  10,  10,  10,
          0,  10], device='cuda:3') torch.Size([16])
08/29/2023, 14:26:19# labels of Validation: tensor([ 89,  51, 106, 111,  92,  93,  12, 102,  41, 160, 113, 110,  28, 155,
         26,  82], device='cuda:3') torch.Size([16])
08/29/2023, 14:26:19# predicted of Validation: tensor([ 73, 161, 106,  10,  10, 101,  10,  10,  10, 101, 101, 101, 161, 161,
         10,  82], device='cuda:3') torch.Size([16])
08/29/2023, 14:26:21# Validation Loss: 2.8582 | Validation Accuracy: 0.3527

08/29/2023, 14:26:21# Find a better model!!
08/29/2023, 14:32:53# labels of 5000: tensor([101,  13,  66, 103, 130,   8, 152,  70,  15, 145, 124,  58,  52, 157,
         82,  84], device='cuda:3') torch.Size([16])
08/29/2023, 14:32:53# predicted of 5000: tensor([ 28,  13, 131, 155, 130, 129,   9,  70,  15, 120,   9,  58,  52, 129,
         82,  84], device='cuda:3') torch.Size([16])
08/29/2023, 14:37:00# total batches: 8250
08/29/2023, 14:37:00# Epoch 20 | Train Loss: 2.8923 | Train Accuracy: 0.3497
08/29/2023, 14:37:00# labels of Validation: tensor([ 66, 124,  18,  49, 156, 147, 133,  25, 155, 154, 162, 164,  21, 119,
          6,  66], device='cuda:3') torch.Size([16])
08/29/2023, 14:37:00# predicted of Validation: tensor([161, 119, 119, 119, 156, 147, 155,  25, 161, 154, 119, 119, 161, 119,
        161, 161], device='cuda:3') torch.Size([16])
08/29/2023, 14:37:00# labels of 0: tensor([ 66, 124,  18,  49, 156, 147, 133,  25, 155, 154, 162, 164,  21, 119,
          6,  66], device='cuda:3') torch.Size([16])
08/29/2023, 14:37:00# predicted of 0: tensor([161, 119, 119, 119, 156, 147, 155,  25, 161, 154, 119, 119, 161, 119,
        161, 161], device='cuda:3') torch.Size([16])
08/29/2023, 14:38:09# labels of Validation: tensor([ 61,  69,  53,  40, 137, 144,  68,  56,  12,  73,  86, 124,  10,  30,
         35,  93], device='cuda:3') torch.Size([16])
08/29/2023, 14:38:09# predicted of Validation: tensor([ 61,  69, 119,  40, 119, 119, 155,  56, 119,  73, 119, 119, 119, 119,
         35, 155], device='cuda:3') torch.Size([16])
08/29/2023, 14:38:11# Validation Loss: 2.8523 | Validation Accuracy: 0.3527

08/29/2023, 14:38:11# Find a better model!!
08/29/2023, 14:44:30# labels of 5000: tensor([ 48,  35,  11,  19, 163,  80,  55, 162,  64, 101, 157, 115, 151,  89,
         34,  69], device='cuda:3') torch.Size([16])
08/29/2023, 14:44:30# predicted of 5000: tensor([143,  35, 112, 112, 143,  80,  53, 112, 114,  51,  47, 115, 112,  89,
        112,  69], device='cuda:3') torch.Size([16])
08/29/2023, 14:48:40# total batches: 8250
08/29/2023, 14:48:40# Epoch 21 | Train Loss: 2.8846 | Train Accuracy: 0.3511
08/29/2023, 14:48:40# labels of Validation: tensor([ 50, 140, 155, 156,  13, 158,  26,   4, 120,  95,  95, 103, 143, 137,
         82, 131], device='cuda:3') torch.Size([16])
08/29/2023, 14:48:40# predicted of Validation: tensor([ 39, 140, 131, 156,  13, 102, 102, 102, 120,  95,  95, 131, 102, 102,
         82, 132], device='cuda:3') torch.Size([16])
08/29/2023, 14:48:40# labels of 0: tensor([ 50, 140, 155, 156,  13, 158,  26,   4, 120,  95,  95, 103, 143, 137,
         82, 131], device='cuda:3') torch.Size([16])
08/29/2023, 14:48:40# predicted of 0: tensor([ 39, 140, 131, 156,  13, 102, 102, 102, 120,  95,  95, 131, 102, 102,
         82, 132], device='cuda:3') torch.Size([16])
08/29/2023, 14:49:48# labels of Validation: tensor([ 31, 123, 140,  36, 105,   3,  20, 120,   2,  98,  37, 164, 119,  47,
        150,  24], device='cuda:3') torch.Size([16])
08/29/2023, 14:49:48# predicted of Validation: tensor([102, 123, 140, 102, 105,   3, 102, 120, 102, 102, 131, 102, 102, 102,
        102, 102], device='cuda:3') torch.Size([16])
08/29/2023, 14:49:50# Validation Loss: 2.8453 | Validation Accuracy: 0.3530

08/29/2023, 14:49:50# Find a better model!!
08/29/2023, 14:56:09# labels of 5000: tensor([ 88, 119,   8, 113,  88, 125,  48, 160, 147, 151,  60, 154,  83,  38,
         44,  72], device='cuda:3') torch.Size([16])
08/29/2023, 14:56:09# predicted of 5000: tensor([108, 135,  51, 108, 107, 135, 137, 107, 147,  42, 121, 154, 124, 124,
        124,  94], device='cuda:3') torch.Size([16])
08/29/2023, 15:00:13# total batches: 8250
08/29/2023, 15:00:13# Epoch 22 | Train Loss: 2.8804 | Train Accuracy: 0.3511
08/29/2023, 15:00:13# labels of Validation: tensor([115, 137,  97, 165,  78, 134,  80, 153, 131, 107, 164,  12,  10, 113,
         64,   8], device='cuda:3') torch.Size([16])
08/29/2023, 15:00:13# predicted of Validation: tensor([115, 137, 137, 165,  67, 134,  80, 137, 132, 155, 137, 137, 137, 155,
        155, 155], device='cuda:3') torch.Size([16])
08/29/2023, 15:00:14# labels of 0: tensor([115, 137,  97, 165,  78, 134,  80, 153, 131, 107, 164,  12,  10, 113,
         64,   8], device='cuda:3') torch.Size([16])
08/29/2023, 15:00:14# predicted of 0: tensor([115, 137, 137, 165,  67, 134,  80, 137, 132, 155, 137, 137, 137, 155,
        155, 155], device='cuda:3') torch.Size([16])
08/29/2023, 15:01:23# labels of Validation: tensor([ 31,  31, 106, 131,  31,  20,  85,  57,  21,   7,  48, 151,  90, 164,
        122,  90], device='cuda:3') torch.Size([16])
08/29/2023, 15:01:23# predicted of Validation: tensor([137, 137, 106, 132, 137, 137,  85, 137, 155,   7, 137, 137, 155, 137,
        122, 155], device='cuda:3') torch.Size([16])
08/29/2023, 15:01:25# Validation Loss: 2.8414 | Validation Accuracy: 0.3598

08/29/2023, 15:01:25# Find a better model!!
08/29/2023, 15:07:45# labels of 5000: tensor([132,  39,  67, 136,  91, 149, 131, 123, 102,  81, 104, 114,  47,  97,
         47,  90], device='cuda:3') torch.Size([16])
08/29/2023, 15:07:45# predicted of 5000: tensor([132,  39,  78, 136, 110, 149, 161, 123,  21, 119,  43,  21,  43, 119,
         43, 110], device='cuda:3') torch.Size([16])
08/29/2023, 15:11:51# total batches: 8250
08/29/2023, 15:11:51# Epoch 23 | Train Loss: 2.8745 | Train Accuracy: 0.3523
08/29/2023, 15:11:52# labels of Validation: tensor([ 25, 148, 151, 147, 132,  17,  41, 118, 160, 117, 161, 132, 113, 127,
          2,  10], device='cuda:3') torch.Size([16])
08/29/2023, 15:11:52# predicted of Validation: tensor([ 25, 166, 164, 147, 132,  17, 164, 118, 166,  40, 132, 132, 166, 127,
        164, 164], device='cuda:3') torch.Size([16])
08/29/2023, 15:11:52# labels of 0: tensor([ 25, 148, 151, 147, 132,  17,  41, 118, 160, 117, 161, 132, 113, 127,
          2,  10], device='cuda:3') torch.Size([16])
08/29/2023, 15:11:52# predicted of 0: tensor([ 25, 166, 164, 147, 132,  17, 164, 118, 166,  40, 132, 132, 166, 127,
        164, 164], device='cuda:3') torch.Size([16])
08/29/2023, 15:12:58# labels of Validation: tensor([  9, 106,  50,  30, 110,   6, 115,  71,  26, 115,  38,  38,  25,  63,
          6,  50], device='cuda:3') torch.Size([16])
08/29/2023, 15:12:58# predicted of Validation: tensor([164, 106,  50, 164, 166, 132, 115, 164, 164, 115, 164, 164,  25, 164,
        132,  50], device='cuda:3') torch.Size([16])
08/29/2023, 15:13:00# Validation Loss: 2.8379 | Validation Accuracy: 0.3547

08/29/2023, 15:13:00# Find a better model!!
08/29/2023, 15:19:16# labels of 5000: tensor([136,  41, 166,  55, 159, 146,  46,  35,  20, 115, 146,   3,  50,  40,
        128,  90], device='cuda:3') torch.Size([16])
08/29/2023, 15:19:16# predicted of 5000: tensor([136,  46, 132, 129, 159, 146,  46,  35,  46, 115, 146,   3,  50,  40,
        128, 132], device='cuda:3') torch.Size([16])
08/29/2023, 15:23:23# total batches: 8250
08/29/2023, 15:23:23# Epoch 24 | Train Loss: 2.8715 | Train Accuracy: 0.3519
08/29/2023, 15:23:23# labels of Validation: tensor([ 99,  56, 159, 134, 144,  31,  31,  56,  15, 132,   2, 144,  76, 153,
         27, 162], device='cuda:3') torch.Size([16])
08/29/2023, 15:23:23# predicted of Validation: tensor([ 99,  56, 159, 134,  74,  74,  74,  56,  15, 161,  74,  74,  74,  74,
         27,  74], device='cuda:3') torch.Size([16])
08/29/2023, 15:23:23# labels of 0: tensor([ 99,  56, 159, 134, 144,  31,  31,  56,  15, 132,   2, 144,  76, 153,
         27, 162], device='cuda:3') torch.Size([16])
08/29/2023, 15:23:23# predicted of 0: tensor([ 99,  56, 159, 134,  74,  74,  74,  56,  15, 161,  74,  74,  74,  74,
         27,  74], device='cuda:3') torch.Size([16])
08/29/2023, 15:24:30# labels of Validation: tensor([ 41, 131, 118,  35, 136, 148,  88,  68,  46,   3,  44,  86,  33,   9,
         31, 113], device='cuda:3') torch.Size([16])
08/29/2023, 15:24:30# predicted of Validation: tensor([ 74, 161, 118,  35, 136,   8,   8,   8,  74,   3,  74,  74,  74,  74,
         74,   8], device='cuda:3') torch.Size([16])
08/29/2023, 15:24:32# Validation Loss: 2.8320 | Validation Accuracy: 0.3629

08/29/2023, 15:24:32# Find a better model!!
08/29/2023, 15:30:49# labels of 5000: tensor([127,  47,   5, 161, 114, 138, 137,  69,  97, 132, 152, 104,   1,  11,
         89,  88], device='cuda:3') torch.Size([16])
08/29/2023, 15:30:49# predicted of 5000: tensor([127,  46,   5, 132, 100, 138,   4,  69,  46, 132,  63, 151,  46,  46,
         89, 141], device='cuda:3') torch.Size([16])
08/29/2023, 15:34:58# total batches: 8250
08/29/2023, 15:34:58# Epoch 25 | Train Loss: 2.8668 | Train Accuracy: 0.3530
08/29/2023, 15:34:58# labels of Validation: tensor([ 14,  51, 150,  64,  73,  11, 154,  13, 112,  54,  36,  21, 153,  39,
         50,  11], device='cuda:3') torch.Size([16])
08/29/2023, 15:34:58# predicted of Validation: tensor([ 57, 161,  57,  51,  73,  57, 154,  13,  57,  57,  57,  51,  57,   5,
         89,  57], device='cuda:3') torch.Size([16])
08/29/2023, 15:34:58# labels of 0: tensor([ 14,  51, 150,  64,  73,  11, 154,  13, 112,  54,  36,  21, 153,  39,
         50,  11], device='cuda:3') torch.Size([16])
08/29/2023, 15:34:58# predicted of 0: tensor([ 57, 161,  57,  51,  73,  57, 154,  13,  57,  57,  57,  51,  57,   5,
         89,  57], device='cuda:3') torch.Size([16])
08/29/2023, 15:36:08# labels of Validation: tensor([ 18, 163,  48, 141, 100,  98,  80, 159,  67,  53, 110,  14,  35,  48,
         52, 145], device='cuda:3') torch.Size([16])
08/29/2023, 15:36:08# predicted of Validation: tensor([ 57,  57,  57,  51,  51,  57,  80, 159,  67,  57,  51,  57,  35,  57,
         52, 145], device='cuda:3') torch.Size([16])
08/29/2023, 15:36:10# Validation Loss: 2.8279 | Validation Accuracy: 0.3564

08/29/2023, 15:36:10# Find a better model!!
08/29/2023, 15:42:21# labels of 5000: tensor([146,  55,  98, 151,  52,   7,   5, 135, 103, 164,  13,  98,  86,  52,
         92, 128], device='cuda:3') torch.Size([16])
08/29/2023, 15:42:21# predicted of 5000: tensor([146, 162, 162,  64,  52,   7,   5, 162, 162, 162,  13, 162, 162,  52,
        144, 128], device='cuda:3') torch.Size([16])
08/29/2023, 15:46:24# total batches: 8250
08/29/2023, 15:46:24# Epoch 26 | Train Loss: 2.8624 | Train Accuracy: 0.3539
08/29/2023, 15:46:24# labels of Validation: tensor([160, 115, 157, 161,  15, 109, 156, 161, 114,  35,  18, 128,  38,  45,
         58, 158], device='cuda:3') torch.Size([16])
08/29/2023, 15:46:24# predicted of Validation: tensor([ 51, 115,  86, 161,  40,  86, 156, 161,  51,  35,  86, 128,  86,  45,
         86,  86], device='cuda:3') torch.Size([16])
08/29/2023, 15:46:24# labels of 0: tensor([160, 115, 157, 161,  15, 109, 156, 161, 114,  35,  18, 128,  38,  45,
         58, 158], device='cuda:3') torch.Size([16])
08/29/2023, 15:46:24# predicted of 0: tensor([ 51, 115,  86, 161,  40,  86, 156, 161,  51,  35,  86, 128,  86,  45,
         86,  86], device='cuda:3') torch.Size([16])
08/29/2023, 15:47:22# labels of Validation: tensor([ 72, 153, 142,  84, 125, 106,   9,  28, 130,   4,  51, 158, 100,   3,
         35,  76], device='cuda:3') torch.Size([16])
08/29/2023, 15:47:22# predicted of Validation: tensor([ 79,  86,  86,  84,  86, 106,  86, 161, 130,  86, 161,  86,  51,   3,
         35,  86], device='cuda:3') torch.Size([16])
08/29/2023, 15:47:24# Validation Loss: 2.8255 | Validation Accuracy: 0.3559

08/29/2023, 15:47:24# Find a better model!!
08/29/2023, 15:52:37# labels of 5000: tensor([106,  52, 131, 103,  54, 111, 103,  21,  61, 116,  66,  10,  96,  38,
         52, 115], device='cuda:3') torch.Size([16])
08/29/2023, 15:52:37# predicted of 5000: tensor([106,  52, 161,  28,  14, 112,  28, 161,  61, 142, 161, 162,  96, 142,
         52, 115], device='cuda:3') torch.Size([16])
08/29/2023, 15:56:02# total batches: 8250
08/29/2023, 15:56:02# Epoch 27 | Train Loss: 2.8585 | Train Accuracy: 0.3547
08/29/2023, 15:56:02# labels of Validation: tensor([154, 103,  55, 147,  60,  52, 162,  30,  54, 163,  18,  44, 138,  70,
        161,  35], device='cuda:3') torch.Size([16])
08/29/2023, 15:56:02# predicted of Validation: tensor([154,  28,  53, 147,  53,  52,  53,  53,  53,  53,  53,  53, 138,  70,
         28,  67], device='cuda:3') torch.Size([16])
08/29/2023, 15:56:02# labels of 0: tensor([154, 103,  55, 147,  60,  52, 162,  30,  54, 163,  18,  44, 138,  70,
        161,  35], device='cuda:3') torch.Size([16])
08/29/2023, 15:56:02# predicted of 0: tensor([154,  28,  53, 147,  53,  52,  53,  53,  53,  53,  53,  53, 138,  70,
         28,  67], device='cuda:3') torch.Size([16])
08/29/2023, 15:56:57# labels of Validation: tensor([ 17,  77, 127,  80, 145, 143, 141,  46, 155, 105,   8, 106,  80, 121,
        113, 134], device='cuda:3') torch.Size([16])
08/29/2023, 15:56:57# predicted of Validation: tensor([ 17,  28, 127,  80, 145,  53,  28,  53,  28, 105,  28, 106,  80,  53,
         28, 134], device='cuda:3') torch.Size([16])
08/29/2023, 15:56:59# Validation Loss: 2.8223 | Validation Accuracy: 0.3569

08/29/2023, 15:56:59# Find a better model!!
08/29/2023, 16:00:42# labels of 5000: tensor([ 76,  38, 139,  56,  43,  62,  29, 162,  31, 160, 105, 150, 133,  37,
         74, 101], device='cuda:3') torch.Size([16])
08/29/2023, 16:00:42# predicted of 5000: tensor([124, 121, 121,  56, 129,  62,  29,  92, 121, 166, 105, 102,  66, 131,
        109, 132], device='cuda:3') torch.Size([16])
08/29/2023, 16:02:53# total batches: 8250
08/29/2023, 16:02:53# Epoch 28 | Train Loss: 2.8555 | Train Accuracy: 0.3546
08/29/2023, 16:02:53# labels of Validation: tensor([156, 147,  36,  51, 157,  58,  88, 163,   1, 131, 102, 153,  74, 159,
        151, 146], device='cuda:3') torch.Size([16])
08/29/2023, 16:02:53# predicted of Validation: tensor([156, 147,  12,   6,  12,  12,  21,  12,  12,   6,  12,  12,  12, 159,
         12, 146], device='cuda:3') torch.Size([16])
08/29/2023, 16:02:53# labels of 0: tensor([156, 147,  36,  51, 157,  58,  88, 163,   1, 131, 102, 153,  74, 159,
        151, 146], device='cuda:3') torch.Size([16])
08/29/2023, 16:02:53# predicted of 0: tensor([156, 147,  12,   6,  12,  12,  21,  12,  12,   6,  12,  12,  12, 159,
         12, 146], device='cuda:3') torch.Size([16])
08/29/2023, 16:03:24# labels of Validation: tensor([ 47,  10,  71,   1,  73, 122, 119,  66,  39,  17,  34,  14, 130,  26,
        153,  12], device='cuda:3') torch.Size([16])
08/29/2023, 16:03:24# predicted of Validation: tensor([ 12,  12,  12,  12,  73, 122,  12,   6,  15,  17,  12,  12, 130,  12,
         12,  12], device='cuda:3') torch.Size([16])
08/29/2023, 16:03:25# Validation Loss: 2.8182 | Validation Accuracy: 0.3628

08/29/2023, 16:03:25# Find a better model!!
08/29/2023, 16:06:51# labels of 5000: tensor([ 97,  95,  83,  87,  91, 166,  23,  50,  20, 108,  10,  50, 164,  20,
         98,  40], device='cuda:3') torch.Size([16])
08/29/2023, 16:06:51# predicted of 5000: tensor([ 75,  95, 111,  37,  88, 132,  23,  50, 111, 132, 111,  50, 111,  48,
         37,  40], device='cuda:3') torch.Size([16])
08/29/2023, 16:09:02# total batches: 8250
08/29/2023, 16:09:02# Epoch 29 | Train Loss: 2.8531 | Train Accuracy: 0.3550
08/29/2023, 16:09:02# labels of Validation: tensor([ 35,  49,  26,  11, 112,  58,  75, 152, 130, 156,  32, 130,  25, 127,
         38,  71], device='cuda:3') torch.Size([16])
08/29/2023, 16:09:02# predicted of Validation: tensor([ 35,  46,  46,  46,  46,  46,  46,  46, 130, 156,  32, 130,  25, 127,
         46,  46], device='cuda:3') torch.Size([16])
08/29/2023, 16:09:02# labels of 0: tensor([ 35,  49,  26,  11, 112,  58,  75, 152, 130, 156,  32, 130,  25, 127,
         38,  71], device='cuda:3') torch.Size([16])
08/29/2023, 16:09:02# predicted of 0: tensor([ 35,  46,  46,  46,  46,  46,  46,  46, 130, 156,  32, 130,  25, 127,
         46,  46], device='cuda:3') torch.Size([16])
08/29/2023, 16:09:34# labels of Validation: tensor([ 90,  50,  24, 147,  51,  12, 127, 131,  55, 153, 100, 130, 147, 131,
        163, 151], device='cuda:3') torch.Size([16])
08/29/2023, 16:09:34# predicted of Validation: tensor([ 77,  50,  46, 147, 132,  46, 127, 132,  46,  46,  77, 130, 147, 132,
         46,  46], device='cuda:3') torch.Size([16])
08/29/2023, 16:09:35# Validation Loss: 2.8189 | Validation Accuracy: 0.3558

08/29/2023, 16:09:35# labels of Test: tensor([1, 1, 1, 1, 1, 1, 1, 1, 1, 1, 1, 1, 1, 1, 1, 1], device='cuda:3') torch.Size([16])
08/29/2023, 16:09:35# predicted of Test: tensor([12, 12, 12, 12, 12, 12, 12, 12, 12, 12, 12, 12, 12, 12, 12, 12],
       device='cuda:3') torch.Size([16])
08/29/2023, 16:09:35# labels of 0: tensor([1, 1, 1, 1, 1, 1, 1, 1, 1, 1, 1, 1, 1, 1, 1, 1], device='cuda:3') torch.Size([16])
08/29/2023, 16:09:35# predicted of 0: tensor([12, 12, 12, 12, 12, 12, 12, 12, 12, 12, 12, 12, 12, 12, 12, 12],
       device='cuda:3') torch.Size([16])
08/29/2023, 16:09:35# labels: tensor([1, 1, 1, 1, 1, 1, 1, 1, 1, 1, 1, 1, 1, 1, 1, 1], device='cuda:3') torch.Size([16])
08/29/2023, 16:09:35# predicted: tensor([12, 12, 12, 12, 12, 12, 12, 12, 12, 12, 12, 12, 12, 12, 12, 12],
       device='cuda:3') torch.Size([16])
08/29/2023, 16:10:06# labels of Test: tensor([163, 163, 163, 163, 163, 163, 163, 163, 163, 163, 163, 163, 163, 163,
        163, 163], device='cuda:3') torch.Size([16])
08/29/2023, 16:10:06# predicted of Test: tensor([12, 12, 12, 12, 12, 12, 12, 12, 12, 12, 12, 12, 12, 12, 12, 12],
       device='cuda:3') torch.Size([16])
08/29/2023, 16:10:07# Test Accuracy: 36.64848484848485 %



08/29/2023, 16:10:22# report path: classification_report/classification_report-5.xlsx
08/29/2023, 16:10:22# label path: classification_report/mapped_true_predicted_labels-5.xlsx
08/29/2023, 16:10:23# mapped_report:
                                                precision    recall  f1-score   support

T1003.001_0ef4cc7b-611c-4237-b20b-db36b6906554       1.00      1.00      1.00       100
    T1003.001_35d92515122effdd73801c6ac3021da7       0.93      1.00      0.96       100
    T1003.002_5a484b65c247675e3b7ada4ba648d376       0.00      0.00      0.00       100
    T1003.002_7fa4ea18694f2552547b65e23952cabb       1.00      0.99      0.99       100
    T1003.003_9f73269695e54311dd61dc68940fb3e1       0.00      0.00      0.00       100
    T1003.003_f049b89533298c2d6cd37a940248b219       0.00      0.00      0.00       100
        T1003_18f31c311ac208802e88ab8d5af8603e       0.95      0.98      0.97       100
        T1007_9d03c91bdae5a80f17f89c987942b5a8       0.99      1.00      1.00       100
    T1007_c6607391-d02c-44b5-9b13-d3492ca58599       0.00      0.00      0.00       100
        T1007_d6bb2a19da7246731ed9c44831b135f8       0.00      0.00      0.00       100
    T1016_14a21534-350f-4d83-9dd7-3c56b93a0c17       0.00      0.00      0.00       100
        T1016_71b3d2945679566b9d94d8cb11df4b70       0.00      0.00      0.00       100
        T1016_7d8ee68f0e9731db82964f558f614608       0.00      0.00      0.00       100
    T1016_921055f4-5970-4707-909e-62f594234d91       0.00      0.00      0.00       100
    T1016_a0676fe1-cd52-482e-8dde-349b73f9aa69       0.00      0.00      0.00       100
    T1016_e8017c46-acb8-400c-a4b5-b3362b5b5baa       0.00      0.00      0.00       100
    T1018_26c8b8b5-7b5b-4de1-a128-7d37fb14f517       0.00      0.00      0.00       100
        T1018_a44bb43474728496276d5d73aa14588f       0.00      0.00      0.00       100
        T1018_ac20e592bc912bddff4d6b88289095f0       0.00      0.00      0.00       100
    T1021.001_dd67068b052fa553ad4a0ac7d6a5ea89       0.92      0.97      0.94       100
    T1033_bd527b63-9f9e-46e0-9816-b8434d2b8989       0.00      0.00      0.00       100
    T1033_c0da588f-79f0-4263-8998-7496b1a40596       0.00      0.00      0.00       100
    T1036.003_04e8d83e7badf098d50800d6aa1dd487       1.00      1.00      1.00       100
    T1036.003_f5ef8466e5ebcd2ae03f338d9416069c       1.00      1.00      1.00       100
    T1036.004_1f0614ea5c4af6faf1b44570f5f22f8a       0.00      0.00      0.00       100
    T1036.004_7de3d7b4922a7b996d8df36fb22bb118       0.00      0.00      0.00       100
    T1037.001_62cfa90fb03a6bc1a6ebcce8a3ea81b7       0.99      1.00      1.00       100
        T1040_6881a4589710d53f0c146e91db513f01       0.96      0.98      0.97       100
        T1047_09e0f9cf2eb803a1c35deeecf3665fad       0.00      0.00      0.00       100
        T1047_6935e41353aa781bb723462d26114c44       0.00      0.00      0.00       100
        T1047_ac122553ab4426ea3362bb4a97d31bfd       0.00      0.00      0.00       100
        T1047_ac2764f7a67a9ce92b54e8e59b361838       0.00      0.00      0.00       100
        T1047_b0255b5120cbabc062d8d4510a142c3b       0.01      1.00      0.03       100
        T1047_ed736a123da6fb2aab22cfd4f437e8b5       0.00      0.00      0.00       100
        T1047_f4b0b4129560ea66f9751275e82f6bab       0.00      0.00      0.00       100
    T1049_638fb6bb-ba39-4285-93d1-7e4775b033a8       0.00      0.00      0.00       100
        T1049_a14392d713dffba6a397682ff83259a0       0.00      0.00      0.00       100
    T1053.005_5db2884b6ca3ab932848f295a3896dc0       0.00      0.00      0.00       100
    T1053.005_ee454be9197890de62705ce6255933fd       0.00      0.00      0.00       100
T1055.001_a74bc239-a196-4f7e-8d5c-fe8c0266071c       0.00      0.00      0.00       100
T1055.002_e5bcefee-262d-4568-a261-e8a20855ec81       0.00      0.00      0.00       100
    T1057_5a39d7ed-45c9-4a79-b581-e5fb99e24f65       0.00      0.00      0.00       100
    T1057_8adf02e8-6e71-4244-886c-98c402857404       0.00      0.00      0.00       100
        T1057_b2a1e430ca6d36eb5af2fe666e769847       0.00      0.00      0.00       100
        T1057_f8de05d1741dcc468f772ab0ff4dac72       0.00      0.00      0.00       100
T1059.001_55678719-e76e-4df9-92aa-10655bbd1cf4       1.00      1.00      1.00       100
    T1059.001_6efbccc1869e8cd618c0d3ecda407d5f       1.00      1.00      1.00       100
T1059.001_702bfdd2-9947-4eda-b551-c3a1ea9a59a2       0.96      0.97      0.97       100
T1059.001_bfff9006-d1fb-46ce-b173-92cb04e9a031       0.95      1.00      0.98       100
T1059.001_ccdb8caf-c69e-424b-b930-551969450c57       0.00      0.00      0.00       100
T1059.001_e5f9de8f-3df1-4e78-ad92-a784e3f6770d       1.00      1.00      1.00       100
    T1059.003_6c318ef0339d74d909ad556681b6493e       0.00      0.00      0.00       100
    T1059.003_f38e58deb7ad20b5538ca40db7b7b4f8       0.00      0.00      0.00       100
T1069.001_5c4dd985-89e3-4590-9b57-71fed66ff4e2       0.98      0.94      0.96       100
    T1069.001_a1f48fa3ddee658b29b414523c9a295b       0.00      0.00      0.00       100
    T1069.002_6103e503cb444bc7b4187704f2035708       0.00      0.00      0.00       100
    T1070.005_1f91076e2be2014cc7b4f1296de02fd6       0.90      0.95      0.93       100
    T1071.001_24c3b7b004401d839a5c337201da3484       0.97      0.97      0.97       100
T1074.001_4e97e699-93d7-4040-b5a3-2e906a58199e       0.00      0.00      0.00       100
T1074.001_6469befa-748a-4b9c-a96d-f191fde47d89       0.00      0.00      0.00       100
    T1074.001_e6dfc7e89359ac6fa6de84b0e1d5762e       0.00      0.00      0.00       100
    T1078.001_d0ca00832890baa1d42322cf70fcab1a       0.00      0.00      0.00       100
    T1082_29451844-9b76-4e16-a9ee-d6feab4b24db       0.00      0.00      0.00       100
    T1083_52177cc1-b9ab-4411-ac21-2eadc4b5d3b8       0.00      0.00      0.00       100
    T1083_6e1a53c0-7352-4899-be35-fa7f364d5722       0.00      0.00      0.00       100
    T1087.001_6334877e8e3ba48f7835d4856d90a282       0.00      0.00      0.00       100
T1087.001_feaced8f-f43f-452a-9500-a5219488abb8       0.00      0.00      0.00       100
    T1090.001_ba343199a4f15ed6b57eb52412f62e4e       0.46      0.26      0.33       100
        T1105_0856c235a1d26113d4f2d92e39c9a9f8       1.00      1.00      1.00       100
        T1105_1095434782a00c8a4772a11e625bcf5d       0.74      0.58      0.65       100
        T1105_4f683658f161ccdc51337c470d32bab9       0.00      0.00      0.00       100
    T1105_60f63260-39bb-4136-87a0-b6c2dca799fc       1.00      1.00      1.00       100
        T1105_c521e0a70b243a0cf9217907ca3c6d27       0.98      1.00      0.99       100
        T1105_c76968acda4aa1673dadcd67f3ab7664       0.99      0.98      0.98       100
        T1105_e6715e61f5df646692c624b3499384c4       1.00      1.00      1.00       100
    T1105_eb814e03-811a-467a-bc6d-dcd453750fa2       0.00      0.00      0.00       100
        T1112_257313a3c93e3bb7dfb60d6753b09e34       0.85      0.90      0.87       100
        T1112_34041639e6e501856ecaf5969ee29c76       0.91      0.91      0.91       100
        T1112_35c0360d226cf38104f300d9d57ce60e       0.87      0.95      0.91       100
        T1112_4bfb5f265a5ce07af6bf10da113af7db       0.90      0.93      0.92       100
        T1112_7fe6a66d03f4dbfc022609ba311c2b11       0.89      0.84      0.87       100
        T1112_ba6f6214dbd17c54001e0a163b60f151       0.88      0.91      0.90       100
        T1112_cab7b85611a290c0769546bfa9d6f962       0.90      0.89      0.89       100
        T1112_cd8be0e6b873919da25530a2c7ea6750       0.00      0.00      0.00       100
        T1112_e74d2fb4ef5fa6c766a4151554033697       0.86      0.90      0.88       100
        T1112_e7a987cbef27263e666e5b096488dc55       1.00      1.00      1.00       100
        T1112_fa4ba6a06b4a5cd955ea5a60fae24281       0.90      0.92      0.91       100
        T1112_fd992e8ecfdac9b56dd6868904044827       0.91      0.88      0.89       100
    T1113_316251ed-6a28-4013-812b-ddf5b5b007f8       0.00      0.00      0.00       100
        T1115_70795de7cbb842edb029b3378c27c008       1.00      1.00      1.00       100
    T1115_b007fe0c-c6b0-4fda-915c-255bbc070de2       0.00      0.00      0.00       100
        T1119_344e7eaf650763e0d3e9f02e62c1cf4b       0.08      1.00      0.15       100
        T1119_7121cdf93b951311be9d7078c602efdc       1.00      1.00      1.00       100
        T1120_7b9c7afaefa59aab759b49af0d699ac1       0.00      0.00      0.00       100
        T1123_372e6f46fca18e4f1b43209c20ffafa2       0.95      0.98      0.97       100
    T1124_fa6e8607-e0b1-425d-8924-9b894da5a002       0.00      0.00      0.00       100
        T1125_da86001b5081fcf773d8e62f22cf2b00       0.96      0.99      0.98       100
    T1135_530e47c6-8592-42bf-91df-c59ffbd8541b       0.00      0.00      0.00       100
    T1135_deeac480-5c2a-42b5-90bb-41675ee53c7e       0.00      0.00      0.00       100
    T1137.002_e2af3c3ab1b0f659c874b8af58c49759       0.97      0.99      0.98       100
        T1137_12ad9edefc86af07700fbf49bfdac6ba       1.00      1.00      1.00       100
        T1201_38f6f0e50a6b196140ec40d3dc9cc9e6       0.00      0.00      0.00       100
        T1201_57296a2ddbeb7423c05feef2fe972111       0.00      0.00      0.00       100
    T1204.002_522f3f35cd013e63830fa555495a0081       1.00      1.00      1.00       100
        T1217_69bbe2183fa09c00ccaac62d48e214f8       0.00      0.00      0.00       100
        T1217_f7a0f7d704aa52a764d9d1bee81e65d6       0.00      0.00      0.00       100
        T1219_7dabcbecab0334b115feefab1630f84a       1.00      1.00      1.00       100
        T1219_af8cb2bf9b436aae5c106a0a9c207e14       1.00      1.00      1.00       100
        T1219_f1b3fca18d7465cd10e5a7477a3bf97d       1.00      1.00      1.00       100
    T1482_6131397e-7765-424e-a594-3d7fb2d93a6a       0.00      0.00      0.00       100
        T1482_cfb61005899996469ae3023796792ca5       0.00      0.00      0.00       100
        T1486_d82ceb9939d3d920ee550187ad8235c8       0.00      0.00      0.00       100
        T1490_2d53d6fabd39bf9c70b0dfcdfbbc926d       0.00      0.00      0.00       100
        T1490_8467c994685ccf178db166964bd80fab       0.00      0.00      0.00       100
        T1490_9e5e4c0655fd1b5be88bd40b8251175f       0.00      0.00      0.00       100
        T1490_c156ac5c9fa67080365268d95f29053d       0.00      0.00      0.00       100
        T1490_c8f329d2847ede593b6cb4a1ec6120fb       0.95      1.00      0.98       100
        T1490_e90756bb6dcd21462dc4cc452661df91       0.00      0.00      0.00       100
    T1491_47d08617-5ce1-424a-8cc5-c9c978ce6bf9       0.00      0.00      0.00       100
    T1491_68235976-2404-42a8-9105-68230cfef562       0.00      0.00      0.00       100
    T1496_46da2385-cf37-49cb-ba4b-a739c7a19de4       1.00      1.00      1.00       100
T1497.001_1258b063-27d6-489b-a677-4807faacf868       0.00      0.00      0.00       100
T1497.001_5dc841fd-28ad-40e2-b10e-fb007fe09e81       0.00      0.00      0.00       100
T1497.001_7a6ba833-de40-466a-8969-5c37b13603e0       0.00      0.00      0.00       100
    T1499_2fe2d5e6-7b06-4fc0-bf71-6966a1226731       0.00      0.00      0.00       100
T1518.001_2dece965-37a0-4f70-a391-0f30e3331aba       0.00      0.00      0.00       100
    T1518.001_33a24ff44719e6ac0614b58f8c9a7c72       0.00      0.00      0.00       100
    T1518.001_b8453a5fe06b24aea12b27592d5c3d3a       0.00      0.00      0.00       100
        T1518_8ddfaf982ab359cda13626b870ccb339       0.75      0.78      0.76       100
    T1518_c9be8043-a445-4cbf-b77b-ed7bb007fc7c       0.00      0.00      0.00       100
        T1531_aa6b15485a5f50ced34d87fda177b758       0.00      0.00      0.00       100
        T1531_b25ae80dad74142fafb510e9c1949ace       0.00      0.00      0.00       100
    T1546.013_f9a968af61d36983448c74cca5464e17       1.00      1.00      1.00       100
    T1547.001_0dbdf1a2a87e718a6ac8a8e3415a7fac       0.99      0.99      0.99       100
    T1547.001_163b023f43aba758d36f524d146cb8ea       0.95      0.97      0.96       100
    T1547.001_1f15ab22c39a9b6bb2bb0d77276dfcb3       0.00      0.00      0.00       100
    T1547.001_4b71ebb2f6f6a01235ba240fa40ce978       0.00      0.00      0.00       100
    T1547.001_777043894e42d2aae3881e63f6c76d33       0.00      0.00      0.00       100
    T1547.001_d3ef4145e4144fd694514b1c5cc17350       0.93      0.96      0.95       100
    T1547.004_0856714c9810ac55b53e9964d02958a0       0.00      0.00      0.00       100
    T1547.004_aa147165f6c116cb0b0f944abe1db8ce       0.00      0.00      0.00       100
    T1547.009_501af516bd8b24fee0c7c650ae5cc861       0.00      0.00      0.00       100
    T1547.009_b6e5c895c6709fe289352ee23f062229       0.00      0.00      0.00       100
    T1547.010_4593d72a5145e3f494421ac772d37464       0.98      0.98      0.98       100
        T1547_fe9eeee9a7b339089e5fa634b08522c1       1.00      0.98      0.99       100
T1548.002_665432a4-42e7-4ee1-af19-a9a8c9455d0c       0.00      0.00      0.00       100
    T1552.002_3e5b04b8ee0a1a4950da8f35d95e65fc       0.00      0.00      0.00       100
        T1560_a1ee301b0508747b468d578a14e5c1a5       0.33      1.00      0.50       100
    T1562.001_43e3334362b140924f001b256b229ee5       0.00      0.00      0.00       100
    T1562.002_6a8d25d65a7d481dc479f89c62af1e6a       0.86      0.89      0.88       100
    T1562.002_94f51bf01a7036fe02d07b4c18967669       0.00      0.00      0.00       100
    T1562.004_280003641a5cddf916c4f2bf605a71d3       0.00      0.00      0.00       100
    T1562.004_41627f71f968225b9f162cb76d16bd9d       0.00      0.00      0.00       100
    T1562.004_5b93df032e230056c21a3e57334f77d1       0.00      0.00      0.00       100
    T1562.004_8d0a4585e7c4646185a912b14cd9cb46       0.00      0.00      0.00       100
    T1562.004_8fe59e288f10a486dc8b44bc872019ff       0.91      0.89      0.90       100
    T1564.001_66a5fd5f244819181f074dd082a28905       0.49      0.91      0.64       100
    T1564.001_dce51e632abdfe5392c7c1f942ac9273       0.42      0.05      0.09       100
    T1564.003_9a2edad4053a2b59fb9167a9bc29e7dc       0.53      0.55      0.54       100
    T1564.004_28862487a99f5f89bc0d68c87396c7e9       0.00      0.00      0.00       100
    T1564.004_76b6066fe170d38215251102e42be973       0.00      0.00      0.00       100
        T1564_dedfa0a54c9c13ce5714a0dc2e1f5d1a       0.00      0.00      0.00       100
    T1566.001_1afaec09315ab71fdfb167175e8a019a       0.00      0.00      0.00       100
    T1574.001_63bbedafba2f541552ac3579e9e3737b       1.00      1.00      1.00       100
    T1574.011_72249c1e9ffe7d8f30243d838e0791ca       1.00      0.96      0.98       100

                                      accuracy                           0.37     16500
                                     macro avg       0.35      0.37      0.35     16500
                                  weighted avg       0.35      0.37      0.35     16500

