09/01/2023, 22:23:18# labels of 5000: tensor([ 83,   1,  38, 163,  56,  82,  37,  39, 121,  46, 145,  95,  16, 103,
         83,  35], device='cuda:1') torch.Size([16])
09/01/2023, 22:23:18# predicted of 5000: tensor([132,  28, 132,   6,  65, 154, 109,  95,   6, 132,   3,  95,  70, 132,
        132, 159], device='cuda:1') torch.Size([16])
09/01/2023, 22:24:35# total batches: 8300
09/01/2023, 22:24:35# Epoch 0 | Train Loss: 4.4051 | Train Accuracy: 0.0390
09/01/2023, 22:24:35# labels of Validation: tensor([ 66, 122,  78,  20, 139,  17,  71,  52,  26,  46,   0, 127, 124, 124,
        132,  74], device='cuda:1') torch.Size([16])
09/01/2023, 22:24:35# predicted of Validation: tensor([132, 115,  56, 132, 132,  17, 132,  52, 132, 132,  35, 120, 132, 132,
        132, 132], device='cuda:1') torch.Size([16])
09/01/2023, 22:24:35# labels of 0: tensor([ 66, 122,  78,  20, 139,  17,  71,  52,  26,  46,   0, 127, 124, 124,
        132,  74], device='cuda:1') torch.Size([16])
09/01/2023, 22:24:35# predicted of 0: tensor([132, 115,  56, 132, 132,  17, 132,  52, 132, 132,  35, 120, 132, 132,
        132, 132], device='cuda:1') torch.Size([16])
09/01/2023, 22:24:53# labels of Validation: tensor([132, 103, 149,  28,  57, 135,  50,  39,  13,  59,  94, 156,  75, 121,
         29,  58], device='cuda:1') torch.Size([16])
09/01/2023, 22:24:53# predicted of Validation: tensor([132, 132, 118, 132, 132, 132,  56, 120, 120, 132,  56,  17, 132, 132,
         29, 132], device='cuda:1') torch.Size([16])
09/01/2023, 22:24:53# Validation Loss: 4.1475 | Validation Accuracy: 0.0671

09/01/2023, 22:24:53# Find a better model!!
09/01/2023, 22:26:53# labels of 5000: tensor([ 48, 161,  92,   7, 163,  63,  12,  12,  79,  43,  54,  96, 150, 163,
         89, 143], device='cuda:1') torch.Size([16])
09/01/2023, 22:26:53# predicted of 5000: tensor([ 92, 161, 161,   7, 161, 161,  12, 161, 115, 161,  12,  80, 161,  12,
        145,  92], device='cuda:1') torch.Size([16])
09/01/2023, 22:28:14# total batches: 8300
09/01/2023, 22:28:14# Epoch 1 | Train Loss: 4.0937 | Train Accuracy: 0.0780
09/01/2023, 22:28:14# labels of Validation: tensor([ 24,  82,  18,  94,  65, 144, 111,  52,  21, 154,  19,  60, 143,  66,
          9, 115], device='cuda:1') torch.Size([16])
09/01/2023, 22:28:14# predicted of Validation: tensor([133,  82, 133,  27, 133, 133, 133, 165,   6,  82, 133, 133, 133,   6,
        133, 127], device='cuda:1') torch.Size([16])
09/01/2023, 22:28:14# labels of 0: tensor([ 24,  82,  18,  94,  65, 144, 111,  52,  21, 154,  19,  60, 143,  66,
          9, 115], device='cuda:1') torch.Size([16])
09/01/2023, 22:28:14# predicted of 0: tensor([133,  82, 133,  27, 133, 133, 133, 165,   6,  82, 133, 133, 133,   6,
        133, 127], device='cuda:1') torch.Size([16])
09/01/2023, 22:28:32# labels of Validation: tensor([140,  36, 139, 151, 113, 138,  54, 164,   1,  20, 112,   2, 148,  56,
         90,  55], device='cuda:1') torch.Size([16])
09/01/2023, 22:28:32# predicted of Validation: tensor([136, 133, 133, 133,   6, 138, 133, 133, 133, 133, 133, 133,   6,  27,
          6, 133], device='cuda:1') torch.Size([16])
09/01/2023, 22:28:32# Validation Loss: 4.0029 | Validation Accuracy: 0.0860

09/01/2023, 22:28:32# Find a better model!!
09/01/2023, 22:30:33# labels of 5000: tensor([ 36,  11,  98,  14,  89,  91, 118, 106, 111, 131, 100, 125,  17, 138,
        151, 164], device='cuda:1') torch.Size([16])
09/01/2023, 22:30:33# predicted of 5000: tensor([ 21,  21,  21,  21,  15, 132, 118,   7, 152, 132, 152,  21,  17, 138,
         81,  21], device='cuda:1') torch.Size([16])
09/01/2023, 22:31:52# total batches: 8300
09/01/2023, 22:31:52# Epoch 2 | Train Loss: 4.0068 | Train Accuracy: 0.0907
09/01/2023, 22:31:52# labels of Validation: tensor([ 11,  20,  99,  79,  28,  69,  23,  23, 120, 154,   8, 145,  60, 124,
         21,  29], device='cuda:1') torch.Size([16])
09/01/2023, 22:31:52# predicted of Validation: tensor([113, 113,  99,  78,  28,  69, 136, 140,  78, 156,  28, 136, 113, 113,
         28, 122], device='cuda:1') torch.Size([16])
09/01/2023, 22:31:52# labels of 0: tensor([ 11,  20,  99,  79,  28,  69,  23,  23, 120, 154,   8, 145,  60, 124,
         21,  29], device='cuda:1') torch.Size([16])
09/01/2023, 22:31:52# predicted of 0: tensor([113, 113,  99,  78,  28,  69, 136, 140,  78, 156,  28, 136, 113, 113,
         28, 122], device='cuda:1') torch.Size([16])
09/01/2023, 22:32:11# labels of Validation: tensor([158,  10,  74,  89, 163, 126,  66,  84, 145, 109,  57, 146, 137,  85,
         27,  87], device='cuda:1') torch.Size([16])
09/01/2023, 22:32:11# predicted of Validation: tensor([113, 113, 113,  32, 113,  32,  28, 136, 140, 113, 113, 136, 113,  70,
         78, 113], device='cuda:1') torch.Size([16])
09/01/2023, 22:32:12# Validation Loss: 3.9324 | Validation Accuracy: 0.1030

09/01/2023, 22:32:12# Find a better model!!
09/01/2023, 22:34:09# labels of 5000: tensor([ 70, 104, 104,  86,   3, 153, 140, 145,  55,  26,  19, 127,   6,  56,
        101,  28], device='cuda:1') torch.Size([16])
09/01/2023, 22:34:09# predicted of 5000: tensor([ 70, 161, 161,  26,  80, 161,  99,  80, 161, 161, 161,  29, 166, 130,
         26, 161], device='cuda:1') torch.Size([16])
09/01/2023, 22:35:27# total batches: 8300
09/01/2023, 22:35:27# Epoch 3 | Train Loss: 3.9578 | Train Accuracy: 0.0976
09/01/2023, 22:35:27# labels of Validation: tensor([135, 166,  69,  85,  17, 123,  79, 113, 108,  96, 148,  18, 111,  30,
         44, 133], device='cuda:1') torch.Size([16])
09/01/2023, 22:35:27# predicted of Validation: tensor([ 54, 132,  69,  16,  17, 123, 120,  91, 132,  80,  91,  54,  54,  54,
         54,  91], device='cuda:1') torch.Size([16])
09/01/2023, 22:35:27# labels of 0: tensor([135, 166,  69,  85,  17, 123,  79, 113, 108,  96, 148,  18, 111,  30,
         44, 133], device='cuda:1') torch.Size([16])
09/01/2023, 22:35:27# predicted of 0: tensor([ 54, 132,  69,  16,  17, 123, 120,  91, 132,  80,  91,  54,  54,  54,
         54,  91], device='cuda:1') torch.Size([16])
09/01/2023, 22:35:45# labels of Validation: tensor([144, 138, 149, 138,  88,  65, 124,  57,  26, 158, 120,   8,  14, 116,
        141,  12], device='cuda:1') torch.Size([16])
09/01/2023, 22:35:45# predicted of Validation: tensor([ 54, 138, 118,  16,  91,  54,  54,  54,  54,  54, 120,  91,  54,  54,
         91,  54], device='cuda:1') torch.Size([16])
09/01/2023, 22:35:46# Validation Loss: 3.9035 | Validation Accuracy: 0.0959

09/01/2023, 22:35:46# Find a better model!!
09/01/2023, 22:37:45# labels of 5000: tensor([133, 111,  64,   7,  26, 147,  83,  43, 113,  37,  71,  14,  25,  54,
         99,  71], device='cuda:1') torch.Size([16])
09/01/2023, 22:37:45# predicted of 5000: tensor([ 38, 139, 132,  52,  38,  61,  28, 139, 132, 132,  28, 139,  96,  38,
         96,  28], device='cuda:1') torch.Size([16])
09/01/2023, 22:39:03# total batches: 8300
09/01/2023, 22:39:03# Epoch 4 | Train Loss: 3.9278 | Train Accuracy: 0.1025
09/01/2023, 22:39:03# labels of Validation: tensor([ 13, 109, 156,  57, 139, 140,   9, 155,  49,  49,  81, 140,  62,  78,
         34,  44], device='cuda:1') torch.Size([16])
09/01/2023, 22:39:03# predicted of Validation: tensor([ 40,  20, 156,  20,  20,   3,  20,  28,  20,  20,  20,   3,  40,  40,
         20,  20], device='cuda:1') torch.Size([16])
09/01/2023, 22:39:03# labels of 0: tensor([ 13, 109, 156,  57, 139, 140,   9, 155,  49,  49,  81, 140,  62,  78,
         34,  44], device='cuda:1') torch.Size([16])
09/01/2023, 22:39:03# predicted of 0: tensor([ 40,  20, 156,  20,  20,   3,  20,  28,  20,  20,  20,   3,  40,  40,
         20,  20], device='cuda:1') torch.Size([16])
09/01/2023, 22:39:21# labels of Validation: tensor([161,  49,   3,  75, 118, 147,  61,  77,   3,  87, 128,  95, 141, 142,
         54,  26], device='cuda:1') torch.Size([16])
09/01/2023, 22:39:21# predicted of Validation: tensor([ 28,  20,   3,  20, 118, 136,  40,  28, 136,  20, 156,  40, 103,  20,
         20,  20], device='cuda:1') torch.Size([16])
09/01/2023, 22:39:22# Validation Loss: 3.8757 | Validation Accuracy: 0.1145

09/01/2023, 22:39:22# Find a better model!!
09/01/2023, 22:41:20# labels of 5000: tensor([ 32,  31,  93, 161,  40, 161,  84, 163, 130,  41, 100,  77, 158,  63,
         28, 119], device='cuda:1') torch.Size([16])
09/01/2023, 22:41:20# predicted of 5000: tensor([115,  71, 161, 107,  84, 107, 130,  64,  23,  64, 161, 132,  64,  64,
        132,  64], device='cuda:1') torch.Size([16])
09/01/2023, 22:42:38# total batches: 8300
09/01/2023, 22:42:38# Epoch 5 | Train Loss: 3.9024 | Train Accuracy: 0.1060
09/01/2023, 22:42:38# labels of Validation: tensor([ 78,  73,  47,  67,  12,  29,  44,  23,  11, 141,  30,  25, 118,   9,
         65,  49], device='cuda:1') torch.Size([16])
09/01/2023, 22:42:38# predicted of Validation: tensor([  0, 117,  74,  27,  74,  29,  74,   3,  74, 108,  74,  17, 149,  74,
         74,  74], device='cuda:1') torch.Size([16])
09/01/2023, 22:42:38# labels of 0: tensor([ 78,  73,  47,  67,  12,  29,  44,  23,  11, 141,  30,  25, 118,   9,
         65,  49], device='cuda:1') torch.Size([16])
09/01/2023, 22:42:38# predicted of 0: tensor([  0, 117,  74,  27,  74,  29,  74,   3,  74, 108,  74,  17, 149,  74,
         74,  74], device='cuda:1') torch.Size([16])
09/01/2023, 22:42:56# labels of Validation: tensor([  0,   6, 126,   2,  43,  20,  38,   8,  79,   4,  99,  92,   5, 127,
         60,  58], device='cuda:1') torch.Size([16])
09/01/2023, 22:42:56# predicted of Validation: tensor([ 79, 132, 117,  74,  74,  74,  74, 108,  32,  74,  99,  74, 120, 128,
         74,  74], device='cuda:1') torch.Size([16])
09/01/2023, 22:42:57# Validation Loss: 3.8508 | Validation Accuracy: 0.1201

09/01/2023, 22:42:57# Find a better model!!
09/01/2023, 22:44:56# labels of 5000: tensor([159,  39, 161, 115, 127,  33, 143, 163, 101, 114, 164, 138,  10,  85,
        155,  53], device='cuda:1') torch.Size([16])
09/01/2023, 22:44:56# predicted of 5000: tensor([122,  13, 101,  62,  32,  66,  36,  66, 132,  36,  66, 138,  66,  70,
        132,  36], device='cuda:1') torch.Size([16])
09/01/2023, 22:46:15# total batches: 8300
09/01/2023, 22:46:15# Epoch 6 | Train Loss: 3.8858 | Train Accuracy: 0.1089
09/01/2023, 22:46:15# labels of Validation: tensor([144,  97,  51,  49, 156, 134,  10, 132,  95, 145,  47,  39,  44, 111,
         15, 129], device='cuda:1') torch.Size([16])
09/01/2023, 22:46:15# predicted of Validation: tensor([109, 109,  28, 109, 154, 134, 109,  28,  61, 136, 109, 159, 109, 109,
        105, 101], device='cuda:1') torch.Size([16])
09/01/2023, 22:46:15# labels of 0: tensor([144,  97,  51,  49, 156, 134,  10, 132,  95, 145,  47,  39,  44, 111,
         15, 129], device='cuda:1') torch.Size([16])
09/01/2023, 22:46:15# predicted of 0: tensor([109, 109,  28, 109, 154, 134, 109,  28,  61, 136, 109, 159, 109, 109,
        105, 101], device='cuda:1') torch.Size([16])
09/01/2023, 22:46:34# labels of Validation: tensor([142,  23,  93,  16, 144, 148, 142,  40, 107,  44,  57,  77, 149,  47,
          2,  27], device='cuda:1') torch.Size([16])
09/01/2023, 22:46:34# predicted of Validation: tensor([109, 136, 101,  16, 109, 101, 109, 105, 101, 109, 109,  28, 149, 109,
        109,  35], device='cuda:1') torch.Size([16])
09/01/2023, 22:46:34# Validation Loss: 3.8418 | Validation Accuracy: 0.1121

09/01/2023, 22:46:34# Find a better model!!
09/01/2023, 22:48:34# labels of 5000: tensor([ 55,  88,  64,  64, 165, 152,  34,  82, 112,   5, 154, 150,  18, 139,
        151, 158], device='cuda:1') torch.Size([16])
09/01/2023, 22:48:34# predicted of 5000: tensor([ 38, 132,  83,  83, 134, 133, 133,  82, 133, 126,  82,  83, 133,  63,
         83,  63], device='cuda:1') torch.Size([16])
09/01/2023, 22:49:54# total batches: 8300
09/01/2023, 22:49:54# Epoch 7 | Train Loss: 3.8688 | Train Accuracy: 0.1116
09/01/2023, 22:49:54# labels of Validation: tensor([ 64,  93, 137, 137,  47, 153, 156,  62, 149, 131, 119, 109,   9, 153,
         88,  56], device='cuda:1') torch.Size([16])
09/01/2023, 22:49:54# predicted of Validation: tensor([ 51,  51, 152, 152, 152, 152, 154,   0, 118, 161, 152, 152, 152, 152,
         51, 120], device='cuda:1') torch.Size([16])
09/01/2023, 22:49:54# labels of 0: tensor([ 64,  93, 137, 137,  47, 153, 156,  62, 149, 131, 119, 109,   9, 153,
         88,  56], device='cuda:1') torch.Size([16])
09/01/2023, 22:49:54# predicted of 0: tensor([ 51,  51, 152, 152, 152, 152, 154,   0, 118, 161, 152, 152, 152, 152,
         51, 120], device='cuda:1') torch.Size([16])
09/01/2023, 22:50:12# labels of Validation: tensor([ 29,  36,  13,  13,  61,  75,  96,  73, 116, 144, 143,  61,  57, 135,
         24,  89], device='cuda:1') torch.Size([16])
09/01/2023, 22:50:12# predicted of Validation: tensor([ 29, 152,  40,  89,  40, 152,  96,  32, 152, 152, 152, 120, 152, 152,
        152,  32], device='cuda:1') torch.Size([16])
09/01/2023, 22:50:12# Validation Loss: 3.8320 | Validation Accuracy: 0.1110

09/01/2023, 22:50:12# Find a better model!!
09/01/2023, 22:52:13# labels of 5000: tensor([102, 143, 150,   6,  98,  67,  57,  97, 156,  89,  81,  98, 129, 133,
        131, 157], device='cuda:1') torch.Size([16])
09/01/2023, 22:52:13# predicted of 5000: tensor([116, 166, 166, 116, 166,  56, 166, 151, 154, 115, 166, 116,  33, 132,
        141, 166], device='cuda:1') torch.Size([16])
09/01/2023, 22:53:32# total batches: 8300
09/01/2023, 22:53:32# Epoch 8 | Train Loss: 3.8572 | Train Accuracy: 0.1145
09/01/2023, 22:53:32# labels of Validation: tensor([111,  83, 103,  71, 151, 127, 118,  45,  42,  66, 152, 135,  37, 121,
        132, 115], device='cuda:1') torch.Size([16])
09/01/2023, 22:53:32# predicted of Validation: tensor([164, 164, 131, 164, 164,  35, 149,  27, 164, 131, 164, 164, 131, 164,
        132,  65], device='cuda:1') torch.Size([16])
09/01/2023, 22:53:32# labels of 0: tensor([111,  83, 103,  71, 151, 127, 118,  45,  42,  66, 152, 135,  37, 121,
        132, 115], device='cuda:1') torch.Size([16])
09/01/2023, 22:53:32# predicted of 0: tensor([164, 164, 131, 164, 164,  35, 149,  27, 164, 131, 164, 164, 131, 164,
        132,  65], device='cuda:1') torch.Size([16])
09/01/2023, 22:53:50# labels of Validation: tensor([ 60, 103,  87,  37,  44, 153,  41,  45,  17,  43,   2,  15, 100, 125,
        153,  64], device='cuda:1') torch.Size([16])
09/01/2023, 22:53:50# predicted of Validation: tensor([164, 131, 164, 131, 164, 164, 164,  32,  25, 164, 164,  27, 131, 164,
        164, 131], device='cuda:1') torch.Size([16])
09/01/2023, 22:53:50# Validation Loss: 3.8210 | Validation Accuracy: 0.1148

09/01/2023, 22:53:50# Find a better model!!
09/01/2023, 22:55:49# labels of 5000: tensor([100,  66, 100, 127,  76,  48, 161, 126,  39, 151,  95,  48,   1,   9,
        147,  69], device='cuda:1') torch.Size([16])
09/01/2023, 22:55:49# predicted of 5000: tensor([161,  24, 161, 159,  55,  55, 166, 126,  56, 160, 117,  24,  24,  24,
          0,  69], device='cuda:1') torch.Size([16])
09/01/2023, 22:57:08# total batches: 8300
09/01/2023, 22:57:08# Epoch 9 | Train Loss: 3.8442 | Train Accuracy: 0.1166
09/01/2023, 22:57:08# labels of Validation: tensor([ 33,   7, 137, 106,  95, 124,  75,  25,  76,  46,  88,  68, 116,  70,
         72, 104], device='cuda:1') torch.Size([16])
09/01/2023, 22:57:08# predicted of Validation: tensor([144, 134, 144, 106,  67, 144, 144, 154, 144, 144,  68,  68, 144,  70,
        130, 144], device='cuda:1') torch.Size([16])
09/01/2023, 22:57:08# labels of 0: tensor([ 33,   7, 137, 106,  95, 124,  75,  25,  76,  46,  88,  68, 116,  70,
         72, 104], device='cuda:1') torch.Size([16])
09/01/2023, 22:57:08# predicted of 0: tensor([144, 134, 144, 106,  67, 144, 144, 154, 144, 144,  68,  68, 144,  70,
        130, 144], device='cuda:1') torch.Size([16])
09/01/2023, 22:57:27# labels of Validation: tensor([105,  14,  27,  91, 111, 161, 137,  89,  64,  70,  86,  76, 133,  65,
         72,   9], device='cuda:1') torch.Size([16])
09/01/2023, 22:57:27# predicted of Validation: tensor([  0, 144, 130, 131, 144, 132, 144,  15,  68,  70, 144, 144,  68, 144,
         40, 144], device='cuda:1') torch.Size([16])
09/01/2023, 22:57:27# Validation Loss: 3.8037 | Validation Accuracy: 0.1261

09/01/2023, 22:57:27# Find a better model!!
09/01/2023, 22:59:26# labels of 5000: tensor([ 46,   5, 127,  51,  19, 134,  84,  35, 109, 151,  36,  34, 145, 149,
        158, 140], device='cuda:1') torch.Size([16])
09/01/2023, 22:59:26# predicted of 5000: tensor([ 18,  89, 105,  57,  24, 134, 128,  96, 114,  57, 114, 114, 145, 149,
        114, 140], device='cuda:1') torch.Size([16])
09/01/2023, 23:00:45# total batches: 8300
09/01/2023, 23:00:45# Epoch 10 | Train Loss: 3.8298 | Train Accuracy: 0.1203
09/01/2023, 23:00:45# labels of Validation: tensor([ 56,  15,   2,  82, 140, 124, 147, 157, 151,  29, 149,  45,  18, 114,
         58, 157], device='cuda:1') torch.Size([16])
09/01/2023, 23:00:45# predicted of Validation: tensor([ 39, 127, 109, 156, 136, 109, 140, 109, 109, 122, 149,   0, 109, 110,
        109, 109], device='cuda:1') torch.Size([16])
09/01/2023, 23:00:45# labels of 0: tensor([ 56,  15,   2,  82, 140, 124, 147, 157, 151,  29, 149,  45,  18, 114,
         58, 157], device='cuda:1') torch.Size([16])
09/01/2023, 23:00:45# predicted of 0: tensor([ 39, 127, 109, 156, 136, 109, 140, 109, 109, 122, 149,   0, 109, 110,
        109, 109], device='cuda:1') torch.Size([16])
09/01/2023, 23:01:02# labels of Validation: tensor([113, 139, 163, 143, 107,   0,  42,  65, 111, 119, 116, 160, 155,  44,
         20, 116], device='cuda:1') torch.Size([16])
09/01/2023, 23:01:02# predicted of Validation: tensor([110, 109, 109, 109, 110,   0, 109, 109, 109, 109, 109, 110,  28, 109,
        109, 109], device='cuda:1') torch.Size([16])
09/01/2023, 23:01:03# Validation Loss: 3.8126 | Validation Accuracy: 0.1198

09/01/2023, 23:03:01# labels of 5000: tensor([106,  92, 116, 165,  58,  71, 116, 125, 138,  84, 117, 114,  52, 146,
        132,  94], device='cuda:1') torch.Size([16])
09/01/2023, 23:03:01# predicted of 5000: tensor([106,  33, 131, 165,  58, 152, 131, 131, 138, 146, 115, 132,  52, 120,
        132,  72], device='cuda:1') torch.Size([16])
09/01/2023, 23:04:20# total batches: 8300
09/01/2023, 23:04:20# Epoch 11 | Train Loss: 3.8185 | Train Accuracy: 0.1246
09/01/2023, 23:04:20# labels of Validation: tensor([ 42,  89,  73, 109,  65, 135, 130,  57,   3, 118, 151,  16,  60, 135,
         18, 145], device='cuda:1') torch.Size([16])
09/01/2023, 23:04:20# predicted of Validation: tensor([ 14,  39,  62,  14,  14,  14,  95,  14, 145, 118,  14,  16,  14,  14,
         14,  23], device='cuda:1') torch.Size([16])
09/01/2023, 23:04:20# labels of 0: tensor([ 42,  89,  73, 109,  65, 135, 130,  57,   3, 118, 151,  16,  60, 135,
         18, 145], device='cuda:1') torch.Size([16])
09/01/2023, 23:04:20# predicted of 0: tensor([ 14,  39,  62,  14,  14,  14,  95,  14, 145, 118,  14,  16,  14,  14,
         14,  23], device='cuda:1') torch.Size([16])
09/01/2023, 23:04:38# labels of Validation: tensor([119, 157,  52, 129, 164,  96,  40, 130, 132, 145,  73,  16,  24, 151,
          8,   4], device='cuda:1') torch.Size([16])
09/01/2023, 23:04:38# predicted of Validation: tensor([ 14,  14,  82,  91,  14, 140, 115,  89, 132, 145,  62,  70,  14,  14,
         91,  14], device='cuda:1') torch.Size([16])
09/01/2023, 23:04:38# Validation Loss: 3.7999 | Validation Accuracy: 0.1201

09/01/2023, 23:04:38# Find a better model!!
09/01/2023, 23:06:35# labels of 5000: tensor([117, 127, 119,  83, 121,  98,  40,  14, 122,  29,  63, 136,  48,  17,
         75,  91], device='cuda:1') torch.Size([16])
09/01/2023, 23:06:35# predicted of 5000: tensor([127, 127, 121,  86,  98,  91,  40,  91,  56,  13,  86, 140,  91,  17,
         91, 133], device='cuda:1') torch.Size([16])
09/01/2023, 23:07:53# total batches: 8300
09/01/2023, 23:07:53# Epoch 12 | Train Loss: 3.8051 | Train Accuracy: 0.1270
09/01/2023, 23:07:53# labels of Validation: tensor([  0, 136,  90,  35, 126, 131,  12, 137,  92, 166,  69, 140,  30, 133,
          3,  58], device='cuda:1') torch.Size([16])
09/01/2023, 23:07:53# predicted of Validation: tensor([105, 140,  88,  32,  78,   6,  33,  33,  33,   6,  69, 140,  33,  88,
        140,  33], device='cuda:1') torch.Size([16])
09/01/2023, 23:07:53# labels of 0: tensor([  0, 136,  90,  35, 126, 131,  12, 137,  92, 166,  69, 140,  30, 133,
          3,  58], device='cuda:1') torch.Size([16])
09/01/2023, 23:07:53# predicted of 0: tensor([105, 140,  88,  32,  78,   6,  33,  33,  33,   6,  69, 140,  33,  88,
        140,  33], device='cuda:1') torch.Size([16])
09/01/2023, 23:08:11# labels of Validation: tensor([156,  40,  45,  23,  99, 112,  51,  23,   5,  72,  95, 161, 114,  31,
         11,  81], device='cuda:1') torch.Size([16])
09/01/2023, 23:08:11# predicted of Validation: tensor([ 82,  35,  73, 145,  99,  33,   6, 145,  78,  78,  13, 132,  88,  33,
         33,  33], device='cuda:1') torch.Size([16])
09/01/2023, 23:08:11# Validation Loss: 3.8010 | Validation Accuracy: 0.1254

09/01/2023, 23:10:09# labels of 5000: tensor([ 98,  63, 104, 112,  19,  89, 142, 164, 132,  12,  51,  87,  48,  42,
        131, 145], device='cuda:1') torch.Size([16])
09/01/2023, 23:10:09# predicted of 5000: tensor([100, 102, 102, 100, 100,  61, 100, 102, 161, 100, 166,  63, 102,  76,
        166,  80], device='cuda:1') torch.Size([16])
09/01/2023, 23:11:27# total batches: 8300
09/01/2023, 23:11:27# Epoch 13 | Train Loss: 3.7965 | Train Accuracy: 0.1288
09/01/2023, 23:11:27# labels of Validation: tensor([106,  39,   8,  63,  83,  53,  62, 103,  55,  76,  63, 161,  97,   4,
        100,  87], device='cuda:1') torch.Size([16])
09/01/2023, 23:11:27# predicted of Validation: tensor([106,  89,  91, 158, 158, 158,  89,  91, 158, 158, 158, 161, 158, 158,
         91, 158], device='cuda:1') torch.Size([16])
09/01/2023, 23:11:27# labels of 0: tensor([106,  39,   8,  63,  83,  53,  62, 103,  55,  76,  63, 161,  97,   4,
        100,  87], device='cuda:1') torch.Size([16])
09/01/2023, 23:11:27# predicted of 0: tensor([106,  89,  91, 158, 158, 158,  89,  91, 158, 158, 158, 161, 158, 158,
         91, 158], device='cuda:1') torch.Size([16])
09/01/2023, 23:11:44# labels of Validation: tensor([ 71, 105, 114,  93,  47,   2, 149,  11,  59,  82, 146,  89,  14, 146,
         56, 161], device='cuda:1') torch.Size([16])
09/01/2023, 23:11:44# predicted of Validation: tensor([158,  35,  91,  91, 158, 158, 149, 158,  91, 154, 146,  89, 158, 146,
         89, 161], device='cuda:1') torch.Size([16])
09/01/2023, 23:11:45# Validation Loss: 3.7900 | Validation Accuracy: 0.1213

09/01/2023, 23:11:45# Find a better model!!
09/01/2023, 23:13:46# labels of 5000: tensor([  8,  10, 127,  23,  49,  72,  97,  49,  30,  24,  98,  96, 135, 132,
          6,  92], device='cuda:1') torch.Size([16])
09/01/2023, 23:13:46# predicted of 5000: tensor([ 88,  88,  40,  23,  86,  72,  88, 109, 109,  88, 109,  80, 109,  51,
        131,  46], device='cuda:1') torch.Size([16])
09/01/2023, 23:15:04# total batches: 8300
09/01/2023, 23:15:04# Epoch 14 | Train Loss: 3.7911 | Train Accuracy: 0.1299
09/01/2023, 23:15:04# labels of Validation: tensor([ 54,   0, 163, 129, 158, 120,  47,  86, 164, 163, 132, 129, 162, 140,
         56,  91], device='cuda:1') torch.Size([16])
09/01/2023, 23:15:04# predicted of Validation: tensor([164,  40, 164, 113, 164,  32, 164, 164, 164, 164, 161, 113, 164, 140,
         32, 113], device='cuda:1') torch.Size([16])
09/01/2023, 23:15:04# labels of 0: tensor([ 54,   0, 163, 129, 158, 120,  47,  86, 164, 163, 132, 129, 162, 140,
         56,  91], device='cuda:1') torch.Size([16])
09/01/2023, 23:15:04# predicted of 0: tensor([164,  40, 164, 113, 164,  32, 164, 164, 164, 164, 161, 113, 164, 140,
         32, 113], device='cuda:1') torch.Size([16])
09/01/2023, 23:15:22# labels of Validation: tensor([ 30, 141,  16,  71, 150, 101,  44, 109, 135, 151,   9, 131,  95,  10,
        159, 156], device='cuda:1') torch.Size([16])
09/01/2023, 23:15:22# predicted of Validation: tensor([164, 113,  16, 164, 164, 113, 164, 164, 164, 164, 164, 161,  13, 164,
        115, 156], device='cuda:1') torch.Size([16])
09/01/2023, 23:15:23# Validation Loss: 3.7914 | Validation Accuracy: 0.1209

09/01/2023, 23:17:22# labels of 5000: tensor([  0,  93, 128, 133, 133,  87,  45, 124, 112,  12, 162,   5, 142, 111,
         12,  24], device='cuda:1') torch.Size([16])
09/01/2023, 23:17:22# predicted of 5000: tensor([117, 103,  23,  38, 148, 148, 117, 137, 137, 139, 137, 115, 139,  38,
        137, 137], device='cuda:1') torch.Size([16])
09/01/2023, 23:18:39# total batches: 8300
09/01/2023, 23:18:39# Epoch 15 | Train Loss: 3.7839 | Train Accuracy: 0.1311
09/01/2023, 23:18:39# labels of Validation: tensor([ 63,   5,  73,  25,  15,  21,  43,  42,  63, 133,   7, 143, 137, 150,
        161,  72], device='cuda:1') torch.Size([16])
09/01/2023, 23:18:39# predicted of Validation: tensor([143, 117,  72,  25,  32, 161, 143, 143, 143, 114,   7, 143, 143, 143,
        161,  94], device='cuda:1') torch.Size([16])
09/01/2023, 23:18:39# labels of 0: tensor([ 63,   5,  73,  25,  15,  21,  43,  42,  63, 133,   7, 143, 137, 150,
        161,  72], device='cuda:1') torch.Size([16])
09/01/2023, 23:18:39# predicted of 0: tensor([143, 117,  72,  25,  32, 161, 143, 143, 143, 114,   7, 143, 143, 143,
        161,  94], device='cuda:1') torch.Size([16])
09/01/2023, 23:18:57# labels of Validation: tensor([ 79,  73,  33,  34,   2,  72,  70, 130,  75,  10,  37,  71, 140, 132,
         94,  96], device='cuda:1') torch.Size([16])
09/01/2023, 23:18:57# predicted of Validation: tensor([126,   0, 143, 143, 143, 126,  16,  95, 143, 143, 114, 143, 146, 161,
         73,  23], device='cuda:1') torch.Size([16])
09/01/2023, 23:18:57# Validation Loss: 3.7822 | Validation Accuracy: 0.1217

09/01/2023, 23:18:57# Find a better model!!
09/01/2023, 23:20:56# labels of 5000: tensor([ 45,  92,  45,  28, 118,   9,  49, 152,   6, 121, 123, 135, 155, 102,
         58, 125], device='cuda:1') torch.Size([16])
09/01/2023, 23:20:56# predicted of 5000: tensor([115, 104,  35, 104, 149, 100, 104, 104,  28, 104, 123, 100, 132, 100,
         58, 100], device='cuda:1') torch.Size([16])
09/01/2023, 23:22:14# total batches: 8300
09/01/2023, 23:22:14# Epoch 16 | Train Loss: 3.7770 | Train Accuracy: 0.1336
09/01/2023, 23:22:14# labels of Validation: tensor([  2, 158,  21, 160, 108,  69,  69,  93,  31, 153,  17, 105,  54,  18,
         17,  42], device='cuda:1') torch.Size([16])
09/01/2023, 23:22:14# predicted of Validation: tensor([ 57,  57, 161, 131, 161,  69,  69, 131,  57,  57,  25,  95,  57,  57,
         25,  57], device='cuda:1') torch.Size([16])
09/01/2023, 23:22:14# labels of 0: tensor([  2, 158,  21, 160, 108,  69,  69,  93,  31, 153,  17, 105,  54,  18,
         17,  42], device='cuda:1') torch.Size([16])
09/01/2023, 23:22:14# predicted of 0: tensor([ 57,  57, 161, 131, 161,  69,  69, 131,  57,  57,  25,  95,  57,  57,
         25,  57], device='cuda:1') torch.Size([16])
09/01/2023, 23:22:31# labels of Validation: tensor([154, 164,  48, 102,  64,  70,  17,  21, 101, 125,  89, 102,  23,  92,
         91,  63], device='cuda:1') torch.Size([16])
09/01/2023, 23:22:31# predicted of Validation: tensor([156,  57,  57,  57, 131,  16,  25, 161, 161,  57,  95,  57, 146,  57,
        161,  57], device='cuda:1') torch.Size([16])
09/01/2023, 23:22:32# Validation Loss: 3.7805 | Validation Accuracy: 0.1135

09/01/2023, 23:22:32# Find a better model!!
09/01/2023, 23:24:30# labels of 5000: tensor([ 77,   4, 123, 154,  18, 104, 124, 134, 146,  23,  83,  62,  34,   8,
         40,  95], device='cuda:1') torch.Size([16])
09/01/2023, 23:24:30# predicted of 5000: tensor([129, 151,  69, 154, 151,  20, 151, 134,  32,  72, 124, 122, 124, 114,
        105,  45], device='cuda:1') torch.Size([16])
09/01/2023, 23:25:48# total batches: 8300
09/01/2023, 23:25:48# Epoch 17 | Train Loss: 3.7722 | Train Accuracy: 0.1332
09/01/2023, 23:25:48# labels of Validation: tensor([157,   0,  38, 112,  64,  89,  82,  64,   6,  73, 156,  35,  42, 160,
         40,  47], device='cuda:1') torch.Size([16])
09/01/2023, 23:25:48# predicted of Validation: tensor([139,  62, 139, 139, 113, 105,  82, 113, 132, 115,  82, 105, 139, 113,
         32, 139], device='cuda:1') torch.Size([16])
09/01/2023, 23:25:48# labels of 0: tensor([157,   0,  38, 112,  64,  89,  82,  64,   6,  73, 156,  35,  42, 160,
         40,  47], device='cuda:1') torch.Size([16])
09/01/2023, 23:25:48# predicted of 0: tensor([139,  62, 139, 139, 113, 105,  82, 113, 132, 115,  82, 105, 139, 113,
         32, 139], device='cuda:1') torch.Size([16])
09/01/2023, 23:26:05# labels of Validation: tensor([ 79, 136,  15,  26, 166, 130,  21,  40, 148, 116,  44, 137,  71, 111,
         99, 140], device='cuda:1') torch.Size([16])
09/01/2023, 23:26:05# predicted of Validation: tensor([ 94,   3,  94, 139, 132, 105, 132,  32, 113, 139, 139, 139, 139, 139,
         99,  80], device='cuda:1') torch.Size([16])
09/01/2023, 23:26:06# Validation Loss: 3.7709 | Validation Accuracy: 0.1235

09/01/2023, 23:26:06# Find a better model!!
09/01/2023, 23:28:06# labels of 5000: tensor([111, 163, 122, 111,  71, 165,  82,  87,  29,  52, 107, 160,  39,  95,
         62,  26], device='cuda:1') torch.Size([16])
09/01/2023, 23:28:06# predicted of 5000: tensor([ 93,  93,  39,  93,  93, 165,  82,  93, 122,  52,  64,  93, 127, 130,
         23, 139], device='cuda:1') torch.Size([16])
09/01/2023, 23:29:24# total batches: 8300
09/01/2023, 23:29:24# Epoch 18 | Train Loss: 3.7667 | Train Accuracy: 0.1352
09/01/2023, 23:29:24# labels of Validation: tensor([ 81,  60, 132,  45, 111, 152,  21, 158,  63,  63,  98, 147,  97, 119,
         86, 132], device='cuda:1') torch.Size([16])
09/01/2023, 23:29:24# predicted of Validation: tensor([ 98,  98, 132,   5,  98,  98, 131,  98,  98,  98,  98, 146,  98,  98,
         98, 132], device='cuda:1') torch.Size([16])
09/01/2023, 23:29:24# labels of 0: tensor([ 81,  60, 132,  45, 111, 152,  21, 158,  63,  63,  98, 147,  97, 119,
         86, 132], device='cuda:1') torch.Size([16])
09/01/2023, 23:29:24# predicted of 0: tensor([ 98,  98, 132,   5,  98,  98, 131,  98,  98,  98,  98, 146,  98,  98,
         98, 132], device='cuda:1') torch.Size([16])
09/01/2023, 23:29:42# labels of Validation: tensor([159, 113,  57,  54,  26,  77, 145,  89,   6,  65,  48, 130,  24, 142,
         32,  10], device='cuda:1') torch.Size([16])
09/01/2023, 23:29:42# predicted of Validation: tensor([ 62, 131,  98,  98,  98, 131,   3,  62, 131,  98,  98,  56,  98,  98,
         32,  98], device='cuda:1') torch.Size([16])
09/01/2023, 23:29:42# Validation Loss: 3.7709 | Validation Accuracy: 0.1244

09/01/2023, 23:31:40# labels of 5000: tensor([137, 165, 135, 121,   4,  69,   7,   2, 129,  76,  78,  81,  83, 114,
        114,   2], device='cuda:1') torch.Size([16])
09/01/2023, 23:31:40# predicted of 5000: tensor([ 31, 134, 107, 102, 107,  69,   7,  98,  41, 107,  67, 102, 102,  57,
        132, 102], device='cuda:1') torch.Size([16])
09/01/2023, 23:32:58# total batches: 8300
09/01/2023, 23:32:58# Epoch 19 | Train Loss: 3.7619 | Train Accuracy: 0.1361
09/01/2023, 23:32:58# labels of Validation: tensor([  1,  86,  41,  37,  23,  41,  55, 138,  50, 134, 104,  24, 137,   5,
         81, 155], device='cuda:1') torch.Size([16])
09/01/2023, 23:32:58# predicted of Validation: tensor([ 31,  31,  31, 148, 147,  31,  31, 138,  95, 134,  31,  31,  31, 117,
         31, 131], device='cuda:1') torch.Size([16])
09/01/2023, 23:32:58# labels of 0: tensor([  1,  86,  41,  37,  23,  41,  55, 138,  50, 134, 104,  24, 137,   5,
         81, 155], device='cuda:1') torch.Size([16])
09/01/2023, 23:32:58# predicted of 0: tensor([ 31,  31,  31, 148, 147,  31,  31, 138,  95, 134,  31,  31,  31, 117,
         31, 131], device='cuda:1') torch.Size([16])
09/01/2023, 23:33:17# labels of Validation: tensor([ 88, 128,  68,  67,  46, 115,  21, 126,  80,   5,  55, 141,  33,   6,
         11,  95], device='cuda:1') torch.Size([16])
09/01/2023, 23:33:17# predicted of Validation: tensor([148,  35, 148, 117,  31,  56, 131,   5,  80,  72,  31, 148,  31, 132,
         31,  35], device='cuda:1') torch.Size([16])
09/01/2023, 23:33:17# Validation Loss: 3.7715 | Validation Accuracy: 0.1335

09/01/2023, 23:35:16# labels of 5000: tensor([ 91, 135, 165, 161, 133, 135, 133, 110,  19,  76, 161,  94, 121, 142,
         68,  27], device='cuda:1') torch.Size([16])
09/01/2023, 23:35:16# predicted of 5000: tensor([ 91,  43, 165, 132,  43,  86,  86,  43, 131, 131, 132,  56, 131, 125,
          6,   0], device='cuda:1') torch.Size([16])
09/01/2023, 23:36:33# total batches: 8300
09/01/2023, 23:36:33# Epoch 20 | Train Loss: 3.7542 | Train Accuracy: 0.1374
09/01/2023, 23:36:33# labels of Validation: tensor([ 50, 136,  10, 123,  58,  87,  38, 121,  56, 105,  20, 114,  51,  19,
         31,  79], device='cuda:1') torch.Size([16])
09/01/2023, 23:36:33# predicted of Validation: tensor([ 35,  80,  33, 123,  33,  33,  33,  33,  95,  40,  33, 155,   6,  33,
         33,  40], device='cuda:1') torch.Size([16])
09/01/2023, 23:36:33# labels of 0: tensor([ 50, 136,  10, 123,  58,  87,  38, 121,  56, 105,  20, 114,  51,  19,
         31,  79], device='cuda:1') torch.Size([16])
09/01/2023, 23:36:33# predicted of 0: tensor([ 35,  80,  33, 123,  33,  33,  33,  33,  95,  40,  33, 155,   6,  33,
         33,  40], device='cuda:1') torch.Size([16])
09/01/2023, 23:36:51# labels of Validation: tensor([117,  32,  61, 120,  92,  16,   5, 145, 123,  86,   0,  85,  21, 106,
         67, 147], device='cuda:1') torch.Size([16])
09/01/2023, 23:36:51# predicted of Validation: tensor([ 45,  35,  94,  35,  33,  70,  35,  80, 123,  33, 120,  85, 155, 106,
         45,  40], device='cuda:1') torch.Size([16])
09/01/2023, 23:36:52# Validation Loss: 3.7791 | Validation Accuracy: 0.1195

09/01/2023, 23:38:50# labels of 5000: tensor([ 26,  27, 128,  35,   3,  81, 150,  83,   7, 127, 118, 106,  99,  85,
        166, 157], device='cuda:1') torch.Size([16])
09/01/2023, 23:38:50# predicted of 5000: tensor([ 93,  13, 128,  62, 136,  93,  93,  24,   7, 127, 118, 106, 136,  70,
        132,  48], device='cuda:1') torch.Size([16])
09/01/2023, 23:40:09# total batches: 8300
09/01/2023, 23:40:09# Epoch 21 | Train Loss: 3.7554 | Train Accuracy: 0.1361
09/01/2023, 23:40:09# labels of Validation: tensor([126, 158,  40,  62,  33,  95, 130,  78,  35, 110, 103,  32,  81,  86,
         58, 125], device='cuda:1') torch.Size([16])
09/01/2023, 23:40:09# predicted of Validation: tensor([ 94, 153, 105,  94, 153,  40,  94,   5,  15, 100, 100, 105, 153, 153,
        153, 153], device='cuda:1') torch.Size([16])
09/01/2023, 23:40:09# labels of 0: tensor([126, 158,  40,  62,  33,  95, 130,  78,  35, 110, 103,  32,  81,  86,
         58, 125], device='cuda:1') torch.Size([16])
09/01/2023, 23:40:09# predicted of 0: tensor([ 94, 153, 105,  94, 153,  40,  94,   5,  15, 100, 100, 105, 153, 153,
        153, 153], device='cuda:1') torch.Size([16])
09/01/2023, 23:40:27# labels of Validation: tensor([148,  82, 138,   8,  91,  46, 122,  89,  78,  18,  94,  24,  43, 106,
        101,  73], device='cuda:1') torch.Size([16])
09/01/2023, 23:40:27# predicted of Validation: tensor([100, 156, 138, 100,  28, 153, 122,  89,  15, 153,  94, 153, 153, 106,
         28,  32], device='cuda:1') torch.Size([16])
09/01/2023, 23:40:28# Validation Loss: 3.7735 | Validation Accuracy: 0.1290

09/01/2023, 23:42:27# labels of 5000: tensor([ 49,  75, 116, 134,  82,  55,  40,  34, 124, 132,  41,  66,  85,  32,
         11, 128], device='cuda:1') torch.Size([16])
09/01/2023, 23:42:27# predicted of 5000: tensor([139, 160,  55, 134, 156,  71,  35,  71, 160,  71,  55,  28,  85,  23,
        160, 115], device='cuda:1') torch.Size([16])
09/01/2023, 23:43:46# total batches: 8300
09/01/2023, 23:43:46# Epoch 22 | Train Loss: 3.7467 | Train Accuracy: 0.1379
09/01/2023, 23:43:46# labels of Validation: tensor([ 39, 103,   4,   7, 104,   8,  79,  71, 162,  68,  46, 105,  61, 122,
         62,  58], device='cuda:1') torch.Size([16])
09/01/2023, 23:43:46# predicted of Validation: tensor([130, 100,   4,   7,   4, 100,  62,   4,   4, 100,   4,  61,  15, 115,
        130,   4], device='cuda:1') torch.Size([16])
09/01/2023, 23:43:46# labels of 0: tensor([ 39, 103,   4,   7, 104,   8,  79,  71, 162,  68,  46, 105,  61, 122,
         62,  58], device='cuda:1') torch.Size([16])
09/01/2023, 23:43:46# predicted of 0: tensor([130, 100,   4,   7,   4, 100,  62,   4,   4, 100,   4,  61,  15, 115,
        130,   4], device='cuda:1') torch.Size([16])
09/01/2023, 23:44:04# labels of Validation: tensor([ 77,   0,  64, 156, 111,  11, 133, 150,  54,  60, 120,  84,  85,  61,
        147, 162], device='cuda:1') torch.Size([16])
09/01/2023, 23:44:04# predicted of Validation: tensor([132, 127, 100, 154,   4,   4, 100,   4,   4,   4, 130,  84,  85,  39,
        136,   4], device='cuda:1') torch.Size([16])
09/01/2023, 23:44:05# Validation Loss: 3.7708 | Validation Accuracy: 0.1227

09/01/2023, 23:44:05# Find a better model!!
09/01/2023, 23:46:04# labels of 5000: tensor([ 44,  27, 141, 161, 122, 143,  14, 153, 123, 165, 163,  27,  75,  71,
         85, 111], device='cuda:1') torch.Size([16])
09/01/2023, 23:46:04# predicted of 5000: tensor([ 60,   0,  90, 161, 130,  87, 107, 124, 123,  82, 107,  78,  60,   1,
         85, 107], device='cuda:1') torch.Size([16])
09/01/2023, 23:47:23# total batches: 8300
09/01/2023, 23:47:23# Epoch 23 | Train Loss: 3.7422 | Train Accuracy: 0.1388
09/01/2023, 23:47:23# labels of Validation: tensor([ 33,  44, 115, 110, 125,  37,  57,  66,  49,   1,  72,  42,  12,  20,
         72, 143], device='cuda:1') torch.Size([16])
09/01/2023, 23:47:23# predicted of Validation: tensor([55, 55, 39,  8, 55,  8, 55,  6, 55, 55, 27, 55, 55, 55, 39, 55],
       device='cuda:1') torch.Size([16])
09/01/2023, 23:47:23# labels of 0: tensor([ 33,  44, 115, 110, 125,  37,  57,  66,  49,   1,  72,  42,  12,  20,
         72, 143], device='cuda:1') torch.Size([16])
09/01/2023, 23:47:23# predicted of 0: tensor([55, 55, 39,  8, 55,  8, 55,  6, 55, 55, 27, 55, 55, 55, 39, 55],
       device='cuda:1') torch.Size([16])
09/01/2023, 23:47:42# labels of Validation: tensor([117,  55, 117, 111,  19,  50, 103, 140, 160,  99,  92,   2,  12, 106,
         89,  80], device='cuda:1') torch.Size([16])
09/01/2023, 23:47:42# predicted of Validation: tensor([  0,  55,  15,  55,  55,  39,   8,   3,   8,  99,  55,  55,  55, 106,
         39,   3], device='cuda:1') torch.Size([16])
09/01/2023, 23:47:42# Validation Loss: 3.7785 | Validation Accuracy: 0.1183

09/01/2023, 23:49:34# labels of 5000: tensor([ 17, 114,  93,  52,   1, 157, 159,  12,  17, 158,  42, 137,  13,  50,
         92, 125], device='cuda:1') torch.Size([16])
09/01/2023, 23:49:34# predicted of 5000: tensor([ 25,  98, 133,  52, 148, 164, 130,  87,  17, 164, 148, 157,  15,  73,
        157, 157], device='cuda:1') torch.Size([16])
09/01/2023, 23:50:46# total batches: 8300
09/01/2023, 23:50:46# Epoch 24 | Train Loss: 3.7429 | Train Accuracy: 0.1407
09/01/2023, 23:50:46# labels of Validation: tensor([ 51, 125,  50,  83, 148, 162,  96,  40,  94,  86,  76,   9,   8, 165,
        125,  37], device='cuda:1') torch.Size([16])
09/01/2023, 23:50:46# predicted of Validation: tensor([  6,  24,  73,  24, 107,  24, 136,  50,  79,  24,  24,  24, 107, 165,
         24, 107], device='cuda:1') torch.Size([16])
09/01/2023, 23:50:46# labels of 0: tensor([ 51, 125,  50,  83, 148, 162,  96,  40,  94,  86,  76,   9,   8, 165,
        125,  37], device='cuda:1') torch.Size([16])
09/01/2023, 23:50:46# predicted of 0: tensor([  6,  24,  73,  24, 107,  24, 136,  50,  79,  24,  24,  24, 107, 165,
         24, 107], device='cuda:1') torch.Size([16])
09/01/2023, 23:51:01# labels of Validation: tensor([ 36,  73,   9, 113,  23,  32,  32,  42,  24,  37,  64, 159, 114,  75,
        102,  78], device='cuda:1') torch.Size([16])
09/01/2023, 23:51:01# predicted of Validation: tensor([ 24,   0,  24, 107, 146, 128,  79,  24,  24, 107, 107,  79, 107,  24,
         24,  32], device='cuda:1') torch.Size([16])
09/01/2023, 23:51:02# Validation Loss: 3.7738 | Validation Accuracy: 0.1294

09/01/2023, 23:52:52# labels of 5000: tensor([122,  12,  61,  60,  88,  19,  16, 149, 163, 140,  53, 122,  34,  99,
         45,  48], device='cuda:1') torch.Size([16])
09/01/2023, 23:52:52# predicted of 5000: tensor([122,  46, 115, 151, 133,   8,  70, 149,   8, 140,  46,  29,   8,  99,
         35, 151], device='cuda:1') torch.Size([16])
09/01/2023, 23:54:02# total batches: 8300
09/01/2023, 23:54:02# Epoch 25 | Train Loss: 3.7361 | Train Accuracy: 0.1400
09/01/2023, 23:54:02# labels of Validation: tensor([ 54,  74, 144,  97,  74, 132, 118, 129,  26, 142,  72,  43,  20,  68,
         70, 140], device='cuda:1') torch.Size([16])
09/01/2023, 23:54:02# predicted of Validation: tensor([ 24,  24,  24,  24,  24, 161, 118,  90,  24,  24,  56,  24,  24,  90,
         16, 136], device='cuda:1') torch.Size([16])
09/01/2023, 23:54:02# labels of 0: tensor([ 54,  74, 144,  97,  74, 132, 118, 129,  26, 142,  72,  43,  20,  68,
         70, 140], device='cuda:1') torch.Size([16])
09/01/2023, 23:54:02# predicted of 0: tensor([ 24,  24,  24,  24,  24, 161, 118,  90,  24,  24,  56,  24,  24,  90,
         16, 136], device='cuda:1') torch.Size([16])
09/01/2023, 23:54:19# labels of Validation: tensor([ 77, 120, 146,  66, 163, 154, 119,  98, 154, 119,  53, 157,  18,   9,
         68, 165], device='cuda:1') torch.Size([16])
09/01/2023, 23:54:19# predicted of Validation: tensor([101, 115,  23, 101,  24, 156,  24,  24, 154,  24,  24,  24,  24,  24,
         90, 165], device='cuda:1') torch.Size([16])
09/01/2023, 23:54:20# Validation Loss: 3.7771 | Validation Accuracy: 0.1260

09/01/2023, 23:56:08# labels of 5000: tensor([ 12, 147,  29,  17,  35, 153,  23,  68,  88,  70, 165, 128, 152, 115,
        148,  96], device='cuda:1') torch.Size([16])
09/01/2023, 23:56:08# predicted of 5000: tensor([ 38, 128,  29,  17, 120, 166,  62, 161, 161,  16, 165,  13, 135,  29,
        135, 145], device='cuda:1') torch.Size([16])
09/01/2023, 23:57:22# total batches: 8300
09/01/2023, 23:57:22# Epoch 26 | Train Loss: 3.7351 | Train Accuracy: 0.1412
09/01/2023, 23:57:22# labels of Validation: tensor([ 31,   2,  97,  87,  35, 147, 114, 111,  12,  76, 127,  74,  51,  93,
        157, 157], device='cuda:1') torch.Size([16])
09/01/2023, 23:57:22# predicted of Validation: tensor([111, 111, 111, 111, 128,  23,  21, 111, 111, 111,  62, 111,   6,  21,
        111, 111], device='cuda:1') torch.Size([16])
09/01/2023, 23:57:22# labels of 0: tensor([ 31,   2,  97,  87,  35, 147, 114, 111,  12,  76, 127,  74,  51,  93,
        157, 157], device='cuda:1') torch.Size([16])
09/01/2023, 23:57:22# predicted of 0: tensor([111, 111, 111, 111, 128,  23,  21, 111, 111, 111,  62, 111,   6,  21,
        111, 111], device='cuda:1') torch.Size([16])
09/01/2023, 23:57:38# labels of Validation: tensor([117,  71,  10,  73,  27,  35,  99, 114, 103, 165,  63, 161,  80,  89,
         85,  70], device='cuda:1') torch.Size([16])
09/01/2023, 23:57:38# predicted of Validation: tensor([ 56, 111, 111,  73,  56, 117,   3,  21,  21, 165, 111, 132,   3,  56,
         85,  85], device='cuda:1') torch.Size([16])
09/01/2023, 23:57:38# Validation Loss: 3.7769 | Validation Accuracy: 0.1276

09/01/2023, 23:59:23# labels of 5000: tensor([  2,  73, 156,  38, 106, 144, 135, 141,  57,  97,  97, 123,  62,  35,
         36,  61], device='cuda:1') torch.Size([16])
09/01/2023, 23:59:23# predicted of 5000: tensor([111, 136, 105, 137, 106, 111, 116,  88, 137, 111, 101, 123, 105,  27,
        111,  62], device='cuda:1') torch.Size([16])
09/02/2023, 00:00:37# total batches: 8300
09/02/2023, 00:00:37# Epoch 27 | Train Loss: 3.7310 | Train Accuracy: 0.1419
09/02/2023, 00:00:37# labels of Validation: tensor([131, 116,  51,  19, 157, 151,  70,  14,  69,  45,  46,  97, 133, 154,
         63,  11], device='cuda:1') torch.Size([16])
09/02/2023, 00:00:37# predicted of Validation: tensor([131,  86, 131,  86,  86,  86,  85,  86,  69, 127,  86,  86,  91,  82,
         86,  86], device='cuda:1') torch.Size([16])
09/02/2023, 00:00:37# labels of 0: tensor([131, 116,  51,  19, 157, 151,  70,  14,  69,  45,  46,  97, 133, 154,
         63,  11], device='cuda:1') torch.Size([16])
09/02/2023, 00:00:37# predicted of 0: tensor([131,  86, 131,  86,  86,  86,  85,  86,  69, 127,  86,  86,  91,  82,
         86,  86], device='cuda:1') torch.Size([16])
09/02/2023, 00:00:52# labels of Validation: tensor([131, 148,  50,  56, 131, 106,  61, 129, 112,  23,   5, 133, 113,  99,
         86, 152], device='cuda:1') torch.Size([16])
09/02/2023, 00:00:52# predicted of Validation: tensor([131,  91,  50,  89, 131, 154, 115,  91,  86,  96,  67,  91,  91,  99,
         86,  86], device='cuda:1') torch.Size([16])
09/02/2023, 00:00:53# Validation Loss: 3.7685 | Validation Accuracy: 0.1242

09/02/2023, 00:00:53# Find a better model!!
09/02/2023, 00:02:42# labels of 5000: tensor([102, 161,  30, 137,  79,  76, 119, 137,  19, 149,   6,  75, 117,  47,
         39, 100], device='cuda:1') torch.Size([16])
09/02/2023, 00:02:42# predicted of 5000: tensor([  1,  18,   1,  53,  72,  53, 163, 129, 129,  69, 132,   1,  72, 129,
         67,  53], device='cuda:1') torch.Size([16])
09/02/2023, 00:03:55# total batches: 8300
09/02/2023, 00:03:55# Epoch 28 | Train Loss: 3.7296 | Train Accuracy: 0.1416
09/02/2023, 00:03:55# labels of Validation: tensor([109, 122, 125, 118, 122,  58,   9,  77,  57, 150, 140, 117, 120, 100,
         27,  53], device='cuda:1') torch.Size([16])
09/02/2023, 00:03:55# predicted of Validation: tensor([ 71, 122,  71, 149, 122,  71,  71, 166,  71,  71,  96,  39,  40, 129,
        128,  71], device='cuda:1') torch.Size([16])
09/02/2023, 00:03:55# labels of 0: tensor([109, 122, 125, 118, 122,  58,   9,  77,  57, 150, 140, 117, 120, 100,
         27,  53], device='cuda:1') torch.Size([16])
09/02/2023, 00:03:55# predicted of 0: tensor([ 71, 122,  71, 149, 122,  71,  71, 166,  71,  71,  96,  39,  40, 129,
        128,  71], device='cuda:1') torch.Size([16])
09/02/2023, 00:04:10# labels of Validation: tensor([  8,  73, 120,  90, 108,  93, 123, 121,  82,   0,  76, 150, 149, 123,
         96, 145], device='cuda:1') torch.Size([16])
09/02/2023, 00:04:10# predicted of Validation: tensor([129,  39, 128, 129, 132, 129, 123,  71,  82,  67,  71,  71, 149, 123,
         80, 146], device='cuda:1') torch.Size([16])
09/02/2023, 00:04:11# Validation Loss: 3.7753 | Validation Accuracy: 0.1231

09/02/2023, 00:06:01# labels of 5000: tensor([ 11, 140,  67, 140, 116,  93, 108,   2,  33,  65, 130, 100,  49,  52,
        160,  83], device='cuda:1') torch.Size([16])
09/02/2023, 00:06:01# predicted of 5000: tensor([ 55, 140,  67, 146,  41, 150,  55,  41,  41,  65, 130, 161,  37,  52,
        114,  37], device='cuda:1') torch.Size([16])
09/02/2023, 00:07:14# total batches: 8300
09/02/2023, 00:07:14# Epoch 29 | Train Loss: 3.7276 | Train Accuracy: 0.1431
09/02/2023, 00:07:14# labels of Validation: tensor([ 98, 116, 123,  51,  92,   4, 124, 121, 113,  15,  91,  16,   0,  93,
        140,  80], device='cuda:1') torch.Size([16])
09/02/2023, 00:07:14# predicted of Validation: tensor([ 42,  42, 123, 132,  42,  42,  42,  42, 129,  61, 132,  16,  73, 129,
         96,  80], device='cuda:1') torch.Size([16])
09/02/2023, 00:07:14# labels of 0: tensor([ 98, 116, 123,  51,  92,   4, 124, 121, 113,  15,  91,  16,   0,  93,
        140,  80], device='cuda:1') torch.Size([16])
09/02/2023, 00:07:14# predicted of 0: tensor([ 42,  42, 123, 132,  42,  42,  42,  42, 129,  61, 132,  16,  73, 129,
         96,  80], device='cuda:1') torch.Size([16])
09/02/2023, 00:07:32# labels of Validation: tensor([ 80, 156, 107, 165, 162,  99,  60,  71,  37,  49, 118,  48,  50,  71,
        110, 127], device='cuda:1') torch.Size([16])
09/02/2023, 00:07:32# predicted of Validation: tensor([  3, 156, 129, 165,  42,  99,  42,  42, 129,  42, 118,  42,  50,  42,
        129,  78], device='cuda:1') torch.Size([16])
09/02/2023, 00:07:32# Validation Loss: 3.7734 | Validation Accuracy: 0.1234

09/02/2023, 00:09:23# labels of 5000: tensor([ 21,  54, 142, 123,  26,  98,  70, 133,  48,  65,   9,  16,  96,  19,
          5,   5], device='cuda:1') torch.Size([16])
09/02/2023, 00:09:23# predicted of 5000: tensor([107,  64,  63, 123,  63,  64,  70, 100,  63,  65,  63, 138,   3,  64,
         15, 130], device='cuda:1') torch.Size([16])
09/02/2023, 00:10:37# total batches: 8300
09/02/2023, 00:10:37# Epoch 30 | Train Loss: 3.7246 | Train Accuracy: 0.1425
09/02/2023, 00:10:38# labels of Validation: tensor([ 52,  80, 153,  62, 164,  19, 160,  48, 155,  24,  31,  55,  40,  17,
         57, 118], device='cuda:1') torch.Size([16])
09/02/2023, 00:10:38# predicted of Validation: tensor([ 82,   3,   1,  94,   1,   1,  68,   1, 131,   1,   1,   1,  40,  17,
          1, 118], device='cuda:1') torch.Size([16])
09/02/2023, 00:10:38# labels of 0: tensor([ 52,  80, 153,  62, 164,  19, 160,  48, 155,  24,  31,  55,  40,  17,
         57, 118], device='cuda:1') torch.Size([16])
09/02/2023, 00:10:38# predicted of 0: tensor([ 82,   3,   1,  94,   1,   1,  68,   1, 131,   1,   1,   1,  40,  17,
          1, 118], device='cuda:1') torch.Size([16])
09/02/2023, 00:10:55# labels of Validation: tensor([  1, 117, 134,  48, 102, 155,  66,  81, 112,  73, 166, 144, 101,  63,
         35,   6], device='cuda:1') torch.Size([16])
09/02/2023, 00:10:55# predicted of Validation: tensor([  1,  40, 134,   1,   1, 131, 131,   1,   1, 130, 131,   1, 131,   1,
         40, 132], device='cuda:1') torch.Size([16])
09/02/2023, 00:10:56# Validation Loss: 3.7760 | Validation Accuracy: 0.1236

09/02/2023, 00:12:47# labels of 5000: tensor([ 73, 152,  74, 126, 138,  10,  93,  76,  69,  77,  93, 120,  80,  68,
         25, 133], device='cuda:1') torch.Size([16])
09/02/2023, 00:12:47# predicted of 5000: tensor([ 13, 163, 152,  15, 138, 152, 157,  87,  69,  65,  51,  32,  99, 107,
         25,  65], device='cuda:1') torch.Size([16])
09/02/2023, 00:13:58# total batches: 8300
09/02/2023, 00:13:58# Epoch 31 | Train Loss: 3.7219 | Train Accuracy: 0.1436
09/02/2023, 00:13:58# labels of Validation: tensor([136,  25,  80,  24,  90, 116,  66, 152, 101,  12,  96,  53, 125,  71,
         16,  73], device='cuda:1') torch.Size([16])
09/02/2023, 00:13:58# predicted of Validation: tensor([146,  17, 145,   9,  91,   9, 155,   9,  91,   9,   3,   9,   9,   9,
         16,  56], device='cuda:1') torch.Size([16])
09/02/2023, 00:13:58# labels of 0: tensor([136,  25,  80,  24,  90, 116,  66, 152, 101,  12,  96,  53, 125,  71,
         16,  73], device='cuda:1') torch.Size([16])
09/02/2023, 00:13:58# predicted of 0: tensor([146,  17, 145,   9,  91,   9, 155,   9,  91,   9,   3,   9,   9,   9,
         16,  56], device='cuda:1') torch.Size([16])
09/02/2023, 00:14:13# labels of Validation: tensor([ 78,  65, 107,  95,  37,  58,  90, 132,  40,  80, 138,  97,  77,  43,
         91, 165], device='cuda:1') torch.Size([16])
09/02/2023, 00:14:13# predicted of Validation: tensor([ 27,   9,  91,  94,  91,   9,  91, 161, 159, 145, 138,   9,  91,   9,
         91, 165], device='cuda:1') torch.Size([16])
09/02/2023, 00:14:14# Validation Loss: 3.7766 | Validation Accuracy: 0.1307

09/02/2023, 00:16:04# labels of 5000: tensor([ 18, 136, 150,  12,  54,  21,  75, 133,   8,  71,  61, 154, 141,  55,
          5, 124], device='cuda:1') torch.Size([16])
09/02/2023, 00:16:04# predicted of 5000: tensor([  8,  23, 116,   8, 116, 116, 102,   6, 116,  30,  50, 154,   8,   8,
        120, 116], device='cuda:1') torch.Size([16])
09/02/2023, 00:17:13# total batches: 8300
09/02/2023, 00:17:13# Epoch 32 | Train Loss: 3.7206 | Train Accuracy: 0.1447
09/02/2023, 00:17:13# labels of Validation: tensor([ 44, 155,  34,  33, 120,  60, 149,  85,  96,  65, 118, 122,  39,  88,
        122, 108], device='cuda:1') torch.Size([16])
09/02/2023, 00:17:13# predicted of Validation: tensor([ 54,  59,  54,  54, 147,  54, 149,  85, 140,  54, 149, 122, 117,  59,
        122,  59], device='cuda:1') torch.Size([16])
09/02/2023, 00:17:13# labels of 0: tensor([ 44, 155,  34,  33, 120,  60, 149,  85,  96,  65, 118, 122,  39,  88,
        122, 108], device='cuda:1') torch.Size([16])
09/02/2023, 00:17:13# predicted of 0: tensor([ 54,  59,  54,  54, 147,  54, 149,  85, 140,  54, 149, 122, 117,  59,
        122,  59], device='cuda:1') torch.Size([16])
09/02/2023, 00:17:29# labels of Validation: tensor([ 42, 161,  25,  93,  55,  12,  42,  72, 166,  91, 148,  70, 106,  34,
        163,  41], device='cuda:1') torch.Size([16])
09/02/2023, 00:17:29# predicted of Validation: tensor([ 54, 161,  17,  59,  54,  54,  54, 117,  59,  59,  59,  70, 106,  54,
         54,  54], device='cuda:1') torch.Size([16])
09/02/2023, 00:17:29# Validation Loss: 3.7806 | Validation Accuracy: 0.1231

09/02/2023, 00:17:29# ============================== Early stopping ==================================
09/02/2023, 00:17:29# labels of Test: tensor([65, 65, 65, 65, 65, 65, 65, 65, 65, 65, 65, 65, 65, 65, 65, 65],
       device='cuda:1') torch.Size([16])
09/02/2023, 00:17:29# predicted of Test: tensor([86, 86, 86, 86, 86, 86, 86, 86, 86, 86, 86, 86, 86, 86, 86, 86],
       device='cuda:1') torch.Size([16])
09/02/2023, 00:17:29# labels of 0: tensor([65, 65, 65, 65, 65, 65, 65, 65, 65, 65, 65, 65, 65, 65, 65, 65],
       device='cuda:1') torch.Size([16])
09/02/2023, 00:17:29# predicted of 0: tensor([86, 86, 86, 86, 86, 86, 86, 86, 86, 86, 86, 86, 86, 86, 86, 86],
       device='cuda:1') torch.Size([16])
09/02/2023, 00:17:29# labels: tensor([65, 65, 65, 65, 65, 65, 65, 65, 65, 65, 65, 65, 65, 65, 65, 65],
       device='cuda:1') torch.Size([16])
09/02/2023, 00:17:29# predicted: tensor([86, 86, 86, 86, 86, 86, 86, 86, 86, 86, 86, 86, 86, 86, 86, 86],
       device='cuda:1') torch.Size([16])
09/02/2023, 00:17:45# labels of Test: tensor([162, 162, 162, 162, 162, 162, 162, 162, 162, 162, 162, 162, 162, 162,
        162, 162], device='cuda:1') torch.Size([16])
09/02/2023, 00:17:45# predicted of Test: tensor([86, 86, 86, 86, 86, 86, 86, 86, 86, 86, 86, 86, 86, 86, 86, 86],
       device='cuda:1') torch.Size([16])
09/02/2023, 00:17:45# Test Accuracy: 12.46987951807229 %



09/02/2023, 00:17:54# report path: classification_report/classification_report-secureBERT-0.xlsx
09/02/2023, 00:17:54# label path: classification_report/mapped_true_predicted_labels-secureBERT-0.xlsx
09/02/2023, 00:17:54# mapped_report:
                                                precision    recall  f1-score   support

T1003.001_0ef4cc7b-611c-4237-b20b-db36b6906554       0.45      0.48      0.47       100
    T1003.001_35d92515122effdd73801c6ac3021da7       0.07      0.06      0.06       100
    T1003.002_5a484b65c247675e3b7ada4ba648d376       0.00      0.00      0.00       100
    T1003.002_7fa4ea18694f2552547b65e23952cabb       0.17      0.16      0.17       100
    T1003.003_9f73269695e54311dd61dc68940fb3e1       0.00      0.00      0.00       100
    T1003.003_f049b89533298c2d6cd37a940248b219       0.00      0.00      0.00       100
        T1003_18f31c311ac208802e88ab8d5af8603e       0.06      0.17      0.09       100
        T1007_9d03c91bdae5a80f17f89c987942b5a8       0.99      0.96      0.97       100
    T1007_c6607391-d02c-44b5-9b13-d3492ca58599       0.00      0.00      0.00       100
        T1007_d6bb2a19da7246731ed9c44831b135f8       0.00      0.00      0.00       100
    T1016_14a21534-350f-4d83-9dd7-3c56b93a0c17       0.00      0.00      0.00       100
        T1016_71b3d2945679566b9d94d8cb11df4b70       0.00      0.00      0.00       100
        T1016_7d8ee68f0e9731db82964f558f614608       0.09      1.00      0.17       100
    T1016_921055f4-5970-4707-909e-62f594234d91       0.00      0.00      0.00       100
    T1016_a0676fe1-cd52-482e-8dde-349b73f9aa69       0.00      0.00      0.00       100
    T1016_e8017c46-acb8-400c-a4b5-b3362b5b5baa       0.00      0.00      0.00       100
    T1018_26c8b8b5-7b5b-4de1-a128-7d37fb14f517       0.00      0.00      0.00       100
        T1018_a44bb43474728496276d5d73aa14588f       0.00      0.00      0.00       100
        T1018_ac20e592bc912bddff4d6b88289095f0       0.00      0.00      0.00       100
    T1021.001_dd67068b052fa553ad4a0ac7d6a5ea89       0.02      0.02      0.02       100
    T1033_bd527b63-9f9e-46e0-9816-b8434d2b8989       0.00      0.00      0.00       100
    T1033_c0da588f-79f0-4263-8998-7496b1a40596       0.00      0.00      0.00       100
    T1036.003_04e8d83e7badf098d50800d6aa1dd487       0.43      0.74      0.55       100
    T1036.003_f5ef8466e5ebcd2ae03f338d9416069c       0.33      0.52      0.41       100
    T1036.004_1f0614ea5c4af6faf1b44570f5f22f8a       0.00      0.00      0.00       100
    T1036.004_7de3d7b4922a7b996d8df36fb22bb118       0.00      0.00      0.00       100
    T1037.001_62cfa90fb03a6bc1a6ebcce8a3ea81b7       0.73      0.51      0.60       100
        T1040_6881a4589710d53f0c146e91db513f01       0.03      0.01      0.01       100
        T1047_09e0f9cf2eb803a1c35deeecf3665fad       0.00      0.00      0.00       100
        T1047_6935e41353aa781bb723462d26114c44       0.00      0.00      0.00       100
        T1047_ac122553ab4426ea3362bb4a97d31bfd       0.00      0.00      0.00       100
        T1047_ac2764f7a67a9ce92b54e8e59b361838       0.00      0.00      0.00       100
        T1047_b0255b5120cbabc062d8d4510a142c3b       0.00      0.00      0.00       100
        T1047_ed736a123da6fb2aab22cfd4f437e8b5       0.00      0.00      0.00       100
        T1047_f4b0b4129560ea66f9751275e82f6bab       0.00      0.00      0.00       100
    T1049_638fb6bb-ba39-4285-93d1-7e4775b033a8       0.00      0.00      0.00       100
        T1049_a14392d713dffba6a397682ff83259a0       0.00      0.00      0.00       100
    T1053.005_5db2884b6ca3ab932848f295a3896dc0       0.00      0.00      0.00       100
    T1053.005_ee454be9197890de62705ce6255933fd       0.00      0.00      0.00       100
T1055.001_a74bc239-a196-4f7e-8d5c-fe8c0266071c       0.00      0.00      0.00       100
T1055.002_e5bcefee-262d-4568-a261-e8a20855ec81       0.00      0.00      0.00       100
    T1057_5a39d7ed-45c9-4a79-b581-e5fb99e24f65       0.00      0.00      0.00       100
    T1057_8adf02e8-6e71-4244-886c-98c402857404       0.00      0.00      0.00       100
        T1057_b2a1e430ca6d36eb5af2fe666e769847       0.00      0.00      0.00       100
        T1057_f8de05d1741dcc468f772ab0ff4dac72       0.00      0.00      0.00       100
T1059.001_55678719-e76e-4df9-92aa-10655bbd1cf4       0.00      0.00      0.00       100
    T1059.001_6efbccc1869e8cd618c0d3ecda407d5f       0.24      0.06      0.10       100
T1059.001_702bfdd2-9947-4eda-b551-c3a1ea9a59a2       0.04      0.14      0.06       100
T1059.001_bfff9006-d1fb-46ce-b173-92cb04e9a031       0.77      0.79      0.78       100
T1059.001_ccdb8caf-c69e-424b-b930-551969450c57       0.00      0.00      0.00       100
T1059.001_e5f9de8f-3df1-4e78-ad92-a784e3f6770d       0.00      0.00      0.00       100
    T1059.003_6c318ef0339d74d909ad556681b6493e       0.00      0.00      0.00       100
    T1059.003_f38e58deb7ad20b5538ca40db7b7b4f8       0.00      0.00      0.00       100
T1069.001_5c4dd985-89e3-4590-9b57-71fed66ff4e2       0.14      0.02      0.04       100
    T1069.001_a1f48fa3ddee658b29b414523c9a295b       0.00      0.00      0.00       100
    T1069.002_6103e503cb444bc7b4187704f2035708       0.00      0.00      0.00       100
    T1070.005_1f91076e2be2014cc7b4f1296de02fd6       0.04      0.33      0.08       100
    T1071.001_24c3b7b004401d839a5c337201da3484       0.39      0.09      0.15       100
T1074.001_4e97e699-93d7-4040-b5a3-2e906a58199e       0.00      0.00      0.00       100
T1074.001_6469befa-748a-4b9c-a96d-f191fde47d89       0.00      0.00      0.00       100
    T1074.001_e6dfc7e89359ac6fa6de84b0e1d5762e       0.00      0.00      0.00       100
    T1078.001_d0ca00832890baa1d42322cf70fcab1a       0.00      0.00      0.00       100
    T1082_29451844-9b76-4e16-a9ee-d6feab4b24db       0.00      0.00      0.00       100
    T1083_52177cc1-b9ab-4411-ac21-2eadc4b5d3b8       0.00      0.00      0.00       100
    T1083_6e1a53c0-7352-4899-be35-fa7f364d5722       0.00      0.00      0.00       100
    T1087.001_6334877e8e3ba48f7835d4856d90a282       0.00      0.00      0.00       100
T1087.001_feaced8f-f43f-452a-9500-a5219488abb8       0.00      0.00      0.00       100
    T1090.001_ba343199a4f15ed6b57eb52412f62e4e       0.00      0.00      0.00       100
        T1105_0856c235a1d26113d4f2d92e39c9a9f8       0.76      0.42      0.54       100
        T1105_1095434782a00c8a4772a11e625bcf5d       0.11      0.02      0.03       100
        T1105_4f683658f161ccdc51337c470d32bab9       0.00      0.00      0.00       100
    T1105_60f63260-39bb-4136-87a0-b6c2dca799fc       0.51      0.92      0.66       100
        T1105_c521e0a70b243a0cf9217907ca3c6d27       0.29      0.04      0.07       100
        T1105_c76968acda4aa1673dadcd67f3ab7664       0.12      0.47      0.19       100
        T1105_e6715e61f5df646692c624b3499384c4       0.39      0.42      0.41       100
    T1105_eb814e03-811a-467a-bc6d-dcd453750fa2       0.00      0.00      0.00       100
        T1112_257313a3c93e3bb7dfb60d6753b09e34       0.33      0.01      0.02       100
        T1112_34041639e6e501856ecaf5969ee29c76       0.06      0.06      0.06       100
        T1112_35c0360d226cf38104f300d9d57ce60e       0.00      0.00      0.00       100
        T1112_4bfb5f265a5ce07af6bf10da113af7db       0.07      0.01      0.02       100
        T1112_7fe6a66d03f4dbfc022609ba311c2b11       0.02      0.06      0.03       100
        T1112_ba6f6214dbd17c54001e0a163b60f151       0.09      0.02      0.03       100
        T1112_cab7b85611a290c0769546bfa9d6f962       0.00      0.00      0.00       100
        T1112_cd8be0e6b873919da25530a2c7ea6750       0.01      1.00      0.03       100
        T1112_e74d2fb4ef5fa6c766a4151554033697       0.03      0.03      0.03       100
        T1112_e7a987cbef27263e666e5b096488dc55       0.99      0.90      0.94       100
        T1112_fa4ba6a06b4a5cd955ea5a60fae24281       0.00      0.00      0.00       100
        T1112_fd992e8ecfdac9b56dd6868904044827       0.07      0.08      0.07       100
    T1113_316251ed-6a28-4013-812b-ddf5b5b007f8       0.00      0.00      0.00       100
        T1115_70795de7cbb842edb029b3378c27c008       0.65      0.17      0.27       100
    T1115_b007fe0c-c6b0-4fda-915c-255bbc070de2       0.00      0.00      0.00       100
        T1119_344e7eaf650763e0d3e9f02e62c1cf4b       0.00      0.00      0.00       100
        T1119_7121cdf93b951311be9d7078c602efdc       0.79      0.58      0.67       100
        T1120_7b9c7afaefa59aab759b49af0d699ac1       0.00      0.00      0.00       100
        T1123_372e6f46fca18e4f1b43209c20ffafa2       0.09      0.10      0.10       100
    T1124_fa6e8607-e0b1-425d-8924-9b894da5a002       0.00      0.00      0.00       100
        T1125_da86001b5081fcf773d8e62f22cf2b00       0.09      0.02      0.03       100
    T1135_530e47c6-8592-42bf-91df-c59ffbd8541b       0.00      0.00      0.00       100
    T1135_deeac480-5c2a-42b5-90bb-41675ee53c7e       0.00      0.00      0.00       100
    T1137.002_e2af3c3ab1b0f659c874b8af58c49759       0.09      0.02      0.03       100
        T1137_12ad9edefc86af07700fbf49bfdac6ba       0.03      0.01      0.01       100
        T1201_38f6f0e50a6b196140ec40d3dc9cc9e6       0.00      0.00      0.00       100
        T1201_57296a2ddbeb7423c05feef2fe972111       0.00      0.00      0.00       100
    T1204.002_522f3f35cd013e63830fa555495a0081       0.99      1.00      1.00       100
        T1217_69bbe2183fa09c00ccaac62d48e214f8       0.00      0.00      0.00       100
        T1217_f7a0f7d704aa52a764d9d1bee81e65d6       0.00      0.00      0.00       100
        T1219_7dabcbecab0334b115feefab1630f84a       0.96      0.89      0.92       100
        T1219_af8cb2bf9b436aae5c106a0a9c207e14       0.55      0.91      0.68       100
        T1219_f1b3fca18d7465cd10e5a7477a3bf97d       0.66      0.25      0.36       100
    T1482_6131397e-7765-424e-a594-3d7fb2d93a6a       0.00      0.00      0.00       100
        T1482_cfb61005899996469ae3023796792ca5       0.00      0.00      0.00       100
        T1486_d82ceb9939d3d920ee550187ad8235c8       0.00      0.00      0.00       100
        T1490_2d53d6fabd39bf9c70b0dfcdfbbc926d       0.00      0.00      0.00       100
        T1490_8467c994685ccf178db166964bd80fab       0.00      0.00      0.00       100
        T1490_9e5e4c0655fd1b5be88bd40b8251175f       0.00      0.00      0.00       100
        T1490_c156ac5c9fa67080365268d95f29053d       0.00      0.00      0.00       100
        T1490_c8f329d2847ede593b6cb4a1ec6120fb       0.12      0.54      0.20       100
        T1490_e90756bb6dcd21462dc4cc452661df91       0.00      0.00      0.00       100
    T1491_47d08617-5ce1-424a-8cc5-c9c978ce6bf9       0.00      0.00      0.00       100
    T1491_68235976-2404-42a8-9105-68230cfef562       0.00      0.00      0.00       100
    T1496_46da2385-cf37-49cb-ba4b-a739c7a19de4       0.77      0.97      0.86       100
T1497.001_1258b063-27d6-489b-a677-4807faacf868       0.00      0.00      0.00       100
T1497.001_5dc841fd-28ad-40e2-b10e-fb007fe09e81       0.00      0.00      0.00       100
T1497.001_7a6ba833-de40-466a-8969-5c37b13603e0       0.00      0.00      0.00       100
    T1499_2fe2d5e6-7b06-4fc0-bf71-6966a1226731       0.00      0.00      0.00       100
T1518.001_2dece965-37a0-4f70-a391-0f30e3331aba       0.00      0.00      0.00       100
    T1518.001_33a24ff44719e6ac0614b58f8c9a7c72       0.00      0.00      0.00       100
    T1518.001_b8453a5fe06b24aea12b27592d5c3d3a       0.00      0.00      0.00       100
        T1518_8ddfaf982ab359cda13626b870ccb339       0.03      0.02      0.03       100
    T1518_c9be8043-a445-4cbf-b77b-ed7bb007fc7c       0.00      0.00      0.00       100
        T1531_aa6b15485a5f50ced34d87fda177b758       0.00      0.00      0.00       100
        T1531_b25ae80dad74142fafb510e9c1949ace       0.00      0.00      0.00       100
    T1546.013_f9a968af61d36983448c74cca5464e17       0.99      0.99      0.99       100
    T1547.001_0dbdf1a2a87e718a6ac8a8e3415a7fac       0.29      0.09      0.14       100
    T1547.001_163b023f43aba758d36f524d146cb8ea       0.00      0.00      0.00       100
    T1547.001_1f15ab22c39a9b6bb2bb0d77276dfcb3       0.00      0.00      0.00       100
    T1547.001_4b71ebb2f6f6a01235ba240fa40ce978       0.00      0.00      0.00       100
    T1547.001_777043894e42d2aae3881e63f6c76d33       0.00      0.00      0.00       100
    T1547.001_d3ef4145e4144fd694514b1c5cc17350       0.14      0.03      0.05       100
    T1547.004_0856714c9810ac55b53e9964d02958a0       0.00      0.00      0.00       100
    T1547.004_aa147165f6c116cb0b0f944abe1db8ce       0.00      0.00      0.00       100
    T1547.009_501af516bd8b24fee0c7c650ae5cc861       0.00      0.00      0.00       100
    T1547.009_b6e5c895c6709fe289352ee23f062229       0.00      0.00      0.00       100
    T1547.010_4593d72a5145e3f494421ac772d37464       0.19      0.09      0.12       100
        T1547_fe9eeee9a7b339089e5fa634b08522c1       0.90      0.97      0.93       100
T1548.002_665432a4-42e7-4ee1-af19-a9a8c9455d0c       0.00      0.00      0.00       100
    T1552.002_3e5b04b8ee0a1a4950da8f35d95e65fc       0.00      0.00      0.00       100
        T1560_a1ee301b0508747b468d578a14e5c1a5       0.25      1.00      0.40       100
    T1562.001_43e3334362b140924f001b256b229ee5       0.00      0.00      0.00       100
    T1562.002_6a8d25d65a7d481dc479f89c62af1e6a       0.18      0.09      0.12       100
    T1562.002_94f51bf01a7036fe02d07b4c18967669       0.00      0.00      0.00       100
    T1562.004_280003641a5cddf916c4f2bf605a71d3       0.00      0.00      0.00       100
    T1562.004_41627f71f968225b9f162cb76d16bd9d       0.00      0.00      0.00       100
    T1562.004_5b93df032e230056c21a3e57334f77d1       0.00      0.00      0.00       100
    T1562.004_8d0a4585e7c4646185a912b14cd9cb46       0.00      0.00      0.00       100
    T1562.004_8fe59e288f10a486dc8b44bc872019ff       0.05      0.01      0.02       100
    T1564.001_66a5fd5f244819181f074dd082a28905       0.04      0.04      0.04       100
    T1564.001_dce51e632abdfe5392c7c1f942ac9273       0.17      0.04      0.06       100
    T1564.003_9a2edad4053a2b59fb9167a9bc29e7dc       0.12      0.01      0.02       100
    T1564.004_28862487a99f5f89bc0d68c87396c7e9       0.00      0.00      0.00       100
    T1564.004_76b6066fe170d38215251102e42be973       0.00      0.00      0.00       100
        T1564_dedfa0a54c9c13ce5714a0dc2e1f5d1a       0.00      0.00      0.00       100
    T1566.001_1afaec09315ab71fdfb167175e8a019a       0.00      0.00      0.00       100
    T1574.001_63bbedafba2f541552ac3579e9e3737b       0.89      0.99      0.94       100
    T1574.011_72249c1e9ffe7d8f30243d838e0791ca       0.11      0.35      0.17       100
                                        benign       0.00      0.00      0.00       100

                                      accuracy                           0.12     16600
                                     macro avg       0.11      0.12      0.10     16600
                                  weighted avg       0.11      0.12      0.10     16600

