08/29/2023, 10:14:21# labels of 5000: tensor([ 60,  47,  68,  29,  48,  29,  16,  59, 138,  18,  85,  90,  87,  63,
        135, 149], device='cuda:2') torch.Size([16])
08/29/2023, 10:14:21# predicted of 5000: tensor([132,  51, 132, 149, 132, 154, 149, 132, 105, 132, 165, 132, 132, 132,
        132, 154], device='cuda:2') torch.Size([16])
08/29/2023, 10:15:31# total batches: 8250
08/29/2023, 10:15:31# Epoch 0 | Train Loss: 4.6480 | Train Accuracy: 0.0459
08/29/2023, 10:15:31# labels of Validation: tensor([ 25,  46,  95,  62,  86,  20,  42, 120,  12,  14,  27,  30, 139,  78,
        108,  55], device='cuda:2') torch.Size([16])
08/29/2023, 10:15:31# predicted of Validation: tensor([ 25,  28,  40, 146,  28,  28,  28,  99,  28,  28,  40,  28,  28, 149,
        132,  28], device='cuda:2') torch.Size([16])
08/29/2023, 10:15:31# labels of 0: tensor([ 25,  46,  95,  62,  86,  20,  42, 120,  12,  14,  27,  30, 139,  78,
        108,  55], device='cuda:2') torch.Size([16])
08/29/2023, 10:15:31# predicted of 0: tensor([ 25,  28,  40, 146,  28,  28,  28,  99,  28,  28,  40,  28,  28, 149,
        132,  28], device='cuda:2') torch.Size([16])
08/29/2023, 10:15:47# labels of Validation: tensor([125,   9,  91, 129,   1,  67, 117, 101,  32, 118, 146,  92,  20,  90,
         97,  76], device='cuda:2') torch.Size([16])
08/29/2023, 10:15:47# predicted of Validation: tensor([ 28,  28, 132, 132,  28, 149, 146, 132,  17, 118, 146,  28,  28, 132,
         28,  28], device='cuda:2') torch.Size([16])
08/29/2023, 10:15:48# Validation Loss: 4.1894 | Validation Accuracy: 0.1397

08/29/2023, 10:17:34# labels of 5000: tensor([137,  93, 130, 128, 152,  62, 154,  67,  43, 135,  16,  97,  41, 126,
         11,  83], device='cuda:2') torch.Size([16])
08/29/2023, 10:17:34# predicted of 5000: tensor([ 28, 161, 127,   3,  28,  62, 154,  67,  28, 132,  16,  28,  28,   5,
         30,  28], device='cuda:2') torch.Size([16])
08/29/2023, 10:19:22# total batches: 8250
08/29/2023, 10:19:22# Epoch 1 | Train Loss: 3.9310 | Train Accuracy: 0.1695
08/29/2023, 10:19:22# labels of Validation: tensor([ 63, 137,  47,   3,  49,  67,  32,  18, 129, 133, 139,  68, 105,  32,
         35,  75], device='cuda:2') torch.Size([16])
08/29/2023, 10:19:22# predicted of Validation: tensor([ 68,  68,  68,   3,  68,  67,  32,  68,   6,   6,  68,   6, 105,  32,
         40,  68], device='cuda:2') torch.Size([16])
08/29/2023, 10:19:22# labels of 0: tensor([ 63, 137,  47,   3,  49,  67,  32,  18, 129, 133, 139,  68, 105,  32,
         35,  75], device='cuda:2') torch.Size([16])
08/29/2023, 10:19:22# predicted of 0: tensor([ 68,  68,  68,   3,  68,  67,  32,  68,   6,   6,  68,   6, 105,  32,
         40,  68], device='cuda:2') torch.Size([16])
08/29/2023, 10:19:43# labels of Validation: tensor([ 59,  76,  57,  21, 151, 122, 150,  85, 117,  79, 142,  17,  70,  29,
         48, 115], device='cuda:2') torch.Size([16])
08/29/2023, 10:19:43# predicted of Validation: tensor([132,  68,  68, 132,  68, 122,  68,  85, 122,  67,  68,  17,  70,  29,
         68,  40], device='cuda:2') torch.Size([16])
08/29/2023, 10:19:44# Validation Loss: 3.6795 | Validation Accuracy: 0.2452

08/29/2023, 10:19:44# Find a better model!!
08/29/2023, 10:22:49# labels of 5000: tensor([ 75,  64,  46,  90,  77, 142, 126,  20,  45,  62,  36,  40,  32, 155,
         81, 125], device='cuda:2') torch.Size([16])
08/29/2023, 10:22:49# predicted of 5000: tensor([161, 161,  14,  59,  59,  97,  50, 152,  27,  62,  68,  40,  32, 161,
        161, 132], device='cuda:2') torch.Size([16])
08/29/2023, 10:25:01# total batches: 8250
08/29/2023, 10:25:01# Epoch 2 | Train Loss: 3.5592 | Train Accuracy: 0.2409
08/29/2023, 10:25:02# labels of Validation: tensor([103,  25,  99,  91, 159, 156,  16,  48, 158, 144,   9,   8,  90,  81,
        143, 166], device='cuda:2') torch.Size([16])
08/29/2023, 10:25:02# predicted of Validation: tensor([ 28,  25,  99, 132, 159, 156,  16,  64,  64,  64,  64,  28,  28,  64,
         64, 132], device='cuda:2') torch.Size([16])
08/29/2023, 10:25:02# labels of 0: tensor([103,  25,  99,  91, 159, 156,  16,  48, 158, 144,   9,   8,  90,  81,
        143, 166], device='cuda:2') torch.Size([16])
08/29/2023, 10:25:02# predicted of 0: tensor([ 28,  25,  99, 132, 159, 156,  16,  64,  64,  64,  64,  28,  28,  64,
         64, 132], device='cuda:2') torch.Size([16])
08/29/2023, 10:25:35# labels of Validation: tensor([155, 100,  17, 142,  76,  95, 103, 135,  21,  72,  84,  29, 158, 100,
         85, 121], device='cuda:2') torch.Size([16])
08/29/2023, 10:25:35# predicted of Validation: tensor([132,  28,  17,  64,  64, 115,  28,  64, 132, 130, 128,  29,  64,  28,
         85,  64], device='cuda:2') torch.Size([16])
08/29/2023, 10:25:36# Validation Loss: 3.4102 | Validation Accuracy: 0.2731

08/29/2023, 10:25:36# Find a better model!!
08/29/2023, 10:29:17# labels of 5000: tensor([111,  36,  45, 125,  89, 164, 149,  86, 135, 137,  29, 106,   9, 122,
        164, 105], device='cuda:2') torch.Size([16])
08/29/2023, 10:29:17# predicted of 5000: tensor([162, 113, 120,  41,  45, 132, 149, 162,  41, 162,  29, 106, 132, 122,
        162, 105], device='cuda:2') torch.Size([16])
08/29/2023, 10:32:47# total batches: 8250
08/29/2023, 10:32:47# Epoch 3 | Train Loss: 3.3491 | Train Accuracy: 0.2840
08/29/2023, 10:32:47# labels of Validation: tensor([ 20, 119, 119, 123,  90, 139,  82, 145,  49,  27,  49,  95,  23,  45,
        144,  75], device='cuda:2') torch.Size([16])
08/29/2023, 10:32:47# predicted of Validation: tensor([ 48,  48,  48, 123, 132,  48,  82, 145,  48,  27,  48,  95,  23,  45,
         48,  48], device='cuda:2') torch.Size([16])
08/29/2023, 10:32:47# labels of 0: tensor([ 20, 119, 119, 123,  90, 139,  82, 145,  49,  27,  49,  95,  23,  45,
        144,  75], device='cuda:2') torch.Size([16])
08/29/2023, 10:32:47# predicted of 0: tensor([ 48,  48,  48, 123, 132,  48,  82, 145,  48,  27,  48,  95,  23,  45,
         48,  48], device='cuda:2') torch.Size([16])
08/29/2023, 10:33:41# labels of Validation: tensor([ 61,  50, 103, 115,  91, 129, 131, 161, 147,  88,  78, 133,  82, 156,
         20,  66], device='cuda:2') torch.Size([16])
08/29/2023, 10:33:41# predicted of Validation: tensor([ 61,  50, 132, 115, 132, 132, 132, 132, 147, 132,  78, 132,  82, 156,
         48, 132], device='cuda:2') torch.Size([16])
08/29/2023, 10:33:42# Validation Loss: 3.2372 | Validation Accuracy: 0.3175

08/29/2023, 10:33:42# Find a better model!!
08/29/2023, 10:38:54# labels of 5000: tensor([164,  39, 152,  79, 105,  32, 108, 157,  30, 112,  63,  17,  14,  21,
        126,  95], device='cuda:2') torch.Size([16])
08/29/2023, 10:38:54# predicted of 5000: tensor([108,  72, 133,   0, 105,  32,  28, 110,  12, 110, 108,  17, 110,  28,
        122,  95], device='cuda:2') torch.Size([16])
08/29/2023, 10:42:17# total batches: 8250
08/29/2023, 10:42:17# Epoch 4 | Train Loss: 3.2098 | Train Accuracy: 0.3092
08/29/2023, 10:42:17# labels of Validation: tensor([ 20,  97, 136, 121, 155, 125, 116,  55,  88, 159,  50,  21,  57,  82,
          0, 159], device='cuda:2') torch.Size([16])
08/29/2023, 10:42:17# predicted of Validation: tensor([100, 100, 136, 100, 132, 100, 100, 100, 132, 159,  50, 132, 100,  82,
          0, 159], device='cuda:2') torch.Size([16])
08/29/2023, 10:42:17# labels of 0: tensor([ 20,  97, 136, 121, 155, 125, 116,  55,  88, 159,  50,  21,  57,  82,
          0, 159], device='cuda:2') torch.Size([16])
08/29/2023, 10:42:17# predicted of 0: tensor([100, 100, 136, 100, 132, 100, 100, 100, 132, 159,  50, 132, 100,  82,
          0, 159], device='cuda:2') torch.Size([16])
08/29/2023, 10:43:08# labels of Validation: tensor([ 31,  92,  53,  28,  59, 135,  47, 119, 106,  45,  82, 162, 159,  58,
         88, 107], device='cuda:2') torch.Size([16])
08/29/2023, 10:43:08# predicted of Validation: tensor([100, 100, 100, 132, 132, 100, 100, 100, 106,  45,  82, 100, 159, 100,
        132, 132], device='cuda:2') torch.Size([16])
08/29/2023, 10:43:10# Validation Loss: 3.1167 | Validation Accuracy: 0.3332

08/29/2023, 10:43:10# Find a better model!!
08/29/2023, 10:48:10# labels of 5000: tensor([155,  69,  29, 117,  40, 112,   9,  72,  92, 122, 142, 102, 114,  77,
         13, 158], device='cuda:2') torch.Size([16])
08/29/2023, 10:48:10# predicted of 5000: tensor([161,  69,  29, 117,  40,  44,  44,   0,  44, 122, 109,  44, 161, 161,
         78, 161], device='cuda:2') torch.Size([16])
08/29/2023, 10:51:29# total batches: 8250
08/29/2023, 10:51:29# Epoch 5 | Train Loss: 3.1100 | Train Accuracy: 0.3275
08/29/2023, 10:51:30# labels of Validation: tensor([152,  71, 110, 129,  51,  20, 155,  14,  19, 160,  77,  35,  98,  13,
        119, 130], device='cuda:2') torch.Size([16])
08/29/2023, 10:51:30# predicted of Validation: tensor([158, 158, 161, 161, 161, 158, 161, 158, 158, 161, 161,  35, 158,  13,
        158, 130], device='cuda:2') torch.Size([16])
08/29/2023, 10:51:30# labels of 0: tensor([152,  71, 110, 129,  51,  20, 155,  14,  19, 160,  77,  35,  98,  13,
        119, 130], device='cuda:2') torch.Size([16])
08/29/2023, 10:51:30# predicted of 0: tensor([158, 158, 161, 161, 161, 158, 161, 158, 158, 161, 161,  35, 158,  13,
        158, 130], device='cuda:2') torch.Size([16])
08/29/2023, 10:52:19# labels of Validation: tensor([105,  61, 152,  31,  50,   7, 100, 124,  32, 123,  70, 118,  87,  99,
        155,  40], device='cuda:2') torch.Size([16])
08/29/2023, 10:52:19# predicted of Validation: tensor([105,  61, 158, 158,  50,   7, 161, 158,  32, 123,  70, 118, 158,  99,
        161,  40], device='cuda:2') torch.Size([16])
08/29/2023, 10:52:20# Validation Loss: 3.0303 | Validation Accuracy: 0.3529

08/29/2023, 10:52:20# Find a better model!!
08/29/2023, 10:57:46# labels of 5000: tensor([115, 128,  46,  57,  15,  11,  90, 110, 148, 161,  19,  67, 100,  18,
        145,  93], device='cuda:2') torch.Size([16])
08/29/2023, 10:57:46# predicted of 5000: tensor([115, 128,  36,   1,  15,  88, 161,  60, 161,  28,  77,  67,  77,  92,
        145,  77], device='cuda:2') torch.Size([16])
08/29/2023, 11:01:16# total batches: 8250
08/29/2023, 11:01:16# Epoch 6 | Train Loss: 3.0385 | Train Accuracy: 0.3383
08/29/2023, 11:01:16# labels of Validation: tensor([128,  58,  96,  55,  97,  74,  12,   9,  53,  14,  66, 121,  53,  43,
        132,  25], device='cuda:2') torch.Size([16])
08/29/2023, 11:01:16# predicted of Validation: tensor([128, 150,  96, 150, 150, 150, 150, 150, 150, 150, 132, 150, 150, 150,
        132,  25], device='cuda:2') torch.Size([16])
08/29/2023, 11:01:16# labels of 0: tensor([128,  58,  96,  55,  97,  74,  12,   9,  53,  14,  66, 121,  53,  43,
        132,  25], device='cuda:2') torch.Size([16])
08/29/2023, 11:01:16# predicted of 0: tensor([128, 150,  96, 150, 150, 150, 150, 150, 150, 150, 132, 150, 150, 150,
        132,  25], device='cuda:2') torch.Size([16])
08/29/2023, 11:02:11# labels of Validation: tensor([118, 123,  96,  78, 105,  60,  25, 144, 160, 116,  49,  31, 150, 148,
        108,  54], device='cuda:2') torch.Size([16])
08/29/2023, 11:02:11# predicted of Validation: tensor([118, 123,  96,  67, 105, 150,  25, 150, 132, 150, 150, 150, 150, 132,
        132, 150], device='cuda:2') torch.Size([16])
08/29/2023, 11:02:13# Validation Loss: 2.9703 | Validation Accuracy: 0.3587

08/29/2023, 11:02:13# Find a better model!!
08/29/2023, 11:08:08# labels of 5000: tensor([141,  45, 106,  75, 158, 121,  75,  74,  43,  18,  36,  80,  43,  36,
         64, 161], device='cuda:2') torch.Size([16])
08/29/2023, 11:08:08# predicted of 5000: tensor([148,  45, 106,  34, 132,   1, 157, 152,  90,  86,  43,  80,  43,  34,
        132, 132], device='cuda:2') torch.Size([16])
08/29/2023, 11:12:45# total batches: 8250
08/29/2023, 11:12:45# Epoch 7 | Train Loss: 2.9856 | Train Accuracy: 0.3483
08/29/2023, 11:12:46# labels of Validation: tensor([ 16, 141,  94, 111,  58, 116, 156,  43,   0,  79,  73,  47,  17,  89,
         25,  25], device='cuda:2') torch.Size([16])
08/29/2023, 11:12:46# predicted of Validation: tensor([ 16, 161,  94,  30,  30,  30, 156,  30,   0, 117,  73,  30,  17,  89,
         25,  25], device='cuda:2') torch.Size([16])
08/29/2023, 11:12:46# labels of 0: tensor([ 16, 141,  94, 111,  58, 116, 156,  43,   0,  79,  73,  47,  17,  89,
         25,  25], device='cuda:2') torch.Size([16])
08/29/2023, 11:12:46# predicted of 0: tensor([ 16, 161,  94,  30,  30,  30, 156,  30,   0, 117,  73,  30,  17,  89,
         25,  25], device='cuda:2') torch.Size([16])
08/29/2023, 11:14:02# labels of Validation: tensor([110,  63,  80, 104, 111, 112,  76, 116,  34,  69, 133,  14,  41, 148,
        146,   4], device='cuda:2') torch.Size([16])
08/29/2023, 11:14:02# predicted of Validation: tensor([161,  30,  80,  30,  30,  30,  30,  30,  30,  69, 161,  30,  30, 161,
        146,  30], device='cuda:2') torch.Size([16])
08/29/2023, 11:14:05# Validation Loss: 2.9236 | Validation Accuracy: 0.3625

08/29/2023, 11:14:05# Find a better model!!
08/29/2023, 11:21:05# labels of 5000: tensor([ 79, 134, 105,  27, 128,  40,  95, 165,   6, 166, 121,  84,   2,  11,
         15,  37], device='cuda:2') torch.Size([16])
08/29/2023, 11:21:05# predicted of 5000: tensor([ 79, 134, 105,  27, 128,  40,  95, 165, 132, 132, 160,  84,  93, 160,
         15, 132], device='cuda:2') torch.Size([16])
08/29/2023, 11:25:33# total batches: 8250
08/29/2023, 11:25:33# Epoch 8 | Train Loss: 2.9434 | Train Accuracy: 0.3538
08/29/2023, 11:25:34# labels of Validation: tensor([ 60,  56, 163,  40, 135, 122,  26, 113, 126,  77,  24,   8,  87, 109,
          0,  29], device='cuda:2') torch.Size([16])
08/29/2023, 11:25:34# predicted of Validation: tensor([  9,  56,   9,  40,   9, 122,   9, 131, 126, 131,   9, 131,   9,   9,
          0,  29], device='cuda:2') torch.Size([16])
08/29/2023, 11:25:34# labels of 0: tensor([ 60,  56, 163,  40, 135, 122,  26, 113, 126,  77,  24,   8,  87, 109,
          0,  29], device='cuda:2') torch.Size([16])
08/29/2023, 11:25:34# predicted of 0: tensor([  9,  56,   9,  40,   9, 122,   9, 131, 126, 131,   9, 131,   9,   9,
          0,  29], device='cuda:2') torch.Size([16])
08/29/2023, 11:26:51# labels of Validation: tensor([126, 100, 130,  13,  87,  78, 127, 122, 120, 116,  64,  71, 122, 119,
        151,  63], device='cuda:2') torch.Size([16])
08/29/2023, 11:26:51# predicted of Validation: tensor([126, 131, 130,  13,   9,  78, 127, 122, 120,   9, 131,   9, 122,   9,
          9,   9], device='cuda:2') torch.Size([16])
08/29/2023, 11:26:53# Validation Loss: 2.8876 | Validation Accuracy: 0.3720

08/29/2023, 11:26:53# Find a better model!!
08/29/2023, 11:33:48# labels of 5000: tensor([ 96,  76, 113, 141, 118,  66,  70,   7,   2, 141,  30,  95,   9,   3,
        130,  47], device='cuda:2') torch.Size([16])
08/29/2023, 11:33:49# predicted of 5000: tensor([ 96,  47,  66,  51, 118, 132,  70,   7,  47, 148,  47,  95, 148,   3,
        130, 148], device='cuda:2') torch.Size([16])
08/29/2023, 11:38:22# total batches: 8250
08/29/2023, 11:38:22# Epoch 9 | Train Loss: 2.9131 | Train Accuracy: 0.3582
08/29/2023, 11:38:22# labels of Validation: tensor([ 36, 137, 126, 131,  17,  89, 106,  82, 108, 160, 135,  10,   2,  80,
          0, 109], device='cuda:2') torch.Size([16])
08/29/2023, 11:38:22# predicted of Validation: tensor([ 87,  87, 126,  28,  17,  89, 106,  82,  28,  28,  87,  87,  87,  80,
          0,  87], device='cuda:2') torch.Size([16])
08/29/2023, 11:38:22# labels of 0: tensor([ 36, 137, 126, 131,  17,  89, 106,  82, 108, 160, 135,  10,   2,  80,
          0, 109], device='cuda:2') torch.Size([16])
08/29/2023, 11:38:22# predicted of 0: tensor([ 87,  87, 126,  28,  17,  89, 106,  82,  28,  28,  87,  87,  87,  80,
          0,  87], device='cuda:2') torch.Size([16])
08/29/2023, 11:39:34# labels of Validation: tensor([ 71,  16,  83,  37, 112, 122, 140,  86, 131,  44, 116, 137,  84, 112,
         51, 128], device='cuda:2') torch.Size([16])
08/29/2023, 11:39:34# predicted of Validation: tensor([ 87,  16,  87,  28,  87, 122, 140,  87,  28,  87,  87,  87,  84,  87,
         28, 128], device='cuda:2') torch.Size([16])
08/29/2023, 11:39:36# Validation Loss: 2.8614 | Validation Accuracy: 0.3674

08/29/2023, 11:39:36# Find a better model!!
08/29/2023, 11:46:26# labels of 5000: tensor([154,  14,  25, 138, 166, 130, 151,  49,  96,  55,  99, 148,   5,  61,
        156,  99], device='cuda:2') torch.Size([16])
08/29/2023, 11:46:26# predicted of 5000: tensor([154,  86,  25, 138, 132, 130, 109,  86,  96,  49,  99,   6,   5,  61,
        156,  99], device='cuda:2') torch.Size([16])
08/29/2023, 11:51:26# total batches: 8250
08/29/2023, 11:51:26# Epoch 10 | Train Loss: 2.8885 | Train Accuracy: 0.3618
08/29/2023, 11:51:26# labels of Validation: tensor([117,  64, 105, 152, 131,  79,  12,  33,  64,   3,  48,   4,  11, 108,
         67, 129], device='cuda:2') torch.Size([16])
08/29/2023, 11:51:26# predicted of Validation: tensor([117,  28, 105,  92,  28,   5,  92,  92,  28,   3,  92,  92,  92,  28,
         78,  28], device='cuda:2') torch.Size([16])
08/29/2023, 11:51:26# labels of 0: tensor([117,  64, 105, 152, 131,  79,  12,  33,  64,   3,  48,   4,  11, 108,
         67, 129], device='cuda:2') torch.Size([16])
08/29/2023, 11:51:26# predicted of 0: tensor([117,  28, 105,  92,  28,   5,  92,  92,  28,   3,  92,  92,  92,  28,
         78,  28], device='cuda:2') torch.Size([16])
08/29/2023, 11:52:55# labels of Validation: tensor([ 56, 106,  55,  30,  75,  61, 111,  69,   2, 152,  87,  50,  59,  59,
        157, 119], device='cuda:2') torch.Size([16])
08/29/2023, 11:52:55# predicted of Validation: tensor([ 56, 106,  92,  92,  92,  61,  92,  69,  92,  92,  92,  50,  28,  28,
         92,  92], device='cuda:2') torch.Size([16])
08/29/2023, 11:52:58# Validation Loss: 2.8429 | Validation Accuracy: 0.3751

08/29/2023, 11:52:58# Find a better model!!
08/29/2023, 12:00:57# labels of 5000: tensor([ 15, 145, 164,  68,  10,   3, 160,  16, 141, 130,  75,  33, 142,  92,
        140,   0], device='cuda:2') torch.Size([16])
08/29/2023, 12:00:57# predicted of 5000: tensor([ 15, 145, 104,  28,  83,   3, 161,  16, 132, 130, 104, 104,  53,  83,
        140,   0], device='cuda:2') torch.Size([16])
08/29/2023, 12:05:45# total batches: 8250
08/29/2023, 12:05:45# Epoch 11 | Train Loss: 2.8706 | Train Accuracy: 0.3643
08/29/2023, 12:05:46# labels of Validation: tensor([ 96,  45,   0,  85,  35, 156,  35,  82, 117, 129,   3,   4,  94, 131,
        150, 112], device='cuda:2') torch.Size([16])
08/29/2023, 12:05:46# predicted of Validation: tensor([ 96,  45,   0,  85,  35, 156,  35,  82, 117, 108,   3, 104,  94, 132,
        104, 104], device='cuda:2') torch.Size([16])
08/29/2023, 12:05:46# labels of 0: tensor([ 96,  45,   0,  85,  35, 156,  35,  82, 117, 129,   3,   4,  94, 131,
        150, 112], device='cuda:2') torch.Size([16])
08/29/2023, 12:05:46# predicted of 0: tensor([ 96,  45,   0,  85,  35, 156,  35,  82, 117, 108,   3, 104,  94, 132,
        104, 104], device='cuda:2') torch.Size([16])
08/29/2023, 12:07:05# labels of Validation: tensor([ 23,  59, 148,  74,  81,  44, 126,   5, 118,  41,  14,  67,  86,   0,
         26,  64], device='cuda:2') torch.Size([16])
08/29/2023, 12:07:05# predicted of Validation: tensor([ 23, 132, 108, 104, 104, 104, 126,   5, 118, 104, 104,  67, 104,   0,
        104, 108], device='cuda:2') torch.Size([16])
08/29/2023, 12:07:07# Validation Loss: 2.8266 | Validation Accuracy: 0.3699

08/29/2023, 12:07:07# Find a better model!!
08/29/2023, 12:14:06# labels of 5000: tensor([112, 119,  80, 133,  73, 123, 148,  55, 107,  46,  49, 165,  58,  89,
         76,  67], device='cuda:2') torch.Size([16])
08/29/2023, 12:14:06# predicted of 5000: tensor([ 18,  66,  80,   6,  73, 123,  64, 107,   6, 158, 152, 165, 107,  89,
         66,  67], device='cuda:2') torch.Size([16])
08/29/2023, 12:18:30# total batches: 8250
08/29/2023, 12:18:30# Epoch 12 | Train Loss: 2.8548 | Train Accuracy: 0.3663
08/29/2023, 12:18:30# labels of Validation: tensor([ 82, 126, 160, 147,  83, 154,  48, 137,  74, 102,  13, 149,  11,  96,
         27, 111], device='cuda:2') torch.Size([16])
08/29/2023, 12:18:30# predicted of Validation: tensor([ 82, 126,  77, 147, 116, 154, 116, 116, 116, 116,  13, 149, 116,  96,
         27, 116], device='cuda:2') torch.Size([16])
08/29/2023, 12:18:30# labels of 0: tensor([ 82, 126, 160, 147,  83, 154,  48, 137,  74, 102,  13, 149,  11,  96,
         27, 111], device='cuda:2') torch.Size([16])
08/29/2023, 12:18:30# predicted of 0: tensor([ 82, 126,  77, 147, 116, 154, 116, 116, 116, 116,  13, 149, 116,  96,
         27, 116], device='cuda:2') torch.Size([16])
08/29/2023, 12:19:47# labels of Validation: tensor([122,  27,   9, 131,  79,  62, 151, 110,  60,  59, 159,  85,  16, 100,
         47, 165], device='cuda:2') torch.Size([16])
08/29/2023, 12:19:47# predicted of Validation: tensor([122,  27, 116, 132,  79,  62, 116,  77, 116, 132, 159,  85,  16,  77,
        116, 165], device='cuda:2') torch.Size([16])
08/29/2023, 12:19:50# Validation Loss: 2.8139 | Validation Accuracy: 0.3704

08/29/2023, 12:19:50# Find a better model!!
08/29/2023, 12:26:44# labels of 5000: tensor([119,  70, 109, 125,  53,  73,  58,  85,   7, 166, 105,  56, 162,  44,
         71, 124], device='cuda:2') torch.Size([16])
08/29/2023, 12:26:44# predicted of 5000: tensor([ 44,  70,  44,  88,  44,  73,  58,  85,   7, 132, 105,  56,  44,  75,
         37,  44], device='cuda:2') torch.Size([16])
08/29/2023, 12:31:16# total batches: 8250
08/29/2023, 12:31:16# Epoch 13 | Train Loss: 2.8429 | Train Accuracy: 0.3678
08/29/2023, 12:31:17# labels of Validation: tensor([ 24,  28,  76,  95,  31, 135,  89,  49,   3,  66,   2, 152,  72,   7,
         79, 150], device='cuda:2') torch.Size([16])
08/29/2023, 12:31:17# predicted of Validation: tensor([  4, 161,   4,  95,   4,   4,  89,   4,   3, 161,   4,   4,  72,   7,
         79,   4], device='cuda:2') torch.Size([16])
08/29/2023, 12:31:17# labels of 0: tensor([ 24,  28,  76,  95,  31, 135,  89,  49,   3,  66,   2, 152,  72,   7,
         79, 150], device='cuda:2') torch.Size([16])
08/29/2023, 12:31:17# predicted of 0: tensor([  4, 161,   4,  95,   4,   4,  89,   4,   3, 161,   4,   4,  72,   7,
         79,   4], device='cuda:2') torch.Size([16])
08/29/2023, 12:32:34# labels of Validation: tensor([126, 137, 139,   9, 112, 118,  11, 133, 133, 111,  94,  80, 125,  27,
        104,  83], device='cuda:2') torch.Size([16])
08/29/2023, 12:32:34# predicted of Validation: tensor([126,   4,   4,   4,   4, 118,   4, 131, 131,   4,  94,  80,   4,  27,
          4,   4], device='cuda:2') torch.Size([16])
08/29/2023, 12:32:36# Validation Loss: 2.8022 | Validation Accuracy: 0.3714

08/29/2023, 12:32:36# Find a better model!!
08/29/2023, 12:39:26# labels of 5000: tensor([ 32,  62, 122,  56,  97,  89,  54, 117, 149,  41,  68,  74,  91,  60,
         23, 161], device='cuda:2') torch.Size([16])
08/29/2023, 12:39:26# predicted of 5000: tensor([ 32,  62, 122,  56, 162,  89,  12, 117, 149,  12,  93, 162,  28,  12,
         23, 132], device='cuda:2') torch.Size([16])
08/29/2023, 12:43:47# total batches: 8250
08/29/2023, 12:43:47# Epoch 14 | Train Loss: 2.8318 | Train Accuracy: 0.3690
08/29/2023, 12:43:47# labels of Validation: tensor([ 24,  84, 131, 125,  25, 109, 161, 101,  18,  35,  15, 158, 111,  51,
        140,  18], device='cuda:2') torch.Size([16])
08/29/2023, 12:43:47# predicted of Validation: tensor([ 42,  84,  28,  42,  25,  42, 132, 108,  42,  35,  15,  42,  42,  28,
        140,  42], device='cuda:2') torch.Size([16])
08/29/2023, 12:43:47# labels of 0: tensor([ 24,  84, 131, 125,  25, 109, 161, 101,  18,  35,  15, 158, 111,  51,
        140,  18], device='cuda:2') torch.Size([16])
08/29/2023, 12:43:47# predicted of 0: tensor([ 42,  84,  28,  42,  25,  42, 132, 108,  42,  35,  15,  42,  42,  28,
        140,  42], device='cuda:2') torch.Size([16])
08/29/2023, 12:45:00# labels of Validation: tensor([ 17, 103,  50, 143,  81,   5, 128,  10, 121,   6,  51,  69,  19,  10,
        120,  63], device='cuda:2') torch.Size([16])
08/29/2023, 12:45:00# predicted of Validation: tensor([ 17, 108,  50,  42,  42,   5, 128,  42,  42,  28,  28,  69,  42,  42,
        120,  42], device='cuda:2') torch.Size([16])
08/29/2023, 12:45:02# Validation Loss: 2.7922 | Validation Accuracy: 0.3787

08/29/2023, 12:45:02# Find a better model!!
08/29/2023, 12:51:45# labels of 5000: tensor([ 96, 137, 108,  84,  28,  13, 112,  28, 166,   2,  46,  84, 137,  39,
        150,   7], device='cuda:2') torch.Size([16])
08/29/2023, 12:51:45# predicted of 5000: tensor([ 96,  83, 161,  84, 132,  13,  77, 132, 132,  83,  83,  84, 133,  39,
        111,   7], device='cuda:2') torch.Size([16])
08/29/2023, 12:56:07# total batches: 8250
08/29/2023, 12:56:07# Epoch 15 | Train Loss: 2.8229 | Train Accuracy: 0.3711
08/29/2023, 12:56:07# labels of Validation: tensor([ 23,  37,   9, 120, 109,  90, 103,  48,  70,   2, 132, 150,  21, 161,
          6, 138], device='cuda:2') torch.Size([16])
08/29/2023, 12:56:07# predicted of Validation: tensor([ 23, 166, 144, 120, 144, 166, 166, 144,  70, 144, 132, 144, 132, 132,
        132, 138], device='cuda:2') torch.Size([16])
08/29/2023, 12:56:07# labels of 0: tensor([ 23,  37,   9, 120, 109,  90, 103,  48,  70,   2, 132, 150,  21, 161,
          6, 138], device='cuda:2') torch.Size([16])
08/29/2023, 12:56:07# predicted of 0: tensor([ 23, 166, 144, 120, 144, 166, 166, 144,  70, 144, 132, 144, 132, 132,
        132, 138], device='cuda:2') torch.Size([16])
08/29/2023, 12:57:18# labels of Validation: tensor([  8, 158,  30, 148, 106,  40, 111, 108,  52, 156, 110, 144, 147, 136,
         54,  78], device='cuda:2') torch.Size([16])
08/29/2023, 12:57:18# predicted of Validation: tensor([166, 144, 144, 166, 106,  40, 144, 132,  52, 156, 166, 144, 147, 136,
        144,  67], device='cuda:2') torch.Size([16])
08/29/2023, 12:57:20# Validation Loss: 2.7841 | Validation Accuracy: 0.3724

08/29/2023, 12:57:20# Find a better model!!
08/29/2023, 13:03:59# labels of 5000: tensor([161, 166, 162,  43,   5,  18,  30,  72, 104,   9, 130,  80,  37,  82,
         86,   0], device='cuda:2') torch.Size([16])
08/29/2023, 13:03:59# predicted of 5000: tensor([161,   6,  76, 137,   5,  76, 137, 117,  76, 137, 130,  80, 155,  82,
         76,   0], device='cuda:2') torch.Size([16])
08/29/2023, 13:08:22# total batches: 8250
08/29/2023, 13:08:22# Epoch 16 | Train Loss: 2.8160 | Train Accuracy: 0.3710
08/29/2023, 13:08:22# labels of Validation: tensor([134,  44, 138, 111, 140,  50, 119, 146, 114, 165, 144, 151, 105,  48,
         27,  73], device='cuda:2') torch.Size([16])
08/29/2023, 13:08:22# predicted of Validation: tensor([134,  10, 138,  10, 140,  50,  10, 146,   6, 165,  10,  10, 105,  10,
         27,  73], device='cuda:2') torch.Size([16])
08/29/2023, 13:08:22# labels of 0: tensor([134,  44, 138, 111, 140,  50, 119, 146, 114, 165, 144, 151, 105,  48,
         27,  73], device='cuda:2') torch.Size([16])
08/29/2023, 13:08:22# predicted of 0: tensor([134,  10, 138,  10, 140,  50,  10, 146,   6, 165,  10,  10, 105,  10,
         27,  73], device='cuda:2') torch.Size([16])
08/29/2023, 13:09:34# labels of Validation: tensor([114,  82,  79, 164,  86, 114, 109, 111,  28,  36, 117, 112,  61,  99,
         86, 102], device='cuda:2') torch.Size([16])
08/29/2023, 13:09:34# predicted of Validation: tensor([  6,  82,  39,  10,  10,   6,  10,  10, 132,  10, 117,  10,  61,  99,
         10,  10], device='cuda:2') torch.Size([16])
08/29/2023, 13:09:37# Validation Loss: 2.7772 | Validation Accuracy: 0.3728

08/29/2023, 13:09:37# Find a better model!!
08/29/2023, 13:16:24# labels of 5000: tensor([  9, 102,  20,  30, 151, 125,  32,  87,  24,  69, 154, 154, 131,  87,
         13,  85], device='cuda:2') torch.Size([16])
08/29/2023, 13:16:24# predicted of 5000: tensor([111, 157,   8,  83,   8,   8,  32,   8,  48,  69, 154, 154, 161, 124,
         13,  85], device='cuda:2') torch.Size([16])
08/29/2023, 13:20:47# total batches: 8250
08/29/2023, 13:20:47# Epoch 17 | Train Loss: 2.8076 | Train Accuracy: 0.3724
08/29/2023, 13:20:47# labels of Validation: tensor([ 99,  99, 160, 153,  81, 125, 126, 114, 121,  62,  19, 121, 155, 148,
          7, 153], device='cuda:2') torch.Size([16])
08/29/2023, 13:20:47# predicted of Validation: tensor([ 99,  99,  91,  86,  86,  86, 126,  91,  86,  62,  86,  86, 132,  91,
          7,  86], device='cuda:2') torch.Size([16])
08/29/2023, 13:20:47# labels of 0: tensor([ 99,  99, 160, 153,  81, 125, 126, 114, 121,  62,  19, 121, 155, 148,
          7, 153], device='cuda:2') torch.Size([16])
08/29/2023, 13:20:47# predicted of 0: tensor([ 99,  99,  91,  86,  86,  86, 126,  91,  86,  62,  86,  86, 132,  91,
          7,  86], device='cuda:2') torch.Size([16])
08/29/2023, 13:22:01# labels of Validation: tensor([ 52, 131,  72,  67, 145, 157, 124,  32, 100, 160,  52, 143, 112, 158,
        145,  78], device='cuda:2') torch.Size([16])
08/29/2023, 13:22:01# predicted of Validation: tensor([ 52, 132,  94,  67, 145,  86,  86,  32,  91,  91,  52,  86,  86,  86,
        145,  67], device='cuda:2') torch.Size([16])
08/29/2023, 13:22:04# Validation Loss: 2.7742 | Validation Accuracy: 0.3720

08/29/2023, 13:22:04# Find a better model!!
08/29/2023, 13:28:43# labels of 5000: tensor([145,   5,   0,  84,  76,  66, 110,  96, 146,   3, 103,  73, 108, 137,
        133,  19], device='cuda:2') torch.Size([16])
08/29/2023, 13:28:43# predicted of 5000: tensor([145,   5,   0,  84, 151,  51,  64,  96, 146,   3,  64,  73, 161, 151,
        100, 151], device='cuda:2') torch.Size([16])
08/29/2023, 13:32:08# total batches: 8250
08/29/2023, 13:32:08# Epoch 18 | Train Loss: 2.8024 | Train Accuracy: 0.3731
08/29/2023, 13:32:09# labels of Validation: tensor([129,   7,   1, 113, 109,  67, 132,  38,  20,  94, 119, 120,  60,  37,
          4,  72], device='cuda:2') torch.Size([16])
08/29/2023, 13:32:09# predicted of Validation: tensor([100,   7,   2, 100,   2,  67, 132,   2,   2,  94,   2, 120,   2, 100,
          2,  72], device='cuda:2') torch.Size([16])
08/29/2023, 13:32:09# labels of 0: tensor([129,   7,   1, 113, 109,  67, 132,  38,  20,  94, 119, 120,  60,  37,
          4,  72], device='cuda:2') torch.Size([16])
08/29/2023, 13:32:09# predicted of 0: tensor([100,   7,   2, 100,   2,  67, 132,   2,   2,  94,   2, 120,   2, 100,
          2,  72], device='cuda:2') torch.Size([16])
08/29/2023, 13:33:00# labels of Validation: tensor([ 50,  71, 166,  61,  12,  19, 143,  95,  23,  89, 109,  92, 158, 138,
        165,  47], device='cuda:2') torch.Size([16])
08/29/2023, 13:33:00# predicted of Validation: tensor([ 50,   2,   6,  61,   2,   2,   2,  95,  23,  89,   2,   2,   2, 138,
        165,   2], device='cuda:2') torch.Size([16])
08/29/2023, 13:33:01# Validation Loss: 2.7683 | Validation Accuracy: 0.3797

08/29/2023, 13:33:01# Find a better model!!
08/29/2023, 13:38:36# labels of 5000: tensor([ 91,   3,   7,   1, 122,  74,   3, 116, 109,  79, 143,  78, 115, 125,
          9, 100], device='cuda:2') torch.Size([16])
08/29/2023, 13:38:36# predicted of 5000: tensor([ 28,   3,   7,  47, 122,  47,   3, 166,  47,  79,  47,  78, 115,  47,
         49,  28], device='cuda:2') torch.Size([16])
08/29/2023, 13:42:33# total batches: 8250
08/29/2023, 13:42:33# Epoch 19 | Train Loss: 2.7978 | Train Accuracy: 0.3738
08/29/2023, 13:42:33# labels of Validation: tensor([ 51,  45,  42,  11,  58, 122, 101,  69,  15,  15,  15,  24, 106, 156,
         82, 124], device='cuda:2') torch.Size([16])
08/29/2023, 13:42:33# predicted of Validation: tensor([132,  45, 112, 112, 112, 122,  28,  69,  15,  15,  15, 112, 106, 156,
         82, 112], device='cuda:2') torch.Size([16])
08/29/2023, 13:42:33# labels of 0: tensor([ 51,  45,  42,  11,  58, 122, 101,  69,  15,  15,  15,  24, 106, 156,
         82, 124], device='cuda:2') torch.Size([16])
08/29/2023, 13:42:33# predicted of 0: tensor([132,  45, 112, 112, 112, 122,  28,  69,  15,  15,  15, 112, 106, 156,
         82, 112], device='cuda:2') torch.Size([16])
08/29/2023, 13:43:35# labels of Validation: tensor([120, 100,  64,  19,  29,  44, 154,  80,  53,  43,  59,  79, 131, 130,
         82,  50], device='cuda:2') torch.Size([16])
08/29/2023, 13:43:35# predicted of Validation: tensor([120,  77,  77, 112,  29, 112, 154,  80, 112, 112,  28,  79, 132, 130,
         82,  50], device='cuda:2') torch.Size([16])
08/29/2023, 13:43:37# Validation Loss: 2.7624 | Validation Accuracy: 0.3734

08/29/2023, 13:43:37# Find a better model!!
08/29/2023, 13:49:49# labels of 5000: tensor([129, 114, 123,  26, 143,  40, 162,  28,  84, 147,  88,  83,  30, 151,
        111,   0], device='cuda:2') torch.Size([16])
08/29/2023, 13:49:49# predicted of 5000: tensor([141, 155, 123,  76,  74,  40,  74, 132,  84,  50,  66,  76, 144,  76,
         76,   0], device='cuda:2') torch.Size([16])
08/29/2023, 13:53:50# total batches: 8250
08/29/2023, 13:53:50# Epoch 20 | Train Loss: 2.7917 | Train Accuracy: 0.3744
08/29/2023, 13:53:50# labels of Validation: tensor([111,  91, 151,  61, 152, 113,  51,  87,  40, 135, 131, 155,  15,  92,
         62, 117], device='cuda:2') torch.Size([16])
08/29/2023, 13:53:50# predicted of Validation: tensor([142, 161, 142,  61, 142,  59, 161, 142,  40, 142, 161, 161,  15, 142,
         62, 117], device='cuda:2') torch.Size([16])
08/29/2023, 13:53:50# labels of 0: tensor([111,  91, 151,  61, 152, 113,  51,  87,  40, 135, 131, 155,  15,  92,
         62, 117], device='cuda:2') torch.Size([16])
08/29/2023, 13:53:50# predicted of 0: tensor([142, 161, 142,  61, 142,  59, 161, 142,  40, 142, 161, 161,  15, 142,
         62, 117], device='cuda:2') torch.Size([16])
08/29/2023, 13:54:58# labels of Validation: tensor([116,  77, 128, 133, 130, 156,  59, 165,  36,  84,  93, 157,   9, 145,
         73, 152], device='cuda:2') torch.Size([16])
08/29/2023, 13:54:58# predicted of Validation: tensor([142, 161, 128,  59, 130, 156, 161, 165, 142,  84,  59, 142, 142, 145,
         73, 142], device='cuda:2') torch.Size([16])
08/29/2023, 13:55:00# Validation Loss: 2.7583 | Validation Accuracy: 0.3729

08/29/2023, 13:55:00# Find a better model!!
08/29/2023, 14:01:20# labels of 5000: tensor([ 69,  54,  33, 108,  33,  29,  14,  73,  18, 114, 160, 159, 104,  99,
        128,  13], device='cuda:2') torch.Size([16])
08/29/2023, 14:01:20# predicted of 5000: tensor([ 69,  97,  49, 161,  19,  29, 164,  73,  97, 161,  66, 159,  46,  99,
        128,  13], device='cuda:2') torch.Size([16])
08/29/2023, 14:05:28# total batches: 8250
08/29/2023, 14:05:28# Epoch 21 | Train Loss: 2.7878 | Train Accuracy: 0.3744
08/29/2023, 14:05:28# labels of Validation: tensor([151,  31,  53,  39,  83, 127, 101,  27, 114,  40,   5, 114,  97,  23,
         43,  54], device='cuda:2') torch.Size([16])
08/29/2023, 14:05:28# predicted of Validation: tensor([ 36,  36,  36,  39,  36, 127, 132,  27, 155,  40,   5, 155,  36,  23,
         36,  36], device='cuda:2') torch.Size([16])
08/29/2023, 14:05:28# labels of 0: tensor([151,  31,  53,  39,  83, 127, 101,  27, 114,  40,   5, 114,  97,  23,
         43,  54], device='cuda:2') torch.Size([16])
08/29/2023, 14:05:28# predicted of 0: tensor([ 36,  36,  36,  39,  36, 127, 132,  27, 155,  40,   5, 155,  36,  23,
         36,  36], device='cuda:2') torch.Size([16])
08/29/2023, 14:06:32# labels of Validation: tensor([ 97, 145, 151, 136,  54,   7, 117,  58,  91,  93, 125, 103,  99, 127,
        143,  35], device='cuda:2') torch.Size([16])
08/29/2023, 14:06:32# predicted of Validation: tensor([ 36, 145,  36, 136,  36,   7, 117,  36, 132, 155,  36, 155,  99, 127,
         36,  35], device='cuda:2') torch.Size([16])
08/29/2023, 14:06:34# Validation Loss: 2.7545 | Validation Accuracy: 0.3740

08/29/2023, 14:06:34# Find a better model!!
08/29/2023, 14:12:52# labels of 5000: tensor([ 40, 104, 113,   8,  78,   9, 106, 134,  75, 154, 140,  53, 145, 131,
         95,  10], device='cuda:2') torch.Size([16])
08/29/2023, 14:12:52# predicted of 5000: tensor([ 40,  54,  91, 166,  78,  54, 106, 134,  54, 154, 140,  54, 145, 132,
         95, 135], device='cuda:2') torch.Size([16])
08/29/2023, 14:17:05# total batches: 8250
08/29/2023, 14:17:05# Epoch 22 | Train Loss: 2.7836 | Train Accuracy: 0.3748
08/29/2023, 14:17:05# labels of Validation: tensor([118,  49,  97,  72,  89,  28,   6, 153, 140, 156,  79, 136,   4, 117,
        130, 120], device='cuda:2') torch.Size([16])
08/29/2023, 14:17:05# predicted of Validation: tensor([118,  81,  81,  79,  89, 132, 132,  81, 140, 156,  72, 136,  81, 117,
        130, 120], device='cuda:2') torch.Size([16])
08/29/2023, 14:17:05# labels of 0: tensor([118,  49,  97,  72,  89,  28,   6, 153, 140, 156,  79, 136,   4, 117,
        130, 120], device='cuda:2') torch.Size([16])
08/29/2023, 14:17:05# predicted of 0: tensor([118,  81,  81,  79,  89, 132, 132,  81, 140, 156,  72, 136,  81, 117,
        130, 120], device='cuda:2') torch.Size([16])
08/29/2023, 14:18:17# labels of Validation: tensor([ 34, 104,   2, 108,  90,  71,  35, 113, 107, 126, 151, 149, 148,  50,
         61,  95], device='cuda:2') torch.Size([16])
08/29/2023, 14:18:17# predicted of Validation: tensor([ 81,  81,  81,   6,  59,  81,  35,  59,  59, 126,  81, 149,  59,  50,
         61,  95], device='cuda:2') torch.Size([16])
08/29/2023, 14:18:19# Validation Loss: 2.7530 | Validation Accuracy: 0.3732

08/29/2023, 14:18:19# Find a better model!!
08/29/2023, 14:24:43# labels of 5000: tensor([ 62,   9,  20,  18, 117, 126,  62,  41,  31,  23,  46,  99,  33,  29,
        164, 146], device='cuda:2') torch.Size([16])
08/29/2023, 14:24:43# predicted of 5000: tensor([ 62,  12,  12,  60, 117, 126,  62, 133, 157,  23, 162,  99,  60,  29,
        133, 146], device='cuda:2') torch.Size([16])
08/29/2023, 14:28:55# total batches: 8250
08/29/2023, 14:28:55# Epoch 23 | Train Loss: 2.7804 | Train Accuracy: 0.3750
08/29/2023, 14:28:55# labels of Validation: tensor([110,  40,  37, 111, 107,  89,   1,  94,  57, 108, 128,  41, 129,  79,
         28, 124], device='cuda:2') torch.Size([16])
08/29/2023, 14:28:55# predicted of Validation: tensor([155,  40, 155,  20, 155,  89,  20,  94,  20, 161, 128,  20, 155,  79,
        161,  20], device='cuda:2') torch.Size([16])
08/29/2023, 14:28:55# labels of 0: tensor([110,  40,  37, 111, 107,  89,   1,  94,  57, 108, 128,  41, 129,  79,
         28, 124], device='cuda:2') torch.Size([16])
08/29/2023, 14:28:55# predicted of 0: tensor([155,  40, 155,  20, 155,  89,  20,  94,  20, 161, 128,  20, 155,  79,
        161,  20], device='cuda:2') torch.Size([16])
08/29/2023, 14:30:07# labels of Validation: tensor([ 37, 152, 142,  43,   6,  96, 108,  88, 148, 108, 146, 130,  53,  11,
        125,  45], device='cuda:2') torch.Size([16])
08/29/2023, 14:30:07# predicted of Validation: tensor([155,  20,  20,  20, 161,  96, 161, 155, 155, 161, 146, 130,  20,  20,
         20,  45], device='cuda:2') torch.Size([16])
08/29/2023, 14:30:09# Validation Loss: 2.7463 | Validation Accuracy: 0.3758

08/29/2023, 14:30:09# Find a better model!!
08/29/2023, 14:36:46# labels of 5000: tensor([ 71,  79,  59,  60,  33,   4,  89, 157,  95, 144,  10,  68, 128,  70,
         63, 159], device='cuda:2') torch.Size([16])
08/29/2023, 14:36:46# predicted of 5000: tensor([ 34,  94, 132,  55,  76,  34,  89,  76,  95,   2,  76, 131, 128,  70,
         76, 159], device='cuda:2') torch.Size([16])
08/29/2023, 14:41:07# total batches: 8250
08/29/2023, 14:41:07# Epoch 24 | Train Loss: 2.7772 | Train Accuracy: 0.3754
08/29/2023, 14:41:07# labels of Validation: tensor([126,  50,  15,  91,  96,  23,  33, 123,  54,   9,  85, 102,  43,  47,
        115, 130], device='cuda:2') torch.Size([16])
08/29/2023, 14:41:07# predicted of Validation: tensor([126,  50,  15,   6,  96,  23,  49, 123,  49,  49,  85,  49,  49,  49,
        115, 130], device='cuda:2') torch.Size([16])
08/29/2023, 14:41:07# labels of 0: tensor([126,  50,  15,  91,  96,  23,  33, 123,  54,   9,  85, 102,  43,  47,
        115, 130], device='cuda:2') torch.Size([16])
08/29/2023, 14:41:07# predicted of 0: tensor([126,  50,  15,   6,  96,  23,  49, 123,  49,  49,  85,  49,  49,  49,
        115, 130], device='cuda:2') torch.Size([16])
08/29/2023, 14:42:21# labels of Validation: tensor([146,  94, 165,  85, 128,  95,  57,  70, 103,   2, 123, 118,  41, 166,
         70,  55], device='cuda:2') torch.Size([16])
08/29/2023, 14:42:21# predicted of Validation: tensor([146,  94, 165,  85, 128,  95,  49,  70,   6,  49, 123, 118,  49,   6,
         70,  49], device='cuda:2') torch.Size([16])
08/29/2023, 14:42:23# Validation Loss: 2.7447 | Validation Accuracy: 0.3759

08/29/2023, 14:42:23# Find a better model!!
08/29/2023, 14:49:05# labels of 5000: tensor([ 74,  37,  89,  73,  18, 166, 135,  44,  63,  41,  10, 117,  21,  20,
         69, 144], device='cuda:2') torch.Size([16])
08/29/2023, 14:49:05# predicted of 5000: tensor([ 30, 108,  89,  73,  30, 132,  31,  30,  30,  30,  30, 117, 166,  30,
         69,  30], device='cuda:2') torch.Size([16])
08/29/2023, 14:53:34# total batches: 8250
08/29/2023, 14:53:34# Epoch 25 | Train Loss: 2.7743 | Train Accuracy: 0.3759
08/29/2023, 14:53:35# labels of Validation: tensor([146,  13, 144,  66,  67, 166,  37, 157,  82,  28, 141, 115,  24, 154,
        123,   6], device='cuda:2') torch.Size([16])
08/29/2023, 14:53:35# predicted of Validation: tensor([146,  13, 143, 132,  67, 132,  28, 143,  82, 132,  28, 115, 143, 154,
        123, 132], device='cuda:2') torch.Size([16])
08/29/2023, 14:53:35# labels of 0: tensor([146,  13, 144,  66,  67, 166,  37, 157,  82,  28, 141, 115,  24, 154,
        123,   6], device='cuda:2') torch.Size([16])
08/29/2023, 14:53:35# predicted of 0: tensor([146,  13, 143, 132,  67, 132,  28, 143,  82, 132,  28, 115, 143, 154,
        123, 132], device='cuda:2') torch.Size([16])
08/29/2023, 14:54:48# labels of Validation: tensor([ 60,  31,  71, 154, 138, 122,  23, 149, 149,  11,  59,  78, 116, 141,
         72, 149], device='cuda:2') torch.Size([16])
08/29/2023, 14:54:48# predicted of Validation: tensor([143, 143, 143, 154, 138, 122,  23, 149, 149, 143, 132,  67, 143,  28,
         79, 149], device='cuda:2') torch.Size([16])
08/29/2023, 14:54:50# Validation Loss: 2.7422 | Validation Accuracy: 0.3749

08/29/2023, 14:54:50# Find a better model!!
08/29/2023, 15:01:34# labels of 5000: tensor([ 15, 109, 162,  23,  49,  52, 138,  75,  11,  48, 164, 156,  69,  69,
         40,  50], device='cuda:2') torch.Size([16])
08/29/2023, 15:01:34# predicted of 5000: tensor([ 15, 164, 164,  23, 164,  52, 138, 116, 164, 164, 164, 156,  69,  69,
         40,  50], device='cuda:2') torch.Size([16])
08/29/2023, 15:06:02# total batches: 8250
08/29/2023, 15:06:02# Epoch 26 | Train Loss: 2.7715 | Train Accuracy: 0.3756
08/29/2023, 15:06:03# labels of Validation: tensor([ 25,   4, 129,  93, 128,  12,  21,  29, 129,  83,  89, 158, 148,  12,
         23, 114], device='cuda:2') torch.Size([16])
08/29/2023, 15:06:03# predicted of Validation: tensor([ 25,  55,  66,  66, 128,  55,  28,  29,  66,  55,  89,  55,  66,  55,
         23,  66], device='cuda:2') torch.Size([16])
08/29/2023, 15:06:03# labels of 0: tensor([ 25,   4, 129,  93, 128,  12,  21,  29, 129,  83,  89, 158, 148,  12,
         23, 114], device='cuda:2') torch.Size([16])
08/29/2023, 15:06:03# predicted of 0: tensor([ 25,  55,  66,  66, 128,  55,  28,  29,  66,  55,  89,  55,  66,  55,
         23,  66], device='cuda:2') torch.Size([16])
08/29/2023, 15:07:16# labels of Validation: tensor([ 35, 150,  63, 120, 122, 123,  47,  24, 159,  73, 117, 117,   6,  52,
         81, 154], device='cuda:2') torch.Size([16])
08/29/2023, 15:07:16# predicted of Validation: tensor([ 35,  55,  55, 120, 122, 123,  55,  55, 159,  73, 117, 117,  28,  52,
         55, 154], device='cuda:2') torch.Size([16])
08/29/2023, 15:07:17# Validation Loss: 2.7409 | Validation Accuracy: 0.3744

08/29/2023, 15:07:17# Find a better model!!
08/29/2023, 15:14:09# labels of 5000: tensor([143, 161, 165, 110, 144,  86, 163, 116,  39,   5, 158,  31,  30,  90,
        166,  51], device='cuda:2') torch.Size([16])
08/29/2023, 15:14:09# predicted of 5000: tensor([104, 132, 165,  91, 104, 104, 104, 104,  39,   5,  71, 104,   9,  91,
          6,   6], device='cuda:2') torch.Size([16])
08/29/2023, 15:18:29# total batches: 8250
08/29/2023, 15:18:29# Epoch 27 | Train Loss: 2.7685 | Train Accuracy: 0.3766
08/29/2023, 15:18:29# labels of Validation: tensor([ 31, 117, 157, 139,  93,   7,  51,  90, 160, 163,   9,  19, 125, 160,
        127,  54], device='cuda:2') torch.Size([16])
08/29/2023, 15:18:29# predicted of Validation: tensor([157, 117, 157, 157,  59,   7, 132,  59,  59, 157, 157, 157, 157,  59,
        127, 157], device='cuda:2') torch.Size([16])
08/29/2023, 15:18:29# labels of 0: tensor([ 31, 117, 157, 139,  93,   7,  51,  90, 160, 163,   9,  19, 125, 160,
        127,  54], device='cuda:2') torch.Size([16])
08/29/2023, 15:18:29# predicted of 0: tensor([157, 117, 157, 157,  59,   7, 132,  59,  59, 157, 157, 157, 157,  59,
        127, 157], device='cuda:2') torch.Size([16])
08/29/2023, 15:19:44# labels of Validation: tensor([ 35,  39, 151,  26,  76, 160,   2,  70,  12,  83, 158,  43,  21, 165,
        109,  31], device='cuda:2') torch.Size([16])
08/29/2023, 15:19:44# predicted of Validation: tensor([ 35,  39, 157, 157, 157,  59, 157,  70, 157, 157, 157, 157,  28, 165,
        157, 157], device='cuda:2') torch.Size([16])
08/29/2023, 15:19:46# Validation Loss: 2.7386 | Validation Accuracy: 0.3754

08/29/2023, 15:19:46# Find a better model!!
08/29/2023, 15:26:30# labels of 5000: tensor([ 70,  31,  64,  16,  69,  83, 133,  66,  93,  52,  56, 148, 158,  94,
        113,  11], device='cuda:2') torch.Size([16])
08/29/2023, 15:26:30# predicted of 5000: tensor([ 70,  33,  90,  16,  69,  33, 110, 161, 131,  52,  56,  41,  42,  94,
         42,  42], device='cuda:2') torch.Size([16])
08/29/2023, 15:30:55# total batches: 8250
08/29/2023, 15:30:55# Epoch 28 | Train Loss: 2.7660 | Train Accuracy: 0.3769
08/29/2023, 15:30:55# labels of Validation: tensor([ 89,  94,  82, 112,  17,   0,  56,  20, 157,  58,  82,  43, 111,  24,
        145, 102], device='cuda:2') torch.Size([16])
08/29/2023, 15:30:55# predicted of Validation: tensor([ 89,  94,  82,  46,  17,   0,  56,  46,  46,  46,  82,  46,  46,  46,
        145,  46], device='cuda:2') torch.Size([16])
08/29/2023, 15:30:55# labels of 0: tensor([ 89,  94,  82, 112,  17,   0,  56,  20, 157,  58,  82,  43, 111,  24,
        145, 102], device='cuda:2') torch.Size([16])
08/29/2023, 15:30:55# predicted of 0: tensor([ 89,  94,  82,  46,  17,   0,  56,  46,  46,  46,  82,  46,  46,  46,
        145,  46], device='cuda:2') torch.Size([16])
08/29/2023, 15:32:06# labels of Validation: tensor([ 63, 118,  52, 104,  23,  19,  11, 133, 151, 118,  25, 141,  51, 147,
         12,  72], device='cuda:2') torch.Size([16])
08/29/2023, 15:32:06# predicted of Validation: tensor([ 46, 118,  52,  46,  23,  46,  46, 155,  46, 118,  25, 155, 161, 147,
         46,  72], device='cuda:2') torch.Size([16])
08/29/2023, 15:32:08# Validation Loss: 2.7357 | Validation Accuracy: 0.3747

08/29/2023, 15:32:08# Find a better model!!
08/29/2023, 15:38:52# labels of 5000: tensor([105, 123, 159,  87,  67, 132,  74,  33, 165, 129, 134, 114,  71,  38,
         11,   8], device='cuda:2') torch.Size([16])
08/29/2023, 15:38:52# predicted of 5000: tensor([105, 123, 159, 104,  78, 132,  75,  75, 165, 161, 134, 161,  75,  75,
         75, 133], device='cuda:2') torch.Size([16])
08/29/2023, 15:43:15# total batches: 8250
08/29/2023, 15:43:15# Epoch 29 | Train Loss: 2.7637 | Train Accuracy: 0.3771
08/29/2023, 15:43:15# labels of Validation: tensor([106,  86, 148,  42,  75,  75,  31,  16,  62,  40,  73,  50,  21, 131,
        160,  76], device='cuda:2') torch.Size([16])
08/29/2023, 15:43:15# predicted of Validation: tensor([106, 137,  51, 137, 137, 137, 137,  16,  62,  40,  73,  50,  28, 132,
         51, 137], device='cuda:2') torch.Size([16])
08/29/2023, 15:43:15# labels of 0: tensor([106,  86, 148,  42,  75,  75,  31,  16,  62,  40,  73,  50,  21, 131,
        160,  76], device='cuda:2') torch.Size([16])
08/29/2023, 15:43:15# predicted of 0: tensor([106, 137,  51, 137, 137, 137, 137,  16,  62,  40,  73,  50,  28, 132,
         51, 137], device='cuda:2') torch.Size([16])
08/29/2023, 15:44:25# labels of Validation: tensor([110,   9,  94,  95,  18, 135,  63, 140, 136,  54,  86, 156,  25,  24,
         37,  72], device='cuda:2') torch.Size([16])
08/29/2023, 15:44:25# predicted of Validation: tensor([ 51, 137,  94,  95, 137, 137, 137, 140, 136, 137, 137, 156,  25, 137,
         51,  72], device='cuda:2') torch.Size([16])
08/29/2023, 15:44:27# Validation Loss: 2.7326 | Validation Accuracy: 0.3755

08/29/2023, 15:44:27# Find a better model!!
08/29/2023, 15:44:27# labels of Test: tensor([1, 1, 1, 1, 1, 1, 1, 1, 1, 1, 1, 1, 1, 1, 1, 1], device='cuda:2') torch.Size([16])
08/29/2023, 15:44:27# predicted of Test: tensor([137, 137, 137, 137, 137, 137, 137, 137, 137, 137, 137, 137, 137, 137,
        137, 137], device='cuda:2') torch.Size([16])
08/29/2023, 15:44:27# labels of 0: tensor([1, 1, 1, 1, 1, 1, 1, 1, 1, 1, 1, 1, 1, 1, 1, 1], device='cuda:2') torch.Size([16])
08/29/2023, 15:44:27# predicted of 0: tensor([137, 137, 137, 137, 137, 137, 137, 137, 137, 137, 137, 137, 137, 137,
        137, 137], device='cuda:2') torch.Size([16])
08/29/2023, 15:44:27# labels: tensor([1, 1, 1, 1, 1, 1, 1, 1, 1, 1, 1, 1, 1, 1, 1, 1], device='cuda:2') torch.Size([16])
08/29/2023, 15:44:27# predicted: tensor([137, 137, 137, 137, 137, 137, 137, 137, 137, 137, 137, 137, 137, 137,
        137, 137], device='cuda:2') torch.Size([16])
08/29/2023, 15:45:41# labels of Test: tensor([163, 163, 163, 163, 163, 163, 163, 163, 163, 163, 163, 163, 163, 163,
        163, 163], device='cuda:2') torch.Size([16])
08/29/2023, 15:45:41# predicted of Test: tensor([137, 137, 137, 137, 137, 137, 137, 137, 137, 137, 137, 137, 137, 137,
        137, 137], device='cuda:2') torch.Size([16])
08/29/2023, 15:45:43# Test Accuracy: 37.551515151515154 %



08/29/2023, 15:45:55# report path: classification_report/classification_report-3.xlsx
08/29/2023, 15:45:55# label path: classification_report/mapped_true_predicted_labels-3.xlsx
08/29/2023, 15:45:55# mapped_report:
                                                precision    recall  f1-score   support

T1003.001_0ef4cc7b-611c-4237-b20b-db36b6906554       1.00      1.00      1.00       100
    T1003.001_35d92515122effdd73801c6ac3021da7       1.00      1.00      1.00       100
    T1003.002_5a484b65c247675e3b7ada4ba648d376       0.00      0.00      0.00       100
    T1003.002_7fa4ea18694f2552547b65e23952cabb       1.00      1.00      1.00       100
    T1003.003_9f73269695e54311dd61dc68940fb3e1       0.00      0.00      0.00       100
    T1003.003_f049b89533298c2d6cd37a940248b219       0.00      0.00      0.00       100
        T1003_18f31c311ac208802e88ab8d5af8603e       0.95      1.00      0.98       100
        T1007_9d03c91bdae5a80f17f89c987942b5a8       1.00      1.00      1.00       100
    T1007_c6607391-d02c-44b5-9b13-d3492ca58599       0.00      0.00      0.00       100
        T1007_d6bb2a19da7246731ed9c44831b135f8       0.00      0.00      0.00       100
    T1016_14a21534-350f-4d83-9dd7-3c56b93a0c17       0.00      0.00      0.00       100
        T1016_71b3d2945679566b9d94d8cb11df4b70       0.00      0.00      0.00       100
        T1016_7d8ee68f0e9731db82964f558f614608       0.00      0.00      0.00       100
    T1016_921055f4-5970-4707-909e-62f594234d91       0.00      0.00      0.00       100
    T1016_a0676fe1-cd52-482e-8dde-349b73f9aa69       0.00      0.00      0.00       100
    T1016_e8017c46-acb8-400c-a4b5-b3362b5b5baa       0.00      0.00      0.00       100
    T1018_26c8b8b5-7b5b-4de1-a128-7d37fb14f517       0.00      0.00      0.00       100
        T1018_a44bb43474728496276d5d73aa14588f       0.00      0.00      0.00       100
        T1018_ac20e592bc912bddff4d6b88289095f0       0.00      0.00      0.00       100
    T1021.001_dd67068b052fa553ad4a0ac7d6a5ea89       0.98      1.00      0.99       100
    T1033_bd527b63-9f9e-46e0-9816-b8434d2b8989       0.00      0.00      0.00       100
    T1033_c0da588f-79f0-4263-8998-7496b1a40596       0.00      0.00      0.00       100
    T1036.003_04e8d83e7badf098d50800d6aa1dd487       1.00      1.00      1.00       100
    T1036.003_f5ef8466e5ebcd2ae03f338d9416069c       1.00      1.00      1.00       100
    T1036.004_1f0614ea5c4af6faf1b44570f5f22f8a       0.00      0.00      0.00       100
    T1036.004_7de3d7b4922a7b996d8df36fb22bb118       0.00      0.00      0.00       100
    T1037.001_62cfa90fb03a6bc1a6ebcce8a3ea81b7       1.00      1.00      1.00       100
        T1040_6881a4589710d53f0c146e91db513f01       0.99      0.99      0.99       100
        T1047_09e0f9cf2eb803a1c35deeecf3665fad       0.00      0.00      0.00       100
        T1047_6935e41353aa781bb723462d26114c44       0.00      0.00      0.00       100
        T1047_ac122553ab4426ea3362bb4a97d31bfd       0.00      0.00      0.00       100
        T1047_ac2764f7a67a9ce92b54e8e59b361838       0.00      0.00      0.00       100
        T1047_b0255b5120cbabc062d8d4510a142c3b       0.00      0.00      0.00       100
        T1047_ed736a123da6fb2aab22cfd4f437e8b5       0.00      0.00      0.00       100
        T1047_f4b0b4129560ea66f9751275e82f6bab       0.00      0.00      0.00       100
    T1049_638fb6bb-ba39-4285-93d1-7e4775b033a8       0.00      0.00      0.00       100
        T1049_a14392d713dffba6a397682ff83259a0       0.00      0.00      0.00       100
    T1053.005_5db2884b6ca3ab932848f295a3896dc0       0.00      0.00      0.00       100
    T1053.005_ee454be9197890de62705ce6255933fd       0.00      0.00      0.00       100
T1055.001_a74bc239-a196-4f7e-8d5c-fe8c0266071c       0.00      0.00      0.00       100
T1055.002_e5bcefee-262d-4568-a261-e8a20855ec81       0.00      0.00      0.00       100
    T1057_5a39d7ed-45c9-4a79-b581-e5fb99e24f65       0.00      0.00      0.00       100
    T1057_8adf02e8-6e71-4244-886c-98c402857404       0.00      0.00      0.00       100
        T1057_b2a1e430ca6d36eb5af2fe666e769847       0.00      0.00      0.00       100
        T1057_f8de05d1741dcc468f772ab0ff4dac72       0.00      0.00      0.00       100
T1059.001_55678719-e76e-4df9-92aa-10655bbd1cf4       1.00      1.00      1.00       100
    T1059.001_6efbccc1869e8cd618c0d3ecda407d5f       1.00      1.00      1.00       100
T1059.001_702bfdd2-9947-4eda-b551-c3a1ea9a59a2       0.97      0.99      0.98       100
T1059.001_bfff9006-d1fb-46ce-b173-92cb04e9a031       1.00      1.00      1.00       100
T1059.001_ccdb8caf-c69e-424b-b930-551969450c57       0.00      0.00      0.00       100
T1059.001_e5f9de8f-3df1-4e78-ad92-a784e3f6770d       1.00      1.00      1.00       100
    T1059.003_6c318ef0339d74d909ad556681b6493e       0.00      0.00      0.00       100
    T1059.003_f38e58deb7ad20b5538ca40db7b7b4f8       0.00      0.00      0.00       100
T1069.001_5c4dd985-89e3-4590-9b57-71fed66ff4e2       0.98      0.99      0.99       100
    T1069.001_a1f48fa3ddee658b29b414523c9a295b       0.00      0.00      0.00       100
    T1069.002_6103e503cb444bc7b4187704f2035708       0.00      0.00      0.00       100
    T1070.005_1f91076e2be2014cc7b4f1296de02fd6       1.00      1.00      1.00       100
    T1071.001_24c3b7b004401d839a5c337201da3484       0.99      0.99      0.99       100
T1074.001_4e97e699-93d7-4040-b5a3-2e906a58199e       0.00      0.00      0.00       100
T1074.001_6469befa-748a-4b9c-a96d-f191fde47d89       0.00      0.00      0.00       100
    T1074.001_e6dfc7e89359ac6fa6de84b0e1d5762e       0.00      0.00      0.00       100
    T1078.001_d0ca00832890baa1d42322cf70fcab1a       0.00      0.00      0.00       100
    T1082_29451844-9b76-4e16-a9ee-d6feab4b24db       0.00      0.00      0.00       100
    T1083_52177cc1-b9ab-4411-ac21-2eadc4b5d3b8       0.00      0.00      0.00       100
    T1083_6e1a53c0-7352-4899-be35-fa7f364d5722       0.00      0.00      0.00       100
    T1087.001_6334877e8e3ba48f7835d4856d90a282       0.00      0.00      0.00       100
T1087.001_feaced8f-f43f-452a-9500-a5219488abb8       0.00      0.00      0.00       100
    T1090.001_ba343199a4f15ed6b57eb52412f62e4e       0.70      0.51      0.59       100
        T1105_0856c235a1d26113d4f2d92e39c9a9f8       1.00      1.00      1.00       100
        T1105_1095434782a00c8a4772a11e625bcf5d       0.88      0.91      0.89       100
        T1105_4f683658f161ccdc51337c470d32bab9       0.00      0.00      0.00       100
    T1105_60f63260-39bb-4136-87a0-b6c2dca799fc       1.00      1.00      1.00       100
        T1105_c521e0a70b243a0cf9217907ca3c6d27       1.00      1.00      1.00       100
        T1105_c76968acda4aa1673dadcd67f3ab7664       1.00      1.00      1.00       100
        T1105_e6715e61f5df646692c624b3499384c4       1.00      1.00      1.00       100
    T1105_eb814e03-811a-467a-bc6d-dcd453750fa2       0.00      0.00      0.00       100
        T1112_257313a3c93e3bb7dfb60d6753b09e34       0.98      0.99      0.99       100
        T1112_34041639e6e501856ecaf5969ee29c76       1.00      0.99      0.99       100
        T1112_35c0360d226cf38104f300d9d57ce60e       0.99      1.00      1.00       100
        T1112_4bfb5f265a5ce07af6bf10da113af7db       0.98      0.99      0.99       100
        T1112_7fe6a66d03f4dbfc022609ba311c2b11       0.97      0.98      0.98       100
        T1112_ba6f6214dbd17c54001e0a163b60f151       0.95      0.98      0.97       100
        T1112_cab7b85611a290c0769546bfa9d6f962       0.98      1.00      0.99       100
        T1112_cd8be0e6b873919da25530a2c7ea6750       0.00      0.00      0.00       100
        T1112_e74d2fb4ef5fa6c766a4151554033697       0.99      1.00      1.00       100
        T1112_e7a987cbef27263e666e5b096488dc55       1.00      1.00      1.00       100
        T1112_fa4ba6a06b4a5cd955ea5a60fae24281       0.97      1.00      0.99       100
        T1112_fd992e8ecfdac9b56dd6868904044827       0.98      1.00      0.99       100
    T1113_316251ed-6a28-4013-812b-ddf5b5b007f8       0.00      0.00      0.00       100
        T1115_70795de7cbb842edb029b3378c27c008       1.00      1.00      1.00       100
    T1115_b007fe0c-c6b0-4fda-915c-255bbc070de2       0.00      0.00      0.00       100
        T1119_344e7eaf650763e0d3e9f02e62c1cf4b       0.00      0.00      0.00       100
        T1119_7121cdf93b951311be9d7078c602efdc       1.00      1.00      1.00       100
        T1120_7b9c7afaefa59aab759b49af0d699ac1       0.00      0.00      0.00       100
        T1123_372e6f46fca18e4f1b43209c20ffafa2       1.00      1.00      1.00       100
    T1124_fa6e8607-e0b1-425d-8924-9b894da5a002       0.00      0.00      0.00       100
        T1125_da86001b5081fcf773d8e62f22cf2b00       1.00      1.00      1.00       100
    T1135_530e47c6-8592-42bf-91df-c59ffbd8541b       0.00      0.00      0.00       100
    T1135_deeac480-5c2a-42b5-90bb-41675ee53c7e       0.00      0.00      0.00       100
    T1137.002_e2af3c3ab1b0f659c874b8af58c49759       1.00      1.00      1.00       100
        T1137_12ad9edefc86af07700fbf49bfdac6ba       1.00      1.00      1.00       100
        T1201_38f6f0e50a6b196140ec40d3dc9cc9e6       0.00      0.00      0.00       100
        T1201_57296a2ddbeb7423c05feef2fe972111       0.00      0.00      0.00       100
    T1204.002_522f3f35cd013e63830fa555495a0081       1.00      1.00      1.00       100
        T1217_69bbe2183fa09c00ccaac62d48e214f8       0.00      0.00      0.00       100
        T1217_f7a0f7d704aa52a764d9d1bee81e65d6       0.00      0.00      0.00       100
        T1219_7dabcbecab0334b115feefab1630f84a       1.00      1.00      1.00       100
        T1219_af8cb2bf9b436aae5c106a0a9c207e14       1.00      1.00      1.00       100
        T1219_f1b3fca18d7465cd10e5a7477a3bf97d       1.00      1.00      1.00       100
    T1482_6131397e-7765-424e-a594-3d7fb2d93a6a       0.00      0.00      0.00       100
        T1482_cfb61005899996469ae3023796792ca5       0.00      0.00      0.00       100
        T1486_d82ceb9939d3d920ee550187ad8235c8       0.00      0.00      0.00       100
        T1490_2d53d6fabd39bf9c70b0dfcdfbbc926d       0.00      0.00      0.00       100
        T1490_8467c994685ccf178db166964bd80fab       0.00      0.00      0.00       100
        T1490_9e5e4c0655fd1b5be88bd40b8251175f       0.00      0.00      0.00       100
        T1490_c156ac5c9fa67080365268d95f29053d       0.00      0.00      0.00       100
        T1490_c8f329d2847ede593b6cb4a1ec6120fb       1.00      1.00      1.00       100
        T1490_e90756bb6dcd21462dc4cc452661df91       0.00      0.00      0.00       100
    T1491_47d08617-5ce1-424a-8cc5-c9c978ce6bf9       0.01      1.00      0.03       100
    T1491_68235976-2404-42a8-9105-68230cfef562       0.00      0.00      0.00       100
    T1496_46da2385-cf37-49cb-ba4b-a739c7a19de4       1.00      1.00      1.00       100
T1497.001_1258b063-27d6-489b-a677-4807faacf868       0.00      0.00      0.00       100
T1497.001_5dc841fd-28ad-40e2-b10e-fb007fe09e81       0.00      0.00      0.00       100
T1497.001_7a6ba833-de40-466a-8969-5c37b13603e0       0.00      0.00      0.00       100
    T1499_2fe2d5e6-7b06-4fc0-bf71-6966a1226731       0.00      0.00      0.00       100
T1518.001_2dece965-37a0-4f70-a391-0f30e3331aba       0.00      0.00      0.00       100
    T1518.001_33a24ff44719e6ac0614b58f8c9a7c72       0.00      0.00      0.00       100
    T1518.001_b8453a5fe06b24aea12b27592d5c3d3a       0.00      0.00      0.00       100
        T1518_8ddfaf982ab359cda13626b870ccb339       0.94      0.99      0.97       100
    T1518_c9be8043-a445-4cbf-b77b-ed7bb007fc7c       0.00      0.00      0.00       100
        T1531_aa6b15485a5f50ced34d87fda177b758       0.00      0.00      0.00       100
        T1531_b25ae80dad74142fafb510e9c1949ace       0.00      0.00      0.00       100
    T1546.013_f9a968af61d36983448c74cca5464e17       1.00      1.00      1.00       100
    T1547.001_0dbdf1a2a87e718a6ac8a8e3415a7fac       1.00      1.00      1.00       100
    T1547.001_163b023f43aba758d36f524d146cb8ea       0.99      1.00      1.00       100
    T1547.001_1f15ab22c39a9b6bb2bb0d77276dfcb3       0.00      0.00      0.00       100
    T1547.001_4b71ebb2f6f6a01235ba240fa40ce978       0.00      0.00      0.00       100
    T1547.001_777043894e42d2aae3881e63f6c76d33       0.00      0.00      0.00       100
    T1547.001_d3ef4145e4144fd694514b1c5cc17350       1.00      1.00      1.00       100
    T1547.004_0856714c9810ac55b53e9964d02958a0       0.00      0.00      0.00       100
    T1547.004_aa147165f6c116cb0b0f944abe1db8ce       0.00      0.00      0.00       100
    T1547.009_501af516bd8b24fee0c7c650ae5cc861       0.00      0.00      0.00       100
    T1547.009_b6e5c895c6709fe289352ee23f062229       0.00      0.00      0.00       100
    T1547.010_4593d72a5145e3f494421ac772d37464       1.00      1.00      1.00       100
        T1547_fe9eeee9a7b339089e5fa634b08522c1       1.00      1.00      1.00       100
T1548.002_665432a4-42e7-4ee1-af19-a9a8c9455d0c       0.00      0.00      0.00       100
    T1552.002_3e5b04b8ee0a1a4950da8f35d95e65fc       0.00      0.00      0.00       100
        T1560_a1ee301b0508747b468d578a14e5c1a5       0.17      1.00      0.29       100
    T1562.001_43e3334362b140924f001b256b229ee5       0.00      0.00      0.00       100
    T1562.002_6a8d25d65a7d481dc479f89c62af1e6a       1.00      1.00      1.00       100
    T1562.002_94f51bf01a7036fe02d07b4c18967669       0.00      0.00      0.00       100
    T1562.004_280003641a5cddf916c4f2bf605a71d3       0.00      0.00      0.00       100
    T1562.004_41627f71f968225b9f162cb76d16bd9d       0.00      0.00      0.00       100
    T1562.004_5b93df032e230056c21a3e57334f77d1       0.00      0.00      0.00       100
    T1562.004_8d0a4585e7c4646185a912b14cd9cb46       0.00      0.00      0.00       100
    T1562.004_8fe59e288f10a486dc8b44bc872019ff       1.00      1.00      1.00       100
    T1564.001_66a5fd5f244819181f074dd082a28905       0.60      0.03      0.06       100
    T1564.001_dce51e632abdfe5392c7c1f942ac9273       0.50      0.98      0.66       100
    T1564.003_9a2edad4053a2b59fb9167a9bc29e7dc       0.71      0.65      0.68       100
    T1564.004_28862487a99f5f89bc0d68c87396c7e9       0.00      0.00      0.00       100
    T1564.004_76b6066fe170d38215251102e42be973       0.00      0.00      0.00       100
        T1564_dedfa0a54c9c13ce5714a0dc2e1f5d1a       0.00      0.00      0.00       100
    T1566.001_1afaec09315ab71fdfb167175e8a019a       0.00      0.00      0.00       100
    T1574.001_63bbedafba2f541552ac3579e9e3737b       1.00      1.00      1.00       100
    T1574.011_72249c1e9ffe7d8f30243d838e0791ca       1.00      1.00      1.00       100

                                      accuracy                           0.38     16500
                                     macro avg       0.36      0.38      0.36     16500
                                  weighted avg       0.36      0.38      0.36     16500

