09/01/2023, 19:51:58# labels of 5000: tensor([ 67, 164, 109,  93,  40,  15,  66,  42,  37, 150, 120,  44,  96,  37,
        122,  33], device='cuda:1') torch.Size([16])
09/01/2023, 19:51:58# predicted of 5000: tensor([  3, 132, 132, 132,  96, 156, 161, 132, 132, 132,  99, 132,  52, 132,
        165, 132], device='cuda:1') torch.Size([16])
09/01/2023, 19:54:08# total batches: 8300
09/01/2023, 19:54:08# Epoch 0 | Train Loss: 4.6353 | Train Accuracy: 0.0514
09/01/2023, 19:54:09# labels of Validation: tensor([140,  63, 123,  33,  63, 126,  14, 142, 131, 118,  57,   2,  40,   1,
        101,  64], device='cuda:1') torch.Size([16])
09/01/2023, 19:54:09# predicted of Validation: tensor([128,  28, 123,  28,  28, 120,  28,  28, 132, 118,  28,  28, 120,  28,
        132, 132], device='cuda:1') torch.Size([16])
09/01/2023, 19:54:09# labels of 0: tensor([140,  63, 123,  33,  63, 126,  14, 142, 131, 118,  57,   2,  40,   1,
        101,  64], device='cuda:1') torch.Size([16])
09/01/2023, 19:54:09# predicted of 0: tensor([128,  28, 123,  28,  28, 120,  28,  28, 132, 118,  28,  28, 120,  28,
        132, 132], device='cuda:1') torch.Size([16])
09/01/2023, 19:54:42# labels of Validation: tensor([ 79, 124,  70, 138, 154,  24,  60,  43, 106,  29, 138,  56, 112,  19,
        143,  46], device='cuda:1') torch.Size([16])
09/01/2023, 19:54:42# predicted of Validation: tensor([120,  28,  70, 138, 154,  28,  28,  28, 106, 118, 138, 149,  28,  28,
         28,  28], device='cuda:1') torch.Size([16])
09/01/2023, 19:54:43# Validation Loss: 4.1756 | Validation Accuracy: 0.1479

09/01/2023, 19:54:43# Find a better model!!
